DEBUG 2026-05-07 22:14:12 d_metavar.py:22 Metavar for type None: None
DEBUG 2026-05-07 22:14:12 formatter.py:52 action type: None, Result: , nargs: 0, default metavar: None
DEBUG 2026-05-07 22:14:12 d_metavar.py:22 Metavar for type <class 'str'>: str
DEBUG 2026-05-07 22:14:12 formatter.py:52 action type: <class 'str'>, Result: str, nargs: None, default metavar: None
DEBUG 2026-05-07 22:14:12 _wrapper.py:168 wrapped field at host has a default value of localhost
DEBUG 2026-05-07 22:14:12 _wrapper.py:168 wrapped field at port has a default value of 8080
DEBUG 2026-05-07 22:14:12 _wrapper.py:168 wrapped field at fps has a default value of 30
DEBUG 2026-05-07 22:14:12 _wrapper.py:168 wrapped field at inference_latency has a default value of 0.03333333333333333
DEBUG 2026-05-07 22:14:12 _wrapper.py:168 wrapped field at obs_queue_timeout has a default value of 2
DEBUG 2026-05-07 22:14:12 _wrapper.py:309 Arg options for field 'host': {'required': False, 'dest': 'host', 'default': 'localhost', 'help': 'Networking configuration', 'type': <class 'str'>}
DEBUG 2026-05-07 22:14:12 _wrapper.py:309 Arg options for field 'port': {'required': False, 'dest': 'port', 'default': 8080, 'help': ' ', 'type': <class 'int'>}
DEBUG 2026-05-07 22:14:12 _wrapper.py:309 Arg options for field 'fps': {'required': False, 'dest': 'fps', 'default': 30, 'help': 'Timing configuration', 'type': <class 'int'>}
DEBUG 2026-05-07 22:14:12 ocstring.py:253 Warning: Unable to parse attribute docstring:         default=DEFAULT_INFERENCE_LATENCY, metadata={"help": "Target inference latency in seconds"}
DEBUG 2026-05-07 22:14:12 _wrapper.py:309 Arg options for field 'inference_latency': {'required': False, 'dest': 'inference_latency', 'default': 0.03333333333333333, 'help': ' ', 'type': <class 'float'>}
DEBUG 2026-05-07 22:14:12 ocstring.py:253 Warning: Unable to parse attribute docstring:         default=DEFAULT_OBS_QUEUE_TIMEOUT, metadata={"help": "Timeout for observation queue in seconds"}
DEBUG 2026-05-07 22:14:12 _wrapper.py:309 Arg options for field 'obs_queue_timeout': {'required': False, 'dest': 'obs_queue_timeout', 'default': 2, 'help': '\n', 'type': <class 'float'>}
DEBUG 2026-05-07 22:14:12 gparsing.py:143 
POST PROCESSING

DEBUG 2026-05-07 22:14:12 gparsing.py:144 (raw) parsed args: Namespace(host='127.0.0.1', port='8080')
DEBUG 2026-05-07 22:14:12 decoding.py:112 from_dict for <class 'lerobot.async_inference.configs.PolicyServerConfig'>
DEBUG 2026-05-07 22:14:12 decoding.py:132 Decode name = host, type = <class 'str'>
DEBUG 2026-05-07 22:14:12 decoding.py:132 Decode name = port, type = <class 'int'>
INFO 2026-05-07 22:14:12 y_server.py:420 {'fps': 30,
 'host': '127.0.0.1',
 'inference_latency': 0.03333333333333333,
 'obs_queue_timeout': 2,
 'port': 8080}
INFO 2026-05-07 22:14:12 y_server.py:430 PolicyServer started on 127.0.0.1:8080
INFO 2026-05-07 22:14:18 y_server.py:112 Client ipv4:127.0.0.1:37810 connected and ready
INFO 2026-05-07 22:14:18 y_server.py:138 Receiving policy instructions from ipv4:127.0.0.1:37810 | Policy type: act | Pretrained name or path: /home/ubuntu/techin517/outputs/train/act_so101_test/checkpoints/100000 | Actions per chunk: 30 | Device: cuda
ERROR 2026-05-07 22:14:18 policies.py:175 config.json not found in /home/ubuntu/techin517/outputs/train/act_so101_test/checkpoints/100000
DEBUG 2026-05-07 22:14:18 d_metavar.py:22 Metavar for type None: None
DEBUG 2026-05-07 22:14:18 formatter.py:52 action type: None, Result: , nargs: 0, default metavar: None
DEBUG 2026-05-07 22:14:18 d_metavar.py:22 Metavar for type <class 'str'>: str
DEBUG 2026-05-07 22:14:18 formatter.py:52 action type: <class 'str'>, Result: str, nargs: None, default metavar: None
DEBUG 2026-05-07 22:14:18 _wrapper.py:168 wrapped field at n_obs_steps has a default value of 1
DEBUG 2026-05-07 22:14:18 _wrapper.py:201 wrapped field at input_features has a default value of {}
DEBUG 2026-05-07 22:14:18 _wrapper.py:201 wrapped field at output_features has a default value of {}
DEBUG 2026-05-07 22:14:18 _wrapper.py:201 wrapped field at device has a default value of None
DEBUG 2026-05-07 22:14:18 _wrapper.py:168 wrapped field at use_amp has a default value of False
DEBUG 2026-05-07 22:14:18 _wrapper.py:168 wrapped field at push_to_hub has a default value of True
DEBUG 2026-05-07 22:14:18 _wrapper.py:201 wrapped field at repo_id has a default value of None
DEBUG 2026-05-07 22:14:18 _wrapper.py:201 wrapped field at private has a default value of None
DEBUG 2026-05-07 22:14:18 _wrapper.py:201 wrapped field at tags has a default value of None
DEBUG 2026-05-07 22:14:18 _wrapper.py:201 wrapped field at license has a default value of None
DEBUG 2026-05-07 22:14:18 _wrapper.py:201 wrapped field at pretrained_path has a default value of None
DEBUG 2026-05-07 22:14:18 ocstring.py:253 Warning: Unable to parse attribute docstring:             current step and additional steps going back).
DEBUG 2026-05-07 22:14:18 _wrapper.py:309 Arg options for field 'n_obs_steps': {'required': False, 'dest': 'n_obs_steps', 'default': 1, 'help': ' ', 'type': <class 'int'>}
DEBUG 2026-05-07 22:14:18 _wrapper.py:309 Arg options for field 'input_features': {'required': False, 'dest': 'input_features', 'default': {}, 'help': ' ', 'type': typing.Dict[str, lerobot.configs.types.PolicyFeature]}
DEBUG 2026-05-07 22:14:18 _wrapper.py:309 Arg options for field 'output_features': {'required': False, 'dest': 'output_features', 'default': {}, 'help': ' ', 'type': typing.Dict[str, lerobot.configs.types.PolicyFeature]}
DEBUG 2026-05-07 22:14:18 _wrapper.py:309 Arg options for field 'device': {'required': False, 'dest': 'device', 'default': None, 'help': 'e.g. "cuda", "cuda:0", "cpu", or "mps"', 'type': typing.Optional[str]}
DEBUG 2026-05-07 22:14:18 _wrapper.py:309 Arg options for field 'use_amp': {'required': False, 'dest': 'use_amp', 'default': False, 'help': '`use_amp` determines whether to use Automatic Mixed Precision (AMP) for training and evaluation. With AMP,\nautomatic gradient scaling is used.', 'type': <class 'bool'>}
DEBUG 2026-05-07 22:14:18 _wrapper.py:309 Arg options for field 'push_to_hub': {'required': False, 'dest': 'push_to_hub', 'default': True, 'help': 'type: ignore[assignment] # TODO: use a different name to avoid override', 'type': <class 'bool'>}
DEBUG 2026-05-07 22:14:18 _wrapper.py:309 Arg options for field 'repo_id': {'required': False, 'dest': 'repo_id', 'default': None, 'type': typing.Optional[str]}
DEBUG 2026-05-07 22:14:18 _wrapper.py:309 Arg options for field 'private': {'required': False, 'dest': 'private', 'default': None, 'help': 'Upload on private repository on the Hugging Face hub.', 'type': typing.Optional[bool]}
DEBUG 2026-05-07 22:14:18 _wrapper.py:309 Arg options for field 'tags': {'required': False, 'dest': 'tags', 'default': None, 'help': 'Add tags to your policy on the hub.', 'type': typing.Optional[typing.List[str]]}
DEBUG 2026-05-07 22:14:18 _wrapper.py:309 Arg options for field 'license': {'required': False, 'dest': 'license', 'default': None, 'help': 'Add tags to your policy on the hub.', 'type': typing.Optional[str]}
DEBUG 2026-05-07 22:14:18 _wrapper.py:309 Arg options for field 'pretrained_path': {'required': False, 'dest': 'pretrained_path', 'default': None, 'help': 'Either the repo ID of a model hosted on the Hub or a path to a directory containing weights\nsaved using `Policy.save_pretrained`. If not provided, the policy is initialized from scratch.', 'type': typing.Optional[pathlib.Path]}
DEBUG 2026-05-07 22:14:18 gparsing.py:143 
POST PROCESSING

DEBUG 2026-05-07 22:14:18 gparsing.py:144 (raw) parsed args: Namespace()
ERROR 2026-05-07 22:14:18 /_server.py:638 Exception calling application: Expected a dict with a 'type' key for <class 'lerobot.configs.policies.PreTrainedConfig'>, got {}
