INFO 2026-06-07 23:14:55 t_client.py:113 Initializing client to connect to server at 127.0.0.1:8080
INFO 2026-06-07 23:14:55 t_client.py:132 Robot connected and ready
DEBUG 2026-06-07 23:14:55 t_client.py:149 Connected to policy server in 0.0017s
INFO 2026-06-07 23:14:55 t_client.py:155 Sending policy instructions to policy server
DEBUG 2026-06-07 23:14:55 t_client.py:156 Policy type: act | Pretrained name or path: /home/ubuntu/techin517/outputs/train/pick_up_right_scissors/checkpoints/100000/pretrained_model | Device: cuda
INFO 2026-06-07 23:14:55 t_client.py:113 Initializing client to connect to server at 127.0.0.1:8081
INFO 2026-06-07 23:14:55 t_client.py:132 Robot connected and ready
DEBUG 2026-06-07 23:14:55 t_client.py:149 Connected to policy server in 0.0055s
INFO 2026-06-07 23:14:55 t_client.py:155 Sending policy instructions to policy server
DEBUG 2026-06-07 23:14:55 t_client.py:156 Policy type: act | Pretrained name or path: /home/ubuntu/techin517/outputs/train/pick_up_left_pen/checkpoints/100000/pretrained_model | Device: cuda
INFO 2026-06-07 23:14:56 t_client.py:446 Control loop thread starting
DEBUG 2026-06-07 23:14:56 t_client.py:197 Observation serialization time: 0.002234s
INFO 2026-06-07 23:14:56 t_client.py:272 Action receiving thread starting
DEBUG 2026-06-07 23:14:56 ort/utils.py:50 [CLIENT] Observation Buffer size 0.8794260025024414 MB with
DEBUG 2026-06-07 23:14:56 ort/utils.py:65 [CLIENT] Observation Sent 922145/922145 bytes with state 3
DEBUG 2026-06-07 23:14:56 ort/utils.py:67 [CLIENT] Observation Published 0.8794260025024414 MB
DEBUG 2026-06-07 23:14:56 t_client.py:208 Sent observation #0 | 
DEBUG 2026-06-07 23:14:56 t_client.py:418 QUEUE SIZE: 0 (Must go: True)
DEBUG 2026-06-07 23:14:56 t_client.py:461 Control loop (ms): 4.98
INFO 2026-06-07 23:14:56 t_client.py:446 Control loop thread starting
DEBUG 2026-06-07 23:14:56 t_client.py:197 Observation serialization time: 0.003741s
INFO 2026-06-07 23:14:56 t_client.py:272 Action receiving thread starting
DEBUG 2026-06-07 23:14:56 ort/utils.py:50 [CLIENT] Observation Buffer size 0.879420280456543 MB with
DEBUG 2026-06-07 23:14:56 t_client.py:197 Observation serialization time: 0.004862s
DEBUG 2026-06-07 23:14:56 ort/utils.py:50 [CLIENT] Observation Buffer size 0.8794260025024414 MB with
DEBUG 2026-06-07 23:14:56 ort/utils.py:65 [CLIENT] Observation Sent 922145/922145 bytes with state 3
DEBUG 2026-06-07 23:14:56 ort/utils.py:67 [CLIENT] Observation Published 0.8794260025024414 MB
DEBUG 2026-06-07 23:14:56 ort/utils.py:65 [CLIENT] Observation Sent 922139/922139 bytes with state 3
DEBUG 2026-06-07 23:14:56 ort/utils.py:67 [CLIENT] Observation Published 0.879420280456543 MB
DEBUG 2026-06-07 23:14:56 t_client.py:208 Sent observation #0 | 
DEBUG 2026-06-07 23:14:56 t_client.py:418 QUEUE SIZE: 0 (Must go: True)
DEBUG 2026-06-07 23:14:56 t_client.py:461 Control loop (ms): 9.13
DEBUG 2026-06-07 23:14:56 t_client.py:208 Sent observation #0 | 
DEBUG 2026-06-07 23:14:56 t_client.py:418 QUEUE SIZE: 0 (Must go: False)
DEBUG 2026-06-07 23:14:56 t_client.py:461 Control loop (ms): 8.63
DEBUG 2026-06-07 23:14:56 t_client.py:197 Observation serialization time: 0.004089s
DEBUG 2026-06-07 23:14:56 ort/utils.py:50 [CLIENT] Observation Buffer size 0.879420280456543 MB with
DEBUG 2026-06-07 23:14:56 ort/utils.py:65 [CLIENT] Observation Sent 922139/922139 bytes with state 3
DEBUG 2026-06-07 23:14:56 ort/utils.py:67 [CLIENT] Observation Published 0.879420280456543 MB
DEBUG 2026-06-07 23:14:56 t_client.py:197 Observation serialization time: 0.005700s
DEBUG 2026-06-07 23:14:56 ort/utils.py:50 [CLIENT] Observation Buffer size 0.8794260025024414 MB with
DEBUG 2026-06-07 23:14:56 ort/utils.py:65 [CLIENT] Observation Sent 922145/922145 bytes with state 3
DEBUG 2026-06-07 23:14:56 ort/utils.py:67 [CLIENT] Observation Published 0.8794260025024414 MB
DEBUG 2026-06-07 23:14:56 t_client.py:208 Sent observation #0 | 
DEBUG 2026-06-07 23:14:56 t_client.py:418 QUEUE SIZE: 0 (Must go: False)
DEBUG 2026-06-07 23:14:56 t_client.py:461 Control loop (ms): 9.19
DEBUG 2026-06-07 23:14:56 t_client.py:208 Sent observation #0 | 
DEBUG 2026-06-07 23:14:56 t_client.py:418 QUEUE SIZE: 0 (Must go: False)
DEBUG 2026-06-07 23:14:56 t_client.py:461 Control loop (ms): 15.62
DEBUG 2026-06-07 23:14:56 t_client.py:197 Observation serialization time: 0.007781s
DEBUG 2026-06-07 23:14:56 ort/utils.py:50 [CLIENT] Observation Buffer size 0.879420280456543 MB with
DEBUG 2026-06-07 23:14:56 ort/utils.py:65 [CLIENT] Observation Sent 922139/922139 bytes with state 3
DEBUG 2026-06-07 23:14:56 ort/utils.py:67 [CLIENT] Observation Published 0.879420280456543 MB
DEBUG 2026-06-07 23:14:56 t_client.py:197 Observation serialization time: 0.010203s
DEBUG 2026-06-07 23:14:56 ort/utils.py:50 [CLIENT] Observation Buffer size 0.8794260025024414 MB with
DEBUG 2026-06-07 23:14:56 t_client.py:208 Sent observation #0 | 
DEBUG 2026-06-07 23:14:56 t_client.py:418 QUEUE SIZE: 0 (Must go: False)
DEBUG 2026-06-07 23:14:56 t_client.py:461 Control loop (ms): 11.95
DEBUG 2026-06-07 23:14:56 ort/utils.py:65 [CLIENT] Observation Sent 922145/922145 bytes with state 3
DEBUG 2026-06-07 23:14:56 ort/utils.py:67 [CLIENT] Observation Published 0.8794260025024414 MB
DEBUG 2026-06-07 23:14:56 t_client.py:208 Sent observation #0 | 
DEBUG 2026-06-07 23:14:56 t_client.py:418 QUEUE SIZE: 0 (Must go: False)
DEBUG 2026-06-07 23:14:56 t_client.py:461 Control loop (ms): 12.76
DEBUG 2026-06-07 23:14:56 t_client.py:197 Observation serialization time: 0.002774s
DEBUG 2026-06-07 23:14:56 ort/utils.py:50 [CLIENT] Observation Buffer size 0.8794260025024414 MB with
DEBUG 2026-06-07 23:14:56 t_client.py:197 Observation serialization time: 0.004989s
DEBUG 2026-06-07 23:14:56 ort/utils.py:65 [CLIENT] Observation Sent 922145/922145 bytes with state 3
DEBUG 2026-06-07 23:14:56 t_client.py:208 Sent observation #0 | 
DEBUG 2026-06-07 23:14:56 t_client.py:418 QUEUE SIZE: 0 (Must go: False)
DEBUG 2026-06-07 23:14:56 ort/utils.py:67 [CLIENT] Observation Published 0.8794260025024414 MB
DEBUG 2026-06-07 23:14:56 t_client.py:461 Control loop (ms): 5.43
DEBUG 2026-06-07 23:14:56 ort/utils.py:50 [CLIENT] Observation Buffer size 0.879420280456543 MB with
DEBUG 2026-06-07 23:14:56 t_client.py:208 Sent observation #0 | 
DEBUG 2026-06-07 23:14:56 t_client.py:418 QUEUE SIZE: 0 (Must go: False)
DEBUG 2026-06-07 23:14:56 t_client.py:461 Control loop (ms): 12.93
DEBUG 2026-06-07 23:14:56 t_client.py:197 Observation serialization time: 0.003609s
DEBUG 2026-06-07 23:14:56 ort/utils.py:50 [CLIENT] Observation Buffer size 0.8794260025024414 MB with
DEBUG 2026-06-07 23:14:56 t_client.py:197 Observation serialization time: 0.002628s
DEBUG 2026-06-07 23:14:56 ort/utils.py:65 [CLIENT] Observation Sent 922145/922145 bytes with state 3
DEBUG 2026-06-07 23:14:56 ort/utils.py:67 [CLIENT] Observation Published 0.8794260025024414 MB
DEBUG 2026-06-07 23:14:56 ort/utils.py:50 [CLIENT] Observation Buffer size 0.879420280456543 MB with
DEBUG 2026-06-07 23:14:56 ort/utils.py:65 [CLIENT] Observation Sent 922139/922139 bytes with state 3
DEBUG 2026-06-07 23:14:56 ort/utils.py:67 [CLIENT] Observation Published 0.879420280456543 MB
DEBUG 2026-06-07 23:14:56 t_client.py:208 Sent observation #0 | 
DEBUG 2026-06-07 23:14:56 t_client.py:418 QUEUE SIZE: 0 (Must go: False)
DEBUG 2026-06-07 23:14:56 t_client.py:461 Control loop (ms): 5.05
DEBUG 2026-06-07 23:14:56 t_client.py:208 Sent observation #0 | 
DEBUG 2026-06-07 23:14:56 t_client.py:418 QUEUE SIZE: 0 (Must go: False)
DEBUG 2026-06-07 23:14:56 t_client.py:461 Control loop (ms): 3.85
DEBUG 2026-06-07 23:14:56 t_client.py:197 Observation serialization time: 0.003824s
DEBUG 2026-06-07 23:14:56 ort/utils.py:50 [CLIENT] Observation Buffer size 0.8794260025024414 MB with
DEBUG 2026-06-07 23:14:56 t_client.py:197 Observation serialization time: 0.004032s
DEBUG 2026-06-07 23:14:56 ort/utils.py:50 [CLIENT] Observation Buffer size 0.879420280456543 MB with
DEBUG 2026-06-07 23:14:56 ort/utils.py:65 [CLIENT] Observation Sent 922139/922139 bytes with state 3
DEBUG 2026-06-07 23:14:56 ort/utils.py:67 [CLIENT] Observation Published 0.879420280456543 MB
DEBUG 2026-06-07 23:14:56 ort/utils.py:65 [CLIENT] Observation Sent 922145/922145 bytes with state 3
DEBUG 2026-06-07 23:14:56 ort/utils.py:67 [CLIENT] Observation Published 0.8794260025024414 MB
DEBUG 2026-06-07 23:14:56 t_client.py:208 Sent observation #0 | 
DEBUG 2026-06-07 23:14:56 t_client.py:418 QUEUE SIZE: 0 (Must go: False)
DEBUG 2026-06-07 23:14:56 t_client.py:461 Control loop (ms): 7.84
DEBUG 2026-06-07 23:14:56 t_client.py:208 Sent observation #0 | 
DEBUG 2026-06-07 23:14:56 t_client.py:418 QUEUE SIZE: 0 (Must go: False)
DEBUG 2026-06-07 23:14:56 t_client.py:461 Control loop (ms): 6.58
DEBUG 2026-06-07 23:14:56 t_client.py:197 Observation serialization time: 0.002550s
DEBUG 2026-06-07 23:14:56 ort/utils.py:50 [CLIENT] Observation Buffer size 0.8794260025024414 MB with
DEBUG 2026-06-07 23:14:56 ort/utils.py:65 [CLIENT] Observation Sent 922145/922145 bytes with state 3
DEBUG 2026-06-07 23:14:56 ort/utils.py:67 [CLIENT] Observation Published 0.8794260025024414 MB
DEBUG 2026-06-07 23:14:56 t_client.py:208 Sent observation #0 | 
DEBUG 2026-06-07 23:14:56 t_client.py:418 QUEUE SIZE: 0 (Must go: False)
DEBUG 2026-06-07 23:14:56 t_client.py:461 Control loop (ms): 4.47
DEBUG 2026-06-07 23:14:56 t_client.py:197 Observation serialization time: 0.003512s
DEBUG 2026-06-07 23:14:56 ort/utils.py:50 [CLIENT] Observation Buffer size 0.879420280456543 MB with
DEBUG 2026-06-07 23:14:56 ort/utils.py:65 [CLIENT] Observation Sent 922139/922139 bytes with state 3
DEBUG 2026-06-07 23:14:56 ort/utils.py:67 [CLIENT] Observation Published 0.879420280456543 MB
DEBUG 2026-06-07 23:14:56 t_client.py:208 Sent observation #0 | 
DEBUG 2026-06-07 23:14:56 t_client.py:418 QUEUE SIZE: 0 (Must go: False)
DEBUG 2026-06-07 23:14:56 t_client.py:461 Control loop (ms): 7.17
DEBUG 2026-06-07 23:14:56 t_client.py:197 Observation serialization time: 0.003788s
DEBUG 2026-06-07 23:14:56 ort/utils.py:50 [CLIENT] Observation Buffer size 0.8794260025024414 MB with
DEBUG 2026-06-07 23:14:56 ort/utils.py:65 [CLIENT] Observation Sent 922145/922145 bytes with state 3
DEBUG 2026-06-07 23:14:56 ort/utils.py:67 [CLIENT] Observation Published 0.8794260025024414 MB
DEBUG 2026-06-07 23:14:56 t_client.py:197 Observation serialization time: 0.003769s
DEBUG 2026-06-07 23:14:56 t_client.py:208 Sent observation #0 | 
DEBUG 2026-06-07 23:14:56 t_client.py:418 QUEUE SIZE: 0 (Must go: False)
DEBUG 2026-06-07 23:14:56 ort/utils.py:50 [CLIENT] Observation Buffer size 0.879420280456543 MB with
DEBUG 2026-06-07 23:14:56 t_client.py:461 Control loop (ms): 6.06
DEBUG 2026-06-07 23:14:56 ort/utils.py:65 [CLIENT] Observation Sent 922139/922139 bytes with state 3
DEBUG 2026-06-07 23:14:56 ort/utils.py:67 [CLIENT] Observation Published 0.879420280456543 MB
DEBUG 2026-06-07 23:14:56 t_client.py:208 Sent observation #0 | 
DEBUG 2026-06-07 23:14:56 t_client.py:418 QUEUE SIZE: 0 (Must go: False)
DEBUG 2026-06-07 23:14:56 t_client.py:461 Control loop (ms): 5.45
DEBUG 2026-06-07 23:14:56 t_client.py:197 Observation serialization time: 0.003269s
DEBUG 2026-06-07 23:14:56 ort/utils.py:50 [CLIENT] Observation Buffer size 0.8794260025024414 MB with
DEBUG 2026-06-07 23:14:56 ort/utils.py:65 [CLIENT] Observation Sent 922145/922145 bytes with state 3
DEBUG 2026-06-07 23:14:56 ort/utils.py:67 [CLIENT] Observation Published 0.8794260025024414 MB
DEBUG 2026-06-07 23:14:56 t_client.py:197 Observation serialization time: 0.004163s
DEBUG 2026-06-07 23:14:56 ort/utils.py:50 [CLIENT] Observation Buffer size 0.879420280456543 MB with
DEBUG 2026-06-07 23:14:56 ort/utils.py:65 [CLIENT] Observation Sent 922139/922139 bytes with state 3
DEBUG 2026-06-07 23:14:56 ort/utils.py:67 [CLIENT] Observation Published 0.879420280456543 MB
DEBUG 2026-06-07 23:14:56 t_client.py:208 Sent observation #0 | 
DEBUG 2026-06-07 23:14:56 t_client.py:418 QUEUE SIZE: 0 (Must go: False)
DEBUG 2026-06-07 23:14:56 t_client.py:461 Control loop (ms): 9.79
DEBUG 2026-06-07 23:14:56 t_client.py:208 Sent observation #0 | 
DEBUG 2026-06-07 23:14:56 t_client.py:418 QUEUE SIZE: 0 (Must go: False)
DEBUG 2026-06-07 23:14:56 t_client.py:461 Control loop (ms): 12.57
DEBUG 2026-06-07 23:14:56 t_client.py:197 Observation serialization time: 0.004584s
DEBUG 2026-06-07 23:14:56 ort/utils.py:50 [CLIENT] Observation Buffer size 0.879420280456543 MB with
DEBUG 2026-06-07 23:14:56 t_client.py:197 Observation serialization time: 0.004509s
DEBUG 2026-06-07 23:14:56 ort/utils.py:65 [CLIENT] Observation Sent 922139/922139 bytes with state 3
DEBUG 2026-06-07 23:14:56 ort/utils.py:67 [CLIENT] Observation Published 0.879420280456543 MB
DEBUG 2026-06-07 23:14:56 ort/utils.py:50 [CLIENT] Observation Buffer size 0.8794260025024414 MB with
DEBUG 2026-06-07 23:14:56 ort/utils.py:65 [CLIENT] Observation Sent 922145/922145 bytes with state 3
DEBUG 2026-06-07 23:14:56 ort/utils.py:67 [CLIENT] Observation Published 0.8794260025024414 MB
DEBUG 2026-06-07 23:14:56 t_client.py:208 Sent observation #0 | 
DEBUG 2026-06-07 23:14:56 t_client.py:418 QUEUE SIZE: 0 (Must go: False)
DEBUG 2026-06-07 23:14:56 t_client.py:461 Control loop (ms): 7.63
DEBUG 2026-06-07 23:14:56 t_client.py:208 Sent observation #0 | 
DEBUG 2026-06-07 23:14:56 t_client.py:418 QUEUE SIZE: 0 (Must go: False)
DEBUG 2026-06-07 23:14:56 t_client.py:461 Control loop (ms): 7.84
DEBUG 2026-06-07 23:14:56 t_client.py:197 Observation serialization time: 0.003666s
DEBUG 2026-06-07 23:14:56 ort/utils.py:50 [CLIENT] Observation Buffer size 0.879420280456543 MB with
DEBUG 2026-06-07 23:14:56 ort/utils.py:65 [CLIENT] Observation Sent 922139/922139 bytes with state 3
DEBUG 2026-06-07 23:14:56 ort/utils.py:67 [CLIENT] Observation Published 0.879420280456543 MB
DEBUG 2026-06-07 23:14:56 t_client.py:208 Sent observation #0 | 
DEBUG 2026-06-07 23:14:56 t_client.py:418 QUEUE SIZE: 0 (Must go: False)
DEBUG 2026-06-07 23:14:56 t_client.py:461 Control loop (ms): 6.12
DEBUG 2026-06-07 23:14:56 t_client.py:197 Observation serialization time: 0.005880s
DEBUG 2026-06-07 23:14:56 ort/utils.py:50 [CLIENT] Observation Buffer size 0.8794260025024414 MB with
DEBUG 2026-06-07 23:14:56 ort/utils.py:65 [CLIENT] Observation Sent 922145/922145 bytes with state 3
DEBUG 2026-06-07 23:14:56 ort/utils.py:67 [CLIENT] Observation Published 0.8794260025024414 MB
DEBUG 2026-06-07 23:14:56 t_client.py:208 Sent observation #0 | 
DEBUG 2026-06-07 23:14:56 t_client.py:418 QUEUE SIZE: 0 (Must go: False)
DEBUG 2026-06-07 23:14:56 t_client.py:461 Control loop (ms): 8.30
DEBUG 2026-06-07 23:14:56 t_client.py:197 Observation serialization time: 0.002104s
DEBUG 2026-06-07 23:14:56 ort/utils.py:50 [CLIENT] Observation Buffer size 0.879420280456543 MB with
DEBUG 2026-06-07 23:14:56 ort/utils.py:65 [CLIENT] Observation Sent 922139/922139 bytes with state 3
DEBUG 2026-06-07 23:14:56 ort/utils.py:67 [CLIENT] Observation Published 0.879420280456543 MB
DEBUG 2026-06-07 23:14:56 t_client.py:208 Sent observation #0 | 
DEBUG 2026-06-07 23:14:56 t_client.py:418 QUEUE SIZE: 0 (Must go: False)
DEBUG 2026-06-07 23:14:56 t_client.py:461 Control loop (ms): 3.39
DEBUG 2026-06-07 23:14:56 t_client.py:197 Observation serialization time: 0.002520s
DEBUG 2026-06-07 23:14:56 ort/utils.py:50 [CLIENT] Observation Buffer size 0.8794260025024414 MB with
DEBUG 2026-06-07 23:14:56 ort/utils.py:65 [CLIENT] Observation Sent 922145/922145 bytes with state 3
DEBUG 2026-06-07 23:14:56 ort/utils.py:67 [CLIENT] Observation Published 0.8794260025024414 MB
DEBUG 2026-06-07 23:14:56 t_client.py:208 Sent observation #0 | 
DEBUG 2026-06-07 23:14:56 t_client.py:418 QUEUE SIZE: 0 (Must go: False)
DEBUG 2026-06-07 23:14:56 t_client.py:461 Control loop (ms): 4.06
DEBUG 2026-06-07 23:14:56 t_client.py:197 Observation serialization time: 0.002943s
DEBUG 2026-06-07 23:14:56 t_client.py:197 Observation serialization time: 0.002156s
DEBUG 2026-06-07 23:14:56 ort/utils.py:50 [CLIENT] Observation Buffer size 0.879420280456543 MB with
DEBUG 2026-06-07 23:14:56 ort/utils.py:50 [CLIENT] Observation Buffer size 0.8794260025024414 MB with
DEBUG 2026-06-07 23:14:56 ort/utils.py:65 [CLIENT] Observation Sent 922139/922139 bytes with state 3
DEBUG 2026-06-07 23:14:56 ort/utils.py:67 [CLIENT] Observation Published 0.879420280456543 MB
DEBUG 2026-06-07 23:14:56 ort/utils.py:65 [CLIENT] Observation Sent 922145/922145 bytes with state 3
DEBUG 2026-06-07 23:14:56 ort/utils.py:67 [CLIENT] Observation Published 0.8794260025024414 MB
DEBUG 2026-06-07 23:14:56 t_client.py:208 Sent observation #0 | 
DEBUG 2026-06-07 23:14:56 t_client.py:418 QUEUE SIZE: 0 (Must go: False)
DEBUG 2026-06-07 23:14:56 t_client.py:461 Control loop (ms): 4.27
DEBUG 2026-06-07 23:14:56 t_client.py:208 Sent observation #0 | 
DEBUG 2026-06-07 23:14:56 t_client.py:418 QUEUE SIZE: 0 (Must go: False)
DEBUG 2026-06-07 23:14:56 t_client.py:461 Control loop (ms): 5.48
DEBUG 2026-06-07 23:14:56 t_client.py:197 Observation serialization time: 0.002200s
DEBUG 2026-06-07 23:14:56 ort/utils.py:50 [CLIENT] Observation Buffer size 0.879420280456543 MB with
DEBUG 2026-06-07 23:14:56 ort/utils.py:65 [CLIENT] Observation Sent 922139/922139 bytes with state 3
DEBUG 2026-06-07 23:14:56 ort/utils.py:67 [CLIENT] Observation Published 0.879420280456543 MB
DEBUG 2026-06-07 23:14:56 t_client.py:197 Observation serialization time: 0.002264s
DEBUG 2026-06-07 23:14:56 ort/utils.py:50 [CLIENT] Observation Buffer size 0.8794260025024414 MB with
DEBUG 2026-06-07 23:14:56 t_client.py:208 Sent observation #0 | 
DEBUG 2026-06-07 23:14:56 t_client.py:418 QUEUE SIZE: 0 (Must go: False)
DEBUG 2026-06-07 23:14:56 t_client.py:461 Control loop (ms): 3.69
DEBUG 2026-06-07 23:14:56 ort/utils.py:65 [CLIENT] Observation Sent 922145/922145 bytes with state 3
DEBUG 2026-06-07 23:14:56 ort/utils.py:67 [CLIENT] Observation Published 0.8794260025024414 MB
DEBUG 2026-06-07 23:14:56 t_client.py:208 Sent observation #0 | 
DEBUG 2026-06-07 23:14:56 t_client.py:418 QUEUE SIZE: 0 (Must go: False)
DEBUG 2026-06-07 23:14:56 t_client.py:461 Control loop (ms): 3.77
DEBUG 2026-06-07 23:14:56 t_client.py:197 Observation serialization time: 0.002769s
DEBUG 2026-06-07 23:14:56 t_client.py:197 Observation serialization time: 0.002038s
DEBUG 2026-06-07 23:14:56 ort/utils.py:50 [CLIENT] Observation Buffer size 0.8794260025024414 MB with
DEBUG 2026-06-07 23:14:56 ort/utils.py:50 [CLIENT] Observation Buffer size 0.879420280456543 MB with
DEBUG 2026-06-07 23:14:56 ort/utils.py:65 [CLIENT] Observation Sent 922145/922145 bytes with state 3
DEBUG 2026-06-07 23:14:56 ort/utils.py:67 [CLIENT] Observation Published 0.8794260025024414 MB
DEBUG 2026-06-07 23:14:56 ort/utils.py:65 [CLIENT] Observation Sent 922139/922139 bytes with state 3
DEBUG 2026-06-07 23:14:56 ort/utils.py:67 [CLIENT] Observation Published 0.879420280456543 MB
DEBUG 2026-06-07 23:14:56 t_client.py:208 Sent observation #0 | 
DEBUG 2026-06-07 23:14:56 t_client.py:418 QUEUE SIZE: 0 (Must go: False)
DEBUG 2026-06-07 23:14:56 t_client.py:461 Control loop (ms): 4.58
DEBUG 2026-06-07 23:14:56 t_client.py:208 Sent observation #0 | 
DEBUG 2026-06-07 23:14:56 t_client.py:418 QUEUE SIZE: 0 (Must go: False)
DEBUG 2026-06-07 23:14:56 t_client.py:461 Control loop (ms): 4.05
DEBUG 2026-06-07 23:14:56 t_client.py:197 Observation serialization time: 0.003341s
DEBUG 2026-06-07 23:14:56 ort/utils.py:50 [CLIENT] Observation Buffer size 0.8794260025024414 MB with
DEBUG 2026-06-07 23:14:56 ort/utils.py:65 [CLIENT] Observation Sent 922145/922145 bytes with state 3
DEBUG 2026-06-07 23:14:56 ort/utils.py:67 [CLIENT] Observation Published 0.8794260025024414 MB
DEBUG 2026-06-07 23:14:56 t_client.py:208 Sent observation #0 | 
DEBUG 2026-06-07 23:14:56 t_client.py:418 QUEUE SIZE: 0 (Must go: False)
DEBUG 2026-06-07 23:14:56 t_client.py:461 Control loop (ms): 4.94
DEBUG 2026-06-07 23:14:56 t_client.py:197 Observation serialization time: 0.005842s
DEBUG 2026-06-07 23:14:56 ort/utils.py:50 [CLIENT] Observation Buffer size 0.879420280456543 MB with
DEBUG 2026-06-07 23:14:56 ort/utils.py:65 [CLIENT] Observation Sent 922139/922139 bytes with state 3
DEBUG 2026-06-07 23:14:56 ort/utils.py:67 [CLIENT] Observation Published 0.879420280456543 MB
DEBUG 2026-06-07 23:14:56 t_client.py:208 Sent observation #0 | 
DEBUG 2026-06-07 23:14:56 t_client.py:418 QUEUE SIZE: 0 (Must go: False)
DEBUG 2026-06-07 23:14:56 t_client.py:461 Control loop (ms): 7.16
DEBUG 2026-06-07 23:14:56 t_client.py:197 Observation serialization time: 0.001967s
DEBUG 2026-06-07 23:14:56 ort/utils.py:50 [CLIENT] Observation Buffer size 0.879420280456543 MB with
DEBUG 2026-06-07 23:14:56 t_client.py:197 Observation serialization time: 0.001950s
DEBUG 2026-06-07 23:14:56 ort/utils.py:65 [CLIENT] Observation Sent 922139/922139 bytes with state 3
DEBUG 2026-06-07 23:14:56 ort/utils.py:67 [CLIENT] Observation Published 0.879420280456543 MB
DEBUG 2026-06-07 23:14:56 ort/utils.py:50 [CLIENT] Observation Buffer size 0.8794260025024414 MB with
DEBUG 2026-06-07 23:14:56 t_client.py:208 Sent observation #0 | 
DEBUG 2026-06-07 23:14:56 t_client.py:418 QUEUE SIZE: 0 (Must go: False)
DEBUG 2026-06-07 23:14:56 t_client.py:461 Control loop (ms): 3.54
DEBUG 2026-06-07 23:14:56 ort/utils.py:65 [CLIENT] Observation Sent 922145/922145 bytes with state 3
DEBUG 2026-06-07 23:14:56 ort/utils.py:67 [CLIENT] Observation Published 0.8794260025024414 MB
DEBUG 2026-06-07 23:14:56 t_client.py:208 Sent observation #0 | 
DEBUG 2026-06-07 23:14:56 t_client.py:418 QUEUE SIZE: 0 (Must go: False)
DEBUG 2026-06-07 23:14:56 t_client.py:461 Control loop (ms): 5.01
DEBUG 2026-06-07 23:14:56 t_client.py:197 Observation serialization time: 0.001973s
DEBUG 2026-06-07 23:14:56 ort/utils.py:50 [CLIENT] Observation Buffer size 0.8794260025024414 MB with
DEBUG 2026-06-07 23:14:56 ort/utils.py:65 [CLIENT] Observation Sent 922145/922145 bytes with state 3
DEBUG 2026-06-07 23:14:56 ort/utils.py:67 [CLIENT] Observation Published 0.8794260025024414 MB
DEBUG 2026-06-07 23:14:56 t_client.py:208 Sent observation #0 | 
DEBUG 2026-06-07 23:14:56 t_client.py:418 QUEUE SIZE: 0 (Must go: False)
DEBUG 2026-06-07 23:14:56 t_client.py:461 Control loop (ms): 3.24
DEBUG 2026-06-07 23:14:56 t_client.py:197 Observation serialization time: 0.003700s
DEBUG 2026-06-07 23:14:56 ort/utils.py:50 [CLIENT] Observation Buffer size 0.879420280456543 MB with
DEBUG 2026-06-07 23:14:56 ort/utils.py:65 [CLIENT] Observation Sent 922139/922139 bytes with state 3
DEBUG 2026-06-07 23:14:56 ort/utils.py:67 [CLIENT] Observation Published 0.879420280456543 MB
DEBUG 2026-06-07 23:14:56 t_client.py:208 Sent observation #0 | 
DEBUG 2026-06-07 23:14:56 t_client.py:418 QUEUE SIZE: 0 (Must go: False)
DEBUG 2026-06-07 23:14:56 t_client.py:461 Control loop (ms): 5.30
DEBUG 2026-06-07 23:14:56 t_client.py:197 Observation serialization time: 0.004092s
DEBUG 2026-06-07 23:14:56 t_client.py:197 Observation serialization time: 0.004963s
DEBUG 2026-06-07 23:14:56 ort/utils.py:50 [CLIENT] Observation Buffer size 0.879420280456543 MB with
DEBUG 2026-06-07 23:14:56 ort/utils.py:50 [CLIENT] Observation Buffer size 0.8794260025024414 MB with
DEBUG 2026-06-07 23:14:56 ort/utils.py:65 [CLIENT] Observation Sent 922139/922139 bytes with state 3
DEBUG 2026-06-07 23:14:56 ort/utils.py:67 [CLIENT] Observation Published 0.879420280456543 MB
DEBUG 2026-06-07 23:14:56 ort/utils.py:65 [CLIENT] Observation Sent 922145/922145 bytes with state 3
DEBUG 2026-06-07 23:14:56 ort/utils.py:67 [CLIENT] Observation Published 0.8794260025024414 MB
DEBUG 2026-06-07 23:14:56 t_client.py:208 Sent observation #0 | 
DEBUG 2026-06-07 23:14:56 t_client.py:418 QUEUE SIZE: 0 (Must go: False)
DEBUG 2026-06-07 23:14:56 t_client.py:461 Control loop (ms): 8.31
DEBUG 2026-06-07 23:14:56 t_client.py:208 Sent observation #0 | 
DEBUG 2026-06-07 23:14:56 t_client.py:418 QUEUE SIZE: 0 (Must go: False)
DEBUG 2026-06-07 23:14:56 t_client.py:461 Control loop (ms): 9.24
DEBUG 2026-06-07 23:14:56 t_client.py:197 Observation serialization time: 0.002605s
DEBUG 2026-06-07 23:14:56 t_client.py:197 Observation serialization time: 0.002950s
DEBUG 2026-06-07 23:14:56 ort/utils.py:50 [CLIENT] Observation Buffer size 0.8794260025024414 MB with
DEBUG 2026-06-07 23:14:56 ort/utils.py:50 [CLIENT] Observation Buffer size 0.879420280456543 MB with
DEBUG 2026-06-07 23:14:56 ort/utils.py:65 [CLIENT] Observation Sent 922145/922145 bytes with state 3
DEBUG 2026-06-07 23:14:56 ort/utils.py:67 [CLIENT] Observation Published 0.8794260025024414 MB
DEBUG 2026-06-07 23:14:56 ort/utils.py:65 [CLIENT] Observation Sent 922139/922139 bytes with state 3
DEBUG 2026-06-07 23:14:56 ort/utils.py:67 [CLIENT] Observation Published 0.879420280456543 MB
DEBUG 2026-06-07 23:14:56 t_client.py:208 Sent observation #0 | 
DEBUG 2026-06-07 23:14:56 t_client.py:418 QUEUE SIZE: 0 (Must go: False)
DEBUG 2026-06-07 23:14:56 t_client.py:461 Control loop (ms): 4.50
DEBUG 2026-06-07 23:14:56 t_client.py:208 Sent observation #0 | 
DEBUG 2026-06-07 23:14:56 t_client.py:418 QUEUE SIZE: 0 (Must go: False)
DEBUG 2026-06-07 23:14:56 t_client.py:461 Control loop (ms): 4.57
DEBUG 2026-06-07 23:14:56 t_client.py:197 Observation serialization time: 0.004031s
DEBUG 2026-06-07 23:14:56 ort/utils.py:50 [CLIENT] Observation Buffer size 0.879420280456543 MB with
DEBUG 2026-06-07 23:14:56 ort/utils.py:65 [CLIENT] Observation Sent 922139/922139 bytes with state 3
DEBUG 2026-06-07 23:14:56 ort/utils.py:67 [CLIENT] Observation Published 0.879420280456543 MB
DEBUG 2026-06-07 23:14:56 t_client.py:197 Observation serialization time: 0.006094s
DEBUG 2026-06-07 23:14:56 t_client.py:208 Sent observation #0 | 
DEBUG 2026-06-07 23:14:56 t_client.py:418 QUEUE SIZE: 0 (Must go: False)
DEBUG 2026-06-07 23:14:56 t_client.py:461 Control loop (ms): 6.44
DEBUG 2026-06-07 23:14:56 ort/utils.py:50 [CLIENT] Observation Buffer size 0.8794260025024414 MB with
DEBUG 2026-06-07 23:14:56 ort/utils.py:65 [CLIENT] Observation Sent 922145/922145 bytes with state 3
DEBUG 2026-06-07 23:14:56 ort/utils.py:67 [CLIENT] Observation Published 0.8794260025024414 MB
DEBUG 2026-06-07 23:14:56 t_client.py:208 Sent observation #0 | 
DEBUG 2026-06-07 23:14:56 t_client.py:418 QUEUE SIZE: 0 (Must go: False)
DEBUG 2026-06-07 23:14:56 t_client.py:461 Control loop (ms): 8.94
DEBUG 2026-06-07 23:14:56 t_client.py:197 Observation serialization time: 0.002643s
DEBUG 2026-06-07 23:14:56 t_client.py:197 Observation serialization time: 0.002548s
DEBUG 2026-06-07 23:14:56 ort/utils.py:50 [CLIENT] Observation Buffer size 0.8794260025024414 MB with
DEBUG 2026-06-07 23:14:56 ort/utils.py:65 [CLIENT] Observation Sent 922145/922145 bytes with state 3
DEBUG 2026-06-07 23:14:56 ort/utils.py:67 [CLIENT] Observation Published 0.8794260025024414 MB
DEBUG 2026-06-07 23:14:56 ort/utils.py:50 [CLIENT] Observation Buffer size 0.879420280456543 MB with
DEBUG 2026-06-07 23:14:56 t_client.py:208 Sent observation #0 | 
DEBUG 2026-06-07 23:14:56 t_client.py:418 QUEUE SIZE: 0 (Must go: False)
DEBUG 2026-06-07 23:14:56 t_client.py:461 Control loop (ms): 4.61
DEBUG 2026-06-07 23:14:56 ort/utils.py:65 [CLIENT] Observation Sent 922139/922139 bytes with state 3
DEBUG 2026-06-07 23:14:56 ort/utils.py:67 [CLIENT] Observation Published 0.879420280456543 MB
DEBUG 2026-06-07 23:14:56 t_client.py:208 Sent observation #0 | 
DEBUG 2026-06-07 23:14:56 t_client.py:418 QUEUE SIZE: 0 (Must go: False)
DEBUG 2026-06-07 23:14:56 t_client.py:461 Control loop (ms): 9.11
DEBUG 2026-06-07 23:14:56 t_client.py:197 Observation serialization time: 0.002222s
DEBUG 2026-06-07 23:14:56 t_client.py:197 Observation serialization time: 0.002285s
DEBUG 2026-06-07 23:14:56 ort/utils.py:50 [CLIENT] Observation Buffer size 0.8794260025024414 MB with
DEBUG 2026-06-07 23:14:56 ort/utils.py:50 [CLIENT] Observation Buffer size 0.879420280456543 MB with
DEBUG 2026-06-07 23:14:56 ort/utils.py:65 [CLIENT] Observation Sent 922139/922139 bytes with state 3
DEBUG 2026-06-07 23:14:56 ort/utils.py:67 [CLIENT] Observation Published 0.879420280456543 MB
DEBUG 2026-06-07 23:14:56 ort/utils.py:65 [CLIENT] Observation Sent 922145/922145 bytes with state 3
DEBUG 2026-06-07 23:14:56 ort/utils.py:67 [CLIENT] Observation Published 0.8794260025024414 MB
DEBUG 2026-06-07 23:14:56 t_client.py:208 Sent observation #0 | 
DEBUG 2026-06-07 23:14:56 t_client.py:418 QUEUE SIZE: 0 (Must go: False)
DEBUG 2026-06-07 23:14:56 t_client.py:461 Control loop (ms): 4.59
DEBUG 2026-06-07 23:14:56 t_client.py:208 Sent observation #0 | 
DEBUG 2026-06-07 23:14:56 t_client.py:418 QUEUE SIZE: 0 (Must go: False)
DEBUG 2026-06-07 23:14:56 t_client.py:461 Control loop (ms): 5.05
DEBUG 2026-06-07 23:14:56 t_client.py:197 Observation serialization time: 0.004282s
DEBUG 2026-06-07 23:14:56 ort/utils.py:50 [CLIENT] Observation Buffer size 0.879420280456543 MB with
DEBUG 2026-06-07 23:14:56 ort/utils.py:65 [CLIENT] Observation Sent 922139/922139 bytes with state 3
DEBUG 2026-06-07 23:14:56 ort/utils.py:67 [CLIENT] Observation Published 0.879420280456543 MB
DEBUG 2026-06-07 23:14:56 t_client.py:197 Observation serialization time: 0.006075s
DEBUG 2026-06-07 23:14:56 t_client.py:208 Sent observation #0 | 
DEBUG 2026-06-07 23:14:56 ort/utils.py:50 [CLIENT] Observation Buffer size 0.8794260025024414 MB with
DEBUG 2026-06-07 23:14:56 t_client.py:418 QUEUE SIZE: 0 (Must go: False)
DEBUG 2026-06-07 23:14:56 t_client.py:461 Control loop (ms): 6.40
DEBUG 2026-06-07 23:14:56 ort/utils.py:65 [CLIENT] Observation Sent 922145/922145 bytes with state 3
DEBUG 2026-06-07 23:14:56 ort/utils.py:67 [CLIENT] Observation Published 0.8794260025024414 MB
DEBUG 2026-06-07 23:14:56 t_client.py:208 Sent observation #0 | 
DEBUG 2026-06-07 23:14:56 t_client.py:418 QUEUE SIZE: 0 (Must go: False)
DEBUG 2026-06-07 23:14:56 t_client.py:461 Control loop (ms): 7.45
DEBUG 2026-06-07 23:14:56 t_client.py:197 Observation serialization time: 0.002990s
DEBUG 2026-06-07 23:14:56 t_client.py:197 Observation serialization time: 0.003152s
DEBUG 2026-06-07 23:14:56 ort/utils.py:50 [CLIENT] Observation Buffer size 0.8794260025024414 MB with
DEBUG 2026-06-07 23:14:56 ort/utils.py:50 [CLIENT] Observation Buffer size 0.879420280456543 MB with
DEBUG 2026-06-07 23:14:56 ort/utils.py:65 [CLIENT] Observation Sent 922139/922139 bytes with state 3
DEBUG 2026-06-07 23:14:56 ort/utils.py:67 [CLIENT] Observation Published 0.879420280456543 MB
DEBUG 2026-06-07 23:14:56 ort/utils.py:65 [CLIENT] Observation Sent 922145/922145 bytes with state 3
DEBUG 2026-06-07 23:14:56 ort/utils.py:67 [CLIENT] Observation Published 0.8794260025024414 MB
DEBUG 2026-06-07 23:14:56 t_client.py:208 Sent observation #0 | 
DEBUG 2026-06-07 23:14:56 t_client.py:418 QUEUE SIZE: 0 (Must go: False)
DEBUG 2026-06-07 23:14:56 t_client.py:461 Control loop (ms): 7.50
DEBUG 2026-06-07 23:14:56 t_client.py:208 Sent observation #0 | 
DEBUG 2026-06-07 23:14:56 t_client.py:418 QUEUE SIZE: 0 (Must go: False)
DEBUG 2026-06-07 23:14:56 t_client.py:461 Control loop (ms): 7.81
DEBUG 2026-06-07 23:14:56 t_client.py:197 Observation serialization time: 0.005159s
DEBUG 2026-06-07 23:14:56 ort/utils.py:50 [CLIENT] Observation Buffer size 0.879420280456543 MB with
DEBUG 2026-06-07 23:14:56 t_client.py:197 Observation serialization time: 0.006059s
DEBUG 2026-06-07 23:14:56 ort/utils.py:65 [CLIENT] Observation Sent 922139/922139 bytes with state 3
DEBUG 2026-06-07 23:14:56 ort/utils.py:67 [CLIENT] Observation Published 0.879420280456543 MB
DEBUG 2026-06-07 23:14:56 ort/utils.py:50 [CLIENT] Observation Buffer size 0.8794260025024414 MB with
DEBUG 2026-06-07 23:14:56 t_client.py:208 Sent observation #0 | 
DEBUG 2026-06-07 23:14:56 ort/utils.py:65 [CLIENT] Observation Sent 922145/922145 bytes with state 3
DEBUG 2026-06-07 23:14:56 t_client.py:418 QUEUE SIZE: 0 (Must go: False)
DEBUG 2026-06-07 23:14:56 t_client.py:461 Control loop (ms): 7.33
DEBUG 2026-06-07 23:14:56 ort/utils.py:67 [CLIENT] Observation Published 0.8794260025024414 MB
DEBUG 2026-06-07 23:14:56 t_client.py:208 Sent observation #0 | 
DEBUG 2026-06-07 23:14:56 t_client.py:418 QUEUE SIZE: 0 (Must go: False)
DEBUG 2026-06-07 23:14:56 t_client.py:461 Control loop (ms): 8.37
DEBUG 2026-06-07 23:14:56 t_client.py:197 Observation serialization time: 0.002053s
DEBUG 2026-06-07 23:14:56 t_client.py:197 Observation serialization time: 0.002499s
DEBUG 2026-06-07 23:14:56 ort/utils.py:50 [CLIENT] Observation Buffer size 0.879420280456543 MB with
DEBUG 2026-06-07 23:14:56 ort/utils.py:50 [CLIENT] Observation Buffer size 0.8794260025024414 MB with
DEBUG 2026-06-07 23:14:56 ort/utils.py:65 [CLIENT] Observation Sent 922139/922139 bytes with state 3
DEBUG 2026-06-07 23:14:56 ort/utils.py:67 [CLIENT] Observation Published 0.879420280456543 MB
DEBUG 2026-06-07 23:14:56 ort/utils.py:65 [CLIENT] Observation Sent 922145/922145 bytes with state 3
DEBUG 2026-06-07 23:14:56 ort/utils.py:67 [CLIENT] Observation Published 0.8794260025024414 MB
DEBUG 2026-06-07 23:14:56 t_client.py:208 Sent observation #0 | 
DEBUG 2026-06-07 23:14:56 t_client.py:418 QUEUE SIZE: 0 (Must go: False)
DEBUG 2026-06-07 23:14:56 t_client.py:461 Control loop (ms): 5.67
DEBUG 2026-06-07 23:14:56 t_client.py:208 Sent observation #0 | 
DEBUG 2026-06-07 23:14:56 t_client.py:418 QUEUE SIZE: 0 (Must go: False)
DEBUG 2026-06-07 23:14:56 t_client.py:461 Control loop (ms): 5.89
DEBUG 2026-06-07 23:14:56 t_client.py:197 Observation serialization time: 0.002067s
DEBUG 2026-06-07 23:14:56 ort/utils.py:50 [CLIENT] Observation Buffer size 0.879420280456543 MB with
DEBUG 2026-06-07 23:14:56 t_client.py:197 Observation serialization time: 0.002595s
DEBUG 2026-06-07 23:14:56 ort/utils.py:65 [CLIENT] Observation Sent 922139/922139 bytes with state 3
DEBUG 2026-06-07 23:14:56 ort/utils.py:67 [CLIENT] Observation Published 0.879420280456543 MB
DEBUG 2026-06-07 23:14:56 ort/utils.py:50 [CLIENT] Observation Buffer size 0.8794260025024414 MB with
DEBUG 2026-06-07 23:14:56 ort/utils.py:65 [CLIENT] Observation Sent 922145/922145 bytes with state 3
DEBUG 2026-06-07 23:14:56 ort/utils.py:67 [CLIENT] Observation Published 0.8794260025024414 MB
DEBUG 2026-06-07 23:14:56 t_client.py:208 Sent observation #0 | 
DEBUG 2026-06-07 23:14:56 t_client.py:418 QUEUE SIZE: 0 (Must go: False)
DEBUG 2026-06-07 23:14:56 t_client.py:461 Control loop (ms): 3.46
DEBUG 2026-06-07 23:14:56 t_client.py:208 Sent observation #0 | 
DEBUG 2026-06-07 23:14:56 t_client.py:418 QUEUE SIZE: 0 (Must go: False)
DEBUG 2026-06-07 23:14:56 t_client.py:461 Control loop (ms): 3.89
DEBUG 2026-06-07 23:14:56 t_client.py:197 Observation serialization time: 0.006774s
DEBUG 2026-06-07 23:14:56 t_client.py:197 Observation serialization time: 0.004886s
DEBUG 2026-06-07 23:14:56 ort/utils.py:50 [CLIENT] Observation Buffer size 0.879420280456543 MB with
DEBUG 2026-06-07 23:14:56 ort/utils.py:50 [CLIENT] Observation Buffer size 0.8794260025024414 MB with
DEBUG 2026-06-07 23:14:56 ort/utils.py:65 [CLIENT] Observation Sent 922139/922139 bytes with state 3
DEBUG 2026-06-07 23:14:56 ort/utils.py:67 [CLIENT] Observation Published 0.879420280456543 MB
DEBUG 2026-06-07 23:14:56 ort/utils.py:65 [CLIENT] Observation Sent 922145/922145 bytes with state 3
DEBUG 2026-06-07 23:14:56 ort/utils.py:67 [CLIENT] Observation Published 0.8794260025024414 MB
DEBUG 2026-06-07 23:14:56 t_client.py:208 Sent observation #0 | 
DEBUG 2026-06-07 23:14:56 t_client.py:418 QUEUE SIZE: 0 (Must go: False)
DEBUG 2026-06-07 23:14:56 t_client.py:461 Control loop (ms): 8.23
DEBUG 2026-06-07 23:14:56 t_client.py:208 Sent observation #0 | 
DEBUG 2026-06-07 23:14:56 t_client.py:418 QUEUE SIZE: 0 (Must go: False)
DEBUG 2026-06-07 23:14:56 t_client.py:461 Control loop (ms): 10.64
DEBUG 2026-06-07 23:14:56 t_client.py:197 Observation serialization time: 0.001836s
DEBUG 2026-06-07 23:14:56 ort/utils.py:50 [CLIENT] Observation Buffer size 0.8794260025024414 MB with
DEBUG 2026-06-07 23:14:56 t_client.py:197 Observation serialization time: 0.003797s
DEBUG 2026-06-07 23:14:56 ort/utils.py:65 [CLIENT] Observation Sent 922145/922145 bytes with state 3
DEBUG 2026-06-07 23:14:56 ort/utils.py:67 [CLIENT] Observation Published 0.8794260025024414 MB
DEBUG 2026-06-07 23:14:56 ort/utils.py:50 [CLIENT] Observation Buffer size 0.879420280456543 MB with
DEBUG 2026-06-07 23:14:56 t_client.py:208 Sent observation #0 | 
DEBUG 2026-06-07 23:14:56 t_client.py:418 QUEUE SIZE: 0 (Must go: False)
DEBUG 2026-06-07 23:14:56 t_client.py:461 Control loop (ms): 2.95
DEBUG 2026-06-07 23:14:56 ort/utils.py:65 [CLIENT] Observation Sent 922139/922139 bytes with state 3
DEBUG 2026-06-07 23:14:56 ort/utils.py:67 [CLIENT] Observation Published 0.879420280456543 MB
DEBUG 2026-06-07 23:14:56 t_client.py:208 Sent observation #0 | 
DEBUG 2026-06-07 23:14:56 t_client.py:418 QUEUE SIZE: 0 (Must go: False)
DEBUG 2026-06-07 23:14:56 t_client.py:461 Control loop (ms): 5.77
DEBUG 2026-06-07 23:14:56 t_client.py:197 Observation serialization time: 0.003500s
DEBUG 2026-06-07 23:14:56 ort/utils.py:50 [CLIENT] Observation Buffer size 0.879420280456543 MB with
DEBUG 2026-06-07 23:14:56 t_client.py:197 Observation serialization time: 0.002444s
DEBUG 2026-06-07 23:14:56 ort/utils.py:65 [CLIENT] Observation Sent 922139/922139 bytes with state 3
DEBUG 2026-06-07 23:14:56 ort/utils.py:67 [CLIENT] Observation Published 0.879420280456543 MB
DEBUG 2026-06-07 23:14:56 ort/utils.py:50 [CLIENT] Observation Buffer size 0.8794260025024414 MB with
DEBUG 2026-06-07 23:14:56 t_client.py:208 Sent observation #0 | 
DEBUG 2026-06-07 23:14:56 t_client.py:418 QUEUE SIZE: 0 (Must go: False)
DEBUG 2026-06-07 23:14:56 t_client.py:461 Control loop (ms): 5.29
DEBUG 2026-06-07 23:14:56 ort/utils.py:65 [CLIENT] Observation Sent 922145/922145 bytes with state 3
DEBUG 2026-06-07 23:14:56 ort/utils.py:67 [CLIENT] Observation Published 0.8794260025024414 MB
DEBUG 2026-06-07 23:14:56 t_client.py:208 Sent observation #0 | 
DEBUG 2026-06-07 23:14:56 t_client.py:418 QUEUE SIZE: 0 (Must go: False)
DEBUG 2026-06-07 23:14:56 t_client.py:461 Control loop (ms): 4.44
DEBUG 2026-06-07 23:14:56 t_client.py:197 Observation serialization time: 0.002840s
DEBUG 2026-06-07 23:14:56 ort/utils.py:50 [CLIENT] Observation Buffer size 0.879420280456543 MB with
DEBUG 2026-06-07 23:14:56 ort/utils.py:65 [CLIENT] Observation Sent 922139/922139 bytes with state 3
DEBUG 2026-06-07 23:14:56 ort/utils.py:67 [CLIENT] Observation Published 0.879420280456543 MB
DEBUG 2026-06-07 23:14:56 t_client.py:208 Sent observation #0 | 
DEBUG 2026-06-07 23:14:56 t_client.py:418 QUEUE SIZE: 0 (Must go: False)
DEBUG 2026-06-07 23:14:56 t_client.py:461 Control loop (ms): 5.80
DEBUG 2026-06-07 23:14:56 t_client.py:197 Observation serialization time: 0.004065s
DEBUG 2026-06-07 23:14:56 ort/utils.py:50 [CLIENT] Observation Buffer size 0.8794260025024414 MB with
DEBUG 2026-06-07 23:14:56 ort/utils.py:65 [CLIENT] Observation Sent 922145/922145 bytes with state 3
DEBUG 2026-06-07 23:14:56 ort/utils.py:67 [CLIENT] Observation Published 0.8794260025024414 MB
DEBUG 2026-06-07 23:14:56 t_client.py:208 Sent observation #0 | 
DEBUG 2026-06-07 23:14:56 t_client.py:418 QUEUE SIZE: 0 (Must go: False)
DEBUG 2026-06-07 23:14:56 t_client.py:461 Control loop (ms): 8.15
DEBUG 2026-06-07 23:14:56 t_client.py:197 Observation serialization time: 0.002700s
DEBUG 2026-06-07 23:14:56 ort/utils.py:50 [CLIENT] Observation Buffer size 0.879420280456543 MB with
DEBUG 2026-06-07 23:14:56 ort/utils.py:65 [CLIENT] Observation Sent 922139/922139 bytes with state 3
DEBUG 2026-06-07 23:14:56 ort/utils.py:67 [CLIENT] Observation Published 0.879420280456543 MB
DEBUG 2026-06-07 23:14:56 t_client.py:208 Sent observation #0 | 
DEBUG 2026-06-07 23:14:56 t_client.py:418 QUEUE SIZE: 0 (Must go: False)
DEBUG 2026-06-07 23:14:56 t_client.py:461 Control loop (ms): 4.45
DEBUG 2026-06-07 23:14:56 t_client.py:197 Observation serialization time: 0.002937s
DEBUG 2026-06-07 23:14:56 ort/utils.py:50 [CLIENT] Observation Buffer size 0.8794260025024414 MB with
DEBUG 2026-06-07 23:14:56 ort/utils.py:65 [CLIENT] Observation Sent 922145/922145 bytes with state 3
DEBUG 2026-06-07 23:14:56 ort/utils.py:67 [CLIENT] Observation Published 0.8794260025024414 MB
DEBUG 2026-06-07 23:14:56 t_client.py:208 Sent observation #0 | 
DEBUG 2026-06-07 23:14:56 t_client.py:418 QUEUE SIZE: 0 (Must go: False)
DEBUG 2026-06-07 23:14:56 t_client.py:461 Control loop (ms): 4.17
DEBUG 2026-06-07 23:14:56 t_client.py:197 Observation serialization time: 0.002002s
DEBUG 2026-06-07 23:14:56 ort/utils.py:50 [CLIENT] Observation Buffer size 0.879420280456543 MB with
DEBUG 2026-06-07 23:14:56 ort/utils.py:65 [CLIENT] Observation Sent 922139/922139 bytes with state 3
DEBUG 2026-06-07 23:14:56 ort/utils.py:67 [CLIENT] Observation Published 0.879420280456543 MB
DEBUG 2026-06-07 23:14:56 t_client.py:208 Sent observation #0 | 
DEBUG 2026-06-07 23:14:56 t_client.py:418 QUEUE SIZE: 0 (Must go: False)
DEBUG 2026-06-07 23:14:56 t_client.py:461 Control loop (ms): 3.11
DEBUG 2026-06-07 23:14:56 t_client.py:197 Observation serialization time: 0.001904s
DEBUG 2026-06-07 23:14:56 ort/utils.py:50 [CLIENT] Observation Buffer size 0.8794260025024414 MB with
DEBUG 2026-06-07 23:14:56 ort/utils.py:65 [CLIENT] Observation Sent 922145/922145 bytes with state 3
DEBUG 2026-06-07 23:14:56 ort/utils.py:67 [CLIENT] Observation Published 0.8794260025024414 MB
DEBUG 2026-06-07 23:14:56 t_client.py:197 Observation serialization time: 0.001937s
DEBUG 2026-06-07 23:14:56 ort/utils.py:50 [CLIENT] Observation Buffer size 0.879420280456543 MB with
DEBUG 2026-06-07 23:14:56 ort/utils.py:65 [CLIENT] Observation Sent 922139/922139 bytes with state 3
DEBUG 2026-06-07 23:14:56 ort/utils.py:67 [CLIENT] Observation Published 0.879420280456543 MB
DEBUG 2026-06-07 23:14:56 t_client.py:208 Sent observation #0 | 
DEBUG 2026-06-07 23:14:56 t_client.py:418 QUEUE SIZE: 0 (Must go: False)
DEBUG 2026-06-07 23:14:56 t_client.py:461 Control loop (ms): 3.56
DEBUG 2026-06-07 23:14:56 t_client.py:208 Sent observation #0 | 
DEBUG 2026-06-07 23:14:56 t_client.py:418 QUEUE SIZE: 0 (Must go: False)
DEBUG 2026-06-07 23:14:56 t_client.py:461 Control loop (ms): 20.78
DEBUG 2026-06-07 23:14:56 t_client.py:197 Observation serialization time: 0.002738s
DEBUG 2026-06-07 23:14:56 ort/utils.py:50 [CLIENT] Observation Buffer size 0.879420280456543 MB with
DEBUG 2026-06-07 23:14:56 ort/utils.py:65 [CLIENT] Observation Sent 922139/922139 bytes with state 3
DEBUG 2026-06-07 23:14:56 ort/utils.py:67 [CLIENT] Observation Published 0.879420280456543 MB
DEBUG 2026-06-07 23:14:56 t_client.py:208 Sent observation #0 | 
DEBUG 2026-06-07 23:14:56 t_client.py:418 QUEUE SIZE: 0 (Must go: False)
DEBUG 2026-06-07 23:14:56 t_client.py:461 Control loop (ms): 3.80
DEBUG 2026-06-07 23:14:56 t_client.py:197 Observation serialization time: 0.002146s
DEBUG 2026-06-07 23:14:56 ort/utils.py:50 [CLIENT] Observation Buffer size 0.8794260025024414 MB with
DEBUG 2026-06-07 23:14:56 ort/utils.py:65 [CLIENT] Observation Sent 922145/922145 bytes with state 3
DEBUG 2026-06-07 23:14:56 ort/utils.py:67 [CLIENT] Observation Published 0.8794260025024414 MB
DEBUG 2026-06-07 23:14:56 t_client.py:208 Sent observation #0 | 
DEBUG 2026-06-07 23:14:56 t_client.py:418 QUEUE SIZE: 0 (Must go: False)
DEBUG 2026-06-07 23:14:56 t_client.py:461 Control loop (ms): 4.06
DEBUG 2026-06-07 23:14:56 t_client.py:197 Observation serialization time: 0.006825s
DEBUG 2026-06-07 23:14:56 t_client.py:197 Observation serialization time: 0.003120s
DEBUG 2026-06-07 23:14:56 ort/utils.py:50 [CLIENT] Observation Buffer size 0.879420280456543 MB with
DEBUG 2026-06-07 23:14:56 ort/utils.py:65 [CLIENT] Observation Sent 922139/922139 bytes with state 3
DEBUG 2026-06-07 23:14:56 ort/utils.py:67 [CLIENT] Observation Published 0.879420280456543 MB
DEBUG 2026-06-07 23:14:56 t_client.py:208 Sent observation #0 | 
DEBUG 2026-06-07 23:14:56 t_client.py:418 QUEUE SIZE: 0 (Must go: False)
DEBUG 2026-06-07 23:14:56 t_client.py:461 Control loop (ms): 8.52
DEBUG 2026-06-07 23:14:56 t_client.py:197 Observation serialization time: 0.001839s
DEBUG 2026-06-07 23:14:56 ort/utils.py:50 [CLIENT] Observation Buffer size 0.879420280456543 MB with
DEBUG 2026-06-07 23:14:56 ort/utils.py:65 [CLIENT] Observation Sent 922139/922139 bytes with state 3
DEBUG 2026-06-07 23:14:56 ort/utils.py:67 [CLIENT] Observation Published 0.879420280456543 MB
DEBUG 2026-06-07 23:14:56 t_client.py:208 Sent observation #0 | 
DEBUG 2026-06-07 23:14:56 t_client.py:418 QUEUE SIZE: 0 (Must go: False)
DEBUG 2026-06-07 23:14:56 t_client.py:461 Control loop (ms): 3.60
DEBUG 2026-06-07 23:14:56 t_client.py:197 Observation serialization time: 0.002778s
DEBUG 2026-06-07 23:14:57 ort/utils.py:50 [CLIENT] Observation Buffer size 0.8794260025024414 MB with
DEBUG 2026-06-07 23:14:57 ort/utils.py:65 [CLIENT] Observation Sent 922145/922145 bytes with state 3
DEBUG 2026-06-07 23:14:57 ort/utils.py:67 [CLIENT] Observation Published 0.8794260025024414 MB
DEBUG 2026-06-07 23:14:57 ort/utils.py:50 [CLIENT] Observation Buffer size 0.879420280456543 MB with
DEBUG 2026-06-07 23:14:57 ort/utils.py:65 [CLIENT] Observation Sent 922139/922139 bytes with state 3
DEBUG 2026-06-07 23:14:57 t_client.py:208 Sent observation #0 | 
DEBUG 2026-06-07 23:14:57 t_client.py:418 QUEUE SIZE: 0 (Must go: False)
DEBUG 2026-06-07 23:14:57 t_client.py:461 Control loop (ms): 226.72
DEBUG 2026-06-07 23:14:57 ort/utils.py:67 [CLIENT] Observation Published 0.879420280456543 MB
DEBUG 2026-06-07 23:14:57 t_client.py:208 Sent observation #0 | 
DEBUG 2026-06-07 23:14:57 t_client.py:418 QUEUE SIZE: 0 (Must go: False)
DEBUG 2026-06-07 23:14:57 t_client.py:461 Control loop (ms): 191.92
DEBUG 2026-06-07 23:14:57 t_client.py:197 Observation serialization time: 0.002123s
DEBUG 2026-06-07 23:14:57 t_client.py:197 Observation serialization time: 0.002037s
DEBUG 2026-06-07 23:14:57 ort/utils.py:50 [CLIENT] Observation Buffer size 0.879420280456543 MB with
DEBUG 2026-06-07 23:14:57 ort/utils.py:50 [CLIENT] Observation Buffer size 0.8794260025024414 MB with
DEBUG 2026-06-07 23:14:57 ort/utils.py:65 [CLIENT] Observation Sent 922139/922139 bytes with state 3
DEBUG 2026-06-07 23:14:57 ort/utils.py:67 [CLIENT] Observation Published 0.879420280456543 MB
DEBUG 2026-06-07 23:14:57 ort/utils.py:65 [CLIENT] Observation Sent 922145/922145 bytes with state 3
DEBUG 2026-06-07 23:14:57 t_client.py:208 Sent observation #0 | 
DEBUG 2026-06-07 23:14:57 t_client.py:208 Sent observation #0 | 
DEBUG 2026-06-07 23:14:57 ort/utils.py:67 [CLIENT] Observation Published 0.8794260025024414 MB
DEBUG 2026-06-07 23:14:57 t_client.py:418 QUEUE SIZE: 0 (Must go: False)
DEBUG 2026-06-07 23:14:57 t_client.py:461 Control loop (ms): 21.27
DEBUG 2026-06-07 23:14:57 t_client.py:418 QUEUE SIZE: 0 (Must go: False)
DEBUG 2026-06-07 23:14:57 t_client.py:461 Control loop (ms): 21.68
DEBUG 2026-06-07 23:14:57 t_client.py:197 Observation serialization time: 0.003833s
DEBUG 2026-06-07 23:14:57 ort/utils.py:50 [CLIENT] Observation Buffer size 0.8794260025024414 MB with
DEBUG 2026-06-07 23:14:57 t_client.py:197 Observation serialization time: 0.004263s
DEBUG 2026-06-07 23:14:57 ort/utils.py:50 [CLIENT] Observation Buffer size 0.879420280456543 MB with
DEBUG 2026-06-07 23:14:57 ort/utils.py:65 [CLIENT] Observation Sent 922145/922145 bytes with state 3
DEBUG 2026-06-07 23:14:57 ort/utils.py:67 [CLIENT] Observation Published 0.8794260025024414 MB
DEBUG 2026-06-07 23:14:57 t_client.py:208 Sent observation #0 | 
DEBUG 2026-06-07 23:14:57 t_client.py:418 QUEUE SIZE: 0 (Must go: False)
DEBUG 2026-06-07 23:14:57 t_client.py:461 Control loop (ms): 7.86
DEBUG 2026-06-07 23:14:57 t_client.py:461 Control loop (ms): 1.01
DEBUG 2026-06-07 23:14:57 t_client.py:208 Sent observation #0 | 
DEBUG 2026-06-07 23:14:57 t_client.py:418 QUEUE SIZE: 0 (Must go: False)
DEBUG 2026-06-07 23:14:57 t_client.py:461 Control loop (ms): 11.78
DEBUG 2026-06-07 23:14:57 t_client.py:461 Control loop (ms): 1.22
DEBUG 2026-06-07 23:14:57 t_client.py:461 Control loop (ms): 0.58
DEBUG 2026-06-07 23:14:57 t_client.py:461 Control loop (ms): 6.79
DEBUG 2026-06-07 23:14:57 t_client.py:461 Control loop (ms): 3.03
DEBUG 2026-06-07 23:14:57 t_client.py:461 Control loop (ms): 1.70
DEBUG 2026-06-07 23:14:57 t_client.py:461 Control loop (ms): 0.27
DEBUG 2026-06-07 23:14:57 t_client.py:461 Control loop (ms): 0.59
DEBUG 2026-06-07 23:14:57 t_client.py:461 Control loop (ms): 10.10
DEBUG 2026-06-07 23:14:57 t_client.py:461 Control loop (ms): 0.15
DEBUG 2026-06-07 23:14:57 t_client.py:461 Control loop (ms): 9.82
DEBUG 2026-06-07 23:14:57 t_client.py:461 Control loop (ms): 8.35
DEBUG 2026-06-07 23:14:57 t_client.py:461 Control loop (ms): 12.61
DEBUG 2026-06-07 23:14:57 t_client.py:461 Control loop (ms): 9.79
DEBUG 2026-06-07 23:14:57 t_client.py:461 Control loop (ms): 5.45
DEBUG 2026-06-07 23:14:57 t_client.py:461 Control loop (ms): 1.47
DEBUG 2026-06-07 23:14:57 t_client.py:461 Control loop (ms): 11.01
DEBUG 2026-06-07 23:14:57 t_client.py:461 Control loop (ms): 0.28
DEBUG 2026-06-07 23:14:57 t_client.py:461 Control loop (ms): 0.29
DEBUG 2026-06-07 23:14:57 t_client.py:461 Control loop (ms): 0.26
DEBUG 2026-06-07 23:14:57 t_client.py:461 Control loop (ms): 0.26
DEBUG 2026-06-07 23:14:57 t_client.py:461 Control loop (ms): 0.24
DEBUG 2026-06-07 23:14:57 t_client.py:461 Control loop (ms): 0.26
DEBUG 2026-06-07 23:14:57 t_client.py:461 Control loop (ms): 0.44
DEBUG 2026-06-07 23:14:57 t_client.py:461 Control loop (ms): 0.27
DEBUG 2026-06-07 23:14:57 t_client.py:461 Control loop (ms): 0.30
DEBUG 2026-06-07 23:14:57 t_client.py:461 Control loop (ms): 0.35
DEBUG 2026-06-07 23:14:57 t_client.py:461 Control loop (ms): 0.23
DEBUG 2026-06-07 23:14:57 t_client.py:461 Control loop (ms): 0.21
DEBUG 2026-06-07 23:14:57 t_client.py:461 Control loop (ms): 0.26
DEBUG 2026-06-07 23:14:57 t_client.py:461 Control loop (ms): 0.50
DEBUG 2026-06-07 23:14:57 t_client.py:461 Control loop (ms): 0.50
DEBUG 2026-06-07 23:14:57 t_client.py:461 Control loop (ms): 0.50
DEBUG 2026-06-07 23:14:57 t_client.py:461 Control loop (ms): 0.40
DEBUG 2026-06-07 23:14:57 t_client.py:461 Control loop (ms): 0.47
DEBUG 2026-06-07 23:14:57 t_client.py:461 Control loop (ms): 0.26
DEBUG 2026-06-07 23:14:57 t_client.py:461 Control loop (ms): 0.28
DEBUG 2026-06-07 23:14:57 t_client.py:461 Control loop (ms): 0.27
DEBUG 2026-06-07 23:14:57 t_client.py:461 Control loop (ms): 0.87
DEBUG 2026-06-07 23:14:57 t_client.py:461 Control loop (ms): 0.29
DEBUG 2026-06-07 23:14:57 t_client.py:461 Control loop (ms): 0.24
DEBUG 2026-06-07 23:14:57 t_client.py:461 Control loop (ms): 0.22
DEBUG 2026-06-07 23:14:57 t_client.py:461 Control loop (ms): 0.48
DEBUG 2026-06-07 23:14:57 t_client.py:461 Control loop (ms): 0.22
DEBUG 2026-06-07 23:14:57 t_client.py:461 Control loop (ms): 0.25
DEBUG 2026-06-07 23:14:57 t_client.py:461 Control loop (ms): 0.28
DEBUG 2026-06-07 23:14:57 t_client.py:461 Control loop (ms): 0.21
DEBUG 2026-06-07 23:14:57 t_client.py:461 Control loop (ms): 0.24
DEBUG 2026-06-07 23:14:57 t_client.py:461 Control loop (ms): 0.20
DEBUG 2026-06-07 23:14:57 t_client.py:461 Control loop (ms): 0.18
DEBUG 2026-06-07 23:14:57 t_client.py:461 Control loop (ms): 0.34
DEBUG 2026-06-07 23:14:57 t_client.py:197 Observation serialization time: 0.001859s
DEBUG 2026-06-07 23:14:57 ort/utils.py:50 [CLIENT] Observation Buffer size 0.8794260025024414 MB with
DEBUG 2026-06-07 23:14:57 ort/utils.py:65 [CLIENT] Observation Sent 922145/922145 bytes with state 3
DEBUG 2026-06-07 23:14:57 ort/utils.py:67 [CLIENT] Observation Published 0.8794260025024414 MB
DEBUG 2026-06-07 23:14:57 t_client.py:208 Sent observation #24 | 
DEBUG 2026-06-07 23:14:57 t_client.py:418 QUEUE SIZE: 25 (Must go: False)
DEBUG 2026-06-07 23:14:57 t_client.py:461 Control loop (ms): 4.30
DEBUG 2026-06-07 23:14:57 t_client.py:197 Observation serialization time: 0.002615s
DEBUG 2026-06-07 23:14:57 ort/utils.py:50 [CLIENT] Observation Buffer size 0.879420280456543 MB with
DEBUG 2026-06-07 23:14:57 ort/utils.py:65 [CLIENT] Observation Sent 922139/922139 bytes with state 3
DEBUG 2026-06-07 23:14:57 ort/utils.py:67 [CLIENT] Observation Published 0.879420280456543 MB
DEBUG 2026-06-07 23:14:57 t_client.py:197 Observation serialization time: 0.003051s
DEBUG 2026-06-07 23:14:57 ort/utils.py:50 [CLIENT] Observation Buffer size 0.8794260025024414 MB with
DEBUG 2026-06-07 23:14:57 ort/utils.py:65 [CLIENT] Observation Sent 922145/922145 bytes with state 3
DEBUG 2026-06-07 23:14:57 ort/utils.py:67 [CLIENT] Observation Published 0.8794260025024414 MB
DEBUG 2026-06-07 23:14:57 t_client.py:208 Sent observation #24 | 
DEBUG 2026-06-07 23:14:57 t_client.py:418 QUEUE SIZE: 25 (Must go: False)
DEBUG 2026-06-07 23:14:57 t_client.py:461 Control loop (ms): 10.74
DEBUG 2026-06-07 23:14:57 t_client.py:208 Sent observation #25 | 
DEBUG 2026-06-07 23:14:57 t_client.py:418 QUEUE SIZE: 24 (Must go: False)
DEBUG 2026-06-07 23:14:57 t_client.py:461 Control loop (ms): 9.14
DEBUG 2026-06-07 23:14:57 t_client.py:197 Observation serialization time: 0.002315s
DEBUG 2026-06-07 23:14:57 ort/utils.py:50 [CLIENT] Observation Buffer size 0.879420280456543 MB with
DEBUG 2026-06-07 23:14:57 ort/utils.py:65 [CLIENT] Observation Sent 922139/922139 bytes with state 3
DEBUG 2026-06-07 23:14:57 ort/utils.py:67 [CLIENT] Observation Published 0.879420280456543 MB
DEBUG 2026-06-07 23:14:57 t_client.py:197 Observation serialization time: 0.003375s
DEBUG 2026-06-07 23:14:57 t_client.py:208 Sent observation #25 | 
DEBUG 2026-06-07 23:14:57 t_client.py:418 QUEUE SIZE: 24 (Must go: False)
DEBUG 2026-06-07 23:14:57 t_client.py:461 Control loop (ms): 4.81
DEBUG 2026-06-07 23:14:57 ort/utils.py:50 [CLIENT] Observation Buffer size 0.8794260025024414 MB with
DEBUG 2026-06-07 23:14:57 ort/utils.py:65 [CLIENT] Observation Sent 922145/922145 bytes with state 3
DEBUG 2026-06-07 23:14:57 ort/utils.py:67 [CLIENT] Observation Published 0.8794260025024414 MB
DEBUG 2026-06-07 23:14:57 t_client.py:208 Sent observation #26 | 
DEBUG 2026-06-07 23:14:57 t_client.py:418 QUEUE SIZE: 23 (Must go: False)
DEBUG 2026-06-07 23:14:57 t_client.py:461 Control loop (ms): 5.77
DEBUG 2026-06-07 23:14:57 t_client.py:197 Observation serialization time: 0.002978s
DEBUG 2026-06-07 23:14:57 ort/utils.py:50 [CLIENT] Observation Buffer size 0.879420280456543 MB with
DEBUG 2026-06-07 23:14:57 ort/utils.py:65 [CLIENT] Observation Sent 922139/922139 bytes with state 3
DEBUG 2026-06-07 23:14:57 ort/utils.py:67 [CLIENT] Observation Published 0.879420280456543 MB
DEBUG 2026-06-07 23:14:57 t_client.py:197 Observation serialization time: 0.003748s
DEBUG 2026-06-07 23:14:57 t_client.py:208 Sent observation #26 | 
DEBUG 2026-06-07 23:14:57 t_client.py:418 QUEUE SIZE: 23 (Must go: False)
DEBUG 2026-06-07 23:14:57 t_client.py:461 Control loop (ms): 5.90
DEBUG 2026-06-07 23:14:57 t_client.py:197 Observation serialization time: 0.003551s
DEBUG 2026-06-07 23:14:57 ort/utils.py:50 [CLIENT] Observation Buffer size 0.879420280456543 MB with
DEBUG 2026-06-07 23:14:57 ort/utils.py:50 [CLIENT] Observation Buffer size 0.8794260025024414 MB with
DEBUG 2026-06-07 23:14:57 ort/utils.py:65 [CLIENT] Observation Sent 922145/922145 bytes with state 3
DEBUG 2026-06-07 23:14:57 ort/utils.py:67 [CLIENT] Observation Published 0.8794260025024414 MB
DEBUG 2026-06-07 23:14:57 ort/utils.py:65 [CLIENT] Observation Sent 922139/922139 bytes with state 3
DEBUG 2026-06-07 23:14:57 ort/utils.py:67 [CLIENT] Observation Published 0.879420280456543 MB
DEBUG 2026-06-07 23:14:57 t_client.py:208 Sent observation #27 | 
DEBUG 2026-06-07 23:14:57 t_client.py:418 QUEUE SIZE: 22 (Must go: False)
DEBUG 2026-06-07 23:14:57 t_client.py:461 Control loop (ms): 8.21
DEBUG 2026-06-07 23:14:57 t_client.py:208 Sent observation #27 | 
DEBUG 2026-06-07 23:14:57 t_client.py:418 QUEUE SIZE: 22 (Must go: False)
DEBUG 2026-06-07 23:14:57 t_client.py:461 Control loop (ms): 20.03
DEBUG 2026-06-07 23:14:57 t_client.py:197 Observation serialization time: 0.001970s
DEBUG 2026-06-07 23:14:57 ort/utils.py:50 [CLIENT] Observation Buffer size 0.879420280456543 MB with
DEBUG 2026-06-07 23:14:57 ort/utils.py:65 [CLIENT] Observation Sent 922139/922139 bytes with state 3
DEBUG 2026-06-07 23:14:57 t_client.py:208 Sent observation #28 | 
DEBUG 2026-06-07 23:14:57 t_client.py:418 QUEUE SIZE: 21 (Must go: False)
DEBUG 2026-06-07 23:14:57 ort/utils.py:67 [CLIENT] Observation Published 0.879420280456543 MB
DEBUG 2026-06-07 23:14:57 t_client.py:461 Control loop (ms): 23.42
DEBUG 2026-06-07 23:14:57 t_client.py:197 Observation serialization time: 0.002500s
DEBUG 2026-06-07 23:14:57 ort/utils.py:50 [CLIENT] Observation Buffer size 0.8794260025024414 MB with
DEBUG 2026-06-07 23:14:57 ort/utils.py:65 [CLIENT] Observation Sent 922145/922145 bytes with state 3
DEBUG 2026-06-07 23:14:57 ort/utils.py:67 [CLIENT] Observation Published 0.8794260025024414 MB
DEBUG 2026-06-07 23:14:57 t_client.py:208 Sent observation #28 | 
DEBUG 2026-06-07 23:14:57 t_client.py:418 QUEUE SIZE: 21 (Must go: False)
DEBUG 2026-06-07 23:14:57 t_client.py:461 Control loop (ms): 26.02
DEBUG 2026-06-07 23:14:57 t_client.py:461 Control loop (ms): 0.91
DEBUG 2026-06-07 23:14:57 t_client.py:197 Observation serialization time: 0.002042s
DEBUG 2026-06-07 23:14:57 ort/utils.py:50 [CLIENT] Observation Buffer size 0.879420280456543 MB with
DEBUG 2026-06-07 23:14:57 ort/utils.py:65 [CLIENT] Observation Sent 922139/922139 bytes with state 3
DEBUG 2026-06-07 23:14:57 ort/utils.py:67 [CLIENT] Observation Published 0.879420280456543 MB
DEBUG 2026-06-07 23:14:57 t_client.py:461 Control loop (ms): 0.20
DEBUG 2026-06-07 23:14:57 t_client.py:208 Sent observation #29 | 
DEBUG 2026-06-07 23:14:57 t_client.py:418 QUEUE SIZE: 20 (Must go: False)
DEBUG 2026-06-07 23:14:57 t_client.py:461 Control loop (ms): 11.80
DEBUG 2026-06-07 23:14:57 t_client.py:461 Control loop (ms): 0.23
DEBUG 2026-06-07 23:14:57 t_client.py:461 Control loop (ms): 0.36
DEBUG 2026-06-07 23:14:57 t_client.py:461 Control loop (ms): 0.36
DEBUG 2026-06-07 23:14:57 t_client.py:461 Control loop (ms): 0.24
DEBUG 2026-06-07 23:14:57 t_client.py:461 Control loop (ms): 0.24
DEBUG 2026-06-07 23:14:57 t_client.py:461 Control loop (ms): 0.23
DEBUG 2026-06-07 23:14:57 t_client.py:461 Control loop (ms): 0.97
DEBUG 2026-06-07 23:14:57 t_client.py:461 Control loop (ms): 0.21
DEBUG 2026-06-07 23:14:57 t_client.py:461 Control loop (ms): 0.22
DEBUG 2026-06-07 23:14:57 t_client.py:461 Control loop (ms): 10.99
DEBUG 2026-06-07 23:14:57 t_client.py:461 Control loop (ms): 2.26
DEBUG 2026-06-07 23:14:57 t_client.py:461 Control loop (ms): 0.23
DEBUG 2026-06-07 23:14:57 t_client.py:461 Control loop (ms): 0.20
DEBUG 2026-06-07 23:14:57 t_client.py:461 Control loop (ms): 0.28
DEBUG 2026-06-07 23:14:57 t_client.py:461 Control loop (ms): 0.27
DEBUG 2026-06-07 23:14:57 t_client.py:461 Control loop (ms): 0.29
DEBUG 2026-06-07 23:14:57 t_client.py:461 Control loop (ms): 0.48
DEBUG 2026-06-07 23:14:57 t_client.py:461 Control loop (ms): 0.31
DEBUG 2026-06-07 23:14:57 t_client.py:461 Control loop (ms): 0.20
DEBUG 2026-06-07 23:14:57 t_client.py:461 Control loop (ms): 0.22
DEBUG 2026-06-07 23:14:57 t_client.py:461 Control loop (ms): 0.27
DEBUG 2026-06-07 23:14:57 t_client.py:461 Control loop (ms): 0.21
DEBUG 2026-06-07 23:14:57 t_client.py:461 Control loop (ms): 0.22
DEBUG 2026-06-07 23:14:57 t_client.py:461 Control loop (ms): 0.22
DEBUG 2026-06-07 23:14:57 t_client.py:461 Control loop (ms): 0.27
DEBUG 2026-06-07 23:14:57 t_client.py:461 Control loop (ms): 0.25
DEBUG 2026-06-07 23:14:57 t_client.py:461 Control loop (ms): 0.24
DEBUG 2026-06-07 23:14:57 t_client.py:461 Control loop (ms): 0.23
DEBUG 2026-06-07 23:14:57 t_client.py:461 Control loop (ms): 0.24
DEBUG 2026-06-07 23:14:57 t_client.py:461 Control loop (ms): 0.21
DEBUG 2026-06-07 23:14:57 t_client.py:461 Control loop (ms): 0.21
DEBUG 2026-06-07 23:14:57 t_client.py:461 Control loop (ms): 0.25
DEBUG 2026-06-07 23:14:57 t_client.py:461 Control loop (ms): 0.27
DEBUG 2026-06-07 23:14:57 t_client.py:461 Control loop (ms): 0.22
DEBUG 2026-06-07 23:14:57 t_client.py:461 Control loop (ms): 0.25
DEBUG 2026-06-07 23:14:57 t_client.py:461 Control loop (ms): 0.20
DEBUG 2026-06-07 23:14:57 t_client.py:461 Control loop (ms): 0.20
DEBUG 2026-06-07 23:14:57 t_client.py:461 Control loop (ms): 0.19
DEBUG 2026-06-07 23:14:57 t_client.py:461 Control loop (ms): 0.25
DEBUG 2026-06-07 23:14:57 t_client.py:461 Control loop (ms): 0.30
DEBUG 2026-06-07 23:14:57 t_client.py:461 Control loop (ms): 0.16
DEBUG 2026-06-07 23:14:57 t_client.py:461 Control loop (ms): 0.20
DEBUG 2026-06-07 23:14:57 t_client.py:461 Control loop (ms): 0.20
DEBUG 2026-06-07 23:14:57 t_client.py:461 Control loop (ms): 0.20
DEBUG 2026-06-07 23:14:57 t_client.py:461 Control loop (ms): 0.24
DEBUG 2026-06-07 23:14:57 t_client.py:197 Observation serialization time: 0.001764s
DEBUG 2026-06-07 23:14:57 ort/utils.py:50 [CLIENT] Observation Buffer size 0.8794260025024414 MB with
DEBUG 2026-06-07 23:14:57 ort/utils.py:65 [CLIENT] Observation Sent 922145/922145 bytes with state 3
DEBUG 2026-06-07 23:14:57 ort/utils.py:67 [CLIENT] Observation Published 0.8794260025024414 MB
DEBUG 2026-06-07 23:14:57 t_client.py:208 Sent observation #52 | 
DEBUG 2026-06-07 23:14:57 t_client.py:418 QUEUE SIZE: 25 (Must go: False)
DEBUG 2026-06-07 23:14:57 t_client.py:461 Control loop (ms): 3.63
DEBUG 2026-06-07 23:14:57 t_client.py:197 Observation serialization time: 0.002077s
DEBUG 2026-06-07 23:14:57 ort/utils.py:50 [CLIENT] Observation Buffer size 0.879420280456543 MB with
DEBUG 2026-06-07 23:14:57 ort/utils.py:65 [CLIENT] Observation Sent 922139/922139 bytes with state 3
DEBUG 2026-06-07 23:14:57 ort/utils.py:67 [CLIENT] Observation Published 0.879420280456543 MB
DEBUG 2026-06-07 23:14:57 t_client.py:208 Sent observation #53 | 
DEBUG 2026-06-07 23:14:57 t_client.py:418 QUEUE SIZE: 25 (Must go: False)
DEBUG 2026-06-07 23:14:57 t_client.py:461 Control loop (ms): 4.64
DEBUG 2026-06-07 23:14:57 t_client.py:197 Observation serialization time: 0.004482s
DEBUG 2026-06-07 23:14:57 ort/utils.py:50 [CLIENT] Observation Buffer size 0.8794260025024414 MB with
DEBUG 2026-06-07 23:14:57 ort/utils.py:65 [CLIENT] Observation Sent 922145/922145 bytes with state 3
DEBUG 2026-06-07 23:14:57 ort/utils.py:67 [CLIENT] Observation Published 0.8794260025024414 MB
DEBUG 2026-06-07 23:14:57 t_client.py:197 Observation serialization time: 0.004976s
DEBUG 2026-06-07 23:14:57 ort/utils.py:50 [CLIENT] Observation Buffer size 0.879420280456543 MB with
DEBUG 2026-06-07 23:14:57 ort/utils.py:65 [CLIENT] Observation Sent 922139/922139 bytes with state 3
DEBUG 2026-06-07 23:14:57 ort/utils.py:67 [CLIENT] Observation Published 0.879420280456543 MB
DEBUG 2026-06-07 23:14:57 t_client.py:208 Sent observation #54 | 
DEBUG 2026-06-07 23:14:57 t_client.py:418 QUEUE SIZE: 24 (Must go: False)
DEBUG 2026-06-07 23:14:57 t_client.py:461 Control loop (ms): 9.21
DEBUG 2026-06-07 23:14:57 t_client.py:208 Sent observation #53 | 
DEBUG 2026-06-07 23:14:57 t_client.py:418 QUEUE SIZE: 24 (Must go: False)
DEBUG 2026-06-07 23:14:57 t_client.py:461 Control loop (ms): 17.14
DEBUG 2026-06-07 23:14:57 t_client.py:197 Observation serialization time: 0.005475s
DEBUG 2026-06-07 23:14:57 ort/utils.py:50 [CLIENT] Observation Buffer size 0.879420280456543 MB with
DEBUG 2026-06-07 23:14:57 ort/utils.py:65 [CLIENT] Observation Sent 922139/922139 bytes with state 3
DEBUG 2026-06-07 23:14:57 ort/utils.py:67 [CLIENT] Observation Published 0.879420280456543 MB
DEBUG 2026-06-07 23:14:57 t_client.py:197 Observation serialization time: 0.002476s
DEBUG 2026-06-07 23:14:57 ort/utils.py:50 [CLIENT] Observation Buffer size 0.8794260025024414 MB with
DEBUG 2026-06-07 23:14:57 t_client.py:208 Sent observation #55 | 
DEBUG 2026-06-07 23:14:57 t_client.py:418 QUEUE SIZE: 23 (Must go: False)
DEBUG 2026-06-07 23:14:57 t_client.py:461 Control loop (ms): 13.16
DEBUG 2026-06-07 23:14:57 ort/utils.py:65 [CLIENT] Observation Sent 922145/922145 bytes with state 3
DEBUG 2026-06-07 23:14:57 t_client.py:208 Sent observation #54 | 
DEBUG 2026-06-07 23:14:57 ort/utils.py:67 [CLIENT] Observation Published 0.8794260025024414 MB
DEBUG 2026-06-07 23:14:57 t_client.py:418 QUEUE SIZE: 23 (Must go: False)
DEBUG 2026-06-07 23:14:57 t_client.py:461 Control loop (ms): 11.95
DEBUG 2026-06-07 23:14:57 t_client.py:197 Observation serialization time: 0.002727s
DEBUG 2026-06-07 23:14:57 ort/utils.py:50 [CLIENT] Observation Buffer size 0.8794260025024414 MB with
DEBUG 2026-06-07 23:14:57 t_client.py:197 Observation serialization time: 0.001994s
DEBUG 2026-06-07 23:14:57 ort/utils.py:50 [CLIENT] Observation Buffer size 0.879420280456543 MB with
DEBUG 2026-06-07 23:14:57 ort/utils.py:65 [CLIENT] Observation Sent 922145/922145 bytes with state 3
DEBUG 2026-06-07 23:14:57 ort/utils.py:67 [CLIENT] Observation Published 0.8794260025024414 MB
DEBUG 2026-06-07 23:14:57 t_client.py:208 Sent observation #55 | 
DEBUG 2026-06-07 23:14:57 t_client.py:418 QUEUE SIZE: 22 (Must go: False)
DEBUG 2026-06-07 23:14:57 t_client.py:461 Control loop (ms): 12.43
DEBUG 2026-06-07 23:14:57 ort/utils.py:65 [CLIENT] Observation Sent 922139/922139 bytes with state 3
DEBUG 2026-06-07 23:14:57 t_client.py:208 Sent observation #56 | 
DEBUG 2026-06-07 23:14:57 ort/utils.py:67 [CLIENT] Observation Published 0.879420280456543 MB
DEBUG 2026-06-07 23:14:57 t_client.py:418 QUEUE SIZE: 22 (Must go: False)
DEBUG 2026-06-07 23:14:57 t_client.py:461 Control loop (ms): 21.75
DEBUG 2026-06-07 23:14:57 t_client.py:197 Observation serialization time: 0.002392s
DEBUG 2026-06-07 23:14:57 ort/utils.py:50 [CLIENT] Observation Buffer size 0.8794260025024414 MB with
DEBUG 2026-06-07 23:14:57 ort/utils.py:65 [CLIENT] Observation Sent 922145/922145 bytes with state 3
DEBUG 2026-06-07 23:14:57 ort/utils.py:67 [CLIENT] Observation Published 0.8794260025024414 MB
DEBUG 2026-06-07 23:14:57 t_client.py:208 Sent observation #56 | 
DEBUG 2026-06-07 23:14:57 t_client.py:418 QUEUE SIZE: 21 (Must go: False)
DEBUG 2026-06-07 23:14:57 t_client.py:461 Control loop (ms): 4.38
DEBUG 2026-06-07 23:14:57 t_client.py:197 Observation serialization time: 0.003269s
DEBUG 2026-06-07 23:14:57 ort/utils.py:50 [CLIENT] Observation Buffer size 0.879420280456543 MB with
DEBUG 2026-06-07 23:14:57 ort/utils.py:65 [CLIENT] Observation Sent 922139/922139 bytes with state 3
DEBUG 2026-06-07 23:14:57 ort/utils.py:67 [CLIENT] Observation Published 0.879420280456543 MB
DEBUG 2026-06-07 23:14:57 t_client.py:208 Sent observation #57 | 
DEBUG 2026-06-07 23:14:57 t_client.py:418 QUEUE SIZE: 21 (Must go: False)
DEBUG 2026-06-07 23:14:57 t_client.py:461 Control loop (ms): 5.62
DEBUG 2026-06-07 23:14:57 t_client.py:461 Control loop (ms): 0.41
DEBUG 2026-06-07 23:14:57 t_client.py:461 Control loop (ms): 0.27
DEBUG 2026-06-07 23:14:57 t_client.py:461 Control loop (ms): 0.23
DEBUG 2026-06-07 23:14:57 t_client.py:461 Control loop (ms): 0.23
DEBUG 2026-06-07 23:14:57 t_client.py:461 Control loop (ms): 0.24
DEBUG 2026-06-07 23:14:57 t_client.py:461 Control loop (ms): 0.25
DEBUG 2026-06-07 23:14:57 t_client.py:461 Control loop (ms): 6.77
DEBUG 2026-06-07 23:14:57 t_client.py:461 Control loop (ms): 9.74
DEBUG 2026-06-07 23:14:57 t_client.py:461 Control loop (ms): 1.15
DEBUG 2026-06-07 23:14:57 t_client.py:461 Control loop (ms): 1.54
DEBUG 2026-06-07 23:14:57 t_client.py:461 Control loop (ms): 0.21
DEBUG 2026-06-07 23:14:57 t_client.py:461 Control loop (ms): 0.28
DEBUG 2026-06-07 23:14:57 t_client.py:461 Control loop (ms): 0.21
DEBUG 2026-06-07 23:14:57 t_client.py:461 Control loop (ms): 0.24
DEBUG 2026-06-07 23:14:57 t_client.py:461 Control loop (ms): 0.22
DEBUG 2026-06-07 23:14:57 t_client.py:461 Control loop (ms): 0.21
DEBUG 2026-06-07 23:14:57 t_client.py:461 Control loop (ms): 0.19
DEBUG 2026-06-07 23:14:57 t_client.py:461 Control loop (ms): 0.25
DEBUG 2026-06-07 23:14:57 t_client.py:461 Control loop (ms): 0.19
DEBUG 2026-06-07 23:14:57 t_client.py:461 Control loop (ms): 0.26
DEBUG 2026-06-07 23:14:57 t_client.py:461 Control loop (ms): 0.23
DEBUG 2026-06-07 23:14:57 t_client.py:461 Control loop (ms): 0.22
DEBUG 2026-06-07 23:14:57 t_client.py:461 Control loop (ms): 0.20
DEBUG 2026-06-07 23:14:57 t_client.py:461 Control loop (ms): 0.21
DEBUG 2026-06-07 23:14:57 t_client.py:461 Control loop (ms): 0.21
DEBUG 2026-06-07 23:14:57 t_client.py:461 Control loop (ms): 0.21
DEBUG 2026-06-07 23:14:57 t_client.py:461 Control loop (ms): 0.23
DEBUG 2026-06-07 23:14:57 t_client.py:461 Control loop (ms): 0.21
DEBUG 2026-06-07 23:14:57 t_client.py:461 Control loop (ms): 0.19
DEBUG 2026-06-07 23:14:57 t_client.py:461 Control loop (ms): 0.20
DEBUG 2026-06-07 23:14:57 t_client.py:461 Control loop (ms): 0.25
DEBUG 2026-06-07 23:14:57 t_client.py:461 Control loop (ms): 0.39
DEBUG 2026-06-07 23:14:57 t_client.py:461 Control loop (ms): 0.18
DEBUG 2026-06-07 23:14:57 t_client.py:461 Control loop (ms): 0.18
DEBUG 2026-06-07 23:14:57 t_client.py:461 Control loop (ms): 0.19
DEBUG 2026-06-07 23:14:57 t_client.py:461 Control loop (ms): 0.20
DEBUG 2026-06-07 23:14:57 t_client.py:461 Control loop (ms): 0.30
DEBUG 2026-06-07 23:14:57 t_client.py:461 Control loop (ms): 0.23
DEBUG 2026-06-07 23:14:57 t_client.py:461 Control loop (ms): 0.30
DEBUG 2026-06-07 23:14:57 t_client.py:461 Control loop (ms): 0.20
DEBUG 2026-06-07 23:14:57 t_client.py:461 Control loop (ms): 0.19
DEBUG 2026-06-07 23:14:57 t_client.py:461 Control loop (ms): 0.19
DEBUG 2026-06-07 23:14:57 t_client.py:461 Control loop (ms): 0.29
DEBUG 2026-06-07 23:14:57 t_client.py:461 Control loop (ms): 0.32
DEBUG 2026-06-07 23:14:57 t_client.py:461 Control loop (ms): 0.26
DEBUG 2026-06-07 23:14:57 t_client.py:461 Control loop (ms): 0.20
DEBUG 2026-06-07 23:14:57 t_client.py:197 Observation serialization time: 0.002207s
DEBUG 2026-06-07 23:14:57 ort/utils.py:50 [CLIENT] Observation Buffer size 0.879420280456543 MB with
DEBUG 2026-06-07 23:14:57 ort/utils.py:65 [CLIENT] Observation Sent 922139/922139 bytes with state 3
DEBUG 2026-06-07 23:14:57 ort/utils.py:67 [CLIENT] Observation Published 0.879420280456543 MB
DEBUG 2026-06-07 23:14:57 t_client.py:208 Sent observation #81 | 
DEBUG 2026-06-07 23:14:57 t_client.py:418 QUEUE SIZE: 25 (Must go: False)
DEBUG 2026-06-07 23:14:57 t_client.py:461 Control loop (ms): 4.35
DEBUG 2026-06-07 23:14:57 t_client.py:197 Observation serialization time: 0.003559s
DEBUG 2026-06-07 23:14:57 ort/utils.py:50 [CLIENT] Observation Buffer size 0.8794260025024414 MB with
DEBUG 2026-06-07 23:14:57 ort/utils.py:65 [CLIENT] Observation Sent 922145/922145 bytes with state 3
DEBUG 2026-06-07 23:14:57 ort/utils.py:67 [CLIENT] Observation Published 0.8794260025024414 MB
DEBUG 2026-06-07 23:14:57 t_client.py:208 Sent observation #80 | 
DEBUG 2026-06-07 23:14:57 t_client.py:418 QUEUE SIZE: 25 (Must go: False)
DEBUG 2026-06-07 23:14:57 t_client.py:461 Control loop (ms): 6.27
DEBUG 2026-06-07 23:14:57 t_client.py:197 Observation serialization time: 0.006631s
DEBUG 2026-06-07 23:14:57 ort/utils.py:50 [CLIENT] Observation Buffer size 0.8794260025024414 MB with
DEBUG 2026-06-07 23:14:57 ort/utils.py:65 [CLIENT] Observation Sent 922145/922145 bytes with state 3
DEBUG 2026-06-07 23:14:57 ort/utils.py:67 [CLIENT] Observation Published 0.8794260025024414 MB
DEBUG 2026-06-07 23:14:57 t_client.py:197 Observation serialization time: 0.007788s
DEBUG 2026-06-07 23:14:57 t_client.py:208 Sent observation #81 | 
DEBUG 2026-06-07 23:14:57 t_client.py:418 QUEUE SIZE: 24 (Must go: False)
DEBUG 2026-06-07 23:14:57 t_client.py:461 Control loop (ms): 10.04
DEBUG 2026-06-07 23:14:57 ort/utils.py:50 [CLIENT] Observation Buffer size 0.879420280456543 MB with
DEBUG 2026-06-07 23:14:57 t_client.py:197 Observation serialization time: 0.003362s
DEBUG 2026-06-07 23:14:57 ort/utils.py:50 [CLIENT] Observation Buffer size 0.8794260025024414 MB with
DEBUG 2026-06-07 23:14:57 ort/utils.py:65 [CLIENT] Observation Sent 922145/922145 bytes with state 3
DEBUG 2026-06-07 23:14:57 ort/utils.py:67 [CLIENT] Observation Published 0.8794260025024414 MB
DEBUG 2026-06-07 23:14:58 t_client.py:208 Sent observation #82 | 
DEBUG 2026-06-07 23:14:58 t_client.py:418 QUEUE SIZE: 23 (Must go: False)
DEBUG 2026-06-07 23:14:58 t_client.py:461 Control loop (ms): 5.02
DEBUG 2026-06-07 23:14:58 ort/utils.py:65 [CLIENT] Observation Sent 922139/922139 bytes with state 3
DEBUG 2026-06-07 23:14:58 ort/utils.py:67 [CLIENT] Observation Published 0.879420280456543 MB
DEBUG 2026-06-07 23:14:58 t_client.py:208 Sent observation #82 | 
DEBUG 2026-06-07 23:14:58 t_client.py:418 QUEUE SIZE: 24 (Must go: False)
DEBUG 2026-06-07 23:14:58 t_client.py:461 Control loop (ms): 26.27
DEBUG 2026-06-07 23:14:58 t_client.py:197 Observation serialization time: 0.003597s
DEBUG 2026-06-07 23:14:58 t_client.py:197 Observation serialization time: 0.007722s
DEBUG 2026-06-07 23:14:58 ort/utils.py:50 [CLIENT] Observation Buffer size 0.879420280456543 MB with
DEBUG 2026-06-07 23:14:58 ort/utils.py:50 [CLIENT] Observation Buffer size 0.8794260025024414 MB with
DEBUG 2026-06-07 23:14:58 ort/utils.py:65 [CLIENT] Observation Sent 922139/922139 bytes with state 3
DEBUG 2026-06-07 23:14:58 ort/utils.py:67 [CLIENT] Observation Published 0.879420280456543 MB
DEBUG 2026-06-07 23:14:58 t_client.py:208 Sent observation #83 | 
DEBUG 2026-06-07 23:14:58 t_client.py:418 QUEUE SIZE: 23 (Must go: False)
DEBUG 2026-06-07 23:14:58 t_client.py:461 Control loop (ms): 19.10
DEBUG 2026-06-07 23:14:58 ort/utils.py:65 [CLIENT] Observation Sent 922145/922145 bytes with state 3
DEBUG 2026-06-07 23:14:58 ort/utils.py:67 [CLIENT] Observation Published 0.8794260025024414 MB
DEBUG 2026-06-07 23:14:58 t_client.py:208 Sent observation #83 | 
DEBUG 2026-06-07 23:14:58 t_client.py:418 QUEUE SIZE: 22 (Must go: False)
DEBUG 2026-06-07 23:14:58 t_client.py:461 Control loop (ms): 31.31
DEBUG 2026-06-07 23:14:58 t_client.py:197 Observation serialization time: 0.010883s
DEBUG 2026-06-07 23:14:58 t_client.py:197 Observation serialization time: 0.003571s
DEBUG 2026-06-07 23:14:58 ort/utils.py:50 [CLIENT] Observation Buffer size 0.879420280456543 MB with
DEBUG 2026-06-07 23:14:58 ort/utils.py:50 [CLIENT] Observation Buffer size 0.8794260025024414 MB with
DEBUG 2026-06-07 23:14:58 ort/utils.py:65 [CLIENT] Observation Sent 922145/922145 bytes with state 3
DEBUG 2026-06-07 23:14:58 ort/utils.py:67 [CLIENT] Observation Published 0.8794260025024414 MB
DEBUG 2026-06-07 23:14:58 t_client.py:208 Sent observation #84 | 
DEBUG 2026-06-07 23:14:58 t_client.py:418 QUEUE SIZE: 22 (Must go: False)
DEBUG 2026-06-07 23:14:58 t_client.py:461 Control loop (ms): 21.31
DEBUG 2026-06-07 23:14:58 t_client.py:461 Control loop (ms): 0.51
DEBUG 2026-06-07 23:14:58 t_client.py:208 Sent observation #84 | 
DEBUG 2026-06-07 23:14:58 t_client.py:418 QUEUE SIZE: 21 (Must go: False)
DEBUG 2026-06-07 23:14:58 t_client.py:461 Control loop (ms): 17.67
DEBUG 2026-06-07 23:14:58 t_client.py:461 Control loop (ms): 0.54
DEBUG 2026-06-07 23:14:58 t_client.py:461 Control loop (ms): 1.29
DEBUG 2026-06-07 23:14:58 t_client.py:461 Control loop (ms): 0.36
DEBUG 2026-06-07 23:14:58 t_client.py:461 Control loop (ms): 4.24
DEBUG 2026-06-07 23:14:58 t_client.py:461 Control loop (ms): 1.98
DEBUG 2026-06-07 23:14:58 t_client.py:461 Control loop (ms): 0.29
DEBUG 2026-06-07 23:14:58 t_client.py:461 Control loop (ms): 0.31
DEBUG 2026-06-07 23:14:58 t_client.py:461 Control loop (ms): 9.66
DEBUG 2026-06-07 23:14:58 t_client.py:461 Control loop (ms): 0.38
DEBUG 2026-06-07 23:14:58 t_client.py:461 Control loop (ms): 2.10
DEBUG 2026-06-07 23:14:58 t_client.py:461 Control loop (ms): 0.77
DEBUG 2026-06-07 23:14:58 t_client.py:461 Control loop (ms): 0.25
DEBUG 2026-06-07 23:14:58 t_client.py:461 Control loop (ms): 0.26
DEBUG 2026-06-07 23:14:58 t_client.py:461 Control loop (ms): 0.26
DEBUG 2026-06-07 23:14:58 t_client.py:461 Control loop (ms): 0.25
DEBUG 2026-06-07 23:14:58 t_client.py:461 Control loop (ms): 0.25
DEBUG 2026-06-07 23:14:58 t_client.py:461 Control loop (ms): 0.32
DEBUG 2026-06-07 23:14:58 t_client.py:461 Control loop (ms): 0.20
DEBUG 2026-06-07 23:14:58 t_client.py:461 Control loop (ms): 0.35
DEBUG 2026-06-07 23:14:58 t_client.py:461 Control loop (ms): 0.39
DEBUG 2026-06-07 23:14:58 t_client.py:461 Control loop (ms): 0.20
DEBUG 2026-06-07 23:14:58 t_client.py:461 Control loop (ms): 0.19
DEBUG 2026-06-07 23:14:58 t_client.py:461 Control loop (ms): 0.19
DEBUG 2026-06-07 23:14:58 t_client.py:461 Control loop (ms): 0.20
DEBUG 2026-06-07 23:14:58 t_client.py:461 Control loop (ms): 0.33
DEBUG 2026-06-07 23:14:58 t_client.py:461 Control loop (ms): 0.32
DEBUG 2026-06-07 23:14:58 t_client.py:461 Control loop (ms): 0.28
DEBUG 2026-06-07 23:14:58 t_client.py:461 Control loop (ms): 0.21
DEBUG 2026-06-07 23:14:58 t_client.py:461 Control loop (ms): 0.20
DEBUG 2026-06-07 23:14:58 t_client.py:461 Control loop (ms): 0.19
DEBUG 2026-06-07 23:14:58 t_client.py:461 Control loop (ms): 0.27
DEBUG 2026-06-07 23:14:58 t_client.py:461 Control loop (ms): 0.34
DEBUG 2026-06-07 23:14:58 t_client.py:461 Control loop (ms): 0.20
DEBUG 2026-06-07 23:14:58 t_client.py:461 Control loop (ms): 0.35
DEBUG 2026-06-07 23:14:58 t_client.py:461 Control loop (ms): 0.19
DEBUG 2026-06-07 23:14:58 t_client.py:461 Control loop (ms): 0.21
DEBUG 2026-06-07 23:14:58 t_client.py:461 Control loop (ms): 0.18
DEBUG 2026-06-07 23:14:58 t_client.py:461 Control loop (ms): 0.75
DEBUG 2026-06-07 23:14:58 t_client.py:461 Control loop (ms): 0.29
DEBUG 2026-06-07 23:14:58 t_client.py:197 Observation serialization time: 0.002692s
DEBUG 2026-06-07 23:14:58 ort/utils.py:50 [CLIENT] Observation Buffer size 0.879420280456543 MB with
DEBUG 2026-06-07 23:14:58 ort/utils.py:65 [CLIENT] Observation Sent 922139/922139 bytes with state 3
DEBUG 2026-06-07 23:14:58 ort/utils.py:67 [CLIENT] Observation Published 0.879420280456543 MB
DEBUG 2026-06-07 23:14:58 t_client.py:208 Sent observation #105 | 
DEBUG 2026-06-07 23:14:58 t_client.py:418 QUEUE SIZE: 25 (Must go: False)
DEBUG 2026-06-07 23:14:58 t_client.py:461 Control loop (ms): 4.82
DEBUG 2026-06-07 23:14:58 t_client.py:197 Observation serialization time: 0.002077s
DEBUG 2026-06-07 23:14:58 ort/utils.py:50 [CLIENT] Observation Buffer size 0.879420280456543 MB with
DEBUG 2026-06-07 23:14:58 ort/utils.py:65 [CLIENT] Observation Sent 922139/922139 bytes with state 3
DEBUG 2026-06-07 23:14:58 ort/utils.py:67 [CLIENT] Observation Published 0.879420280456543 MB
DEBUG 2026-06-07 23:14:58 t_client.py:461 Control loop (ms): 6.14
DEBUG 2026-06-07 23:14:58 t_client.py:208 Sent observation #106 | 
DEBUG 2026-06-07 23:14:58 t_client.py:461 Control loop (ms): 0.26
DEBUG 2026-06-07 23:14:58 t_client.py:418 QUEUE SIZE: 24 (Must go: False)
DEBUG 2026-06-07 23:14:58 t_client.py:461 Control loop (ms): 19.84
DEBUG 2026-06-07 23:14:58 t_client.py:197 Observation serialization time: 0.002339s
DEBUG 2026-06-07 23:14:58 t_client.py:461 Control loop (ms): 0.41
DEBUG 2026-06-07 23:14:58 ort/utils.py:50 [CLIENT] Observation Buffer size 0.879420280456543 MB with
DEBUG 2026-06-07 23:14:58 ort/utils.py:65 [CLIENT] Observation Sent 922139/922139 bytes with state 3
DEBUG 2026-06-07 23:14:58 ort/utils.py:67 [CLIENT] Observation Published 0.879420280456543 MB
DEBUG 2026-06-07 23:14:58 t_client.py:208 Sent observation #107 | 
DEBUG 2026-06-07 23:14:58 t_client.py:418 QUEUE SIZE: 23 (Must go: False)
DEBUG 2026-06-07 23:14:58 t_client.py:461 Control loop (ms): 4.59
DEBUG 2026-06-07 23:14:58 t_client.py:461 Control loop (ms): 0.24
DEBUG 2026-06-07 23:14:58 t_client.py:197 Observation serialization time: 0.006311s
DEBUG 2026-06-07 23:14:58 ort/utils.py:50 [CLIENT] Observation Buffer size 0.8794260025024414 MB with
DEBUG 2026-06-07 23:14:58 t_client.py:461 Control loop (ms): 0.25
DEBUG 2026-06-07 23:14:58 ort/utils.py:65 [CLIENT] Observation Sent 922145/922145 bytes with state 3
DEBUG 2026-06-07 23:14:58 ort/utils.py:67 [CLIENT] Observation Published 0.8794260025024414 MB
DEBUG 2026-06-07 23:14:58 t_client.py:208 Sent observation #108 | 
DEBUG 2026-06-07 23:14:58 t_client.py:418 QUEUE SIZE: 25 (Must go: False)
DEBUG 2026-06-07 23:14:58 t_client.py:461 Control loop (ms): 8.30
DEBUG 2026-06-07 23:14:58 t_client.py:197 Observation serialization time: 0.002661s
DEBUG 2026-06-07 23:14:58 ort/utils.py:50 [CLIENT] Observation Buffer size 0.8794260025024414 MB with
DEBUG 2026-06-07 23:14:58 ort/utils.py:65 [CLIENT] Observation Sent 922145/922145 bytes with state 3
DEBUG 2026-06-07 23:14:58 ort/utils.py:67 [CLIENT] Observation Published 0.8794260025024414 MB
DEBUG 2026-06-07 23:14:58 t_client.py:208 Sent observation #109 | 
DEBUG 2026-06-07 23:14:58 t_client.py:418 QUEUE SIZE: 24 (Must go: False)
DEBUG 2026-06-07 23:14:58 t_client.py:461 Control loop (ms): 5.50
DEBUG 2026-06-07 23:14:58 t_client.py:461 Control loop (ms): 0.30
DEBUG 2026-06-07 23:14:58 t_client.py:197 Observation serialization time: 0.001911s
DEBUG 2026-06-07 23:14:58 ort/utils.py:50 [CLIENT] Observation Buffer size 0.8794260025024414 MB with
DEBUG 2026-06-07 23:14:58 t_client.py:461 Control loop (ms): 0.24
DEBUG 2026-06-07 23:14:58 ort/utils.py:65 [CLIENT] Observation Sent 922145/922145 bytes with state 3
DEBUG 2026-06-07 23:14:58 ort/utils.py:67 [CLIENT] Observation Published 0.8794260025024414 MB
DEBUG 2026-06-07 23:14:58 t_client.py:208 Sent observation #110 | 
DEBUG 2026-06-07 23:14:58 t_client.py:418 QUEUE SIZE: 23 (Must go: False)
DEBUG 2026-06-07 23:14:58 t_client.py:461 Control loop (ms): 16.10
DEBUG 2026-06-07 23:14:58 t_client.py:461 Control loop (ms): 0.25
DEBUG 2026-06-07 23:14:58 t_client.py:461 Control loop (ms): 2.84
DEBUG 2026-06-07 23:14:58 t_client.py:461 Control loop (ms): 0.23
DEBUG 2026-06-07 23:14:58 t_client.py:461 Control loop (ms): 0.26
DEBUG 2026-06-07 23:14:58 t_client.py:461 Control loop (ms): 0.21
DEBUG 2026-06-07 23:14:58 t_client.py:461 Control loop (ms): 0.21
DEBUG 2026-06-07 23:14:58 t_client.py:461 Control loop (ms): 0.21
DEBUG 2026-06-07 23:14:58 t_client.py:461 Control loop (ms): 0.20
DEBUG 2026-06-07 23:14:58 t_client.py:461 Control loop (ms): 0.28
DEBUG 2026-06-07 23:14:58 t_client.py:461 Control loop (ms): 0.27
DEBUG 2026-06-07 23:14:58 t_client.py:461 Control loop (ms): 0.26
DEBUG 2026-06-07 23:14:58 t_client.py:461 Control loop (ms): 0.26
DEBUG 2026-06-07 23:14:58 t_client.py:461 Control loop (ms): 0.21
DEBUG 2026-06-07 23:14:58 t_client.py:461 Control loop (ms): 0.21
DEBUG 2026-06-07 23:14:58 t_client.py:461 Control loop (ms): 0.37
DEBUG 2026-06-07 23:14:58 t_client.py:461 Control loop (ms): 0.24
DEBUG 2026-06-07 23:14:58 t_client.py:461 Control loop (ms): 0.25
DEBUG 2026-06-07 23:14:58 t_client.py:461 Control loop (ms): 0.21
DEBUG 2026-06-07 23:14:58 t_client.py:461 Control loop (ms): 0.19
DEBUG 2026-06-07 23:14:58 t_client.py:461 Control loop (ms): 0.19
DEBUG 2026-06-07 23:14:58 t_client.py:461 Control loop (ms): 0.18
DEBUG 2026-06-07 23:14:58 t_client.py:461 Control loop (ms): 0.20
DEBUG 2026-06-07 23:14:58 t_client.py:461 Control loop (ms): 0.19
DEBUG 2026-06-07 23:14:58 t_client.py:461 Control loop (ms): 0.23
DEBUG 2026-06-07 23:14:58 t_client.py:461 Control loop (ms): 0.32
DEBUG 2026-06-07 23:14:58 t_client.py:461 Control loop (ms): 0.20
DEBUG 2026-06-07 23:14:58 t_client.py:461 Control loop (ms): 0.18
DEBUG 2026-06-07 23:14:58 t_client.py:461 Control loop (ms): 0.38
DEBUG 2026-06-07 23:14:58 t_client.py:461 Control loop (ms): 0.23
DEBUG 2026-06-07 23:14:58 t_client.py:461 Control loop (ms): 0.21
DEBUG 2026-06-07 23:14:58 t_client.py:461 Control loop (ms): 0.19
DEBUG 2026-06-07 23:14:58 t_client.py:461 Control loop (ms): 0.19
DEBUG 2026-06-07 23:14:58 t_client.py:461 Control loop (ms): 0.21
DEBUG 2026-06-07 23:14:58 t_client.py:461 Control loop (ms): 0.20
DEBUG 2026-06-07 23:14:58 t_client.py:461 Control loop (ms): 0.22
DEBUG 2026-06-07 23:14:58 t_client.py:197 Observation serialization time: 0.002086s
DEBUG 2026-06-07 23:14:58 ort/utils.py:50 [CLIENT] Observation Buffer size 0.879420280456543 MB with
DEBUG 2026-06-07 23:14:58 ort/utils.py:65 [CLIENT] Observation Sent 922139/922139 bytes with state 3
DEBUG 2026-06-07 23:14:58 ort/utils.py:67 [CLIENT] Observation Published 0.879420280456543 MB
DEBUG 2026-06-07 23:14:58 t_client.py:208 Sent observation #129 | 
DEBUG 2026-06-07 23:14:58 t_client.py:418 QUEUE SIZE: 25 (Must go: False)
DEBUG 2026-06-07 23:14:58 t_client.py:461 Control loop (ms): 4.30
DEBUG 2026-06-07 23:14:58 t_client.py:461 Control loop (ms): 0.25
DEBUG 2026-06-07 23:14:58 t_client.py:197 Observation serialization time: 0.001888s
DEBUG 2026-06-07 23:14:58 ort/utils.py:50 [CLIENT] Observation Buffer size 0.879420280456543 MB with
DEBUG 2026-06-07 23:14:58 ort/utils.py:65 [CLIENT] Observation Sent 922139/922139 bytes with state 3
DEBUG 2026-06-07 23:14:58 ort/utils.py:67 [CLIENT] Observation Published 0.879420280456543 MB
DEBUG 2026-06-07 23:14:58 t_client.py:208 Sent observation #130 | 
DEBUG 2026-06-07 23:14:58 t_client.py:418 QUEUE SIZE: 24 (Must go: False)
DEBUG 2026-06-07 23:14:58 t_client.py:461 Control loop (ms): 9.13
DEBUG 2026-06-07 23:14:58 t_client.py:461 Control loop (ms): 0.25
DEBUG 2026-06-07 23:14:58 t_client.py:461 Control loop (ms): 0.47
DEBUG 2026-06-07 23:14:58 t_client.py:461 Control loop (ms): 0.54
DEBUG 2026-06-07 23:14:58 t_client.py:461 Control loop (ms): 0.28
DEBUG 2026-06-07 23:14:58 t_client.py:461 Control loop (ms): 0.36
DEBUG 2026-06-07 23:14:58 t_client.py:197 Observation serialization time: 0.001816s
DEBUG 2026-06-07 23:14:58 ort/utils.py:50 [CLIENT] Observation Buffer size 0.8794260025024414 MB with
DEBUG 2026-06-07 23:14:58 ort/utils.py:65 [CLIENT] Observation Sent 922145/922145 bytes with state 3
DEBUG 2026-06-07 23:14:58 ort/utils.py:67 [CLIENT] Observation Published 0.8794260025024414 MB
DEBUG 2026-06-07 23:14:58 t_client.py:208 Sent observation #132 | 
DEBUG 2026-06-07 23:14:58 t_client.py:418 QUEUE SIZE: 25 (Must go: False)
DEBUG 2026-06-07 23:14:58 t_client.py:461 Control loop (ms): 4.10
DEBUG 2026-06-07 23:14:58 t_client.py:461 Control loop (ms): 0.23
DEBUG 2026-06-07 23:14:58 t_client.py:197 Observation serialization time: 0.001934s
DEBUG 2026-06-07 23:14:58 ort/utils.py:50 [CLIENT] Observation Buffer size 0.8794260025024414 MB with
DEBUG 2026-06-07 23:14:58 ort/utils.py:65 [CLIENT] Observation Sent 922145/922145 bytes with state 3
DEBUG 2026-06-07 23:14:58 ort/utils.py:67 [CLIENT] Observation Published 0.8794260025024414 MB
DEBUG 2026-06-07 23:14:58 t_client.py:208 Sent observation #133 | 
DEBUG 2026-06-07 23:14:58 t_client.py:418 QUEUE SIZE: 24 (Must go: False)
DEBUG 2026-06-07 23:14:58 t_client.py:461 Control loop (ms): 5.95
DEBUG 2026-06-07 23:14:58 t_client.py:461 Control loop (ms): 0.26
DEBUG 2026-06-07 23:14:58 t_client.py:461 Control loop (ms): 0.26
DEBUG 2026-06-07 23:14:58 t_client.py:197 Observation serialization time: 0.003721s
DEBUG 2026-06-07 23:14:58 ort/utils.py:50 [CLIENT] Observation Buffer size 0.8794260025024414 MB with
DEBUG 2026-06-07 23:14:58 t_client.py:461 Control loop (ms): 0.25
DEBUG 2026-06-07 23:14:58 ort/utils.py:65 [CLIENT] Observation Sent 922145/922145 bytes with state 3
DEBUG 2026-06-07 23:14:58 ort/utils.py:67 [CLIENT] Observation Published 0.8794260025024414 MB
DEBUG 2026-06-07 23:14:58 t_client.py:208 Sent observation #134 | 
DEBUG 2026-06-07 23:14:58 t_client.py:418 QUEUE SIZE: 23 (Must go: False)
DEBUG 2026-06-07 23:14:58 t_client.py:461 Control loop (ms): 19.88
DEBUG 2026-06-07 23:14:58 t_client.py:197 Observation serialization time: 0.001975s
DEBUG 2026-06-07 23:14:58 ort/utils.py:50 [CLIENT] Observation Buffer size 0.8794260025024414 MB with
DEBUG 2026-06-07 23:14:58 ort/utils.py:65 [CLIENT] Observation Sent 922145/922145 bytes with state 3
DEBUG 2026-06-07 23:14:58 ort/utils.py:67 [CLIENT] Observation Published 0.8794260025024414 MB
DEBUG 2026-06-07 23:14:58 t_client.py:208 Sent observation #135 | 
DEBUG 2026-06-07 23:14:58 t_client.py:418 QUEUE SIZE: 22 (Must go: False)
DEBUG 2026-06-07 23:14:58 t_client.py:461 Control loop (ms): 3.84
DEBUG 2026-06-07 23:14:58 t_client.py:461 Control loop (ms): 0.34
DEBUG 2026-06-07 23:14:58 t_client.py:461 Control loop (ms): 0.33
DEBUG 2026-06-07 23:14:58 t_client.py:461 Control loop (ms): 0.27
DEBUG 2026-06-07 23:14:58 t_client.py:461 Control loop (ms): 0.26
DEBUG 2026-06-07 23:14:58 t_client.py:461 Control loop (ms): 0.24
DEBUG 2026-06-07 23:14:58 t_client.py:461 Control loop (ms): 0.22
DEBUG 2026-06-07 23:14:58 t_client.py:461 Control loop (ms): 0.21
DEBUG 2026-06-07 23:14:58 t_client.py:461 Control loop (ms): 0.23
