INFO 2026-06-07 23:00:23 t_client.py:113 Initializing client to connect to server at 127.0.0.1:8080
INFO 2026-06-07 23:00:23 t_client.py:132 Robot connected and ready
DEBUG 2026-06-07 23:00:23 t_client.py:149 Connected to policy server in 0.0011s
INFO 2026-06-07 23:00:23 t_client.py:155 Sending policy instructions to policy server
DEBUG 2026-06-07 23:00:23 t_client.py:156 Policy type: act | Pretrained name or path: /home/ubuntu/techin517/outputs/train/pick_up_right_scissors/checkpoints/100000/pretrained_model | Device: cuda
INFO 2026-06-07 23:00:24 t_client.py:446 Control loop thread starting
DEBUG 2026-06-07 23:00:24 t_client.py:197 Observation serialization time: 0.004185s
INFO 2026-06-07 23:00:24 t_client.py:272 Action receiving thread starting
DEBUG 2026-06-07 23:00:24 ort/utils.py:50 [CLIENT] Observation Buffer size 0.8794260025024414 MB with
DEBUG 2026-06-07 23:00:24 ort/utils.py:65 [CLIENT] Observation Sent 922145/922145 bytes with state 3
DEBUG 2026-06-07 23:00:24 ort/utils.py:67 [CLIENT] Observation Published 0.8794260025024414 MB
ERROR 2026-06-07 23:00:24 t_client.py:213 Error sending observation #0: <_InactiveRpcError of RPC that terminated with:
	status = StatusCode.UNAVAILABLE
	details = "recvmsg:Connection reset by peer"
	debug_error_string = "UNKNOWN:Error received from peer  {grpc_message:"recvmsg:Connection reset by peer", grpc_status:14}"
>
DEBUG 2026-06-07 23:00:24 t_client.py:418 QUEUE SIZE: 0 (Must go: True)
DEBUG 2026-06-07 23:00:24 t_client.py:461 Control loop (ms): 690.93
DEBUG 2026-06-07 23:00:24 t_client.py:197 Observation serialization time: 0.002504s
DEBUG 2026-06-07 23:00:24 ort/utils.py:50 [CLIENT] Observation Buffer size 0.8794260025024414 MB with
DEBUG 2026-06-07 23:00:24 ort/utils.py:65 [CLIENT] Observation Sent 922145/922145 bytes with state 3
DEBUG 2026-06-07 23:00:24 ort/utils.py:67 [CLIENT] Observation Published 0.8794260025024414 MB
