INFO 2026-06-07 00:08:02 t_client.py:113 Initializing client to connect to server at 127.0.0.1:8081
INFO 2026-06-07 00:08:02 t_client.py:132 Robot connected and ready
DEBUG 2026-06-07 00:08:02 t_client.py:149 Connected to policy server in 0.0011s
INFO 2026-06-07 00:08:02 t_client.py:155 Sending policy instructions to policy server
DEBUG 2026-06-07 00:08:02 t_client.py:156 Policy type: act | Pretrained name or path: /home/ubuntu/techin517/outputs/train/pick_up_left_pen/checkpoints/100000/pretrained_model | Device: cuda
INFO 2026-06-07 00:08:03 t_client.py:446 Control loop thread starting
DEBUG 2026-06-07 00:08:03 t_client.py:197 Observation serialization time: 0.001855s
INFO 2026-06-07 00:08:03 t_client.py:272 Action receiving thread starting
DEBUG 2026-06-07 00:08:03 ort/utils.py:50 [CLIENT] Observation Buffer size 0.879420280456543 MB with
DEBUG 2026-06-07 00:08:03 ort/utils.py:65 [CLIENT] Observation Sent 922139/922139 bytes with state 3
DEBUG 2026-06-07 00:08:03 ort/utils.py:67 [CLIENT] Observation Published 0.879420280456543 MB
DEBUG 2026-06-07 00:08:03 t_client.py:208 Sent observation #0 | 
DEBUG 2026-06-07 00:08:03 t_client.py:418 QUEUE SIZE: 0 (Must go: True)
DEBUG 2026-06-07 00:08:03 t_client.py:461 Control loop (ms): 4.21
DEBUG 2026-06-07 00:08:03 t_client.py:197 Observation serialization time: 0.003824s
DEBUG 2026-06-07 00:08:03 ort/utils.py:50 [CLIENT] Observation Buffer size 0.879420280456543 MB with
DEBUG 2026-06-07 00:08:03 ort/utils.py:65 [CLIENT] Observation Sent 922139/922139 bytes with state 3
DEBUG 2026-06-07 00:08:03 ort/utils.py:67 [CLIENT] Observation Published 0.879420280456543 MB
DEBUG 2026-06-07 00:08:03 t_client.py:208 Sent observation #0 | 
DEBUG 2026-06-07 00:08:03 t_client.py:418 QUEUE SIZE: 0 (Must go: False)
DEBUG 2026-06-07 00:08:03 t_client.py:461 Control loop (ms): 6.30
DEBUG 2026-06-07 00:08:03 t_client.py:197 Observation serialization time: 0.002750s
DEBUG 2026-06-07 00:08:03 ort/utils.py:50 [CLIENT] Observation Buffer size 0.879420280456543 MB with
DEBUG 2026-06-07 00:08:03 ort/utils.py:65 [CLIENT] Observation Sent 922139/922139 bytes with state 3
DEBUG 2026-06-07 00:08:03 ort/utils.py:67 [CLIENT] Observation Published 0.879420280456543 MB
DEBUG 2026-06-07 00:08:03 t_client.py:208 Sent observation #0 | 
DEBUG 2026-06-07 00:08:03 t_client.py:418 QUEUE SIZE: 0 (Must go: False)
DEBUG 2026-06-07 00:08:03 t_client.py:461 Control loop (ms): 6.41
DEBUG 2026-06-07 00:08:03 t_client.py:197 Observation serialization time: 0.002286s
DEBUG 2026-06-07 00:08:03 ort/utils.py:50 [CLIENT] Observation Buffer size 0.879420280456543 MB with
DEBUG 2026-06-07 00:08:03 ort/utils.py:65 [CLIENT] Observation Sent 922139/922139 bytes with state 3
DEBUG 2026-06-07 00:08:03 ort/utils.py:67 [CLIENT] Observation Published 0.879420280456543 MB
DEBUG 2026-06-07 00:08:03 t_client.py:208 Sent observation #0 | 
DEBUG 2026-06-07 00:08:03 t_client.py:418 QUEUE SIZE: 0 (Must go: False)
DEBUG 2026-06-07 00:08:03 t_client.py:461 Control loop (ms): 3.38
DEBUG 2026-06-07 00:08:03 t_client.py:197 Observation serialization time: 0.002294s
DEBUG 2026-06-07 00:08:03 ort/utils.py:50 [CLIENT] Observation Buffer size 0.879420280456543 MB with
DEBUG 2026-06-07 00:08:03 ort/utils.py:65 [CLIENT] Observation Sent 922139/922139 bytes with state 3
DEBUG 2026-06-07 00:08:03 ort/utils.py:67 [CLIENT] Observation Published 0.879420280456543 MB
DEBUG 2026-06-07 00:08:03 t_client.py:208 Sent observation #0 | 
DEBUG 2026-06-07 00:08:03 t_client.py:418 QUEUE SIZE: 0 (Must go: False)
DEBUG 2026-06-07 00:08:03 t_client.py:461 Control loop (ms): 6.05
DEBUG 2026-06-07 00:08:03 t_client.py:197 Observation serialization time: 0.001877s
DEBUG 2026-06-07 00:08:03 ort/utils.py:50 [CLIENT] Observation Buffer size 0.879420280456543 MB with
DEBUG 2026-06-07 00:08:03 ort/utils.py:65 [CLIENT] Observation Sent 922139/922139 bytes with state 3
DEBUG 2026-06-07 00:08:03 ort/utils.py:67 [CLIENT] Observation Published 0.879420280456543 MB
DEBUG 2026-06-07 00:08:03 t_client.py:208 Sent observation #0 | 
DEBUG 2026-06-07 00:08:03 t_client.py:418 QUEUE SIZE: 0 (Must go: False)
DEBUG 2026-06-07 00:08:03 t_client.py:461 Control loop (ms): 3.42
DEBUG 2026-06-07 00:08:03 t_client.py:197 Observation serialization time: 0.005549s
DEBUG 2026-06-07 00:08:03 ort/utils.py:50 [CLIENT] Observation Buffer size 0.879420280456543 MB with
DEBUG 2026-06-07 00:08:03 ort/utils.py:65 [CLIENT] Observation Sent 922139/922139 bytes with state 3
DEBUG 2026-06-07 00:08:03 ort/utils.py:67 [CLIENT] Observation Published 0.879420280456543 MB
DEBUG 2026-06-07 00:08:03 t_client.py:208 Sent observation #0 | 
DEBUG 2026-06-07 00:08:03 t_client.py:418 QUEUE SIZE: 0 (Must go: False)
DEBUG 2026-06-07 00:08:03 t_client.py:461 Control loop (ms): 8.01
DEBUG 2026-06-07 00:08:03 t_client.py:197 Observation serialization time: 0.002093s
DEBUG 2026-06-07 00:08:03 ort/utils.py:50 [CLIENT] Observation Buffer size 0.879420280456543 MB with
DEBUG 2026-06-07 00:08:03 ort/utils.py:65 [CLIENT] Observation Sent 922139/922139 bytes with state 3
DEBUG 2026-06-07 00:08:03 ort/utils.py:67 [CLIENT] Observation Published 0.879420280456543 MB
DEBUG 2026-06-07 00:08:03 t_client.py:208 Sent observation #0 | 
DEBUG 2026-06-07 00:08:03 t_client.py:418 QUEUE SIZE: 0 (Must go: False)
DEBUG 2026-06-07 00:08:03 t_client.py:461 Control loop (ms): 3.41
DEBUG 2026-06-07 00:08:03 t_client.py:197 Observation serialization time: 0.002213s
DEBUG 2026-06-07 00:08:03 ort/utils.py:50 [CLIENT] Observation Buffer size 0.879420280456543 MB with
DEBUG 2026-06-07 00:08:03 ort/utils.py:65 [CLIENT] Observation Sent 922139/922139 bytes with state 3
DEBUG 2026-06-07 00:08:03 ort/utils.py:67 [CLIENT] Observation Published 0.879420280456543 MB
DEBUG 2026-06-07 00:08:03 t_client.py:208 Sent observation #0 | 
DEBUG 2026-06-07 00:08:03 t_client.py:418 QUEUE SIZE: 0 (Must go: False)
DEBUG 2026-06-07 00:08:03 t_client.py:461 Control loop (ms): 4.18
DEBUG 2026-06-07 00:08:03 t_client.py:197 Observation serialization time: 0.002351s
DEBUG 2026-06-07 00:08:03 ort/utils.py:50 [CLIENT] Observation Buffer size 0.879420280456543 MB with
DEBUG 2026-06-07 00:08:03 ort/utils.py:65 [CLIENT] Observation Sent 922139/922139 bytes with state 3
DEBUG 2026-06-07 00:08:03 ort/utils.py:67 [CLIENT] Observation Published 0.879420280456543 MB
DEBUG 2026-06-07 00:08:03 t_client.py:208 Sent observation #0 | 
DEBUG 2026-06-07 00:08:03 t_client.py:418 QUEUE SIZE: 0 (Must go: False)
DEBUG 2026-06-07 00:08:03 t_client.py:461 Control loop (ms): 4.20
DEBUG 2026-06-07 00:08:03 t_client.py:197 Observation serialization time: 0.002494s
DEBUG 2026-06-07 00:08:03 ort/utils.py:50 [CLIENT] Observation Buffer size 0.879420280456543 MB with
DEBUG 2026-06-07 00:08:03 ort/utils.py:65 [CLIENT] Observation Sent 922139/922139 bytes with state 3
DEBUG 2026-06-07 00:08:03 ort/utils.py:67 [CLIENT] Observation Published 0.879420280456543 MB
DEBUG 2026-06-07 00:08:03 t_client.py:208 Sent observation #0 | 
DEBUG 2026-06-07 00:08:03 t_client.py:418 QUEUE SIZE: 0 (Must go: False)
DEBUG 2026-06-07 00:08:03 t_client.py:461 Control loop (ms): 3.62
DEBUG 2026-06-07 00:08:03 t_client.py:197 Observation serialization time: 0.003046s
DEBUG 2026-06-07 00:08:03 ort/utils.py:50 [CLIENT] Observation Buffer size 0.879420280456543 MB with
DEBUG 2026-06-07 00:08:03 ort/utils.py:65 [CLIENT] Observation Sent 922139/922139 bytes with state 3
DEBUG 2026-06-07 00:08:03 ort/utils.py:67 [CLIENT] Observation Published 0.879420280456543 MB
DEBUG 2026-06-07 00:08:03 t_client.py:208 Sent observation #0 | 
DEBUG 2026-06-07 00:08:03 t_client.py:418 QUEUE SIZE: 0 (Must go: False)
DEBUG 2026-06-07 00:08:03 t_client.py:461 Control loop (ms): 4.82
DEBUG 2026-06-07 00:08:03 t_client.py:197 Observation serialization time: 0.001973s
DEBUG 2026-06-07 00:08:03 ort/utils.py:50 [CLIENT] Observation Buffer size 0.879420280456543 MB with
DEBUG 2026-06-07 00:08:03 ort/utils.py:65 [CLIENT] Observation Sent 922139/922139 bytes with state 3
DEBUG 2026-06-07 00:08:03 ort/utils.py:67 [CLIENT] Observation Published 0.879420280456543 MB
DEBUG 2026-06-07 00:08:03 t_client.py:208 Sent observation #0 | 
DEBUG 2026-06-07 00:08:03 t_client.py:418 QUEUE SIZE: 0 (Must go: False)
DEBUG 2026-06-07 00:08:03 t_client.py:461 Control loop (ms): 3.87
DEBUG 2026-06-07 00:08:03 t_client.py:197 Observation serialization time: 0.001896s
DEBUG 2026-06-07 00:08:03 ort/utils.py:50 [CLIENT] Observation Buffer size 0.879420280456543 MB with
DEBUG 2026-06-07 00:08:03 ort/utils.py:65 [CLIENT] Observation Sent 922139/922139 bytes with state 3
DEBUG 2026-06-07 00:08:03 ort/utils.py:67 [CLIENT] Observation Published 0.879420280456543 MB
DEBUG 2026-06-07 00:08:03 t_client.py:208 Sent observation #0 | 
DEBUG 2026-06-07 00:08:03 t_client.py:418 QUEUE SIZE: 0 (Must go: False)
DEBUG 2026-06-07 00:08:03 t_client.py:461 Control loop (ms): 3.14
DEBUG 2026-06-07 00:08:03 t_client.py:197 Observation serialization time: 0.005207s
DEBUG 2026-06-07 00:08:03 ort/utils.py:50 [CLIENT] Observation Buffer size 0.879420280456543 MB with
DEBUG 2026-06-07 00:08:03 ort/utils.py:65 [CLIENT] Observation Sent 922139/922139 bytes with state 3
DEBUG 2026-06-07 00:08:03 ort/utils.py:67 [CLIENT] Observation Published 0.879420280456543 MB
DEBUG 2026-06-07 00:08:03 t_client.py:208 Sent observation #0 | 
DEBUG 2026-06-07 00:08:03 t_client.py:418 QUEUE SIZE: 0 (Must go: False)
DEBUG 2026-06-07 00:08:03 t_client.py:461 Control loop (ms): 9.45
DEBUG 2026-06-07 00:08:03 t_client.py:197 Observation serialization time: 0.003737s
DEBUG 2026-06-07 00:08:03 ort/utils.py:50 [CLIENT] Observation Buffer size 0.879420280456543 MB with
DEBUG 2026-06-07 00:08:03 ort/utils.py:65 [CLIENT] Observation Sent 922139/922139 bytes with state 3
DEBUG 2026-06-07 00:08:03 ort/utils.py:67 [CLIENT] Observation Published 0.879420280456543 MB
DEBUG 2026-06-07 00:08:03 t_client.py:208 Sent observation #0 | 
DEBUG 2026-06-07 00:08:03 t_client.py:418 QUEUE SIZE: 0 (Must go: False)
DEBUG 2026-06-07 00:08:03 t_client.py:461 Control loop (ms): 5.42
DEBUG 2026-06-07 00:08:03 t_client.py:197 Observation serialization time: 0.003552s
DEBUG 2026-06-07 00:08:03 ort/utils.py:50 [CLIENT] Observation Buffer size 0.879420280456543 MB with
DEBUG 2026-06-07 00:08:03 ort/utils.py:65 [CLIENT] Observation Sent 922139/922139 bytes with state 3
DEBUG 2026-06-07 00:08:03 ort/utils.py:67 [CLIENT] Observation Published 0.879420280456543 MB
DEBUG 2026-06-07 00:08:03 t_client.py:208 Sent observation #0 | 
DEBUG 2026-06-07 00:08:03 t_client.py:418 QUEUE SIZE: 0 (Must go: False)
DEBUG 2026-06-07 00:08:03 t_client.py:461 Control loop (ms): 4.96
DEBUG 2026-06-07 00:08:03 t_client.py:197 Observation serialization time: 0.001975s
DEBUG 2026-06-07 00:08:03 ort/utils.py:50 [CLIENT] Observation Buffer size 0.879420280456543 MB with
DEBUG 2026-06-07 00:08:03 ort/utils.py:65 [CLIENT] Observation Sent 922139/922139 bytes with state 3
DEBUG 2026-06-07 00:08:03 ort/utils.py:67 [CLIENT] Observation Published 0.879420280456543 MB
DEBUG 2026-06-07 00:08:03 t_client.py:208 Sent observation #0 | 
DEBUG 2026-06-07 00:08:03 t_client.py:418 QUEUE SIZE: 0 (Must go: False)
DEBUG 2026-06-07 00:08:03 t_client.py:461 Control loop (ms): 3.76
DEBUG 2026-06-07 00:08:03 t_client.py:197 Observation serialization time: 0.001949s
DEBUG 2026-06-07 00:08:03 ort/utils.py:50 [CLIENT] Observation Buffer size 0.879420280456543 MB with
DEBUG 2026-06-07 00:08:03 ort/utils.py:65 [CLIENT] Observation Sent 922139/922139 bytes with state 3
DEBUG 2026-06-07 00:08:03 ort/utils.py:67 [CLIENT] Observation Published 0.879420280456543 MB
DEBUG 2026-06-07 00:08:03 t_client.py:208 Sent observation #0 | 
DEBUG 2026-06-07 00:08:03 t_client.py:418 QUEUE SIZE: 0 (Must go: False)
DEBUG 2026-06-07 00:08:03 t_client.py:461 Control loop (ms): 3.75
DEBUG 2026-06-07 00:08:03 t_client.py:197 Observation serialization time: 0.003235s
DEBUG 2026-06-07 00:08:03 ort/utils.py:50 [CLIENT] Observation Buffer size 0.879420280456543 MB with
DEBUG 2026-06-07 00:08:03 ort/utils.py:65 [CLIENT] Observation Sent 922139/922139 bytes with state 3
DEBUG 2026-06-07 00:08:03 ort/utils.py:67 [CLIENT] Observation Published 0.879420280456543 MB
DEBUG 2026-06-07 00:08:03 t_client.py:208 Sent observation #0 | 
DEBUG 2026-06-07 00:08:03 t_client.py:418 QUEUE SIZE: 0 (Must go: False)
DEBUG 2026-06-07 00:08:03 t_client.py:461 Control loop (ms): 4.89
DEBUG 2026-06-07 00:08:03 t_client.py:197 Observation serialization time: 0.001894s
DEBUG 2026-06-07 00:08:03 ort/utils.py:50 [CLIENT] Observation Buffer size 0.879420280456543 MB with
DEBUG 2026-06-07 00:08:03 ort/utils.py:65 [CLIENT] Observation Sent 922139/922139 bytes with state 3
DEBUG 2026-06-07 00:08:03 ort/utils.py:67 [CLIENT] Observation Published 0.879420280456543 MB
DEBUG 2026-06-07 00:08:03 t_client.py:208 Sent observation #0 | 
DEBUG 2026-06-07 00:08:03 t_client.py:418 QUEUE SIZE: 0 (Must go: False)
DEBUG 2026-06-07 00:08:03 t_client.py:461 Control loop (ms): 3.14
DEBUG 2026-06-07 00:08:03 t_client.py:197 Observation serialization time: 0.003661s
DEBUG 2026-06-07 00:08:03 ort/utils.py:50 [CLIENT] Observation Buffer size 0.879420280456543 MB with
DEBUG 2026-06-07 00:08:03 ort/utils.py:65 [CLIENT] Observation Sent 922139/922139 bytes with state 3
DEBUG 2026-06-07 00:08:03 ort/utils.py:67 [CLIENT] Observation Published 0.879420280456543 MB
DEBUG 2026-06-07 00:08:03 t_client.py:208 Sent observation #0 | 
DEBUG 2026-06-07 00:08:03 t_client.py:418 QUEUE SIZE: 0 (Must go: False)
DEBUG 2026-06-07 00:08:03 t_client.py:461 Control loop (ms): 5.21
DEBUG 2026-06-07 00:08:03 t_client.py:197 Observation serialization time: 0.002145s
DEBUG 2026-06-07 00:08:03 ort/utils.py:50 [CLIENT] Observation Buffer size 0.879420280456543 MB with
DEBUG 2026-06-07 00:08:03 ort/utils.py:65 [CLIENT] Observation Sent 922139/922139 bytes with state 3
DEBUG 2026-06-07 00:08:03 ort/utils.py:67 [CLIENT] Observation Published 0.879420280456543 MB
DEBUG 2026-06-07 00:08:03 t_client.py:208 Sent observation #0 | 
DEBUG 2026-06-07 00:08:03 t_client.py:418 QUEUE SIZE: 0 (Must go: False)
DEBUG 2026-06-07 00:08:03 t_client.py:461 Control loop (ms): 4.29
DEBUG 2026-06-07 00:08:03 t_client.py:197 Observation serialization time: 0.001828s
DEBUG 2026-06-07 00:08:03 ort/utils.py:50 [CLIENT] Observation Buffer size 0.879420280456543 MB with
DEBUG 2026-06-07 00:08:03 ort/utils.py:65 [CLIENT] Observation Sent 922139/922139 bytes with state 3
DEBUG 2026-06-07 00:08:03 ort/utils.py:67 [CLIENT] Observation Published 0.879420280456543 MB
DEBUG 2026-06-07 00:08:03 t_client.py:208 Sent observation #0 | 
DEBUG 2026-06-07 00:08:03 t_client.py:418 QUEUE SIZE: 0 (Must go: False)
DEBUG 2026-06-07 00:08:03 t_client.py:461 Control loop (ms): 2.95
DEBUG 2026-06-07 00:08:03 t_client.py:197 Observation serialization time: 0.009422s
DEBUG 2026-06-07 00:08:03 ort/utils.py:50 [CLIENT] Observation Buffer size 0.879420280456543 MB with
DEBUG 2026-06-07 00:08:03 ort/utils.py:65 [CLIENT] Observation Sent 922139/922139 bytes with state 3
DEBUG 2026-06-07 00:08:03 ort/utils.py:67 [CLIENT] Observation Published 0.879420280456543 MB
DEBUG 2026-06-07 00:08:03 t_client.py:208 Sent observation #0 | 
DEBUG 2026-06-07 00:08:03 t_client.py:418 QUEUE SIZE: 0 (Must go: False)
DEBUG 2026-06-07 00:08:03 t_client.py:461 Control loop (ms): 11.80
DEBUG 2026-06-07 00:08:03 t_client.py:197 Observation serialization time: 0.001831s
DEBUG 2026-06-07 00:08:03 ort/utils.py:50 [CLIENT] Observation Buffer size 0.879420280456543 MB with
DEBUG 2026-06-07 00:08:03 ort/utils.py:65 [CLIENT] Observation Sent 922139/922139 bytes with state 3
DEBUG 2026-06-07 00:08:03 ort/utils.py:67 [CLIENT] Observation Published 0.879420280456543 MB
DEBUG 2026-06-07 00:08:03 t_client.py:208 Sent observation #0 | 
DEBUG 2026-06-07 00:08:03 t_client.py:418 QUEUE SIZE: 0 (Must go: False)
DEBUG 2026-06-07 00:08:03 t_client.py:461 Control loop (ms): 3.16
DEBUG 2026-06-07 00:08:03 t_client.py:197 Observation serialization time: 0.001859s
DEBUG 2026-06-07 00:08:03 ort/utils.py:50 [CLIENT] Observation Buffer size 0.879420280456543 MB with
DEBUG 2026-06-07 00:08:03 ort/utils.py:65 [CLIENT] Observation Sent 922139/922139 bytes with state 3
DEBUG 2026-06-07 00:08:03 ort/utils.py:67 [CLIENT] Observation Published 0.879420280456543 MB
DEBUG 2026-06-07 00:08:03 t_client.py:208 Sent observation #0 | 
DEBUG 2026-06-07 00:08:03 t_client.py:418 QUEUE SIZE: 0 (Must go: False)
DEBUG 2026-06-07 00:08:03 t_client.py:461 Control loop (ms): 3.37
DEBUG 2026-06-07 00:08:03 t_client.py:197 Observation serialization time: 0.001847s
DEBUG 2026-06-07 00:08:03 ort/utils.py:50 [CLIENT] Observation Buffer size 0.879420280456543 MB with
DEBUG 2026-06-07 00:08:03 ort/utils.py:65 [CLIENT] Observation Sent 922139/922139 bytes with state 3
DEBUG 2026-06-07 00:08:03 ort/utils.py:67 [CLIENT] Observation Published 0.879420280456543 MB
DEBUG 2026-06-07 00:08:03 t_client.py:208 Sent observation #0 | 
DEBUG 2026-06-07 00:08:03 t_client.py:418 QUEUE SIZE: 0 (Must go: False)
DEBUG 2026-06-07 00:08:03 t_client.py:461 Control loop (ms): 4.26
DEBUG 2026-06-07 00:08:03 t_client.py:197 Observation serialization time: 0.001704s
DEBUG 2026-06-07 00:08:03 ort/utils.py:50 [CLIENT] Observation Buffer size 0.879420280456543 MB with
DEBUG 2026-06-07 00:08:03 ort/utils.py:65 [CLIENT] Observation Sent 922139/922139 bytes with state 3
DEBUG 2026-06-07 00:08:03 ort/utils.py:67 [CLIENT] Observation Published 0.879420280456543 MB
DEBUG 2026-06-07 00:08:03 t_client.py:208 Sent observation #0 | 
DEBUG 2026-06-07 00:08:03 t_client.py:418 QUEUE SIZE: 0 (Must go: False)
DEBUG 2026-06-07 00:08:03 t_client.py:461 Control loop (ms): 121.80
DEBUG 2026-06-07 00:08:03 t_client.py:197 Observation serialization time: 0.002094s
DEBUG 2026-06-07 00:08:03 ort/utils.py:50 [CLIENT] Observation Buffer size 0.879420280456543 MB with
DEBUG 2026-06-07 00:08:03 ort/utils.py:65 [CLIENT] Observation Sent 922139/922139 bytes with state 3
DEBUG 2026-06-07 00:08:03 ort/utils.py:67 [CLIENT] Observation Published 0.879420280456543 MB
DEBUG 2026-06-07 00:08:03 t_client.py:208 Sent observation #0 | 
DEBUG 2026-06-07 00:08:03 t_client.py:418 QUEUE SIZE: 0 (Must go: False)
DEBUG 2026-06-07 00:08:03 t_client.py:461 Control loop (ms): 7.14
DEBUG 2026-06-07 00:08:03 t_client.py:461 Control loop (ms): 2.11
DEBUG 2026-06-07 00:08:03 t_client.py:461 Control loop (ms): 0.22
DEBUG 2026-06-07 00:08:03 t_client.py:461 Control loop (ms): 0.26
DEBUG 2026-06-07 00:08:03 t_client.py:461 Control loop (ms): 0.25
DEBUG 2026-06-07 00:08:03 t_client.py:461 Control loop (ms): 7.83
DEBUG 2026-06-07 00:08:03 t_client.py:461 Control loop (ms): 12.43
DEBUG 2026-06-07 00:08:03 t_client.py:461 Control loop (ms): 1.72
DEBUG 2026-06-07 00:08:03 t_client.py:461 Control loop (ms): 0.26
DEBUG 2026-06-07 00:08:03 t_client.py:461 Control loop (ms): 0.21
DEBUG 2026-06-07 00:08:03 t_client.py:461 Control loop (ms): 0.26
DEBUG 2026-06-07 00:08:03 t_client.py:461 Control loop (ms): 0.23
DEBUG 2026-06-07 00:08:03 t_client.py:461 Control loop (ms): 0.20
DEBUG 2026-06-07 00:08:03 t_client.py:461 Control loop (ms): 0.24
DEBUG 2026-06-07 00:08:03 t_client.py:461 Control loop (ms): 0.26
DEBUG 2026-06-07 00:08:03 t_client.py:461 Control loop (ms): 0.22
DEBUG 2026-06-07 00:08:03 t_client.py:461 Control loop (ms): 0.21
DEBUG 2026-06-07 00:08:03 t_client.py:461 Control loop (ms): 0.24
DEBUG 2026-06-07 00:08:03 t_client.py:461 Control loop (ms): 0.21
DEBUG 2026-06-07 00:08:04 t_client.py:461 Control loop (ms): 0.20
DEBUG 2026-06-07 00:08:04 t_client.py:461 Control loop (ms): 0.25
DEBUG 2026-06-07 00:08:04 t_client.py:461 Control loop (ms): 0.19
DEBUG 2026-06-07 00:08:04 t_client.py:461 Control loop (ms): 0.21
DEBUG 2026-06-07 00:08:04 t_client.py:461 Control loop (ms): 0.27
DEBUG 2026-06-07 00:08:04 t_client.py:461 Control loop (ms): 0.19
DEBUG 2026-06-07 00:08:04 t_client.py:461 Control loop (ms): 0.21
DEBUG 2026-06-07 00:08:04 t_client.py:197 Observation serialization time: 0.002181s
DEBUG 2026-06-07 00:08:04 ort/utils.py:50 [CLIENT] Observation Buffer size 0.879420280456543 MB with
DEBUG 2026-06-07 00:08:04 ort/utils.py:65 [CLIENT] Observation Sent 922139/922139 bytes with state 3
DEBUG 2026-06-07 00:08:04 ort/utils.py:67 [CLIENT] Observation Published 0.879420280456543 MB
DEBUG 2026-06-07 00:08:04 t_client.py:208 Sent observation #24 | 
DEBUG 2026-06-07 00:08:04 t_client.py:418 QUEUE SIZE: 25 (Must go: False)
DEBUG 2026-06-07 00:08:04 t_client.py:461 Control loop (ms): 5.09
DEBUG 2026-06-07 00:08:04 t_client.py:197 Observation serialization time: 0.002052s
DEBUG 2026-06-07 00:08:04 ort/utils.py:50 [CLIENT] Observation Buffer size 0.879420280456543 MB with
DEBUG 2026-06-07 00:08:04 ort/utils.py:65 [CLIENT] Observation Sent 922139/922139 bytes with state 3
DEBUG 2026-06-07 00:08:04 ort/utils.py:67 [CLIENT] Observation Published 0.879420280456543 MB
DEBUG 2026-06-07 00:08:04 t_client.py:208 Sent observation #25 | 
DEBUG 2026-06-07 00:08:04 t_client.py:418 QUEUE SIZE: 24 (Must go: False)
DEBUG 2026-06-07 00:08:04 t_client.py:461 Control loop (ms): 3.34
DEBUG 2026-06-07 00:08:04 t_client.py:197 Observation serialization time: 0.002155s
DEBUG 2026-06-07 00:08:04 ort/utils.py:50 [CLIENT] Observation Buffer size 0.879420280456543 MB with
DEBUG 2026-06-07 00:08:04 ort/utils.py:65 [CLIENT] Observation Sent 922139/922139 bytes with state 3
DEBUG 2026-06-07 00:08:04 ort/utils.py:67 [CLIENT] Observation Published 0.879420280456543 MB
DEBUG 2026-06-07 00:08:04 t_client.py:208 Sent observation #26 | 
DEBUG 2026-06-07 00:08:04 t_client.py:418 QUEUE SIZE: 23 (Must go: False)
DEBUG 2026-06-07 00:08:04 t_client.py:461 Control loop (ms): 10.01
DEBUG 2026-06-07 00:08:04 t_client.py:197 Observation serialization time: 0.002877s
DEBUG 2026-06-07 00:08:04 ort/utils.py:50 [CLIENT] Observation Buffer size 0.879420280456543 MB with
DEBUG 2026-06-07 00:08:04 ort/utils.py:65 [CLIENT] Observation Sent 922139/922139 bytes with state 3
DEBUG 2026-06-07 00:08:04 t_client.py:208 Sent observation #27 | 
DEBUG 2026-06-07 00:08:04 ort/utils.py:67 [CLIENT] Observation Published 0.879420280456543 MB
DEBUG 2026-06-07 00:08:04 t_client.py:418 QUEUE SIZE: 22 (Must go: False)
DEBUG 2026-06-07 00:08:04 t_client.py:461 Control loop (ms): 28.08
DEBUG 2026-06-07 00:08:04 t_client.py:197 Observation serialization time: 0.001795s
DEBUG 2026-06-07 00:08:04 ort/utils.py:50 [CLIENT] Observation Buffer size 0.879420280456543 MB with
DEBUG 2026-06-07 00:08:04 ort/utils.py:65 [CLIENT] Observation Sent 922139/922139 bytes with state 3
DEBUG 2026-06-07 00:08:04 ort/utils.py:67 [CLIENT] Observation Published 0.879420280456543 MB
DEBUG 2026-06-07 00:08:04 t_client.py:208 Sent observation #28 | 
DEBUG 2026-06-07 00:08:04 t_client.py:418 QUEUE SIZE: 21 (Must go: False)
DEBUG 2026-06-07 00:08:04 t_client.py:461 Control loop (ms): 3.85
DEBUG 2026-06-07 00:08:04 t_client.py:461 Control loop (ms): 0.22
DEBUG 2026-06-07 00:08:04 t_client.py:461 Control loop (ms): 0.33
DEBUG 2026-06-07 00:08:04 t_client.py:461 Control loop (ms): 0.25
DEBUG 2026-06-07 00:08:04 t_client.py:461 Control loop (ms): 10.06
DEBUG 2026-06-07 00:08:04 t_client.py:461 Control loop (ms): 0.14
DEBUG 2026-06-07 00:08:04 t_client.py:461 Control loop (ms): 0.24
DEBUG 2026-06-07 00:08:04 t_client.py:461 Control loop (ms): 0.26
DEBUG 2026-06-07 00:08:04 t_client.py:461 Control loop (ms): 0.28
DEBUG 2026-06-07 00:08:04 t_client.py:461 Control loop (ms): 1.13
DEBUG 2026-06-07 00:08:04 t_client.py:461 Control loop (ms): 0.56
DEBUG 2026-06-07 00:08:04 t_client.py:461 Control loop (ms): 0.24
DEBUG 2026-06-07 00:08:04 t_client.py:461 Control loop (ms): 0.29
DEBUG 2026-06-07 00:08:04 t_client.py:461 Control loop (ms): 0.25
DEBUG 2026-06-07 00:08:04 t_client.py:461 Control loop (ms): 0.61
DEBUG 2026-06-07 00:08:04 t_client.py:461 Control loop (ms): 0.19
DEBUG 2026-06-07 00:08:04 t_client.py:461 Control loop (ms): 0.26
DEBUG 2026-06-07 00:08:04 t_client.py:461 Control loop (ms): 0.23
DEBUG 2026-06-07 00:08:04 t_client.py:461 Control loop (ms): 0.18
DEBUG 2026-06-07 00:08:04 t_client.py:461 Control loop (ms): 0.18
DEBUG 2026-06-07 00:08:04 t_client.py:461 Control loop (ms): 0.33
DEBUG 2026-06-07 00:08:04 t_client.py:461 Control loop (ms): 0.29
DEBUG 2026-06-07 00:08:04 t_client.py:461 Control loop (ms): 0.19
DEBUG 2026-06-07 00:08:04 t_client.py:461 Control loop (ms): 0.25
DEBUG 2026-06-07 00:08:04 t_client.py:461 Control loop (ms): 0.50
DEBUG 2026-06-07 00:08:04 t_client.py:197 Observation serialization time: 0.001961s
DEBUG 2026-06-07 00:08:04 ort/utils.py:50 [CLIENT] Observation Buffer size 0.879420280456543 MB with
DEBUG 2026-06-07 00:08:04 ort/utils.py:65 [CLIENT] Observation Sent 922139/922139 bytes with state 3
DEBUG 2026-06-07 00:08:04 ort/utils.py:67 [CLIENT] Observation Published 0.879420280456543 MB
DEBUG 2026-06-07 00:08:04 t_client.py:208 Sent observation #52 | 
DEBUG 2026-06-07 00:08:04 t_client.py:418 QUEUE SIZE: 25 (Must go: False)
DEBUG 2026-06-07 00:08:04 t_client.py:461 Control loop (ms): 4.11
DEBUG 2026-06-07 00:08:04 t_client.py:197 Observation serialization time: 0.003739s
DEBUG 2026-06-07 00:08:04 ort/utils.py:50 [CLIENT] Observation Buffer size 0.879420280456543 MB with
DEBUG 2026-06-07 00:08:04 ort/utils.py:65 [CLIENT] Observation Sent 922139/922139 bytes with state 3
DEBUG 2026-06-07 00:08:04 ort/utils.py:67 [CLIENT] Observation Published 0.879420280456543 MB
DEBUG 2026-06-07 00:08:04 t_client.py:208 Sent observation #53 | 
DEBUG 2026-06-07 00:08:04 t_client.py:418 QUEUE SIZE: 24 (Must go: False)
DEBUG 2026-06-07 00:08:04 t_client.py:461 Control loop (ms): 17.86
DEBUG 2026-06-07 00:08:04 t_client.py:197 Observation serialization time: 0.003683s
DEBUG 2026-06-07 00:08:04 ort/utils.py:50 [CLIENT] Observation Buffer size 0.879420280456543 MB with
DEBUG 2026-06-07 00:08:04 ort/utils.py:65 [CLIENT] Observation Sent 922139/922139 bytes with state 3
DEBUG 2026-06-07 00:08:04 ort/utils.py:67 [CLIENT] Observation Published 0.879420280456543 MB
DEBUG 2026-06-07 00:08:04 t_client.py:208 Sent observation #54 | 
DEBUG 2026-06-07 00:08:04 t_client.py:418 QUEUE SIZE: 23 (Must go: False)
DEBUG 2026-06-07 00:08:04 t_client.py:461 Control loop (ms): 8.63
DEBUG 2026-06-07 00:08:04 t_client.py:461 Control loop (ms): 0.27
DEBUG 2026-06-07 00:08:04 t_client.py:461 Control loop (ms): 1.44
DEBUG 2026-06-07 00:08:04 t_client.py:461 Control loop (ms): 0.23
DEBUG 2026-06-07 00:08:04 t_client.py:461 Control loop (ms): 0.21
DEBUG 2026-06-07 00:08:04 t_client.py:461 Control loop (ms): 7.97
DEBUG 2026-06-07 00:08:04 t_client.py:461 Control loop (ms): 0.24
DEBUG 2026-06-07 00:08:04 t_client.py:461 Control loop (ms): 0.23
DEBUG 2026-06-07 00:08:04 t_client.py:461 Control loop (ms): 0.24
DEBUG 2026-06-07 00:08:04 t_client.py:461 Control loop (ms): 0.19
DEBUG 2026-06-07 00:08:04 t_client.py:461 Control loop (ms): 0.20
DEBUG 2026-06-07 00:08:04 t_client.py:461 Control loop (ms): 0.19
DEBUG 2026-06-07 00:08:04 t_client.py:461 Control loop (ms): 0.19
DEBUG 2026-06-07 00:08:04 t_client.py:461 Control loop (ms): 0.14
DEBUG 2026-06-07 00:08:04 t_client.py:461 Control loop (ms): 0.29
DEBUG 2026-06-07 00:08:04 t_client.py:461 Control loop (ms): 0.22
DEBUG 2026-06-07 00:08:04 t_client.py:461 Control loop (ms): 0.20
DEBUG 2026-06-07 00:08:04 t_client.py:461 Control loop (ms): 0.26
DEBUG 2026-06-07 00:08:04 t_client.py:461 Control loop (ms): 0.26
DEBUG 2026-06-07 00:08:04 t_client.py:461 Control loop (ms): 0.18
DEBUG 2026-06-07 00:08:04 t_client.py:461 Control loop (ms): 0.23
DEBUG 2026-06-07 00:08:04 t_client.py:461 Control loop (ms): 0.25
DEBUG 2026-06-07 00:08:04 t_client.py:461 Control loop (ms): 0.21
DEBUG 2026-06-07 00:08:04 t_client.py:461 Control loop (ms): 0.24
DEBUG 2026-06-07 00:08:04 t_client.py:461 Control loop (ms): 0.20
DEBUG 2026-06-07 00:08:04 t_client.py:197 Observation serialization time: 0.001811s
DEBUG 2026-06-07 00:08:04 ort/utils.py:50 [CLIENT] Observation Buffer size 0.879420280456543 MB with
DEBUG 2026-06-07 00:08:04 ort/utils.py:65 [CLIENT] Observation Sent 922139/922139 bytes with state 3
DEBUG 2026-06-07 00:08:04 ort/utils.py:67 [CLIENT] Observation Published 0.879420280456543 MB
DEBUG 2026-06-07 00:08:04 t_client.py:208 Sent observation #78 | 
DEBUG 2026-06-07 00:08:04 t_client.py:418 QUEUE SIZE: 25 (Must go: False)
DEBUG 2026-06-07 00:08:04 t_client.py:461 Control loop (ms): 3.67
DEBUG 2026-06-07 00:08:04 t_client.py:197 Observation serialization time: 0.001838s
DEBUG 2026-06-07 00:08:04 ort/utils.py:50 [CLIENT] Observation Buffer size 0.879420280456543 MB with
DEBUG 2026-06-07 00:08:04 ort/utils.py:65 [CLIENT] Observation Sent 922139/922139 bytes with state 3
DEBUG 2026-06-07 00:08:04 ort/utils.py:67 [CLIENT] Observation Published 0.879420280456543 MB
DEBUG 2026-06-07 00:08:04 t_client.py:208 Sent observation #79 | 
DEBUG 2026-06-07 00:08:04 t_client.py:418 QUEUE SIZE: 24 (Must go: False)
DEBUG 2026-06-07 00:08:04 t_client.py:461 Control loop (ms): 14.63
DEBUG 2026-06-07 00:08:04 t_client.py:197 Observation serialization time: 0.002315s
DEBUG 2026-06-07 00:08:04 ort/utils.py:50 [CLIENT] Observation Buffer size 0.879420280456543 MB with
DEBUG 2026-06-07 00:08:04 ort/utils.py:65 [CLIENT] Observation Sent 922139/922139 bytes with state 3
DEBUG 2026-06-07 00:08:04 ort/utils.py:67 [CLIENT] Observation Published 0.879420280456543 MB
DEBUG 2026-06-07 00:08:04 t_client.py:208 Sent observation #80 | 
DEBUG 2026-06-07 00:08:04 t_client.py:418 QUEUE SIZE: 23 (Must go: False)
DEBUG 2026-06-07 00:08:04 t_client.py:461 Control loop (ms): 17.10
DEBUG 2026-06-07 00:08:04 t_client.py:197 Observation serialization time: 0.002282s
DEBUG 2026-06-07 00:08:04 ort/utils.py:50 [CLIENT] Observation Buffer size 0.879420280456543 MB with
DEBUG 2026-06-07 00:08:04 ort/utils.py:65 [CLIENT] Observation Sent 922139/922139 bytes with state 3
DEBUG 2026-06-07 00:08:04 ort/utils.py:67 [CLIENT] Observation Published 0.879420280456543 MB
DEBUG 2026-06-07 00:08:04 t_client.py:208 Sent observation #81 | 
DEBUG 2026-06-07 00:08:04 t_client.py:418 QUEUE SIZE: 22 (Must go: False)
DEBUG 2026-06-07 00:08:04 t_client.py:461 Control loop (ms): 5.99
DEBUG 2026-06-07 00:08:04 t_client.py:461 Control loop (ms): 0.33
DEBUG 2026-06-07 00:08:04 t_client.py:461 Control loop (ms): 0.27
DEBUG 2026-06-07 00:08:04 t_client.py:461 Control loop (ms): 0.23
DEBUG 2026-06-07 00:08:04 t_client.py:461 Control loop (ms): 5.20
DEBUG 2026-06-07 00:08:04 t_client.py:461 Control loop (ms): 0.20
DEBUG 2026-06-07 00:08:04 t_client.py:461 Control loop (ms): 0.26
DEBUG 2026-06-07 00:08:04 t_client.py:461 Control loop (ms): 0.72
DEBUG 2026-06-07 00:08:04 t_client.py:461 Control loop (ms): 0.52
DEBUG 2026-06-07 00:08:04 t_client.py:461 Control loop (ms): 0.20
DEBUG 2026-06-07 00:08:04 t_client.py:461 Control loop (ms): 0.30
DEBUG 2026-06-07 00:08:04 t_client.py:461 Control loop (ms): 0.27
DEBUG 2026-06-07 00:08:04 t_client.py:461 Control loop (ms): 0.19
DEBUG 2026-06-07 00:08:04 t_client.py:461 Control loop (ms): 0.24
DEBUG 2026-06-07 00:08:04 t_client.py:461 Control loop (ms): 0.19
DEBUG 2026-06-07 00:08:04 t_client.py:461 Control loop (ms): 0.21
DEBUG 2026-06-07 00:08:04 t_client.py:461 Control loop (ms): 0.23
DEBUG 2026-06-07 00:08:04 t_client.py:461 Control loop (ms): 0.20
DEBUG 2026-06-07 00:08:04 t_client.py:461 Control loop (ms): 0.18
DEBUG 2026-06-07 00:08:04 t_client.py:461 Control loop (ms): 0.20
DEBUG 2026-06-07 00:08:04 t_client.py:461 Control loop (ms): 0.25
DEBUG 2026-06-07 00:08:04 t_client.py:461 Control loop (ms): 0.20
DEBUG 2026-06-07 00:08:04 t_client.py:461 Control loop (ms): 0.26
DEBUG 2026-06-07 00:08:04 t_client.py:461 Control loop (ms): 0.19
DEBUG 2026-06-07 00:08:04 t_client.py:461 Control loop (ms): 0.20
DEBUG 2026-06-07 00:08:04 t_client.py:197 Observation serialization time: 0.001933s
DEBUG 2026-06-07 00:08:04 ort/utils.py:50 [CLIENT] Observation Buffer size 0.879420280456543 MB with
DEBUG 2026-06-07 00:08:04 ort/utils.py:65 [CLIENT] Observation Sent 922139/922139 bytes with state 3
DEBUG 2026-06-07 00:08:04 ort/utils.py:67 [CLIENT] Observation Published 0.879420280456543 MB
DEBUG 2026-06-07 00:08:04 t_client.py:208 Sent observation #105 | 
DEBUG 2026-06-07 00:08:04 t_client.py:418 QUEUE SIZE: 25 (Must go: False)
DEBUG 2026-06-07 00:08:04 t_client.py:461 Control loop (ms): 4.94
DEBUG 2026-06-07 00:08:04 t_client.py:197 Observation serialization time: 0.001991s
DEBUG 2026-06-07 00:08:04 ort/utils.py:50 [CLIENT] Observation Buffer size 0.879420280456543 MB with
DEBUG 2026-06-07 00:08:04 ort/utils.py:65 [CLIENT] Observation Sent 922139/922139 bytes with state 3
DEBUG 2026-06-07 00:08:04 ort/utils.py:67 [CLIENT] Observation Published 0.879420280456543 MB
DEBUG 2026-06-07 00:08:04 t_client.py:208 Sent observation #106 | 
DEBUG 2026-06-07 00:08:04 t_client.py:418 QUEUE SIZE: 24 (Must go: False)
DEBUG 2026-06-07 00:08:04 t_client.py:461 Control loop (ms): 8.69
DEBUG 2026-06-07 00:08:04 t_client.py:197 Observation serialization time: 0.001834s
DEBUG 2026-06-07 00:08:04 ort/utils.py:50 [CLIENT] Observation Buffer size 0.879420280456543 MB with
DEBUG 2026-06-07 00:08:04 ort/utils.py:65 [CLIENT] Observation Sent 922139/922139 bytes with state 3
DEBUG 2026-06-07 00:08:04 ort/utils.py:67 [CLIENT] Observation Published 0.879420280456543 MB
DEBUG 2026-06-07 00:08:04 t_client.py:208 Sent observation #107 | 
DEBUG 2026-06-07 00:08:04 t_client.py:418 QUEUE SIZE: 23 (Must go: False)
DEBUG 2026-06-07 00:08:04 t_client.py:461 Control loop (ms): 6.55
DEBUG 2026-06-07 00:08:05 t_client.py:461 Control loop (ms): 0.28
DEBUG 2026-06-07 00:08:05 t_client.py:461 Control loop (ms): 0.28
DEBUG 2026-06-07 00:08:05 t_client.py:461 Control loop (ms): 0.42
DEBUG 2026-06-07 00:08:05 t_client.py:461 Control loop (ms): 16.46
DEBUG 2026-06-07 00:08:05 t_client.py:461 Control loop (ms): 3.68
DEBUG 2026-06-07 00:08:05 t_client.py:461 Control loop (ms): 0.26
DEBUG 2026-06-07 00:08:05 t_client.py:461 Control loop (ms): 0.45
DEBUG 2026-06-07 00:08:05 t_client.py:461 Control loop (ms): 0.22
DEBUG 2026-06-07 00:08:05 t_client.py:461 Control loop (ms): 0.21
DEBUG 2026-06-07 00:08:05 t_client.py:461 Control loop (ms): 0.25
DEBUG 2026-06-07 00:08:05 t_client.py:461 Control loop (ms): 0.22
DEBUG 2026-06-07 00:08:05 t_client.py:461 Control loop (ms): 0.21
DEBUG 2026-06-07 00:08:05 t_client.py:461 Control loop (ms): 0.22
DEBUG 2026-06-07 00:08:05 t_client.py:461 Control loop (ms): 0.27
DEBUG 2026-06-07 00:08:05 t_client.py:461 Control loop (ms): 0.24
DEBUG 2026-06-07 00:08:05 t_client.py:461 Control loop (ms): 0.27
DEBUG 2026-06-07 00:08:05 t_client.py:461 Control loop (ms): 0.26
DEBUG 2026-06-07 00:08:05 t_client.py:461 Control loop (ms): 0.20
DEBUG 2026-06-07 00:08:05 t_client.py:461 Control loop (ms): 0.21
DEBUG 2026-06-07 00:08:05 t_client.py:461 Control loop (ms): 0.21
DEBUG 2026-06-07 00:08:05 t_client.py:461 Control loop (ms): 0.26
DEBUG 2026-06-07 00:08:05 t_client.py:461 Control loop (ms): 0.21
DEBUG 2026-06-07 00:08:05 t_client.py:461 Control loop (ms): 0.26
DEBUG 2026-06-07 00:08:05 t_client.py:461 Control loop (ms): 0.26
DEBUG 2026-06-07 00:08:05 t_client.py:197 Observation serialization time: 0.001773s
DEBUG 2026-06-07 00:08:05 ort/utils.py:50 [CLIENT] Observation Buffer size 0.879420280456543 MB with
DEBUG 2026-06-07 00:08:05 ort/utils.py:65 [CLIENT] Observation Sent 922139/922139 bytes with state 3
DEBUG 2026-06-07 00:08:05 ort/utils.py:67 [CLIENT] Observation Published 0.879420280456543 MB
DEBUG 2026-06-07 00:08:05 t_client.py:208 Sent observation #131 | 
DEBUG 2026-06-07 00:08:05 t_client.py:418 QUEUE SIZE: 25 (Must go: False)
DEBUG 2026-06-07 00:08:05 t_client.py:461 Control loop (ms): 4.07
DEBUG 2026-06-07 00:08:05 t_client.py:197 Observation serialization time: 0.002311s
DEBUG 2026-06-07 00:08:05 ort/utils.py:50 [CLIENT] Observation Buffer size 0.879420280456543 MB with
DEBUG 2026-06-07 00:08:05 ort/utils.py:65 [CLIENT] Observation Sent 922139/922139 bytes with state 3
DEBUG 2026-06-07 00:08:05 ort/utils.py:67 [CLIENT] Observation Published 0.879420280456543 MB
DEBUG 2026-06-07 00:08:05 t_client.py:208 Sent observation #132 | 
DEBUG 2026-06-07 00:08:05 t_client.py:418 QUEUE SIZE: 24 (Must go: False)
DEBUG 2026-06-07 00:08:05 t_client.py:461 Control loop (ms): 16.77
DEBUG 2026-06-07 00:08:05 t_client.py:197 Observation serialization time: 0.002410s
DEBUG 2026-06-07 00:08:05 ort/utils.py:50 [CLIENT] Observation Buffer size 0.879420280456543 MB with
DEBUG 2026-06-07 00:08:05 ort/utils.py:65 [CLIENT] Observation Sent 922139/922139 bytes with state 3
DEBUG 2026-06-07 00:08:05 ort/utils.py:67 [CLIENT] Observation Published 0.879420280456543 MB
DEBUG 2026-06-07 00:08:05 t_client.py:208 Sent observation #133 | 
DEBUG 2026-06-07 00:08:05 t_client.py:418 QUEUE SIZE: 23 (Must go: False)
DEBUG 2026-06-07 00:08:05 t_client.py:461 Control loop (ms): 12.28
DEBUG 2026-06-07 00:08:05 t_client.py:461 Control loop (ms): 0.22
DEBUG 2026-06-07 00:08:05 t_client.py:461 Control loop (ms): 0.26
DEBUG 2026-06-07 00:08:05 t_client.py:461 Control loop (ms): 0.24
DEBUG 2026-06-07 00:08:05 t_client.py:461 Control loop (ms): 0.20
DEBUG 2026-06-07 00:08:05 t_client.py:461 Control loop (ms): 0.25
DEBUG 2026-06-07 00:08:05 t_client.py:461 Control loop (ms): 0.19
DEBUG 2026-06-07 00:08:05 t_client.py:461 Control loop (ms): 0.21
DEBUG 2026-06-07 00:08:05 t_client.py:461 Control loop (ms): 0.24
DEBUG 2026-06-07 00:08:05 t_client.py:461 Control loop (ms): 0.21
DEBUG 2026-06-07 00:08:05 t_client.py:461 Control loop (ms): 0.22
DEBUG 2026-06-07 00:08:05 t_client.py:461 Control loop (ms): 0.26
DEBUG 2026-06-07 00:08:05 t_client.py:461 Control loop (ms): 0.25
DEBUG 2026-06-07 00:08:05 t_client.py:461 Control loop (ms): 0.19
DEBUG 2026-06-07 00:08:05 t_client.py:461 Control loop (ms): 0.30
DEBUG 2026-06-07 00:08:05 t_client.py:461 Control loop (ms): 0.23
DEBUG 2026-06-07 00:08:05 t_client.py:461 Control loop (ms): 0.22
DEBUG 2026-06-07 00:08:05 t_client.py:461 Control loop (ms): 0.26
DEBUG 2026-06-07 00:08:05 t_client.py:461 Control loop (ms): 0.23
DEBUG 2026-06-07 00:08:05 t_client.py:461 Control loop (ms): 0.23
DEBUG 2026-06-07 00:08:05 t_client.py:461 Control loop (ms): 0.24
DEBUG 2026-06-07 00:08:05 t_client.py:461 Control loop (ms): 0.23
DEBUG 2026-06-07 00:08:05 t_client.py:197 Observation serialization time: 0.001967s
DEBUG 2026-06-07 00:08:05 ort/utils.py:50 [CLIENT] Observation Buffer size 0.879420280456543 MB with
DEBUG 2026-06-07 00:08:05 ort/utils.py:65 [CLIENT] Observation Sent 922139/922139 bytes with state 3
DEBUG 2026-06-07 00:08:05 ort/utils.py:67 [CLIENT] Observation Published 0.879420280456543 MB
DEBUG 2026-06-07 00:08:05 t_client.py:208 Sent observation #155 | 
DEBUG 2026-06-07 00:08:05 t_client.py:418 QUEUE SIZE: 25 (Must go: False)
DEBUG 2026-06-07 00:08:05 t_client.py:461 Control loop (ms): 3.81
DEBUG 2026-06-07 00:08:05 t_client.py:197 Observation serialization time: 0.002231s
DEBUG 2026-06-07 00:08:05 ort/utils.py:50 [CLIENT] Observation Buffer size 0.879420280456543 MB with
DEBUG 2026-06-07 00:08:05 ort/utils.py:65 [CLIENT] Observation Sent 922139/922139 bytes with state 3
DEBUG 2026-06-07 00:08:05 ort/utils.py:67 [CLIENT] Observation Published 0.879420280456543 MB
DEBUG 2026-06-07 00:08:05 t_client.py:208 Sent observation #156 | 
DEBUG 2026-06-07 00:08:05 t_client.py:418 QUEUE SIZE: 24 (Must go: False)
DEBUG 2026-06-07 00:08:05 t_client.py:461 Control loop (ms): 17.49
DEBUG 2026-06-07 00:08:05 t_client.py:197 Observation serialization time: 0.002947s
DEBUG 2026-06-07 00:08:05 ort/utils.py:50 [CLIENT] Observation Buffer size 0.879420280456543 MB with
DEBUG 2026-06-07 00:08:05 ort/utils.py:65 [CLIENT] Observation Sent 922139/922139 bytes with state 3
DEBUG 2026-06-07 00:08:05 ort/utils.py:67 [CLIENT] Observation Published 0.879420280456543 MB
DEBUG 2026-06-07 00:08:05 t_client.py:208 Sent observation #157 | 
DEBUG 2026-06-07 00:08:05 t_client.py:418 QUEUE SIZE: 23 (Must go: False)
DEBUG 2026-06-07 00:08:05 t_client.py:461 Control loop (ms): 9.10
DEBUG 2026-06-07 00:08:05 t_client.py:461 Control loop (ms): 0.19
DEBUG 2026-06-07 00:08:05 t_client.py:461 Control loop (ms): 0.31
DEBUG 2026-06-07 00:08:05 t_client.py:461 Control loop (ms): 0.21
DEBUG 2026-06-07 00:08:05 t_client.py:461 Control loop (ms): 0.24
DEBUG 2026-06-07 00:08:05 t_client.py:461 Control loop (ms): 0.23
DEBUG 2026-06-07 00:08:05 t_client.py:461 Control loop (ms): 0.22
DEBUG 2026-06-07 00:08:05 t_client.py:461 Control loop (ms): 0.23
DEBUG 2026-06-07 00:08:05 t_client.py:461 Control loop (ms): 0.25
DEBUG 2026-06-07 00:08:05 t_client.py:461 Control loop (ms): 0.27
DEBUG 2026-06-07 00:08:05 t_client.py:461 Control loop (ms): 0.17
DEBUG 2026-06-07 00:08:05 t_client.py:461 Control loop (ms): 0.23
DEBUG 2026-06-07 00:08:05 t_client.py:461 Control loop (ms): 0.27
DEBUG 2026-06-07 00:08:05 t_client.py:461 Control loop (ms): 0.23
DEBUG 2026-06-07 00:08:05 t_client.py:461 Control loop (ms): 0.18
DEBUG 2026-06-07 00:08:05 t_client.py:461 Control loop (ms): 0.26
DEBUG 2026-06-07 00:08:05 t_client.py:461 Control loop (ms): 0.18
DEBUG 2026-06-07 00:08:05 t_client.py:461 Control loop (ms): 0.19
DEBUG 2026-06-07 00:08:05 t_client.py:461 Control loop (ms): 0.21
DEBUG 2026-06-07 00:08:05 t_client.py:461 Control loop (ms): 0.23
DEBUG 2026-06-07 00:08:05 t_client.py:461 Control loop (ms): 0.17
DEBUG 2026-06-07 00:08:05 t_client.py:461 Control loop (ms): 0.31
DEBUG 2026-06-07 00:08:05 t_client.py:461 Control loop (ms): 0.20
DEBUG 2026-06-07 00:08:05 t_client.py:197 Observation serialization time: 0.001856s
DEBUG 2026-06-07 00:08:05 ort/utils.py:50 [CLIENT] Observation Buffer size 0.879420280456543 MB with
DEBUG 2026-06-07 00:08:05 ort/utils.py:65 [CLIENT] Observation Sent 922139/922139 bytes with state 3
DEBUG 2026-06-07 00:08:05 ort/utils.py:67 [CLIENT] Observation Published 0.879420280456543 MB
DEBUG 2026-06-07 00:08:05 t_client.py:208 Sent observation #179 | 
DEBUG 2026-06-07 00:08:05 t_client.py:418 QUEUE SIZE: 25 (Must go: False)
DEBUG 2026-06-07 00:08:05 t_client.py:461 Control loop (ms): 4.16
DEBUG 2026-06-07 00:08:05 t_client.py:197 Observation serialization time: 0.002083s
DEBUG 2026-06-07 00:08:05 ort/utils.py:50 [CLIENT] Observation Buffer size 0.879420280456543 MB with
DEBUG 2026-06-07 00:08:05 ort/utils.py:65 [CLIENT] Observation Sent 922139/922139 bytes with state 3
DEBUG 2026-06-07 00:08:05 ort/utils.py:67 [CLIENT] Observation Published 0.879420280456543 MB
DEBUG 2026-06-07 00:08:05 t_client.py:208 Sent observation #180 | 
DEBUG 2026-06-07 00:08:05 t_client.py:418 QUEUE SIZE: 24 (Must go: False)
DEBUG 2026-06-07 00:08:05 t_client.py:461 Control loop (ms): 15.22
DEBUG 2026-06-07 00:08:05 t_client.py:197 Observation serialization time: 0.003118s
DEBUG 2026-06-07 00:08:05 ort/utils.py:50 [CLIENT] Observation Buffer size 0.879420280456543 MB with
DEBUG 2026-06-07 00:08:05 ort/utils.py:65 [CLIENT] Observation Sent 922139/922139 bytes with state 3
DEBUG 2026-06-07 00:08:05 ort/utils.py:67 [CLIENT] Observation Published 0.879420280456543 MB
DEBUG 2026-06-07 00:08:05 t_client.py:208 Sent observation #181 | 
DEBUG 2026-06-07 00:08:05 t_client.py:418 QUEUE SIZE: 23 (Must go: False)
DEBUG 2026-06-07 00:08:05 t_client.py:461 Control loop (ms): 6.91
DEBUG 2026-06-07 00:08:05 t_client.py:461 Control loop (ms): 0.19
DEBUG 2026-06-07 00:08:05 t_client.py:461 Control loop (ms): 0.41
DEBUG 2026-06-07 00:08:05 t_client.py:461 Control loop (ms): 0.26
DEBUG 2026-06-07 00:08:05 t_client.py:461 Control loop (ms): 0.33
DEBUG 2026-06-07 00:08:05 t_client.py:461 Control loop (ms): 0.26
DEBUG 2026-06-07 00:08:05 t_client.py:461 Control loop (ms): 0.19
DEBUG 2026-06-07 00:08:05 t_client.py:461 Control loop (ms): 0.16
DEBUG 2026-06-07 00:08:05 t_client.py:461 Control loop (ms): 0.26
DEBUG 2026-06-07 00:08:05 t_client.py:461 Control loop (ms): 0.34
DEBUG 2026-06-07 00:08:05 t_client.py:461 Control loop (ms): 0.20
DEBUG 2026-06-07 00:08:05 t_client.py:461 Control loop (ms): 0.18
DEBUG 2026-06-07 00:08:05 t_client.py:461 Control loop (ms): 0.30
DEBUG 2026-06-07 00:08:05 t_client.py:461 Control loop (ms): 0.21
DEBUG 2026-06-07 00:08:05 t_client.py:461 Control loop (ms): 0.20
DEBUG 2026-06-07 00:08:05 t_client.py:461 Control loop (ms): 0.26
DEBUG 2026-06-07 00:08:05 t_client.py:461 Control loop (ms): 0.20
DEBUG 2026-06-07 00:08:05 t_client.py:461 Control loop (ms): 0.19
DEBUG 2026-06-07 00:08:05 t_client.py:461 Control loop (ms): 0.20
DEBUG 2026-06-07 00:08:05 t_client.py:461 Control loop (ms): 0.18
DEBUG 2026-06-07 00:08:05 t_client.py:461 Control loop (ms): 0.18
DEBUG 2026-06-07 00:08:06 t_client.py:461 Control loop (ms): 0.42
DEBUG 2026-06-07 00:08:06 t_client.py:197 Observation serialization time: 0.002079s
DEBUG 2026-06-07 00:08:06 ort/utils.py:50 [CLIENT] Observation Buffer size 0.879420280456543 MB with
DEBUG 2026-06-07 00:08:06 ort/utils.py:65 [CLIENT] Observation Sent 922139/922139 bytes with state 3
DEBUG 2026-06-07 00:08:06 ort/utils.py:67 [CLIENT] Observation Published 0.879420280456543 MB
DEBUG 2026-06-07 00:08:06 t_client.py:208 Sent observation #203 | 
DEBUG 2026-06-07 00:08:06 t_client.py:418 QUEUE SIZE: 25 (Must go: False)
DEBUG 2026-06-07 00:08:06 t_client.py:461 Control loop (ms): 3.93
DEBUG 2026-06-07 00:08:06 t_client.py:197 Observation serialization time: 0.002838s
DEBUG 2026-06-07 00:08:06 ort/utils.py:50 [CLIENT] Observation Buffer size 0.879420280456543 MB with
DEBUG 2026-06-07 00:08:06 ort/utils.py:65 [CLIENT] Observation Sent 922139/922139 bytes with state 3
DEBUG 2026-06-07 00:08:06 ort/utils.py:67 [CLIENT] Observation Published 0.879420280456543 MB
DEBUG 2026-06-07 00:08:06 t_client.py:208 Sent observation #204 | 
DEBUG 2026-06-07 00:08:06 t_client.py:418 QUEUE SIZE: 24 (Must go: False)
DEBUG 2026-06-07 00:08:06 t_client.py:461 Control loop (ms): 19.06
DEBUG 2026-06-07 00:08:06 t_client.py:197 Observation serialization time: 0.002370s
DEBUG 2026-06-07 00:08:06 ort/utils.py:50 [CLIENT] Observation Buffer size 0.879420280456543 MB with
DEBUG 2026-06-07 00:08:06 ort/utils.py:65 [CLIENT] Observation Sent 922139/922139 bytes with state 3
DEBUG 2026-06-07 00:08:06 ort/utils.py:67 [CLIENT] Observation Published 0.879420280456543 MB
DEBUG 2026-06-07 00:08:06 t_client.py:208 Sent observation #205 | 
DEBUG 2026-06-07 00:08:06 t_client.py:418 QUEUE SIZE: 23 (Must go: False)
DEBUG 2026-06-07 00:08:06 t_client.py:461 Control loop (ms): 9.68
DEBUG 2026-06-07 00:08:06 t_client.py:461 Control loop (ms): 0.25
DEBUG 2026-06-07 00:08:06 t_client.py:461 Control loop (ms): 0.25
DEBUG 2026-06-07 00:08:06 t_client.py:461 Control loop (ms): 0.22
DEBUG 2026-06-07 00:08:06 t_client.py:461 Control loop (ms): 0.21
DEBUG 2026-06-07 00:08:06 t_client.py:461 Control loop (ms): 0.20
DEBUG 2026-06-07 00:08:06 t_client.py:461 Control loop (ms): 0.27
DEBUG 2026-06-07 00:08:06 t_client.py:461 Control loop (ms): 0.23
DEBUG 2026-06-07 00:08:06 t_client.py:461 Control loop (ms): 0.40
DEBUG 2026-06-07 00:08:06 t_client.py:461 Control loop (ms): 0.36
DEBUG 2026-06-07 00:08:06 t_client.py:461 Control loop (ms): 0.23
DEBUG 2026-06-07 00:08:06 t_client.py:461 Control loop (ms): 0.20
DEBUG 2026-06-07 00:08:06 t_client.py:461 Control loop (ms): 0.57
DEBUG 2026-06-07 00:08:06 t_client.py:461 Control loop (ms): 0.23
DEBUG 2026-06-07 00:08:06 t_client.py:461 Control loop (ms): 0.28
DEBUG 2026-06-07 00:08:06 t_client.py:461 Control loop (ms): 0.25
DEBUG 2026-06-07 00:08:06 t_client.py:461 Control loop (ms): 0.18
DEBUG 2026-06-07 00:08:06 t_client.py:461 Control loop (ms): 0.19
DEBUG 2026-06-07 00:08:06 t_client.py:461 Control loop (ms): 0.26
DEBUG 2026-06-07 00:08:06 t_client.py:461 Control loop (ms): 0.26
DEBUG 2026-06-07 00:08:06 t_client.py:461 Control loop (ms): 0.21
DEBUG 2026-06-07 00:08:06 t_client.py:461 Control loop (ms): 0.19
DEBUG 2026-06-07 00:08:06 t_client.py:197 Observation serialization time: 0.001931s
DEBUG 2026-06-07 00:08:06 ort/utils.py:50 [CLIENT] Observation Buffer size 0.879420280456543 MB with
DEBUG 2026-06-07 00:08:06 ort/utils.py:65 [CLIENT] Observation Sent 922139/922139 bytes with state 3
DEBUG 2026-06-07 00:08:06 ort/utils.py:67 [CLIENT] Observation Published 0.879420280456543 MB
DEBUG 2026-06-07 00:08:06 t_client.py:208 Sent observation #227 | 
DEBUG 2026-06-07 00:08:06 t_client.py:418 QUEUE SIZE: 25 (Must go: False)
DEBUG 2026-06-07 00:08:06 t_client.py:461 Control loop (ms): 4.57
DEBUG 2026-06-07 00:08:06 t_client.py:197 Observation serialization time: 0.001906s
DEBUG 2026-06-07 00:08:06 ort/utils.py:50 [CLIENT] Observation Buffer size 0.879420280456543 MB with
DEBUG 2026-06-07 00:08:06 ort/utils.py:65 [CLIENT] Observation Sent 922139/922139 bytes with state 3
DEBUG 2026-06-07 00:08:06 ort/utils.py:67 [CLIENT] Observation Published 0.879420280456543 MB
DEBUG 2026-06-07 00:08:06 t_client.py:208 Sent observation #228 | 
DEBUG 2026-06-07 00:08:06 t_client.py:418 QUEUE SIZE: 24 (Must go: False)
DEBUG 2026-06-07 00:08:06 t_client.py:461 Control loop (ms): 3.63
DEBUG 2026-06-07 00:08:06 t_client.py:197 Observation serialization time: 0.001830s
DEBUG 2026-06-07 00:08:06 ort/utils.py:50 [CLIENT] Observation Buffer size 0.879420280456543 MB with
DEBUG 2026-06-07 00:08:06 ort/utils.py:65 [CLIENT] Observation Sent 922139/922139 bytes with state 3
DEBUG 2026-06-07 00:08:06 ort/utils.py:67 [CLIENT] Observation Published 0.879420280456543 MB
DEBUG 2026-06-07 00:08:06 t_client.py:208 Sent observation #229 | 
DEBUG 2026-06-07 00:08:06 t_client.py:418 QUEUE SIZE: 23 (Must go: False)
DEBUG 2026-06-07 00:08:06 t_client.py:461 Control loop (ms): 3.55
DEBUG 2026-06-07 00:08:06 t_client.py:461 Control loop (ms): 0.26
DEBUG 2026-06-07 00:08:06 t_client.py:461 Control loop (ms): 0.24
DEBUG 2026-06-07 00:08:06 t_client.py:461 Control loop (ms): 0.20
DEBUG 2026-06-07 00:08:06 t_client.py:461 Control loop (ms): 0.23
DEBUG 2026-06-07 00:08:06 t_client.py:461 Control loop (ms): 0.24
DEBUG 2026-06-07 00:08:06 t_client.py:461 Control loop (ms): 0.20
DEBUG 2026-06-07 00:08:06 t_client.py:461 Control loop (ms): 0.21
DEBUG 2026-06-07 00:08:06 t_client.py:461 Control loop (ms): 0.21
DEBUG 2026-06-07 00:08:06 t_client.py:461 Control loop (ms): 0.20
DEBUG 2026-06-07 00:08:06 t_client.py:461 Control loop (ms): 0.19
DEBUG 2026-06-07 00:08:06 t_client.py:461 Control loop (ms): 0.26
DEBUG 2026-06-07 00:08:06 t_client.py:461 Control loop (ms): 0.21
DEBUG 2026-06-07 00:08:06 t_client.py:461 Control loop (ms): 0.22
DEBUG 2026-06-07 00:08:06 t_client.py:461 Control loop (ms): 0.80
DEBUG 2026-06-07 00:08:06 t_client.py:461 Control loop (ms): 0.24
DEBUG 2026-06-07 00:08:06 t_client.py:461 Control loop (ms): 0.22
DEBUG 2026-06-07 00:08:06 t_client.py:461 Control loop (ms): 0.24
DEBUG 2026-06-07 00:08:06 t_client.py:461 Control loop (ms): 0.19
DEBUG 2026-06-07 00:08:06 t_client.py:461 Control loop (ms): 0.20
DEBUG 2026-06-07 00:08:06 t_client.py:461 Control loop (ms): 0.24
DEBUG 2026-06-07 00:08:06 t_client.py:461 Control loop (ms): 0.19
