INFO 2026-06-07 22:55:51 t_client.py:113 Initializing client to connect to server at 127.0.0.1:8081
INFO 2026-06-07 22:55:51 t_client.py:132 Robot connected and ready
DEBUG 2026-06-07 22:55:51 t_client.py:149 Connected to policy server in 0.0045s
INFO 2026-06-07 22:55:51 t_client.py:155 Sending policy instructions to policy server
DEBUG 2026-06-07 22:55:51 t_client.py:156 Policy type: act | Pretrained name or path: /home/ubuntu/techin517/outputs/train/pick_up_left_pen/checkpoints/100000/pretrained_model | Device: cuda
INFO 2026-06-07 22:55:51 t_client.py:446 Control loop thread starting
DEBUG 2026-06-07 22:55:51 t_client.py:197 Observation serialization time: 0.003527s
INFO 2026-06-07 22:55:51 t_client.py:272 Action receiving thread starting
DEBUG 2026-06-07 22:55:51 ort/utils.py:50 [CLIENT] Observation Buffer size 0.879420280456543 MB with
DEBUG 2026-06-07 22:55:51 ort/utils.py:65 [CLIENT] Observation Sent 922139/922139 bytes with state 3
DEBUG 2026-06-07 22:55:51 ort/utils.py:67 [CLIENT] Observation Published 0.879420280456543 MB
DEBUG 2026-06-07 22:55:51 t_client.py:208 Sent observation #0 | 
DEBUG 2026-06-07 22:55:51 t_client.py:418 QUEUE SIZE: 0 (Must go: True)
DEBUG 2026-06-07 22:55:51 t_client.py:461 Control loop (ms): 6.81
DEBUG 2026-06-07 22:55:51 t_client.py:197 Observation serialization time: 0.004210s
DEBUG 2026-06-07 22:55:51 ort/utils.py:50 [CLIENT] Observation Buffer size 0.879420280456543 MB with
DEBUG 2026-06-07 22:55:51 ort/utils.py:65 [CLIENT] Observation Sent 922139/922139 bytes with state 3
DEBUG 2026-06-07 22:55:51 ort/utils.py:67 [CLIENT] Observation Published 0.879420280456543 MB
DEBUG 2026-06-07 22:55:51 t_client.py:208 Sent observation #0 | 
DEBUG 2026-06-07 22:55:51 t_client.py:418 QUEUE SIZE: 0 (Must go: False)
DEBUG 2026-06-07 22:55:51 t_client.py:461 Control loop (ms): 6.58
DEBUG 2026-06-07 22:55:52 t_client.py:197 Observation serialization time: 0.001830s
DEBUG 2026-06-07 22:55:52 ort/utils.py:50 [CLIENT] Observation Buffer size 0.879420280456543 MB with
DEBUG 2026-06-07 22:55:52 ort/utils.py:65 [CLIENT] Observation Sent 922139/922139 bytes with state 3
DEBUG 2026-06-07 22:55:52 ort/utils.py:67 [CLIENT] Observation Published 0.879420280456543 MB
DEBUG 2026-06-07 22:55:52 t_client.py:208 Sent observation #0 | 
DEBUG 2026-06-07 22:55:52 t_client.py:418 QUEUE SIZE: 0 (Must go: False)
DEBUG 2026-06-07 22:55:52 t_client.py:461 Control loop (ms): 2.95
DEBUG 2026-06-07 22:55:52 t_client.py:197 Observation serialization time: 0.003743s
DEBUG 2026-06-07 22:55:52 ort/utils.py:50 [CLIENT] Observation Buffer size 0.879420280456543 MB with
DEBUG 2026-06-07 22:55:52 ort/utils.py:65 [CLIENT] Observation Sent 922139/922139 bytes with state 3
DEBUG 2026-06-07 22:55:52 ort/utils.py:67 [CLIENT] Observation Published 0.879420280456543 MB
DEBUG 2026-06-07 22:55:52 t_client.py:208 Sent observation #0 | 
DEBUG 2026-06-07 22:55:52 t_client.py:418 QUEUE SIZE: 0 (Must go: False)
DEBUG 2026-06-07 22:55:52 t_client.py:461 Control loop (ms): 6.02
DEBUG 2026-06-07 22:55:52 t_client.py:197 Observation serialization time: 0.001798s
DEBUG 2026-06-07 22:55:52 ort/utils.py:50 [CLIENT] Observation Buffer size 0.879420280456543 MB with
DEBUG 2026-06-07 22:55:52 ort/utils.py:65 [CLIENT] Observation Sent 922139/922139 bytes with state 3
DEBUG 2026-06-07 22:55:52 ort/utils.py:67 [CLIENT] Observation Published 0.879420280456543 MB
DEBUG 2026-06-07 22:55:52 t_client.py:208 Sent observation #0 | 
DEBUG 2026-06-07 22:55:52 t_client.py:418 QUEUE SIZE: 0 (Must go: False)
DEBUG 2026-06-07 22:55:52 t_client.py:461 Control loop (ms): 2.89
DEBUG 2026-06-07 22:55:52 t_client.py:197 Observation serialization time: 0.002046s
DEBUG 2026-06-07 22:55:52 ort/utils.py:50 [CLIENT] Observation Buffer size 0.879420280456543 MB with
DEBUG 2026-06-07 22:55:52 ort/utils.py:65 [CLIENT] Observation Sent 922139/922139 bytes with state 3
DEBUG 2026-06-07 22:55:52 ort/utils.py:67 [CLIENT] Observation Published 0.879420280456543 MB
DEBUG 2026-06-07 22:55:52 t_client.py:208 Sent observation #0 | 
DEBUG 2026-06-07 22:55:52 t_client.py:418 QUEUE SIZE: 0 (Must go: False)
DEBUG 2026-06-07 22:55:52 t_client.py:461 Control loop (ms): 3.11
DEBUG 2026-06-07 22:55:52 t_client.py:197 Observation serialization time: 0.003825s
DEBUG 2026-06-07 22:55:52 ort/utils.py:50 [CLIENT] Observation Buffer size 0.879420280456543 MB with
DEBUG 2026-06-07 22:55:52 ort/utils.py:65 [CLIENT] Observation Sent 922139/922139 bytes with state 3
DEBUG 2026-06-07 22:55:52 ort/utils.py:67 [CLIENT] Observation Published 0.879420280456543 MB
DEBUG 2026-06-07 22:55:52 t_client.py:208 Sent observation #0 | 
DEBUG 2026-06-07 22:55:52 t_client.py:418 QUEUE SIZE: 0 (Must go: False)
DEBUG 2026-06-07 22:55:52 t_client.py:461 Control loop (ms): 5.64
DEBUG 2026-06-07 22:55:52 t_client.py:197 Observation serialization time: 0.002230s
DEBUG 2026-06-07 22:55:52 ort/utils.py:50 [CLIENT] Observation Buffer size 0.879420280456543 MB with
DEBUG 2026-06-07 22:55:52 ort/utils.py:65 [CLIENT] Observation Sent 922139/922139 bytes with state 3
DEBUG 2026-06-07 22:55:52 ort/utils.py:67 [CLIENT] Observation Published 0.879420280456543 MB
DEBUG 2026-06-07 22:55:52 t_client.py:208 Sent observation #0 | 
DEBUG 2026-06-07 22:55:52 t_client.py:418 QUEUE SIZE: 0 (Must go: False)
DEBUG 2026-06-07 22:55:52 t_client.py:461 Control loop (ms): 5.04
DEBUG 2026-06-07 22:55:52 t_client.py:197 Observation serialization time: 0.002274s
DEBUG 2026-06-07 22:55:52 ort/utils.py:50 [CLIENT] Observation Buffer size 0.879420280456543 MB with
DEBUG 2026-06-07 22:55:52 ort/utils.py:65 [CLIENT] Observation Sent 922139/922139 bytes with state 3
DEBUG 2026-06-07 22:55:52 ort/utils.py:67 [CLIENT] Observation Published 0.879420280456543 MB
DEBUG 2026-06-07 22:55:52 t_client.py:208 Sent observation #0 | 
DEBUG 2026-06-07 22:55:52 t_client.py:418 QUEUE SIZE: 0 (Must go: False)
DEBUG 2026-06-07 22:55:52 t_client.py:461 Control loop (ms): 3.79
DEBUG 2026-06-07 22:55:52 t_client.py:197 Observation serialization time: 0.002918s
DEBUG 2026-06-07 22:55:52 ort/utils.py:50 [CLIENT] Observation Buffer size 0.879420280456543 MB with
DEBUG 2026-06-07 22:55:52 ort/utils.py:65 [CLIENT] Observation Sent 922139/922139 bytes with state 3
DEBUG 2026-06-07 22:55:52 ort/utils.py:67 [CLIENT] Observation Published 0.879420280456543 MB
DEBUG 2026-06-07 22:55:52 t_client.py:208 Sent observation #0 | 
DEBUG 2026-06-07 22:55:52 t_client.py:418 QUEUE SIZE: 0 (Must go: False)
DEBUG 2026-06-07 22:55:52 t_client.py:461 Control loop (ms): 11.14
DEBUG 2026-06-07 22:55:52 t_client.py:197 Observation serialization time: 0.003270s
DEBUG 2026-06-07 22:55:52 ort/utils.py:50 [CLIENT] Observation Buffer size 0.879420280456543 MB with
DEBUG 2026-06-07 22:55:52 ort/utils.py:65 [CLIENT] Observation Sent 922139/922139 bytes with state 3
DEBUG 2026-06-07 22:55:52 ort/utils.py:67 [CLIENT] Observation Published 0.879420280456543 MB
DEBUG 2026-06-07 22:55:52 t_client.py:208 Sent observation #0 | 
DEBUG 2026-06-07 22:55:52 t_client.py:418 QUEUE SIZE: 0 (Must go: False)
DEBUG 2026-06-07 22:55:52 t_client.py:461 Control loop (ms): 4.80
DEBUG 2026-06-07 22:55:52 t_client.py:197 Observation serialization time: 0.002805s
DEBUG 2026-06-07 22:55:52 ort/utils.py:50 [CLIENT] Observation Buffer size 0.879420280456543 MB with
DEBUG 2026-06-07 22:55:52 ort/utils.py:65 [CLIENT] Observation Sent 922139/922139 bytes with state 3
DEBUG 2026-06-07 22:55:52 ort/utils.py:67 [CLIENT] Observation Published 0.879420280456543 MB
DEBUG 2026-06-07 22:55:52 t_client.py:208 Sent observation #0 | 
DEBUG 2026-06-07 22:55:52 t_client.py:418 QUEUE SIZE: 0 (Must go: False)
DEBUG 2026-06-07 22:55:52 t_client.py:461 Control loop (ms): 4.11
DEBUG 2026-06-07 22:55:52 t_client.py:197 Observation serialization time: 0.002166s
DEBUG 2026-06-07 22:55:52 ort/utils.py:50 [CLIENT] Observation Buffer size 0.879420280456543 MB with
DEBUG 2026-06-07 22:55:52 ort/utils.py:65 [CLIENT] Observation Sent 922139/922139 bytes with state 3
DEBUG 2026-06-07 22:55:52 ort/utils.py:67 [CLIENT] Observation Published 0.879420280456543 MB
DEBUG 2026-06-07 22:55:52 t_client.py:208 Sent observation #0 | 
DEBUG 2026-06-07 22:55:52 t_client.py:418 QUEUE SIZE: 0 (Must go: False)
DEBUG 2026-06-07 22:55:52 t_client.py:461 Control loop (ms): 4.97
DEBUG 2026-06-07 22:55:52 t_client.py:197 Observation serialization time: 0.002474s
DEBUG 2026-06-07 22:55:52 ort/utils.py:50 [CLIENT] Observation Buffer size 0.879420280456543 MB with
DEBUG 2026-06-07 22:55:52 ort/utils.py:65 [CLIENT] Observation Sent 922139/922139 bytes with state 3
DEBUG 2026-06-07 22:55:52 ort/utils.py:67 [CLIENT] Observation Published 0.879420280456543 MB
DEBUG 2026-06-07 22:55:52 t_client.py:208 Sent observation #0 | 
DEBUG 2026-06-07 22:55:52 t_client.py:418 QUEUE SIZE: 0 (Must go: False)
DEBUG 2026-06-07 22:55:52 t_client.py:461 Control loop (ms): 3.90
DEBUG 2026-06-07 22:55:52 t_client.py:197 Observation serialization time: 0.003866s
DEBUG 2026-06-07 22:55:52 ort/utils.py:50 [CLIENT] Observation Buffer size 0.879420280456543 MB with
DEBUG 2026-06-07 22:55:52 ort/utils.py:65 [CLIENT] Observation Sent 922139/922139 bytes with state 3
DEBUG 2026-06-07 22:55:52 ort/utils.py:67 [CLIENT] Observation Published 0.879420280456543 MB
DEBUG 2026-06-07 22:55:52 t_client.py:208 Sent observation #0 | 
DEBUG 2026-06-07 22:55:52 t_client.py:418 QUEUE SIZE: 0 (Must go: False)
DEBUG 2026-06-07 22:55:52 t_client.py:461 Control loop (ms): 5.67
DEBUG 2026-06-07 22:55:52 t_client.py:197 Observation serialization time: 0.001954s
DEBUG 2026-06-07 22:55:52 ort/utils.py:50 [CLIENT] Observation Buffer size 0.879420280456543 MB with
DEBUG 2026-06-07 22:55:52 ort/utils.py:65 [CLIENT] Observation Sent 922139/922139 bytes with state 3
DEBUG 2026-06-07 22:55:52 ort/utils.py:67 [CLIENT] Observation Published 0.879420280456543 MB
DEBUG 2026-06-07 22:55:52 t_client.py:208 Sent observation #0 | 
DEBUG 2026-06-07 22:55:52 t_client.py:418 QUEUE SIZE: 0 (Must go: False)
DEBUG 2026-06-07 22:55:52 t_client.py:461 Control loop (ms): 2.95
DEBUG 2026-06-07 22:55:52 t_client.py:197 Observation serialization time: 0.002249s
DEBUG 2026-06-07 22:55:52 ort/utils.py:50 [CLIENT] Observation Buffer size 0.879420280456543 MB with
DEBUG 2026-06-07 22:55:52 ort/utils.py:65 [CLIENT] Observation Sent 922139/922139 bytes with state 3
DEBUG 2026-06-07 22:55:52 ort/utils.py:67 [CLIENT] Observation Published 0.879420280456543 MB
DEBUG 2026-06-07 22:55:52 t_client.py:208 Sent observation #0 | 
DEBUG 2026-06-07 22:55:52 t_client.py:418 QUEUE SIZE: 0 (Must go: False)
DEBUG 2026-06-07 22:55:52 t_client.py:461 Control loop (ms): 4.84
DEBUG 2026-06-07 22:55:52 t_client.py:197 Observation serialization time: 0.002883s
DEBUG 2026-06-07 22:55:52 ort/utils.py:50 [CLIENT] Observation Buffer size 0.879420280456543 MB with
DEBUG 2026-06-07 22:55:52 ort/utils.py:65 [CLIENT] Observation Sent 922139/922139 bytes with state 3
DEBUG 2026-06-07 22:55:52 ort/utils.py:67 [CLIENT] Observation Published 0.879420280456543 MB
DEBUG 2026-06-07 22:55:52 t_client.py:208 Sent observation #0 | 
DEBUG 2026-06-07 22:55:52 t_client.py:418 QUEUE SIZE: 0 (Must go: False)
DEBUG 2026-06-07 22:55:52 t_client.py:461 Control loop (ms): 5.23
DEBUG 2026-06-07 22:55:52 t_client.py:197 Observation serialization time: 0.001912s
DEBUG 2026-06-07 22:55:52 ort/utils.py:50 [CLIENT] Observation Buffer size 0.879420280456543 MB with
DEBUG 2026-06-07 22:55:52 ort/utils.py:65 [CLIENT] Observation Sent 922139/922139 bytes with state 3
DEBUG 2026-06-07 22:55:52 ort/utils.py:67 [CLIENT] Observation Published 0.879420280456543 MB
DEBUG 2026-06-07 22:55:52 t_client.py:208 Sent observation #0 | 
DEBUG 2026-06-07 22:55:52 t_client.py:418 QUEUE SIZE: 0 (Must go: False)
DEBUG 2026-06-07 22:55:52 t_client.py:461 Control loop (ms): 3.01
DEBUG 2026-06-07 22:55:52 t_client.py:197 Observation serialization time: 0.003736s
DEBUG 2026-06-07 22:55:52 ort/utils.py:50 [CLIENT] Observation Buffer size 0.879420280456543 MB with
DEBUG 2026-06-07 22:55:52 ort/utils.py:65 [CLIENT] Observation Sent 922139/922139 bytes with state 3
DEBUG 2026-06-07 22:55:52 ort/utils.py:67 [CLIENT] Observation Published 0.879420280456543 MB
DEBUG 2026-06-07 22:55:52 t_client.py:208 Sent observation #0 | 
DEBUG 2026-06-07 22:55:52 t_client.py:418 QUEUE SIZE: 0 (Must go: False)
DEBUG 2026-06-07 22:55:52 t_client.py:461 Control loop (ms): 6.25
DEBUG 2026-06-07 22:55:52 t_client.py:197 Observation serialization time: 0.002780s
DEBUG 2026-06-07 22:55:52 ort/utils.py:50 [CLIENT] Observation Buffer size 0.879420280456543 MB with
DEBUG 2026-06-07 22:55:52 ort/utils.py:65 [CLIENT] Observation Sent 922139/922139 bytes with state 3
DEBUG 2026-06-07 22:55:52 ort/utils.py:67 [CLIENT] Observation Published 0.879420280456543 MB
DEBUG 2026-06-07 22:55:52 t_client.py:208 Sent observation #0 | 
DEBUG 2026-06-07 22:55:52 t_client.py:418 QUEUE SIZE: 0 (Must go: False)
DEBUG 2026-06-07 22:55:52 t_client.py:461 Control loop (ms): 3.71
DEBUG 2026-06-07 22:55:52 t_client.py:197 Observation serialization time: 0.005333s
DEBUG 2026-06-07 22:55:52 ort/utils.py:50 [CLIENT] Observation Buffer size 0.879420280456543 MB with
DEBUG 2026-06-07 22:55:52 ort/utils.py:65 [CLIENT] Observation Sent 922139/922139 bytes with state 3
DEBUG 2026-06-07 22:55:52 ort/utils.py:67 [CLIENT] Observation Published 0.879420280456543 MB
DEBUG 2026-06-07 22:55:52 t_client.py:208 Sent observation #0 | 
DEBUG 2026-06-07 22:55:52 t_client.py:418 QUEUE SIZE: 0 (Must go: False)
DEBUG 2026-06-07 22:55:52 t_client.py:461 Control loop (ms): 8.67
DEBUG 2026-06-07 22:55:52 t_client.py:197 Observation serialization time: 0.004429s
DEBUG 2026-06-07 22:55:52 ort/utils.py:50 [CLIENT] Observation Buffer size 0.879420280456543 MB with
DEBUG 2026-06-07 22:55:52 ort/utils.py:65 [CLIENT] Observation Sent 922139/922139 bytes with state 3
DEBUG 2026-06-07 22:55:52 ort/utils.py:67 [CLIENT] Observation Published 0.879420280456543 MB
DEBUG 2026-06-07 22:55:52 t_client.py:208 Sent observation #0 | 
DEBUG 2026-06-07 22:55:52 t_client.py:418 QUEUE SIZE: 0 (Must go: False)
DEBUG 2026-06-07 22:55:52 t_client.py:461 Control loop (ms): 10.25
DEBUG 2026-06-07 22:55:52 t_client.py:197 Observation serialization time: 0.003158s
DEBUG 2026-06-07 22:55:52 ort/utils.py:50 [CLIENT] Observation Buffer size 0.879420280456543 MB with
DEBUG 2026-06-07 22:55:52 ort/utils.py:65 [CLIENT] Observation Sent 922139/922139 bytes with state 3
DEBUG 2026-06-07 22:55:52 ort/utils.py:67 [CLIENT] Observation Published 0.879420280456543 MB
DEBUG 2026-06-07 22:55:52 t_client.py:208 Sent observation #0 | 
DEBUG 2026-06-07 22:55:52 t_client.py:418 QUEUE SIZE: 0 (Must go: False)
DEBUG 2026-06-07 22:55:52 t_client.py:461 Control loop (ms): 5.13
DEBUG 2026-06-07 22:55:52 t_client.py:197 Observation serialization time: 0.003701s
DEBUG 2026-06-07 22:55:52 ort/utils.py:50 [CLIENT] Observation Buffer size 0.879420280456543 MB with
DEBUG 2026-06-07 22:55:52 ort/utils.py:65 [CLIENT] Observation Sent 922139/922139 bytes with state 3
DEBUG 2026-06-07 22:55:52 ort/utils.py:67 [CLIENT] Observation Published 0.879420280456543 MB
DEBUG 2026-06-07 22:55:52 t_client.py:208 Sent observation #0 | 
DEBUG 2026-06-07 22:55:52 t_client.py:418 QUEUE SIZE: 0 (Must go: False)
DEBUG 2026-06-07 22:55:52 t_client.py:461 Control loop (ms): 5.79
DEBUG 2026-06-07 22:55:52 t_client.py:197 Observation serialization time: 0.002149s
DEBUG 2026-06-07 22:55:52 ort/utils.py:50 [CLIENT] Observation Buffer size 0.879420280456543 MB with
DEBUG 2026-06-07 22:55:52 ort/utils.py:65 [CLIENT] Observation Sent 922139/922139 bytes with state 3
DEBUG 2026-06-07 22:55:52 ort/utils.py:67 [CLIENT] Observation Published 0.879420280456543 MB
DEBUG 2026-06-07 22:55:52 t_client.py:208 Sent observation #0 | 
DEBUG 2026-06-07 22:55:52 t_client.py:418 QUEUE SIZE: 0 (Must go: False)
DEBUG 2026-06-07 22:55:52 t_client.py:461 Control loop (ms): 3.50
DEBUG 2026-06-07 22:55:52 t_client.py:197 Observation serialization time: 0.002388s
DEBUG 2026-06-07 22:55:52 ort/utils.py:50 [CLIENT] Observation Buffer size 0.879420280456543 MB with
DEBUG 2026-06-07 22:55:52 ort/utils.py:65 [CLIENT] Observation Sent 922139/922139 bytes with state 3
DEBUG 2026-06-07 22:55:52 ort/utils.py:67 [CLIENT] Observation Published 0.879420280456543 MB
DEBUG 2026-06-07 22:55:52 t_client.py:208 Sent observation #0 | 
DEBUG 2026-06-07 22:55:52 t_client.py:418 QUEUE SIZE: 0 (Must go: False)
DEBUG 2026-06-07 22:55:52 t_client.py:461 Control loop (ms): 4.06
DEBUG 2026-06-07 22:55:52 t_client.py:197 Observation serialization time: 0.005446s
DEBUG 2026-06-07 22:55:52 ort/utils.py:50 [CLIENT] Observation Buffer size 0.879420280456543 MB with
DEBUG 2026-06-07 22:55:52 ort/utils.py:65 [CLIENT] Observation Sent 922139/922139 bytes with state 3
DEBUG 2026-06-07 22:55:52 ort/utils.py:67 [CLIENT] Observation Published 0.879420280456543 MB
DEBUG 2026-06-07 22:55:52 t_client.py:208 Sent observation #0 | 
DEBUG 2026-06-07 22:55:52 t_client.py:418 QUEUE SIZE: 0 (Must go: False)
DEBUG 2026-06-07 22:55:52 t_client.py:461 Control loop (ms): 7.25
DEBUG 2026-06-07 22:55:52 t_client.py:197 Observation serialization time: 0.002070s
DEBUG 2026-06-07 22:55:52 ort/utils.py:50 [CLIENT] Observation Buffer size 0.879420280456543 MB with
DEBUG 2026-06-07 22:55:52 ort/utils.py:65 [CLIENT] Observation Sent 922139/922139 bytes with state 3
DEBUG 2026-06-07 22:55:52 ort/utils.py:67 [CLIENT] Observation Published 0.879420280456543 MB
DEBUG 2026-06-07 22:55:52 t_client.py:208 Sent observation #0 | 
DEBUG 2026-06-07 22:55:52 t_client.py:418 QUEUE SIZE: 0 (Must go: False)
DEBUG 2026-06-07 22:55:52 t_client.py:461 Control loop (ms): 3.00
DEBUG 2026-06-07 22:55:52 t_client.py:197 Observation serialization time: 0.003528s
DEBUG 2026-06-07 22:55:52 ort/utils.py:50 [CLIENT] Observation Buffer size 0.879420280456543 MB with
DEBUG 2026-06-07 22:55:52 ort/utils.py:65 [CLIENT] Observation Sent 922139/922139 bytes with state 3
DEBUG 2026-06-07 22:55:52 ort/utils.py:67 [CLIENT] Observation Published 0.879420280456543 MB
DEBUG 2026-06-07 22:55:52 t_client.py:208 Sent observation #0 | 
DEBUG 2026-06-07 22:55:52 t_client.py:418 QUEUE SIZE: 0 (Must go: False)
DEBUG 2026-06-07 22:55:52 t_client.py:461 Control loop (ms): 20.39
DEBUG 2026-06-07 22:55:52 t_client.py:197 Observation serialization time: 0.001922s
DEBUG 2026-06-07 22:55:52 ort/utils.py:50 [CLIENT] Observation Buffer size 0.879420280456543 MB with
DEBUG 2026-06-07 22:55:52 ort/utils.py:65 [CLIENT] Observation Sent 922139/922139 bytes with state 3
DEBUG 2026-06-07 22:55:52 ort/utils.py:67 [CLIENT] Observation Published 0.879420280456543 MB
DEBUG 2026-06-07 22:55:52 t_client.py:208 Sent observation #0 | 
DEBUG 2026-06-07 22:55:52 t_client.py:418 QUEUE SIZE: 0 (Must go: False)
DEBUG 2026-06-07 22:55:52 t_client.py:461 Control loop (ms): 4.54
DEBUG 2026-06-07 22:55:52 t_client.py:197 Observation serialization time: 0.001939s
DEBUG 2026-06-07 22:55:52 ort/utils.py:50 [CLIENT] Observation Buffer size 0.879420280456543 MB with
DEBUG 2026-06-07 22:55:52 ort/utils.py:65 [CLIENT] Observation Sent 922139/922139 bytes with state 3
DEBUG 2026-06-07 22:55:52 ort/utils.py:67 [CLIENT] Observation Published 0.879420280456543 MB
DEBUG 2026-06-07 22:55:52 t_client.py:208 Sent observation #0 | 
DEBUG 2026-06-07 22:55:52 t_client.py:418 QUEUE SIZE: 0 (Must go: False)
DEBUG 2026-06-07 22:55:52 t_client.py:461 Control loop (ms): 129.55
DEBUG 2026-06-07 22:55:52 t_client.py:197 Observation serialization time: 0.002708s
DEBUG 2026-06-07 22:55:52 ort/utils.py:50 [CLIENT] Observation Buffer size 0.879420280456543 MB with
DEBUG 2026-06-07 22:55:52 ort/utils.py:65 [CLIENT] Observation Sent 922139/922139 bytes with state 3
DEBUG 2026-06-07 22:55:52 ort/utils.py:67 [CLIENT] Observation Published 0.879420280456543 MB
DEBUG 2026-06-07 22:55:52 t_client.py:208 Sent observation #0 | 
DEBUG 2026-06-07 22:55:52 t_client.py:418 QUEUE SIZE: 0 (Must go: False)
DEBUG 2026-06-07 22:55:52 t_client.py:461 Control loop (ms): 17.92
DEBUG 2026-06-07 22:55:52 t_client.py:197 Observation serialization time: 0.003764s
DEBUG 2026-06-07 22:55:52 ort/utils.py:50 [CLIENT] Observation Buffer size 0.879420280456543 MB with
DEBUG 2026-06-07 22:55:52 ort/utils.py:65 [CLIENT] Observation Sent 922139/922139 bytes with state 3
DEBUG 2026-06-07 22:55:52 t_client.py:208 Sent observation #0 | 
DEBUG 2026-06-07 22:55:52 ort/utils.py:67 [CLIENT] Observation Published 0.879420280456543 MB
DEBUG 2026-06-07 22:55:52 t_client.py:418 QUEUE SIZE: 0 (Must go: False)
DEBUG 2026-06-07 22:55:52 t_client.py:461 Control loop (ms): 32.66
DEBUG 2026-06-07 22:55:52 t_client.py:461 Control loop (ms): 1.07
DEBUG 2026-06-07 22:55:52 t_client.py:461 Control loop (ms): 0.24
DEBUG 2026-06-07 22:55:52 t_client.py:461 Control loop (ms): 0.29
DEBUG 2026-06-07 22:55:52 t_client.py:461 Control loop (ms): 0.20
DEBUG 2026-06-07 22:55:52 t_client.py:461 Control loop (ms): 19.93
DEBUG 2026-06-07 22:55:52 t_client.py:461 Control loop (ms): 9.89
DEBUG 2026-06-07 22:55:52 t_client.py:461 Control loop (ms): 0.16
DEBUG 2026-06-07 22:55:52 t_client.py:461 Control loop (ms): 0.26
DEBUG 2026-06-07 22:55:52 t_client.py:461 Control loop (ms): 0.21
DEBUG 2026-06-07 22:55:52 t_client.py:461 Control loop (ms): 0.25
DEBUG 2026-06-07 22:55:52 t_client.py:461 Control loop (ms): 0.32
DEBUG 2026-06-07 22:55:52 t_client.py:461 Control loop (ms): 0.23
DEBUG 2026-06-07 22:55:52 t_client.py:461 Control loop (ms): 0.21
DEBUG 2026-06-07 22:55:52 t_client.py:461 Control loop (ms): 0.33
DEBUG 2026-06-07 22:55:52 t_client.py:461 Control loop (ms): 0.21
DEBUG 2026-06-07 22:55:52 t_client.py:461 Control loop (ms): 0.15
DEBUG 2026-06-07 22:55:52 t_client.py:461 Control loop (ms): 0.25
DEBUG 2026-06-07 22:55:52 t_client.py:461 Control loop (ms): 0.20
DEBUG 2026-06-07 22:55:52 t_client.py:461 Control loop (ms): 0.19
DEBUG 2026-06-07 22:55:52 t_client.py:461 Control loop (ms): 0.25
DEBUG 2026-06-07 22:55:52 t_client.py:461 Control loop (ms): 0.24
DEBUG 2026-06-07 22:55:52 t_client.py:461 Control loop (ms): 0.21
DEBUG 2026-06-07 22:55:52 t_client.py:461 Control loop (ms): 0.25
DEBUG 2026-06-07 22:55:52 t_client.py:461 Control loop (ms): 0.20
DEBUG 2026-06-07 22:55:52 t_client.py:461 Control loop (ms): 0.20
DEBUG 2026-06-07 22:55:52 t_client.py:461 Control loop (ms): 0.24
DEBUG 2026-06-07 22:55:52 t_client.py:461 Control loop (ms): 0.25
DEBUG 2026-06-07 22:55:52 t_client.py:197 Observation serialization time: 0.002041s
DEBUG 2026-06-07 22:55:52 ort/utils.py:50 [CLIENT] Observation Buffer size 0.879420280456543 MB with
DEBUG 2026-06-07 22:55:52 ort/utils.py:65 [CLIENT] Observation Sent 922139/922139 bytes with state 3
DEBUG 2026-06-07 22:55:52 ort/utils.py:67 [CLIENT] Observation Published 0.879420280456543 MB
DEBUG 2026-06-07 22:55:52 t_client.py:208 Sent observation #24 | 
DEBUG 2026-06-07 22:55:52 t_client.py:418 QUEUE SIZE: 25 (Must go: False)
DEBUG 2026-06-07 22:55:52 t_client.py:461 Control loop (ms): 4.31
DEBUG 2026-06-07 22:55:52 t_client.py:197 Observation serialization time: 0.002539s
DEBUG 2026-06-07 22:55:52 ort/utils.py:50 [CLIENT] Observation Buffer size 0.879420280456543 MB with
DEBUG 2026-06-07 22:55:52 ort/utils.py:65 [CLIENT] Observation Sent 922139/922139 bytes with state 3
DEBUG 2026-06-07 22:55:52 ort/utils.py:67 [CLIENT] Observation Published 0.879420280456543 MB
DEBUG 2026-06-07 22:55:52 t_client.py:208 Sent observation #25 | 
DEBUG 2026-06-07 22:55:52 t_client.py:418 QUEUE SIZE: 24 (Must go: False)
DEBUG 2026-06-07 22:55:52 t_client.py:461 Control loop (ms): 5.77
DEBUG 2026-06-07 22:55:52 t_client.py:197 Observation serialization time: 0.003359s
DEBUG 2026-06-07 22:55:52 ort/utils.py:50 [CLIENT] Observation Buffer size 0.879420280456543 MB with
DEBUG 2026-06-07 22:55:52 ort/utils.py:65 [CLIENT] Observation Sent 922139/922139 bytes with state 3
DEBUG 2026-06-07 22:55:52 ort/utils.py:67 [CLIENT] Observation Published 0.879420280456543 MB
DEBUG 2026-06-07 22:55:52 t_client.py:208 Sent observation #26 | 
DEBUG 2026-06-07 22:55:52 t_client.py:418 QUEUE SIZE: 23 (Must go: False)
DEBUG 2026-06-07 22:55:52 t_client.py:461 Control loop (ms): 6.29
DEBUG 2026-06-07 22:55:52 t_client.py:197 Observation serialization time: 0.002338s
DEBUG 2026-06-07 22:55:52 ort/utils.py:50 [CLIENT] Observation Buffer size 0.879420280456543 MB with
DEBUG 2026-06-07 22:55:52 ort/utils.py:65 [CLIENT] Observation Sent 922139/922139 bytes with state 3
DEBUG 2026-06-07 22:55:52 ort/utils.py:67 [CLIENT] Observation Published 0.879420280456543 MB
DEBUG 2026-06-07 22:55:52 t_client.py:208 Sent observation #27 | 
DEBUG 2026-06-07 22:55:52 t_client.py:418 QUEUE SIZE: 22 (Must go: False)
DEBUG 2026-06-07 22:55:52 t_client.py:461 Control loop (ms): 6.04
DEBUG 2026-06-07 22:55:52 t_client.py:197 Observation serialization time: 0.003213s
DEBUG 2026-06-07 22:55:52 ort/utils.py:50 [CLIENT] Observation Buffer size 0.879420280456543 MB with
DEBUG 2026-06-07 22:55:52 ort/utils.py:65 [CLIENT] Observation Sent 922139/922139 bytes with state 3
DEBUG 2026-06-07 22:55:52 ort/utils.py:67 [CLIENT] Observation Published 0.879420280456543 MB
DEBUG 2026-06-07 22:55:52 t_client.py:208 Sent observation #28 | 
DEBUG 2026-06-07 22:55:52 t_client.py:418 QUEUE SIZE: 21 (Must go: False)
DEBUG 2026-06-07 22:55:52 t_client.py:461 Control loop (ms): 20.08
DEBUG 2026-06-07 22:55:52 t_client.py:461 Control loop (ms): 13.46
DEBUG 2026-06-07 22:55:52 t_client.py:461 Control loop (ms): 0.23
DEBUG 2026-06-07 22:55:52 t_client.py:461 Control loop (ms): 0.29
DEBUG 2026-06-07 22:55:52 t_client.py:461 Control loop (ms): 0.27
DEBUG 2026-06-07 22:55:52 t_client.py:461 Control loop (ms): 0.25
DEBUG 2026-06-07 22:55:52 t_client.py:461 Control loop (ms): 13.13
DEBUG 2026-06-07 22:55:52 t_client.py:461 Control loop (ms): 0.38
DEBUG 2026-06-07 22:55:52 t_client.py:461 Control loop (ms): 0.31
DEBUG 2026-06-07 22:55:52 t_client.py:461 Control loop (ms): 0.24
DEBUG 2026-06-07 22:55:52 t_client.py:461 Control loop (ms): 0.35
DEBUG 2026-06-07 22:55:52 t_client.py:461 Control loop (ms): 0.41
DEBUG 2026-06-07 22:55:52 t_client.py:461 Control loop (ms): 0.25
DEBUG 2026-06-07 22:55:52 t_client.py:461 Control loop (ms): 0.19
DEBUG 2026-06-07 22:55:52 t_client.py:461 Control loop (ms): 0.20
DEBUG 2026-06-07 22:55:52 t_client.py:461 Control loop (ms): 0.26
DEBUG 2026-06-07 22:55:52 t_client.py:461 Control loop (ms): 0.25
DEBUG 2026-06-07 22:55:53 t_client.py:461 Control loop (ms): 0.26
DEBUG 2026-06-07 22:55:53 t_client.py:461 Control loop (ms): 0.24
DEBUG 2026-06-07 22:55:53 t_client.py:461 Control loop (ms): 0.20
DEBUG 2026-06-07 22:55:53 t_client.py:461 Control loop (ms): 0.24
DEBUG 2026-06-07 22:55:53 t_client.py:461 Control loop (ms): 0.24
DEBUG 2026-06-07 22:55:53 t_client.py:461 Control loop (ms): 0.22
DEBUG 2026-06-07 22:55:53 t_client.py:461 Control loop (ms): 0.21
DEBUG 2026-06-07 22:55:53 t_client.py:461 Control loop (ms): 0.24
DEBUG 2026-06-07 22:55:53 t_client.py:197 Observation serialization time: 0.002448s
DEBUG 2026-06-07 22:55:53 ort/utils.py:50 [CLIENT] Observation Buffer size 0.879420280456543 MB with
DEBUG 2026-06-07 22:55:53 ort/utils.py:65 [CLIENT] Observation Sent 922139/922139 bytes with state 3
DEBUG 2026-06-07 22:55:53 ort/utils.py:67 [CLIENT] Observation Published 0.879420280456543 MB
DEBUG 2026-06-07 22:55:53 t_client.py:208 Sent observation #52 | 
DEBUG 2026-06-07 22:55:53 t_client.py:418 QUEUE SIZE: 25 (Must go: False)
DEBUG 2026-06-07 22:55:53 t_client.py:461 Control loop (ms): 4.36
DEBUG 2026-06-07 22:55:53 t_client.py:197 Observation serialization time: 0.002038s
DEBUG 2026-06-07 22:55:53 ort/utils.py:50 [CLIENT] Observation Buffer size 0.879420280456543 MB with
DEBUG 2026-06-07 22:55:53 ort/utils.py:65 [CLIENT] Observation Sent 922139/922139 bytes with state 3
DEBUG 2026-06-07 22:55:53 ort/utils.py:67 [CLIENT] Observation Published 0.879420280456543 MB
DEBUG 2026-06-07 22:55:53 t_client.py:208 Sent observation #53 | 
DEBUG 2026-06-07 22:55:53 t_client.py:418 QUEUE SIZE: 24 (Must go: False)
DEBUG 2026-06-07 22:55:53 t_client.py:461 Control loop (ms): 19.13
DEBUG 2026-06-07 22:55:53 t_client.py:461 Control loop (ms): 6.50
DEBUG 2026-06-07 22:55:53 t_client.py:461 Control loop (ms): 0.26
DEBUG 2026-06-07 22:55:53 t_client.py:461 Control loop (ms): 0.30
DEBUG 2026-06-07 22:55:53 t_client.py:461 Control loop (ms): 0.24
DEBUG 2026-06-07 22:55:53 t_client.py:461 Control loop (ms): 18.61
DEBUG 2026-06-07 22:55:53 t_client.py:461 Control loop (ms): 0.60
DEBUG 2026-06-07 22:55:53 t_client.py:461 Control loop (ms): 0.76
DEBUG 2026-06-07 22:55:53 t_client.py:461 Control loop (ms): 0.31
DEBUG 2026-06-07 22:55:53 t_client.py:461 Control loop (ms): 2.40
DEBUG 2026-06-07 22:55:53 t_client.py:461 Control loop (ms): 0.23
DEBUG 2026-06-07 22:55:53 t_client.py:461 Control loop (ms): 0.73
DEBUG 2026-06-07 22:55:53 t_client.py:461 Control loop (ms): 0.26
DEBUG 2026-06-07 22:55:53 t_client.py:461 Control loop (ms): 0.23
DEBUG 2026-06-07 22:55:53 t_client.py:461 Control loop (ms): 0.27
DEBUG 2026-06-07 22:55:53 t_client.py:461 Control loop (ms): 0.32
DEBUG 2026-06-07 22:55:53 t_client.py:461 Control loop (ms): 0.22
DEBUG 2026-06-07 22:55:53 t_client.py:461 Control loop (ms): 0.32
DEBUG 2026-06-07 22:55:53 t_client.py:461 Control loop (ms): 0.25
DEBUG 2026-06-07 22:55:53 t_client.py:461 Control loop (ms): 0.20
DEBUG 2026-06-07 22:55:53 t_client.py:461 Control loop (ms): 0.20
DEBUG 2026-06-07 22:55:53 t_client.py:461 Control loop (ms): 0.25
DEBUG 2026-06-07 22:55:53 t_client.py:461 Control loop (ms): 0.20
DEBUG 2026-06-07 22:55:53 t_client.py:461 Control loop (ms): 0.20
DEBUG 2026-06-07 22:55:53 t_client.py:461 Control loop (ms): 0.28
DEBUG 2026-06-07 22:55:53 t_client.py:197 Observation serialization time: 0.001851s
DEBUG 2026-06-07 22:55:53 ort/utils.py:50 [CLIENT] Observation Buffer size 0.879420280456543 MB with
DEBUG 2026-06-07 22:55:53 ort/utils.py:65 [CLIENT] Observation Sent 922139/922139 bytes with state 3
DEBUG 2026-06-07 22:55:53 ort/utils.py:67 [CLIENT] Observation Published 0.879420280456543 MB
DEBUG 2026-06-07 22:55:53 t_client.py:208 Sent observation #77 | 
DEBUG 2026-06-07 22:55:53 t_client.py:418 QUEUE SIZE: 25 (Must go: False)
DEBUG 2026-06-07 22:55:53 t_client.py:461 Control loop (ms): 3.67
DEBUG 2026-06-07 22:55:53 t_client.py:197 Observation serialization time: 0.003811s
DEBUG 2026-06-07 22:55:53 ort/utils.py:50 [CLIENT] Observation Buffer size 0.879420280456543 MB with
DEBUG 2026-06-07 22:55:53 ort/utils.py:65 [CLIENT] Observation Sent 922139/922139 bytes with state 3
DEBUG 2026-06-07 22:55:53 ort/utils.py:67 [CLIENT] Observation Published 0.879420280456543 MB
DEBUG 2026-06-07 22:55:53 t_client.py:208 Sent observation #78 | 
DEBUG 2026-06-07 22:55:53 t_client.py:418 QUEUE SIZE: 24 (Must go: False)
DEBUG 2026-06-07 22:55:53 t_client.py:461 Control loop (ms): 23.62
DEBUG 2026-06-07 22:55:53 t_client.py:197 Observation serialization time: 0.003789s
DEBUG 2026-06-07 22:55:53 ort/utils.py:50 [CLIENT] Observation Buffer size 0.879420280456543 MB with
DEBUG 2026-06-07 22:55:53 ort/utils.py:65 [CLIENT] Observation Sent 922139/922139 bytes with state 3
DEBUG 2026-06-07 22:55:53 ort/utils.py:67 [CLIENT] Observation Published 0.879420280456543 MB
DEBUG 2026-06-07 22:55:53 t_client.py:208 Sent observation #79 | 
DEBUG 2026-06-07 22:55:53 t_client.py:418 QUEUE SIZE: 23 (Must go: False)
DEBUG 2026-06-07 22:55:53 t_client.py:461 Control loop (ms): 8.03
DEBUG 2026-06-07 22:55:53 t_client.py:461 Control loop (ms): 0.38
DEBUG 2026-06-07 22:55:53 t_client.py:461 Control loop (ms): 0.27
DEBUG 2026-06-07 22:55:53 t_client.py:461 Control loop (ms): 0.22
DEBUG 2026-06-07 22:55:53 t_client.py:461 Control loop (ms): 0.29
DEBUG 2026-06-07 22:55:53 t_client.py:461 Control loop (ms): 2.73
DEBUG 2026-06-07 22:55:53 t_client.py:461 Control loop (ms): 0.22
DEBUG 2026-06-07 22:55:53 t_client.py:461 Control loop (ms): 0.19
DEBUG 2026-06-07 22:55:53 t_client.py:461 Control loop (ms): 0.25
DEBUG 2026-06-07 22:55:53 t_client.py:461 Control loop (ms): 0.24
DEBUG 2026-06-07 22:55:53 t_client.py:461 Control loop (ms): 0.21
DEBUG 2026-06-07 22:55:53 t_client.py:461 Control loop (ms): 0.24
DEBUG 2026-06-07 22:55:53 t_client.py:461 Control loop (ms): 0.24
DEBUG 2026-06-07 22:55:53 t_client.py:461 Control loop (ms): 0.21
DEBUG 2026-06-07 22:55:53 t_client.py:461 Control loop (ms): 0.24
DEBUG 2026-06-07 22:55:53 t_client.py:461 Control loop (ms): 0.20
DEBUG 2026-06-07 22:55:53 t_client.py:461 Control loop (ms): 0.21
DEBUG 2026-06-07 22:55:53 t_client.py:461 Control loop (ms): 0.19
DEBUG 2026-06-07 22:55:53 t_client.py:461 Control loop (ms): 0.25
DEBUG 2026-06-07 22:55:53 t_client.py:461 Control loop (ms): 0.22
DEBUG 2026-06-07 22:55:53 t_client.py:461 Control loop (ms): 0.22
DEBUG 2026-06-07 22:55:53 t_client.py:461 Control loop (ms): 0.26
DEBUG 2026-06-07 22:55:53 t_client.py:461 Control loop (ms): 0.29
DEBUG 2026-06-07 22:55:53 t_client.py:461 Control loop (ms): 0.20
DEBUG 2026-06-07 22:55:53 t_client.py:461 Control loop (ms): 0.25
DEBUG 2026-06-07 22:55:53 t_client.py:461 Control loop (ms): 0.20
DEBUG 2026-06-07 22:55:53 t_client.py:197 Observation serialization time: 0.001813s
DEBUG 2026-06-07 22:55:53 ort/utils.py:50 [CLIENT] Observation Buffer size 0.879420280456543 MB with
DEBUG 2026-06-07 22:55:53 ort/utils.py:65 [CLIENT] Observation Sent 922139/922139 bytes with state 3
DEBUG 2026-06-07 22:55:53 ort/utils.py:67 [CLIENT] Observation Published 0.879420280456543 MB
DEBUG 2026-06-07 22:55:53 t_client.py:208 Sent observation #103 | 
DEBUG 2026-06-07 22:55:53 t_client.py:418 QUEUE SIZE: 25 (Must go: False)
DEBUG 2026-06-07 22:55:53 t_client.py:461 Control loop (ms): 4.11
DEBUG 2026-06-07 22:55:53 t_client.py:197 Observation serialization time: 0.002437s
DEBUG 2026-06-07 22:55:53 ort/utils.py:50 [CLIENT] Observation Buffer size 0.879420280456543 MB with
DEBUG 2026-06-07 22:55:53 ort/utils.py:65 [CLIENT] Observation Sent 922139/922139 bytes with state 3
DEBUG 2026-06-07 22:55:53 ort/utils.py:67 [CLIENT] Observation Published 0.879420280456543 MB
DEBUG 2026-06-07 22:55:53 t_client.py:208 Sent observation #104 | 
DEBUG 2026-06-07 22:55:53 t_client.py:418 QUEUE SIZE: 24 (Must go: False)
DEBUG 2026-06-07 22:55:53 t_client.py:461 Control loop (ms): 13.88
DEBUG 2026-06-07 22:55:53 t_client.py:197 Observation serialization time: 0.003543s
DEBUG 2026-06-07 22:55:53 ort/utils.py:50 [CLIENT] Observation Buffer size 0.879420280456543 MB with
DEBUG 2026-06-07 22:55:53 ort/utils.py:65 [CLIENT] Observation Sent 922139/922139 bytes with state 3
DEBUG 2026-06-07 22:55:53 ort/utils.py:67 [CLIENT] Observation Published 0.879420280456543 MB
DEBUG 2026-06-07 22:55:53 t_client.py:208 Sent observation #105 | 
DEBUG 2026-06-07 22:55:53 t_client.py:418 QUEUE SIZE: 23 (Must go: False)
DEBUG 2026-06-07 22:55:53 t_client.py:461 Control loop (ms): 8.14
DEBUG 2026-06-07 22:55:53 t_client.py:461 Control loop (ms): 0.31
DEBUG 2026-06-07 22:55:53 t_client.py:461 Control loop (ms): 0.47
DEBUG 2026-06-07 22:55:53 t_client.py:461 Control loop (ms): 0.25
DEBUG 2026-06-07 22:55:53 t_client.py:461 Control loop (ms): 0.22
DEBUG 2026-06-07 22:55:53 t_client.py:461 Control loop (ms): 0.27
DEBUG 2026-06-07 22:55:53 t_client.py:461 Control loop (ms): 0.20
DEBUG 2026-06-07 22:55:53 t_client.py:461 Control loop (ms): 0.29
DEBUG 2026-06-07 22:55:53 t_client.py:461 Control loop (ms): 0.27
DEBUG 2026-06-07 22:55:53 t_client.py:461 Control loop (ms): 0.24
DEBUG 2026-06-07 22:55:53 t_client.py:461 Control loop (ms): 0.19
DEBUG 2026-06-07 22:55:53 t_client.py:461 Control loop (ms): 0.25
DEBUG 2026-06-07 22:55:53 t_client.py:461 Control loop (ms): 0.25
DEBUG 2026-06-07 22:55:53 t_client.py:461 Control loop (ms): 0.20
DEBUG 2026-06-07 22:55:53 t_client.py:461 Control loop (ms): 0.19
DEBUG 2026-06-07 22:55:53 t_client.py:461 Control loop (ms): 0.23
DEBUG 2026-06-07 22:55:53 t_client.py:461 Control loop (ms): 0.21
DEBUG 2026-06-07 22:55:53 t_client.py:461 Control loop (ms): 0.16
DEBUG 2026-06-07 22:55:53 t_client.py:461 Control loop (ms): 0.24
DEBUG 2026-06-07 22:55:53 t_client.py:461 Control loop (ms): 0.36
DEBUG 2026-06-07 22:55:53 t_client.py:461 Control loop (ms): 0.23
DEBUG 2026-06-07 22:55:53 t_client.py:461 Control loop (ms): 0.26
DEBUG 2026-06-07 22:55:53 t_client.py:461 Control loop (ms): 0.22
DEBUG 2026-06-07 22:55:53 t_client.py:461 Control loop (ms): 0.18
DEBUG 2026-06-07 22:55:53 t_client.py:197 Observation serialization time: 0.001881s
DEBUG 2026-06-07 22:55:53 ort/utils.py:50 [CLIENT] Observation Buffer size 0.879420280456543 MB with
DEBUG 2026-06-07 22:55:53 ort/utils.py:65 [CLIENT] Observation Sent 922139/922139 bytes with state 3
DEBUG 2026-06-07 22:55:53 ort/utils.py:67 [CLIENT] Observation Published 0.879420280456543 MB
DEBUG 2026-06-07 22:55:53 t_client.py:208 Sent observation #129 | 
DEBUG 2026-06-07 22:55:53 t_client.py:418 QUEUE SIZE: 25 (Must go: False)
DEBUG 2026-06-07 22:55:53 t_client.py:461 Control loop (ms): 4.40
DEBUG 2026-06-07 22:55:53 t_client.py:197 Observation serialization time: 0.004230s
DEBUG 2026-06-07 22:55:53 ort/utils.py:50 [CLIENT] Observation Buffer size 0.879420280456543 MB with
DEBUG 2026-06-07 22:55:53 ort/utils.py:65 [CLIENT] Observation Sent 922139/922139 bytes with state 3
DEBUG 2026-06-07 22:55:53 ort/utils.py:67 [CLIENT] Observation Published 0.879420280456543 MB
DEBUG 2026-06-07 22:55:53 t_client.py:208 Sent observation #130 | 
DEBUG 2026-06-07 22:55:53 t_client.py:418 QUEUE SIZE: 24 (Must go: False)
DEBUG 2026-06-07 22:55:53 t_client.py:461 Control loop (ms): 6.66
DEBUG 2026-06-07 22:55:53 t_client.py:197 Observation serialization time: 0.003754s
DEBUG 2026-06-07 22:55:53 ort/utils.py:50 [CLIENT] Observation Buffer size 0.879420280456543 MB with
DEBUG 2026-06-07 22:55:53 ort/utils.py:65 [CLIENT] Observation Sent 922139/922139 bytes with state 3
DEBUG 2026-06-07 22:55:53 ort/utils.py:67 [CLIENT] Observation Published 0.879420280456543 MB
DEBUG 2026-06-07 22:55:53 t_client.py:208 Sent observation #131 | 
DEBUG 2026-06-07 22:55:53 t_client.py:418 QUEUE SIZE: 23 (Must go: False)
DEBUG 2026-06-07 22:55:53 t_client.py:461 Control loop (ms): 5.56
DEBUG 2026-06-07 22:55:53 t_client.py:197 Observation serialization time: 0.002585s
DEBUG 2026-06-07 22:55:53 ort/utils.py:50 [CLIENT] Observation Buffer size 0.879420280456543 MB with
DEBUG 2026-06-07 22:55:53 ort/utils.py:65 [CLIENT] Observation Sent 922139/922139 bytes with state 3
DEBUG 2026-06-07 22:55:53 ort/utils.py:67 [CLIENT] Observation Published 0.879420280456543 MB
DEBUG 2026-06-07 22:55:53 t_client.py:208 Sent observation #132 | 
DEBUG 2026-06-07 22:55:53 t_client.py:418 QUEUE SIZE: 22 (Must go: False)
DEBUG 2026-06-07 22:55:53 t_client.py:461 Control loop (ms): 19.49
DEBUG 2026-06-07 22:55:53 t_client.py:197 Observation serialization time: 0.001942s
DEBUG 2026-06-07 22:55:53 ort/utils.py:50 [CLIENT] Observation Buffer size 0.879420280456543 MB with
DEBUG 2026-06-07 22:55:53 ort/utils.py:65 [CLIENT] Observation Sent 922139/922139 bytes with state 3
DEBUG 2026-06-07 22:55:53 ort/utils.py:67 [CLIENT] Observation Published 0.879420280456543 MB
DEBUG 2026-06-07 22:55:53 t_client.py:208 Sent observation #133 | 
DEBUG 2026-06-07 22:55:53 t_client.py:418 QUEUE SIZE: 21 (Must go: False)
DEBUG 2026-06-07 22:55:53 t_client.py:461 Control loop (ms): 5.37
DEBUG 2026-06-07 22:55:53 t_client.py:461 Control loop (ms): 0.25
DEBUG 2026-06-07 22:55:54 t_client.py:461 Control loop (ms): 0.34
DEBUG 2026-06-07 22:55:54 t_client.py:461 Control loop (ms): 0.44
DEBUG 2026-06-07 22:55:54 t_client.py:461 Control loop (ms): 1.08
DEBUG 2026-06-07 22:55:54 t_client.py:461 Control loop (ms): 8.71
DEBUG 2026-06-07 22:55:54 t_client.py:461 Control loop (ms): 0.18
DEBUG 2026-06-07 22:55:54 t_client.py:461 Control loop (ms): 0.22
DEBUG 2026-06-07 22:55:54 t_client.py:461 Control loop (ms): 0.37
DEBUG 2026-06-07 22:55:54 t_client.py:461 Control loop (ms): 0.22
DEBUG 2026-06-07 22:55:54 t_client.py:461 Control loop (ms): 0.23
DEBUG 2026-06-07 22:55:54 t_client.py:461 Control loop (ms): 0.24
DEBUG 2026-06-07 22:55:54 t_client.py:461 Control loop (ms): 0.21
DEBUG 2026-06-07 22:55:54 t_client.py:461 Control loop (ms): 0.18
DEBUG 2026-06-07 22:55:54 t_client.py:461 Control loop (ms): 0.26
DEBUG 2026-06-07 22:55:54 t_client.py:461 Control loop (ms): 0.21
DEBUG 2026-06-07 22:55:54 t_client.py:461 Control loop (ms): 0.17
DEBUG 2026-06-07 22:55:54 t_client.py:461 Control loop (ms): 0.24
DEBUG 2026-06-07 22:55:54 t_client.py:461 Control loop (ms): 0.19
DEBUG 2026-06-07 22:55:54 t_client.py:461 Control loop (ms): 0.20
DEBUG 2026-06-07 22:55:54 t_client.py:461 Control loop (ms): 0.24
DEBUG 2026-06-07 22:55:54 t_client.py:461 Control loop (ms): 0.20
DEBUG 2026-06-07 22:55:54 t_client.py:197 Observation serialization time: 0.005892s
DEBUG 2026-06-07 22:55:54 ort/utils.py:50 [CLIENT] Observation Buffer size 0.879420280456543 MB with
DEBUG 2026-06-07 22:55:54 ort/utils.py:65 [CLIENT] Observation Sent 922139/922139 bytes with state 3
DEBUG 2026-06-07 22:55:54 ort/utils.py:67 [CLIENT] Observation Published 0.879420280456543 MB
DEBUG 2026-06-07 22:55:54 t_client.py:208 Sent observation #155 | 
DEBUG 2026-06-07 22:55:54 t_client.py:418 QUEUE SIZE: 25 (Must go: False)
DEBUG 2026-06-07 22:55:54 t_client.py:461 Control loop (ms): 8.42
DEBUG 2026-06-07 22:55:54 t_client.py:197 Observation serialization time: 0.003781s
DEBUG 2026-06-07 22:55:54 ort/utils.py:50 [CLIENT] Observation Buffer size 0.879420280456543 MB with
DEBUG 2026-06-07 22:55:54 ort/utils.py:65 [CLIENT] Observation Sent 922139/922139 bytes with state 3
DEBUG 2026-06-07 22:55:54 ort/utils.py:67 [CLIENT] Observation Published 0.879420280456543 MB
DEBUG 2026-06-07 22:55:54 t_client.py:208 Sent observation #156 | 
DEBUG 2026-06-07 22:55:54 t_client.py:418 QUEUE SIZE: 24 (Must go: False)
DEBUG 2026-06-07 22:55:54 t_client.py:461 Control loop (ms): 6.28
DEBUG 2026-06-07 22:55:54 t_client.py:197 Observation serialization time: 0.003020s
DEBUG 2026-06-07 22:55:54 ort/utils.py:50 [CLIENT] Observation Buffer size 0.879420280456543 MB with
DEBUG 2026-06-07 22:55:54 ort/utils.py:65 [CLIENT] Observation Sent 922139/922139 bytes with state 3
DEBUG 2026-06-07 22:55:54 ort/utils.py:67 [CLIENT] Observation Published 0.879420280456543 MB
DEBUG 2026-06-07 22:55:54 t_client.py:208 Sent observation #157 | 
DEBUG 2026-06-07 22:55:54 t_client.py:418 QUEUE SIZE: 23 (Must go: False)
DEBUG 2026-06-07 22:55:54 t_client.py:461 Control loop (ms): 15.51
DEBUG 2026-06-07 22:55:54 t_client.py:461 Control loop (ms): 0.28
DEBUG 2026-06-07 22:55:54 t_client.py:461 Control loop (ms): 0.29
DEBUG 2026-06-07 22:55:54 t_client.py:461 Control loop (ms): 0.20
DEBUG 2026-06-07 22:55:54 t_client.py:461 Control loop (ms): 0.20
DEBUG 2026-06-07 22:55:54 t_client.py:461 Control loop (ms): 0.26
DEBUG 2026-06-07 22:55:54 t_client.py:461 Control loop (ms): 0.22
DEBUG 2026-06-07 22:55:54 t_client.py:461 Control loop (ms): 0.28
DEBUG 2026-06-07 22:55:54 t_client.py:461 Control loop (ms): 0.30
DEBUG 2026-06-07 22:55:54 t_client.py:461 Control loop (ms): 0.30
DEBUG 2026-06-07 22:55:54 t_client.py:461 Control loop (ms): 0.20
DEBUG 2026-06-07 22:55:54 t_client.py:461 Control loop (ms): 0.27
DEBUG 2026-06-07 22:55:54 t_client.py:461 Control loop (ms): 0.29
DEBUG 2026-06-07 22:55:54 t_client.py:461 Control loop (ms): 0.22
DEBUG 2026-06-07 22:55:54 t_client.py:461 Control loop (ms): 0.25
DEBUG 2026-06-07 22:55:54 t_client.py:461 Control loop (ms): 0.26
DEBUG 2026-06-07 22:55:54 t_client.py:461 Control loop (ms): 0.21
DEBUG 2026-06-07 22:55:54 t_client.py:461 Control loop (ms): 0.21
DEBUG 2026-06-07 22:55:54 t_client.py:461 Control loop (ms): 0.42
DEBUG 2026-06-07 22:55:54 t_client.py:461 Control loop (ms): 0.21
DEBUG 2026-06-07 22:55:54 t_client.py:461 Control loop (ms): 0.19
DEBUG 2026-06-07 22:55:54 t_client.py:461 Control loop (ms): 0.26
DEBUG 2026-06-07 22:55:54 t_client.py:197 Observation serialization time: 0.001790s
DEBUG 2026-06-07 22:55:54 ort/utils.py:50 [CLIENT] Observation Buffer size 0.879420280456543 MB with
DEBUG 2026-06-07 22:55:54 ort/utils.py:65 [CLIENT] Observation Sent 922139/922139 bytes with state 3
DEBUG 2026-06-07 22:55:54 ort/utils.py:67 [CLIENT] Observation Published 0.879420280456543 MB
DEBUG 2026-06-07 22:55:54 t_client.py:208 Sent observation #179 | 
DEBUG 2026-06-07 22:55:54 t_client.py:418 QUEUE SIZE: 25 (Must go: False)
DEBUG 2026-06-07 22:55:54 t_client.py:461 Control loop (ms): 3.95
DEBUG 2026-06-07 22:55:54 t_client.py:197 Observation serialization time: 0.002114s
DEBUG 2026-06-07 22:55:54 ort/utils.py:50 [CLIENT] Observation Buffer size 0.879420280456543 MB with
DEBUG 2026-06-07 22:55:54 ort/utils.py:65 [CLIENT] Observation Sent 922139/922139 bytes with state 3
DEBUG 2026-06-07 22:55:54 ort/utils.py:67 [CLIENT] Observation Published 0.879420280456543 MB
DEBUG 2026-06-07 22:55:54 t_client.py:208 Sent observation #180 | 
DEBUG 2026-06-07 22:55:54 t_client.py:418 QUEUE SIZE: 24 (Must go: False)
DEBUG 2026-06-07 22:55:54 t_client.py:461 Control loop (ms): 11.94
DEBUG 2026-06-07 22:55:54 t_client.py:197 Observation serialization time: 0.003146s
DEBUG 2026-06-07 22:55:54 ort/utils.py:50 [CLIENT] Observation Buffer size 0.879420280456543 MB with
DEBUG 2026-06-07 22:55:54 ort/utils.py:65 [CLIENT] Observation Sent 922139/922139 bytes with state 3
DEBUG 2026-06-07 22:55:54 ort/utils.py:67 [CLIENT] Observation Published 0.879420280456543 MB
DEBUG 2026-06-07 22:55:54 t_client.py:208 Sent observation #181 | 
DEBUG 2026-06-07 22:55:54 t_client.py:418 QUEUE SIZE: 23 (Must go: False)
DEBUG 2026-06-07 22:55:54 t_client.py:461 Control loop (ms): 24.38
DEBUG 2026-06-07 22:55:54 t_client.py:461 Control loop (ms): 0.50
DEBUG 2026-06-07 22:55:54 t_client.py:461 Control loop (ms): 0.27
DEBUG 2026-06-07 22:55:54 t_client.py:461 Control loop (ms): 0.20
DEBUG 2026-06-07 22:55:54 t_client.py:461 Control loop (ms): 0.21
DEBUG 2026-06-07 22:55:54 t_client.py:461 Control loop (ms): 0.19
DEBUG 2026-06-07 22:55:54 t_client.py:461 Control loop (ms): 0.20
DEBUG 2026-06-07 22:55:54 t_client.py:461 Control loop (ms): 0.19
DEBUG 2026-06-07 22:55:54 t_client.py:461 Control loop (ms): 0.25
DEBUG 2026-06-07 22:55:54 t_client.py:461 Control loop (ms): 0.18
DEBUG 2026-06-07 22:55:54 t_client.py:461 Control loop (ms): 0.18
DEBUG 2026-06-07 22:55:54 t_client.py:461 Control loop (ms): 0.27
DEBUG 2026-06-07 22:55:54 t_client.py:461 Control loop (ms): 0.20
DEBUG 2026-06-07 22:55:54 t_client.py:461 Control loop (ms): 0.22
DEBUG 2026-06-07 22:55:54 t_client.py:461 Control loop (ms): 0.26
DEBUG 2026-06-07 22:55:54 t_client.py:461 Control loop (ms): 0.17
DEBUG 2026-06-07 22:55:54 t_client.py:461 Control loop (ms): 0.18
DEBUG 2026-06-07 22:55:54 t_client.py:461 Control loop (ms): 0.21
DEBUG 2026-06-07 22:55:54 t_client.py:461 Control loop (ms): 0.20
DEBUG 2026-06-07 22:55:54 t_client.py:461 Control loop (ms): 0.20
DEBUG 2026-06-07 22:55:54 t_client.py:461 Control loop (ms): 0.40
DEBUG 2026-06-07 22:55:54 t_client.py:461 Control loop (ms): 0.29
DEBUG 2026-06-07 22:55:54 t_client.py:461 Control loop (ms): 0.21
DEBUG 2026-06-07 22:55:54 t_client.py:197 Observation serialization time: 0.001990s
DEBUG 2026-06-07 22:55:54 ort/utils.py:50 [CLIENT] Observation Buffer size 0.879420280456543 MB with
DEBUG 2026-06-07 22:55:54 ort/utils.py:65 [CLIENT] Observation Sent 922139/922139 bytes with state 3
DEBUG 2026-06-07 22:55:54 ort/utils.py:67 [CLIENT] Observation Published 0.879420280456543 MB
DEBUG 2026-06-07 22:55:54 t_client.py:208 Sent observation #203 | 
DEBUG 2026-06-07 22:55:54 t_client.py:418 QUEUE SIZE: 25 (Must go: False)
DEBUG 2026-06-07 22:55:54 t_client.py:461 Control loop (ms): 4.17
DEBUG 2026-06-07 22:55:54 t_client.py:197 Observation serialization time: 0.002129s
DEBUG 2026-06-07 22:55:54 ort/utils.py:50 [CLIENT] Observation Buffer size 0.879420280456543 MB with
DEBUG 2026-06-07 22:55:54 ort/utils.py:65 [CLIENT] Observation Sent 922139/922139 bytes with state 3
DEBUG 2026-06-07 22:55:54 ort/utils.py:67 [CLIENT] Observation Published 0.879420280456543 MB
DEBUG 2026-06-07 22:55:54 t_client.py:208 Sent observation #204 | 
DEBUG 2026-06-07 22:55:54 t_client.py:418 QUEUE SIZE: 24 (Must go: False)
DEBUG 2026-06-07 22:55:54 t_client.py:461 Control loop (ms): 3.74
DEBUG 2026-06-07 22:55:54 t_client.py:197 Observation serialization time: 0.001927s
DEBUG 2026-06-07 22:55:54 ort/utils.py:50 [CLIENT] Observation Buffer size 0.879420280456543 MB with
DEBUG 2026-06-07 22:55:54 ort/utils.py:65 [CLIENT] Observation Sent 922139/922139 bytes with state 3
DEBUG 2026-06-07 22:55:54 ort/utils.py:67 [CLIENT] Observation Published 0.879420280456543 MB
DEBUG 2026-06-07 22:55:54 t_client.py:208 Sent observation #205 | 
DEBUG 2026-06-07 22:55:54 t_client.py:418 QUEUE SIZE: 23 (Must go: False)
DEBUG 2026-06-07 22:55:54 t_client.py:461 Control loop (ms): 11.57
DEBUG 2026-06-07 22:55:54 t_client.py:461 Control loop (ms): 0.23
DEBUG 2026-06-07 22:55:54 t_client.py:461 Control loop (ms): 0.32
DEBUG 2026-06-07 22:55:54 t_client.py:461 Control loop (ms): 0.20
DEBUG 2026-06-07 22:55:54 t_client.py:461 Control loop (ms): 0.73
DEBUG 2026-06-07 22:55:54 t_client.py:461 Control loop (ms): 0.22
DEBUG 2026-06-07 22:55:54 t_client.py:461 Control loop (ms): 0.64
DEBUG 2026-06-07 22:55:54 t_client.py:461 Control loop (ms): 0.21
DEBUG 2026-06-07 22:55:54 t_client.py:461 Control loop (ms): 0.40
DEBUG 2026-06-07 22:55:54 t_client.py:461 Control loop (ms): 0.18
DEBUG 2026-06-07 22:55:54 t_client.py:461 Control loop (ms): 0.20
DEBUG 2026-06-07 22:55:54 t_client.py:461 Control loop (ms): 0.37
DEBUG 2026-06-07 22:55:54 t_client.py:461 Control loop (ms): 0.20
DEBUG 2026-06-07 22:55:54 t_client.py:461 Control loop (ms): 0.18
DEBUG 2026-06-07 22:55:54 t_client.py:461 Control loop (ms): 0.25
DEBUG 2026-06-07 22:55:54 t_client.py:461 Control loop (ms): 0.21
DEBUG 2026-06-07 22:55:54 t_client.py:461 Control loop (ms): 0.54
DEBUG 2026-06-07 22:55:54 t_client.py:461 Control loop (ms): 0.19
DEBUG 2026-06-07 22:55:54 t_client.py:461 Control loop (ms): 0.28
DEBUG 2026-06-07 22:55:54 t_client.py:461 Control loop (ms): 0.19
DEBUG 2026-06-07 22:55:54 t_client.py:461 Control loop (ms): 0.22
DEBUG 2026-06-07 22:55:54 t_client.py:461 Control loop (ms): 0.24
DEBUG 2026-06-07 22:55:54 t_client.py:197 Observation serialization time: 0.001956s
DEBUG 2026-06-07 22:55:54 ort/utils.py:50 [CLIENT] Observation Buffer size 0.879420280456543 MB with
DEBUG 2026-06-07 22:55:54 ort/utils.py:65 [CLIENT] Observation Sent 922139/922139 bytes with state 3
DEBUG 2026-06-07 22:55:54 ort/utils.py:67 [CLIENT] Observation Published 0.879420280456543 MB
DEBUG 2026-06-07 22:55:54 t_client.py:208 Sent observation #227 | 
DEBUG 2026-06-07 22:55:54 t_client.py:418 QUEUE SIZE: 25 (Must go: False)
DEBUG 2026-06-07 22:55:54 t_client.py:461 Control loop (ms): 4.02
DEBUG 2026-06-07 22:55:54 t_client.py:197 Observation serialization time: 0.003036s
DEBUG 2026-06-07 22:55:54 ort/utils.py:50 [CLIENT] Observation Buffer size 0.879420280456543 MB with
DEBUG 2026-06-07 22:55:54 ort/utils.py:65 [CLIENT] Observation Sent 922139/922139 bytes with state 3
DEBUG 2026-06-07 22:55:54 ort/utils.py:67 [CLIENT] Observation Published 0.879420280456543 MB
DEBUG 2026-06-07 22:55:55 t_client.py:208 Sent observation #228 | 
DEBUG 2026-06-07 22:55:55 t_client.py:418 QUEUE SIZE: 24 (Must go: False)
DEBUG 2026-06-07 22:55:55 t_client.py:461 Control loop (ms): 25.71
DEBUG 2026-06-07 22:55:55 t_client.py:461 Control loop (ms): 1.28
DEBUG 2026-06-07 22:55:55 t_client.py:461 Control loop (ms): 0.25
DEBUG 2026-06-07 22:55:55 t_client.py:461 Control loop (ms): 0.28
DEBUG 2026-06-07 22:55:55 t_client.py:461 Control loop (ms): 0.20
DEBUG 2026-06-07 22:55:55 t_client.py:461 Control loop (ms): 0.20
DEBUG 2026-06-07 22:55:55 t_client.py:461 Control loop (ms): 0.26
DEBUG 2026-06-07 22:55:55 t_client.py:461 Control loop (ms): 0.26
DEBUG 2026-06-07 22:55:55 t_client.py:461 Control loop (ms): 0.20
DEBUG 2026-06-07 22:55:55 t_client.py:461 Control loop (ms): 0.27
DEBUG 2026-06-07 22:55:55 t_client.py:461 Control loop (ms): 0.22
DEBUG 2026-06-07 22:55:55 t_client.py:461 Control loop (ms): 0.21
DEBUG 2026-06-07 22:55:55 t_client.py:461 Control loop (ms): 0.27
DEBUG 2026-06-07 22:55:55 t_client.py:461 Control loop (ms): 0.26
DEBUG 2026-06-07 22:55:55 t_client.py:461 Control loop (ms): 0.21
DEBUG 2026-06-07 22:55:55 t_client.py:461 Control loop (ms): 0.29
DEBUG 2026-06-07 22:55:55 t_client.py:461 Control loop (ms): 0.28
DEBUG 2026-06-07 22:55:55 t_client.py:461 Control loop (ms): 0.22
DEBUG 2026-06-07 22:55:55 t_client.py:461 Control loop (ms): 0.23
DEBUG 2026-06-07 22:55:55 t_client.py:461 Control loop (ms): 0.35
DEBUG 2026-06-07 22:55:55 t_client.py:461 Control loop (ms): 0.20
DEBUG 2026-06-07 22:55:55 t_client.py:461 Control loop (ms): 0.20
DEBUG 2026-06-07 22:55:55 t_client.py:461 Control loop (ms): 0.25
DEBUG 2026-06-07 22:55:55 t_client.py:197 Observation serialization time: 0.002099s
DEBUG 2026-06-07 22:55:55 ort/utils.py:50 [CLIENT] Observation Buffer size 0.879420280456543 MB with
DEBUG 2026-06-07 22:55:55 ort/utils.py:65 [CLIENT] Observation Sent 922139/922139 bytes with state 3
DEBUG 2026-06-07 22:55:55 ort/utils.py:67 [CLIENT] Observation Published 0.879420280456543 MB
DEBUG 2026-06-07 22:55:55 t_client.py:208 Sent observation #251 | 
DEBUG 2026-06-07 22:55:55 t_client.py:418 QUEUE SIZE: 25 (Must go: False)
DEBUG 2026-06-07 22:55:55 t_client.py:461 Control loop (ms): 4.25
DEBUG 2026-06-07 22:55:55 t_client.py:197 Observation serialization time: 0.002282s
DEBUG 2026-06-07 22:55:55 ort/utils.py:50 [CLIENT] Observation Buffer size 0.879420280456543 MB with
DEBUG 2026-06-07 22:55:55 ort/utils.py:65 [CLIENT] Observation Sent 922139/922139 bytes with state 3
DEBUG 2026-06-07 22:55:55 ort/utils.py:67 [CLIENT] Observation Published 0.879420280456543 MB
DEBUG 2026-06-07 22:55:55 t_client.py:208 Sent observation #252 | 
DEBUG 2026-06-07 22:55:55 t_client.py:418 QUEUE SIZE: 24 (Must go: False)
DEBUG 2026-06-07 22:55:55 t_client.py:461 Control loop (ms): 12.20
DEBUG 2026-06-07 22:55:55 t_client.py:197 Observation serialization time: 0.001893s
DEBUG 2026-06-07 22:55:55 ort/utils.py:50 [CLIENT] Observation Buffer size 0.879420280456543 MB with
DEBUG 2026-06-07 22:55:55 ort/utils.py:65 [CLIENT] Observation Sent 922139/922139 bytes with state 3
DEBUG 2026-06-07 22:55:55 ort/utils.py:67 [CLIENT] Observation Published 0.879420280456543 MB
DEBUG 2026-06-07 22:55:55 t_client.py:208 Sent observation #253 | 
DEBUG 2026-06-07 22:55:55 t_client.py:418 QUEUE SIZE: 23 (Must go: False)
DEBUG 2026-06-07 22:55:55 t_client.py:461 Control loop (ms): 16.33
DEBUG 2026-06-07 22:55:55 t_client.py:461 Control loop (ms): 0.23
DEBUG 2026-06-07 22:55:55 t_client.py:461 Control loop (ms): 0.26
DEBUG 2026-06-07 22:55:55 t_client.py:461 Control loop (ms): 0.27
DEBUG 2026-06-07 22:55:55 t_client.py:461 Control loop (ms): 0.20
DEBUG 2026-06-07 22:55:55 t_client.py:461 Control loop (ms): 0.20
DEBUG 2026-06-07 22:55:55 t_client.py:461 Control loop (ms): 0.23
DEBUG 2026-06-07 22:55:55 t_client.py:461 Control loop (ms): 0.24
DEBUG 2026-06-07 22:55:55 t_client.py:461 Control loop (ms): 0.20
DEBUG 2026-06-07 22:55:55 t_client.py:461 Control loop (ms): 0.21
DEBUG 2026-06-07 22:55:55 t_client.py:461 Control loop (ms): 0.18
DEBUG 2026-06-07 22:55:55 t_client.py:461 Control loop (ms): 0.15
DEBUG 2026-06-07 22:55:55 t_client.py:461 Control loop (ms): 0.25
DEBUG 2026-06-07 22:55:55 t_client.py:461 Control loop (ms): 0.19
DEBUG 2026-06-07 22:55:55 t_client.py:461 Control loop (ms): 0.19
DEBUG 2026-06-07 22:55:55 t_client.py:461 Control loop (ms): 0.25
DEBUG 2026-06-07 22:55:55 t_client.py:461 Control loop (ms): 0.20
DEBUG 2026-06-07 22:55:55 t_client.py:461 Control loop (ms): 0.21
DEBUG 2026-06-07 22:55:55 t_client.py:461 Control loop (ms): 0.22
DEBUG 2026-06-07 22:55:55 t_client.py:461 Control loop (ms): 0.19
DEBUG 2026-06-07 22:55:55 t_client.py:461 Control loop (ms): 0.19
DEBUG 2026-06-07 22:55:55 t_client.py:461 Control loop (ms): 0.25
DEBUG 2026-06-07 22:55:55 t_client.py:197 Observation serialization time: 0.001887s
DEBUG 2026-06-07 22:55:55 ort/utils.py:50 [CLIENT] Observation Buffer size 0.8794212341308594 MB with
DEBUG 2026-06-07 22:55:55 ort/utils.py:65 [CLIENT] Observation Sent 922140/922140 bytes with state 3
DEBUG 2026-06-07 22:55:55 ort/utils.py:67 [CLIENT] Observation Published 0.8794212341308594 MB
DEBUG 2026-06-07 22:55:55 t_client.py:208 Sent observation #275 | 
DEBUG 2026-06-07 22:55:55 t_client.py:418 QUEUE SIZE: 25 (Must go: False)
DEBUG 2026-06-07 22:55:55 t_client.py:461 Control loop (ms): 3.84
DEBUG 2026-06-07 22:55:55 t_client.py:197 Observation serialization time: 0.002109s
DEBUG 2026-06-07 22:55:55 ort/utils.py:50 [CLIENT] Observation Buffer size 0.8794212341308594 MB with
DEBUG 2026-06-07 22:55:55 ort/utils.py:65 [CLIENT] Observation Sent 922140/922140 bytes with state 3
DEBUG 2026-06-07 22:55:55 ort/utils.py:67 [CLIENT] Observation Published 0.8794212341308594 MB
DEBUG 2026-06-07 22:55:55 t_client.py:208 Sent observation #276 | 
DEBUG 2026-06-07 22:55:55 t_client.py:418 QUEUE SIZE: 24 (Must go: False)
DEBUG 2026-06-07 22:55:55 t_client.py:461 Control loop (ms): 5.49
DEBUG 2026-06-07 22:55:55 t_client.py:461 Control loop (ms): 0.25
DEBUG 2026-06-07 22:55:55 t_client.py:461 Control loop (ms): 0.51
DEBUG 2026-06-07 22:55:55 t_client.py:461 Control loop (ms): 0.21
DEBUG 2026-06-07 22:55:55 t_client.py:461 Control loop (ms): 0.28
DEBUG 2026-06-07 22:55:55 t_client.py:461 Control loop (ms): 0.27
DEBUG 2026-06-07 22:55:55 t_client.py:461 Control loop (ms): 0.21
DEBUG 2026-06-07 22:55:55 t_client.py:461 Control loop (ms): 0.21
DEBUG 2026-06-07 22:55:55 t_client.py:461 Control loop (ms): 0.35
DEBUG 2026-06-07 22:55:55 t_client.py:461 Control loop (ms): 0.23
DEBUG 2026-06-07 22:55:55 t_client.py:461 Control loop (ms): 0.24
DEBUG 2026-06-07 22:55:55 t_client.py:461 Control loop (ms): 0.32
DEBUG 2026-06-07 22:55:55 t_client.py:461 Control loop (ms): 0.20
DEBUG 2026-06-07 22:55:55 t_client.py:461 Control loop (ms): 0.24
DEBUG 2026-06-07 22:55:55 t_client.py:461 Control loop (ms): 0.25
DEBUG 2026-06-07 22:55:55 t_client.py:461 Control loop (ms): 0.24
DEBUG 2026-06-07 22:55:55 t_client.py:461 Control loop (ms): 0.23
DEBUG 2026-06-07 22:55:55 t_client.py:461 Control loop (ms): 0.25
DEBUG 2026-06-07 22:55:55 t_client.py:461 Control loop (ms): 0.24
DEBUG 2026-06-07 22:55:55 t_client.py:461 Control loop (ms): 0.21
DEBUG 2026-06-07 22:55:55 t_client.py:461 Control loop (ms): 0.20
DEBUG 2026-06-07 22:55:55 t_client.py:461 Control loop (ms): 0.36
DEBUG 2026-06-07 22:55:55 t_client.py:461 Control loop (ms): 0.17
DEBUG 2026-06-07 22:55:55 t_client.py:197 Observation serialization time: 0.001960s
DEBUG 2026-06-07 22:55:55 ort/utils.py:50 [CLIENT] Observation Buffer size 0.8794212341308594 MB with
DEBUG 2026-06-07 22:55:55 ort/utils.py:65 [CLIENT] Observation Sent 922140/922140 bytes with state 3
DEBUG 2026-06-07 22:55:55 ort/utils.py:67 [CLIENT] Observation Published 0.8794212341308594 MB
DEBUG 2026-06-07 22:55:55 t_client.py:208 Sent observation #299 | 
DEBUG 2026-06-07 22:55:55 t_client.py:418 QUEUE SIZE: 25 (Must go: False)
DEBUG 2026-06-07 22:55:55 t_client.py:461 Control loop (ms): 4.14
DEBUG 2026-06-07 22:55:55 t_client.py:197 Observation serialization time: 0.003035s
DEBUG 2026-06-07 22:55:55 ort/utils.py:50 [CLIENT] Observation Buffer size 0.8794212341308594 MB with
DEBUG 2026-06-07 22:55:55 ort/utils.py:65 [CLIENT] Observation Sent 922140/922140 bytes with state 3
DEBUG 2026-06-07 22:55:55 ort/utils.py:67 [CLIENT] Observation Published 0.8794212341308594 MB
DEBUG 2026-06-07 22:55:55 t_client.py:208 Sent observation #300 | 
DEBUG 2026-06-07 22:55:55 t_client.py:418 QUEUE SIZE: 24 (Must go: False)
DEBUG 2026-06-07 22:55:55 t_client.py:461 Control loop (ms): 11.31
DEBUG 2026-06-07 22:55:55 t_client.py:197 Observation serialization time: 0.002134s
DEBUG 2026-06-07 22:55:55 ort/utils.py:50 [CLIENT] Observation Buffer size 0.8794212341308594 MB with
DEBUG 2026-06-07 22:55:55 ort/utils.py:65 [CLIENT] Observation Sent 922140/922140 bytes with state 3
DEBUG 2026-06-07 22:55:55 ort/utils.py:67 [CLIENT] Observation Published 0.8794212341308594 MB
DEBUG 2026-06-07 22:55:55 t_client.py:208 Sent observation #301 | 
DEBUG 2026-06-07 22:55:55 t_client.py:418 QUEUE SIZE: 23 (Must go: False)
DEBUG 2026-06-07 22:55:55 t_client.py:461 Control loop (ms): 10.64
DEBUG 2026-06-07 22:55:55 t_client.py:461 Control loop (ms): 0.22
DEBUG 2026-06-07 22:55:55 t_client.py:461 Control loop (ms): 0.32
DEBUG 2026-06-07 22:55:55 t_client.py:461 Control loop (ms): 0.23
DEBUG 2026-06-07 22:55:55 t_client.py:461 Control loop (ms): 0.21
DEBUG 2026-06-07 22:55:55 t_client.py:461 Control loop (ms): 0.28
DEBUG 2026-06-07 22:55:55 t_client.py:461 Control loop (ms): 0.27
DEBUG 2026-06-07 22:55:55 t_client.py:461 Control loop (ms): 0.21
DEBUG 2026-06-07 22:55:55 t_client.py:461 Control loop (ms): 0.28
DEBUG 2026-06-07 22:55:55 t_client.py:461 Control loop (ms): 0.21
DEBUG 2026-06-07 22:55:55 t_client.py:461 Control loop (ms): 0.25
DEBUG 2026-06-07 22:55:55 t_client.py:461 Control loop (ms): 0.31
DEBUG 2026-06-07 22:55:55 t_client.py:461 Control loop (ms): 0.26
DEBUG 2026-06-07 22:55:55 t_client.py:461 Control loop (ms): 0.20
DEBUG 2026-06-07 22:55:55 t_client.py:461 Control loop (ms): 0.22
DEBUG 2026-06-07 22:55:55 t_client.py:461 Control loop (ms): 0.26
DEBUG 2026-06-07 22:55:55 t_client.py:461 Control loop (ms): 0.23
DEBUG 2026-06-07 22:55:55 t_client.py:461 Control loop (ms): 0.20
DEBUG 2026-06-07 22:55:55 t_client.py:461 Control loop (ms): 0.26
DEBUG 2026-06-07 22:55:55 t_client.py:461 Control loop (ms): 0.19
DEBUG 2026-06-07 22:55:55 t_client.py:461 Control loop (ms): 0.20
DEBUG 2026-06-07 22:55:55 t_client.py:461 Control loop (ms): 0.26
DEBUG 2026-06-07 22:55:55 t_client.py:197 Observation serialization time: 0.001962s
DEBUG 2026-06-07 22:55:55 ort/utils.py:50 [CLIENT] Observation Buffer size 0.8794212341308594 MB with
DEBUG 2026-06-07 22:55:55 ort/utils.py:65 [CLIENT] Observation Sent 922140/922140 bytes with state 3
DEBUG 2026-06-07 22:55:55 ort/utils.py:67 [CLIENT] Observation Published 0.8794212341308594 MB
DEBUG 2026-06-07 22:55:55 t_client.py:208 Sent observation #323 | 
DEBUG 2026-06-07 22:55:55 t_client.py:418 QUEUE SIZE: 25 (Must go: False)
DEBUG 2026-06-07 22:55:55 t_client.py:461 Control loop (ms): 4.06
DEBUG 2026-06-07 22:55:55 t_client.py:197 Observation serialization time: 0.001999s
DEBUG 2026-06-07 22:55:55 ort/utils.py:50 [CLIENT] Observation Buffer size 0.8794212341308594 MB with
DEBUG 2026-06-07 22:55:55 ort/utils.py:65 [CLIENT] Observation Sent 922140/922140 bytes with state 3
DEBUG 2026-06-07 22:55:55 ort/utils.py:67 [CLIENT] Observation Published 0.8794212341308594 MB
DEBUG 2026-06-07 22:55:55 t_client.py:208 Sent observation #324 | 
DEBUG 2026-06-07 22:55:55 t_client.py:418 QUEUE SIZE: 24 (Must go: False)
DEBUG 2026-06-07 22:55:55 t_client.py:461 Control loop (ms): 15.62
DEBUG 2026-06-07 22:55:55 t_client.py:197 Observation serialization time: 0.001892s
DEBUG 2026-06-07 22:55:55 ort/utils.py:50 [CLIENT] Observation Buffer size 0.8794212341308594 MB with
DEBUG 2026-06-07 22:55:56 ort/utils.py:65 [CLIENT] Observation Sent 922140/922140 bytes with state 3
DEBUG 2026-06-07 22:55:56 ort/utils.py:67 [CLIENT] Observation Published 0.8794212341308594 MB
DEBUG 2026-06-07 22:55:56 t_client.py:208 Sent observation #325 | 
DEBUG 2026-06-07 22:55:56 t_client.py:418 QUEUE SIZE: 23 (Must go: False)
DEBUG 2026-06-07 22:55:56 t_client.py:461 Control loop (ms): 5.06
DEBUG 2026-06-07 22:55:56 t_client.py:461 Control loop (ms): 0.24
DEBUG 2026-06-07 22:55:56 t_client.py:461 Control loop (ms): 0.27
DEBUG 2026-06-07 22:55:56 t_client.py:461 Control loop (ms): 0.33
DEBUG 2026-06-07 22:55:56 t_client.py:461 Control loop (ms): 0.26
DEBUG 2026-06-07 22:55:56 t_client.py:461 Control loop (ms): 0.38
DEBUG 2026-06-07 22:55:56 t_client.py:461 Control loop (ms): 0.25
DEBUG 2026-06-07 22:55:56 t_client.py:461 Control loop (ms): 0.21
DEBUG 2026-06-07 22:55:56 t_client.py:461 Control loop (ms): 0.26
DEBUG 2026-06-07 22:55:56 t_client.py:461 Control loop (ms): 0.25
DEBUG 2026-06-07 22:55:56 t_client.py:461 Control loop (ms): 0.19
DEBUG 2026-06-07 22:55:56 t_client.py:461 Control loop (ms): 0.19
DEBUG 2026-06-07 22:55:56 t_client.py:461 Control loop (ms): 0.25
DEBUG 2026-06-07 22:55:56 t_client.py:461 Control loop (ms): 0.22
DEBUG 2026-06-07 22:55:56 t_client.py:461 Control loop (ms): 0.34
DEBUG 2026-06-07 22:55:56 t_client.py:461 Control loop (ms): 0.31
DEBUG 2026-06-07 22:55:56 t_client.py:461 Control loop (ms): 0.29
DEBUG 2026-06-07 22:55:56 t_client.py:461 Control loop (ms): 0.28
DEBUG 2026-06-07 22:55:56 t_client.py:461 Control loop (ms): 0.25
DEBUG 2026-06-07 22:55:56 t_client.py:461 Control loop (ms): 0.27
DEBUG 2026-06-07 22:55:56 t_client.py:461 Control loop (ms): 0.21
DEBUG 2026-06-07 22:55:56 t_client.py:461 Control loop (ms): 0.26
DEBUG 2026-06-07 22:55:56 t_client.py:197 Observation serialization time: 0.001858s
DEBUG 2026-06-07 22:55:56 ort/utils.py:50 [CLIENT] Observation Buffer size 0.8794212341308594 MB with
DEBUG 2026-06-07 22:55:56 ort/utils.py:65 [CLIENT] Observation Sent 922140/922140 bytes with state 3
DEBUG 2026-06-07 22:55:56 ort/utils.py:67 [CLIENT] Observation Published 0.8794212341308594 MB
DEBUG 2026-06-07 22:55:56 t_client.py:208 Sent observation #347 | 
DEBUG 2026-06-07 22:55:56 t_client.py:418 QUEUE SIZE: 25 (Must go: False)
DEBUG 2026-06-07 22:55:56 t_client.py:461 Control loop (ms): 3.89
DEBUG 2026-06-07 22:55:56 t_client.py:197 Observation serialization time: 0.003823s
DEBUG 2026-06-07 22:55:56 ort/utils.py:50 [CLIENT] Observation Buffer size 0.8794212341308594 MB with
DEBUG 2026-06-07 22:55:56 ort/utils.py:65 [CLIENT] Observation Sent 922140/922140 bytes with state 3
DEBUG 2026-06-07 22:55:56 ort/utils.py:67 [CLIENT] Observation Published 0.8794212341308594 MB
DEBUG 2026-06-07 22:55:56 t_client.py:208 Sent observation #348 | 
DEBUG 2026-06-07 22:55:56 t_client.py:418 QUEUE SIZE: 24 (Must go: False)
DEBUG 2026-06-07 22:55:56 t_client.py:461 Control loop (ms): 7.68
DEBUG 2026-06-07 22:55:56 t_client.py:197 Observation serialization time: 0.002115s
DEBUG 2026-06-07 22:55:56 ort/utils.py:50 [CLIENT] Observation Buffer size 0.8794212341308594 MB with
DEBUG 2026-06-07 22:55:56 ort/utils.py:65 [CLIENT] Observation Sent 922140/922140 bytes with state 3
DEBUG 2026-06-07 22:55:56 ort/utils.py:67 [CLIENT] Observation Published 0.8794212341308594 MB
DEBUG 2026-06-07 22:55:56 t_client.py:208 Sent observation #349 | 
DEBUG 2026-06-07 22:55:56 t_client.py:418 QUEUE SIZE: 23 (Must go: False)
DEBUG 2026-06-07 22:55:56 t_client.py:461 Control loop (ms): 6.34
DEBUG 2026-06-07 22:55:56 t_client.py:461 Control loop (ms): 0.24
DEBUG 2026-06-07 22:55:56 t_client.py:461 Control loop (ms): 0.75
DEBUG 2026-06-07 22:55:56 t_client.py:461 Control loop (ms): 0.28
DEBUG 2026-06-07 22:55:56 t_client.py:461 Control loop (ms): 0.79
DEBUG 2026-06-07 22:55:56 t_client.py:461 Control loop (ms): 0.26
DEBUG 2026-06-07 22:55:56 t_client.py:461 Control loop (ms): 0.50
DEBUG 2026-06-07 22:55:56 t_client.py:461 Control loop (ms): 0.26
DEBUG 2026-06-07 22:55:56 t_client.py:461 Control loop (ms): 0.31
DEBUG 2026-06-07 22:55:56 t_client.py:461 Control loop (ms): 0.27
DEBUG 2026-06-07 22:55:56 t_client.py:461 Control loop (ms): 0.20
DEBUG 2026-06-07 22:55:56 t_client.py:461 Control loop (ms): 0.20
DEBUG 2026-06-07 22:55:56 t_client.py:461 Control loop (ms): 0.23
DEBUG 2026-06-07 22:55:56 t_client.py:461 Control loop (ms): 0.20
DEBUG 2026-06-07 22:55:56 t_client.py:461 Control loop (ms): 0.23
DEBUG 2026-06-07 22:55:56 t_client.py:461 Control loop (ms): 0.19
DEBUG 2026-06-07 22:55:56 t_client.py:461 Control loop (ms): 0.20
DEBUG 2026-06-07 22:55:56 t_client.py:461 Control loop (ms): 0.33
DEBUG 2026-06-07 22:55:56 t_client.py:461 Control loop (ms): 0.25
DEBUG 2026-06-07 22:55:56 t_client.py:461 Control loop (ms): 0.20
DEBUG 2026-06-07 22:55:56 t_client.py:461 Control loop (ms): 0.19
DEBUG 2026-06-07 22:55:56 t_client.py:461 Control loop (ms): 0.26
DEBUG 2026-06-07 22:55:56 t_client.py:197 Observation serialization time: 0.002009s
DEBUG 2026-06-07 22:55:56 ort/utils.py:50 [CLIENT] Observation Buffer size 0.8794212341308594 MB with
DEBUG 2026-06-07 22:55:56 ort/utils.py:65 [CLIENT] Observation Sent 922140/922140 bytes with state 3
DEBUG 2026-06-07 22:55:56 ort/utils.py:67 [CLIENT] Observation Published 0.8794212341308594 MB
DEBUG 2026-06-07 22:55:56 t_client.py:208 Sent observation #371 | 
DEBUG 2026-06-07 22:55:56 t_client.py:418 QUEUE SIZE: 25 (Must go: False)
DEBUG 2026-06-07 22:55:56 t_client.py:461 Control loop (ms): 4.87
DEBUG 2026-06-07 22:55:56 t_client.py:197 Observation serialization time: 0.002056s
DEBUG 2026-06-07 22:55:56 ort/utils.py:50 [CLIENT] Observation Buffer size 0.8794212341308594 MB with
DEBUG 2026-06-07 22:55:56 ort/utils.py:65 [CLIENT] Observation Sent 922140/922140 bytes with state 3
DEBUG 2026-06-07 22:55:56 ort/utils.py:67 [CLIENT] Observation Published 0.8794212341308594 MB
DEBUG 2026-06-07 22:55:56 t_client.py:208 Sent observation #372 | 
DEBUG 2026-06-07 22:55:56 t_client.py:418 QUEUE SIZE: 24 (Must go: False)
DEBUG 2026-06-07 22:55:56 t_client.py:461 Control loop (ms): 7.20
DEBUG 2026-06-07 22:55:56 t_client.py:461 Control loop (ms): 13.30
DEBUG 2026-06-07 22:55:56 t_client.py:461 Control loop (ms): 0.17
DEBUG 2026-06-07 22:55:56 t_client.py:461 Control loop (ms): 0.21
DEBUG 2026-06-07 22:55:56 t_client.py:461 Control loop (ms): 0.26
DEBUG 2026-06-07 22:55:56 t_client.py:461 Control loop (ms): 0.24
DEBUG 2026-06-07 22:55:56 t_client.py:461 Control loop (ms): 0.20
DEBUG 2026-06-07 22:55:56 t_client.py:461 Control loop (ms): 0.25
DEBUG 2026-06-07 22:55:56 t_client.py:461 Control loop (ms): 0.18
DEBUG 2026-06-07 22:55:56 t_client.py:461 Control loop (ms): 0.23
INFO 2026-06-07 22:55:56 t_client.py:113 Initializing client to connect to server at 127.0.0.1:8080
INFO 2026-06-07 22:55:56 t_client.py:132 Robot connected and ready
DEBUG 2026-06-07 22:55:56 t_client.py:149 Connected to policy server in 0.0011s
INFO 2026-06-07 22:55:56 t_client.py:155 Sending policy instructions to policy server
DEBUG 2026-06-07 22:55:56 t_client.py:156 Policy type: act | Pretrained name or path: /home/ubuntu/techin517/outputs/train/pick_up_right_scissors/checkpoints/100000/pretrained_model | Device: cuda
DEBUG 2026-06-07 22:55:56 t_client.py:461 Control loop (ms): 0.29
DEBUG 2026-06-07 22:55:56 t_client.py:461 Control loop (ms): 0.21
DEBUG 2026-06-07 22:55:56 t_client.py:461 Control loop (ms): 0.23
DEBUG 2026-06-07 22:55:56 t_client.py:461 Control loop (ms): 0.51
DEBUG 2026-06-07 22:55:56 t_client.py:461 Control loop (ms): 0.29
DEBUG 2026-06-07 22:55:56 t_client.py:461 Control loop (ms): 0.30
DEBUG 2026-06-07 22:55:56 t_client.py:461 Control loop (ms): 0.22
DEBUG 2026-06-07 22:55:56 t_client.py:461 Control loop (ms): 0.31
DEBUG 2026-06-07 22:55:56 t_client.py:461 Control loop (ms): 0.35
DEBUG 2026-06-07 22:55:56 t_client.py:461 Control loop (ms): 0.27
DEBUG 2026-06-07 22:55:56 t_client.py:461 Control loop (ms): 3.41
DEBUG 2026-06-07 22:55:56 t_client.py:461 Control loop (ms): 0.22
DEBUG 2026-06-07 22:55:56 t_client.py:461 Control loop (ms): 0.25
DEBUG 2026-06-07 22:55:56 t_client.py:461 Control loop (ms): 0.30
DEBUG 2026-06-07 22:55:56 t_client.py:197 Observation serialization time: 0.003760s
DEBUG 2026-06-07 22:55:56 ort/utils.py:50 [CLIENT] Observation Buffer size 0.8794212341308594 MB with
DEBUG 2026-06-07 22:55:56 ort/utils.py:65 [CLIENT] Observation Sent 922140/922140 bytes with state 3
DEBUG 2026-06-07 22:55:56 ort/utils.py:67 [CLIENT] Observation Published 0.8794212341308594 MB
DEBUG 2026-06-07 22:55:56 t_client.py:208 Sent observation #395 | 
DEBUG 2026-06-07 22:55:56 t_client.py:418 QUEUE SIZE: 25 (Must go: False)
DEBUG 2026-06-07 22:55:56 t_client.py:461 Control loop (ms): 6.36
DEBUG 2026-06-07 22:55:56 t_client.py:197 Observation serialization time: 0.003273s
DEBUG 2026-06-07 22:55:56 ort/utils.py:50 [CLIENT] Observation Buffer size 0.8794212341308594 MB with
DEBUG 2026-06-07 22:55:56 ort/utils.py:65 [CLIENT] Observation Sent 922140/922140 bytes with state 3
DEBUG 2026-06-07 22:55:56 ort/utils.py:67 [CLIENT] Observation Published 0.8794212341308594 MB
DEBUG 2026-06-07 22:55:56 t_client.py:208 Sent observation #396 | 
DEBUG 2026-06-07 22:55:56 t_client.py:418 QUEUE SIZE: 24 (Must go: False)
DEBUG 2026-06-07 22:55:56 t_client.py:461 Control loop (ms): 12.01
DEBUG 2026-06-07 22:55:56 t_client.py:197 Observation serialization time: 0.002035s
DEBUG 2026-06-07 22:55:56 ort/utils.py:50 [CLIENT] Observation Buffer size 0.8794212341308594 MB with
DEBUG 2026-06-07 22:55:56 ort/utils.py:65 [CLIENT] Observation Sent 922140/922140 bytes with state 3
DEBUG 2026-06-07 22:55:56 ort/utils.py:67 [CLIENT] Observation Published 0.8794212341308594 MB
DEBUG 2026-06-07 22:55:56 t_client.py:208 Sent observation #397 | 
DEBUG 2026-06-07 22:55:56 t_client.py:418 QUEUE SIZE: 23 (Must go: False)
DEBUG 2026-06-07 22:55:56 t_client.py:461 Control loop (ms): 14.49
DEBUG 2026-06-07 22:55:56 t_client.py:461 Control loop (ms): 0.21
DEBUG 2026-06-07 22:55:56 t_client.py:461 Control loop (ms): 0.26
DEBUG 2026-06-07 22:55:56 t_client.py:461 Control loop (ms): 0.31
DEBUG 2026-06-07 22:55:56 t_client.py:461 Control loop (ms): 0.29
DEBUG 2026-06-07 22:55:56 t_client.py:461 Control loop (ms): 0.25
DEBUG 2026-06-07 22:55:56 t_client.py:461 Control loop (ms): 0.27
DEBUG 2026-06-07 22:55:56 t_client.py:461 Control loop (ms): 0.37
DEBUG 2026-06-07 22:55:56 t_client.py:461 Control loop (ms): 0.92
DEBUG 2026-06-07 22:55:56 t_client.py:461 Control loop (ms): 0.57
DEBUG 2026-06-07 22:55:56 t_client.py:461 Control loop (ms): 0.31
DEBUG 2026-06-07 22:55:56 t_client.py:461 Control loop (ms): 0.40
DEBUG 2026-06-07 22:55:56 t_client.py:461 Control loop (ms): 0.31
DEBUG 2026-06-07 22:55:56 t_client.py:461 Control loop (ms): 6.96
DEBUG 2026-06-07 22:55:56 t_client.py:461 Control loop (ms): 0.27
DEBUG 2026-06-07 22:55:56 t_client.py:461 Control loop (ms): 0.38
DEBUG 2026-06-07 22:55:56 t_client.py:461 Control loop (ms): 0.42
DEBUG 2026-06-07 22:55:56 t_client.py:461 Control loop (ms): 0.77
DEBUG 2026-06-07 22:55:56 t_client.py:461 Control loop (ms): 0.52
DEBUG 2026-06-07 22:55:56 t_client.py:461 Control loop (ms): 0.34
DEBUG 2026-06-07 22:55:56 t_client.py:461 Control loop (ms): 0.24
DEBUG 2026-06-07 22:55:56 t_client.py:461 Control loop (ms): 0.28
DEBUG 2026-06-07 22:55:56 t_client.py:197 Observation serialization time: 0.001943s
DEBUG 2026-06-07 22:55:56 ort/utils.py:50 [CLIENT] Observation Buffer size 0.8794212341308594 MB with
DEBUG 2026-06-07 22:55:56 ort/utils.py:65 [CLIENT] Observation Sent 922140/922140 bytes with state 3
DEBUG 2026-06-07 22:55:56 ort/utils.py:67 [CLIENT] Observation Published 0.8794212341308594 MB
DEBUG 2026-06-07 22:55:56 t_client.py:208 Sent observation #419 | 
DEBUG 2026-06-07 22:55:56 t_client.py:418 QUEUE SIZE: 25 (Must go: False)
DEBUG 2026-06-07 22:55:56 t_client.py:461 Control loop (ms): 4.94
DEBUG 2026-06-07 22:55:56 t_client.py:197 Observation serialization time: 0.003708s
DEBUG 2026-06-07 22:55:56 ort/utils.py:50 [CLIENT] Observation Buffer size 0.8794212341308594 MB with
DEBUG 2026-06-07 22:55:56 ort/utils.py:65 [CLIENT] Observation Sent 922140/922140 bytes with state 3
DEBUG 2026-06-07 22:55:56 ort/utils.py:67 [CLIENT] Observation Published 0.8794212341308594 MB
DEBUG 2026-06-07 22:55:57 t_client.py:208 Sent observation #420 | 
DEBUG 2026-06-07 22:55:57 t_client.py:418 QUEUE SIZE: 24 (Must go: False)
DEBUG 2026-06-07 22:55:57 t_client.py:461 Control loop (ms): 9.90
DEBUG 2026-06-07 22:55:57 t_client.py:197 Observation serialization time: 0.003958s
DEBUG 2026-06-07 22:55:57 ort/utils.py:50 [CLIENT] Observation Buffer size 0.8794212341308594 MB with
DEBUG 2026-06-07 22:55:57 ort/utils.py:65 [CLIENT] Observation Sent 922140/922140 bytes with state 3
DEBUG 2026-06-07 22:55:57 ort/utils.py:67 [CLIENT] Observation Published 0.8794212341308594 MB
DEBUG 2026-06-07 22:55:57 t_client.py:208 Sent observation #421 | 
DEBUG 2026-06-07 22:55:57 t_client.py:418 QUEUE SIZE: 23 (Must go: False)
DEBUG 2026-06-07 22:55:57 t_client.py:461 Control loop (ms): 24.04
DEBUG 2026-06-07 22:55:57 t_client.py:461 Control loop (ms): 0.24
DEBUG 2026-06-07 22:55:57 t_client.py:461 Control loop (ms): 0.31
DEBUG 2026-06-07 22:55:57 t_client.py:461 Control loop (ms): 0.17
DEBUG 2026-06-07 22:55:57 t_client.py:461 Control loop (ms): 0.21
DEBUG 2026-06-07 22:55:57 t_client.py:461 Control loop (ms): 0.23
DEBUG 2026-06-07 22:55:57 t_client.py:461 Control loop (ms): 0.34
DEBUG 2026-06-07 22:55:57 t_client.py:461 Control loop (ms): 0.25
DEBUG 2026-06-07 22:55:57 t_client.py:461 Control loop (ms): 0.32
DEBUG 2026-06-07 22:55:57 t_client.py:461 Control loop (ms): 0.27
DEBUG 2026-06-07 22:55:57 t_client.py:461 Control loop (ms): 0.35
DEBUG 2026-06-07 22:55:57 t_client.py:461 Control loop (ms): 0.32
DEBUG 2026-06-07 22:55:57 t_client.py:461 Control loop (ms): 0.26
DEBUG 2026-06-07 22:55:57 t_client.py:461 Control loop (ms): 0.29
DEBUG 2026-06-07 22:55:57 t_client.py:461 Control loop (ms): 0.40
DEBUG 2026-06-07 22:55:57 t_client.py:461 Control loop (ms): 0.97
DEBUG 2026-06-07 22:55:57 t_client.py:461 Control loop (ms): 0.31
DEBUG 2026-06-07 22:55:57 t_client.py:461 Control loop (ms): 0.21
DEBUG 2026-06-07 22:55:57 t_client.py:461 Control loop (ms): 0.36
DEBUG 2026-06-07 22:55:57 t_client.py:461 Control loop (ms): 0.24
DEBUG 2026-06-07 22:55:57 t_client.py:461 Control loop (ms): 0.27
INFO 2026-06-07 22:55:57 t_client.py:446 Control loop thread starting
DEBUG 2026-06-07 22:55:57 t_client.py:461 Control loop (ms): 0.32
DEBUG 2026-06-07 22:55:57 t_client.py:197 Observation serialization time: 0.002622s
INFO 2026-06-07 22:55:57 t_client.py:272 Action receiving thread starting
DEBUG 2026-06-07 22:55:57 ort/utils.py:50 [CLIENT] Observation Buffer size 0.8794260025024414 MB with
DEBUG 2026-06-07 22:55:57 ort/utils.py:65 [CLIENT] Observation Sent 922145/922145 bytes with state 3
DEBUG 2026-06-07 22:55:57 ort/utils.py:67 [CLIENT] Observation Published 0.8794260025024414 MB
DEBUG 2026-06-07 22:55:57 t_client.py:208 Sent observation #0 | 
DEBUG 2026-06-07 22:55:57 t_client.py:418 QUEUE SIZE: 0 (Must go: True)
DEBUG 2026-06-07 22:55:57 t_client.py:461 Control loop (ms): 7.70
DEBUG 2026-06-07 22:55:57 t_client.py:197 Observation serialization time: 0.004610s
DEBUG 2026-06-07 22:55:57 ort/utils.py:50 [CLIENT] Observation Buffer size 0.8794260025024414 MB with
DEBUG 2026-06-07 22:55:57 ort/utils.py:65 [CLIENT] Observation Sent 922145/922145 bytes with state 3
DEBUG 2026-06-07 22:55:57 ort/utils.py:67 [CLIENT] Observation Published 0.8794260025024414 MB
DEBUG 2026-06-07 22:55:57 t_client.py:208 Sent observation #0 | 
DEBUG 2026-06-07 22:55:57 t_client.py:418 QUEUE SIZE: 0 (Must go: False)
DEBUG 2026-06-07 22:55:57 t_client.py:461 Control loop (ms): 7.49
DEBUG 2026-06-07 22:55:57 t_client.py:197 Observation serialization time: 0.004290s
DEBUG 2026-06-07 22:55:57 ort/utils.py:50 [CLIENT] Observation Buffer size 0.8794212341308594 MB with
DEBUG 2026-06-07 22:55:57 ort/utils.py:65 [CLIENT] Observation Sent 922140/922140 bytes with state 3
DEBUG 2026-06-07 22:55:57 ort/utils.py:67 [CLIENT] Observation Published 0.8794212341308594 MB
DEBUG 2026-06-07 22:55:57 t_client.py:208 Sent observation #443 | 
DEBUG 2026-06-07 22:55:57 t_client.py:418 QUEUE SIZE: 25 (Must go: False)
DEBUG 2026-06-07 22:55:57 t_client.py:461 Control loop (ms): 7.00
DEBUG 2026-06-07 22:55:57 t_client.py:197 Observation serialization time: 0.002242s
DEBUG 2026-06-07 22:55:57 ort/utils.py:50 [CLIENT] Observation Buffer size 0.8794260025024414 MB with
DEBUG 2026-06-07 22:55:57 ort/utils.py:65 [CLIENT] Observation Sent 922145/922145 bytes with state 3
DEBUG 2026-06-07 22:55:57 ort/utils.py:67 [CLIENT] Observation Published 0.8794260025024414 MB
DEBUG 2026-06-07 22:55:57 t_client.py:208 Sent observation #0 | 
DEBUG 2026-06-07 22:55:57 t_client.py:418 QUEUE SIZE: 0 (Must go: False)
DEBUG 2026-06-07 22:55:57 t_client.py:461 Control loop (ms): 6.23
DEBUG 2026-06-07 22:55:57 t_client.py:197 Observation serialization time: 0.006579s
DEBUG 2026-06-07 22:55:57 ort/utils.py:50 [CLIENT] Observation Buffer size 0.8794212341308594 MB with
DEBUG 2026-06-07 22:55:57 ort/utils.py:65 [CLIENT] Observation Sent 922140/922140 bytes with state 3
DEBUG 2026-06-07 22:55:57 ort/utils.py:67 [CLIENT] Observation Published 0.8794212341308594 MB
DEBUG 2026-06-07 22:55:57 t_client.py:197 Observation serialization time: 0.003691s
DEBUG 2026-06-07 22:55:57 ort/utils.py:50 [CLIENT] Observation Buffer size 0.8794260025024414 MB with
DEBUG 2026-06-07 22:55:57 ort/utils.py:65 [CLIENT] Observation Sent 922145/922145 bytes with state 3
DEBUG 2026-06-07 22:55:57 ort/utils.py:67 [CLIENT] Observation Published 0.8794260025024414 MB
DEBUG 2026-06-07 22:55:57 t_client.py:208 Sent observation #0 | 
DEBUG 2026-06-07 22:55:57 t_client.py:418 QUEUE SIZE: 0 (Must go: False)
DEBUG 2026-06-07 22:55:57 t_client.py:461 Control loop (ms): 4.99
DEBUG 2026-06-07 22:55:57 t_client.py:208 Sent observation #444 | 
DEBUG 2026-06-07 22:55:57 t_client.py:197 Observation serialization time: 0.002831s
DEBUG 2026-06-07 22:55:57 ort/utils.py:50 [CLIENT] Observation Buffer size 0.8794260025024414 MB with
DEBUG 2026-06-07 22:55:57 ort/utils.py:65 [CLIENT] Observation Sent 922145/922145 bytes with state 3
DEBUG 2026-06-07 22:55:57 ort/utils.py:67 [CLIENT] Observation Published 0.8794260025024414 MB
DEBUG 2026-06-07 22:55:57 t_client.py:208 Sent observation #0 | 
DEBUG 2026-06-07 22:55:57 t_client.py:418 QUEUE SIZE: 0 (Must go: False)
DEBUG 2026-06-07 22:55:57 t_client.py:461 Control loop (ms): 7.64
DEBUG 2026-06-07 22:55:57 t_client.py:418 QUEUE SIZE: 24 (Must go: False)
DEBUG 2026-06-07 22:55:57 t_client.py:461 Control loop (ms): 22.95
DEBUG 2026-06-07 22:55:57 t_client.py:197 Observation serialization time: 0.002015s
DEBUG 2026-06-07 22:55:57 ort/utils.py:50 [CLIENT] Observation Buffer size 0.8794260025024414 MB with
DEBUG 2026-06-07 22:55:57 ort/utils.py:65 [CLIENT] Observation Sent 922145/922145 bytes with state 3
DEBUG 2026-06-07 22:55:57 ort/utils.py:67 [CLIENT] Observation Published 0.8794260025024414 MB
DEBUG 2026-06-07 22:55:57 t_client.py:208 Sent observation #0 | 
DEBUG 2026-06-07 22:55:57 t_client.py:418 QUEUE SIZE: 0 (Must go: False)
DEBUG 2026-06-07 22:55:57 t_client.py:461 Control loop (ms): 3.35
DEBUG 2026-06-07 22:55:57 t_client.py:197 Observation serialization time: 0.003814s
DEBUG 2026-06-07 22:55:57 t_client.py:197 Observation serialization time: 0.003491s
DEBUG 2026-06-07 22:55:57 ort/utils.py:50 [CLIENT] Observation Buffer size 0.8794212341308594 MB with
DEBUG 2026-06-07 22:55:57 ort/utils.py:50 [CLIENT] Observation Buffer size 0.8794260025024414 MB with
DEBUG 2026-06-07 22:55:57 ort/utils.py:65 [CLIENT] Observation Sent 922145/922145 bytes with state 3
DEBUG 2026-06-07 22:55:57 ort/utils.py:67 [CLIENT] Observation Published 0.8794260025024414 MB
DEBUG 2026-06-07 22:55:57 ort/utils.py:65 [CLIENT] Observation Sent 922140/922140 bytes with state 3
DEBUG 2026-06-07 22:55:57 ort/utils.py:67 [CLIENT] Observation Published 0.8794212341308594 MB
DEBUG 2026-06-07 22:55:57 t_client.py:208 Sent observation #445 | 
DEBUG 2026-06-07 22:55:57 t_client.py:418 QUEUE SIZE: 23 (Must go: False)
DEBUG 2026-06-07 22:55:57 t_client.py:461 Control loop (ms): 36.80
ERROR 2026-06-07 22:55:57 t_client.py:343 Error receiving actions: <_InactiveRpcError of RPC that terminated with:
	status = StatusCode.CANCELLED
	details = "CANCELLED"
	debug_error_string = "UNKNOWN:Error received from peer  {grpc_message:"CANCELLED", grpc_status:1}"
>
