INFO 2026-06-06 23:57:29 t_client.py:113 Initializing client to connect to server at 127.0.0.1:8081
INFO 2026-06-06 23:57:29 t_client.py:132 Robot connected and ready
DEBUG 2026-06-06 23:57:29 t_client.py:149 Connected to policy server in 0.0021s
INFO 2026-06-06 23:57:29 t_client.py:155 Sending policy instructions to policy server
DEBUG 2026-06-06 23:57:29 t_client.py:156 Policy type: act | Pretrained name or path: /home/ubuntu/techin517/outputs/train/pick_up_left_pen/checkpoints/100000/pretrained_model | Device: cuda
INFO 2026-06-06 23:57:30 t_client.py:446 Control loop thread starting
DEBUG 2026-06-06 23:57:30 t_client.py:197 Observation serialization time: 0.003569s
INFO 2026-06-06 23:57:30 t_client.py:272 Action receiving thread starting
DEBUG 2026-06-06 23:57:30 ort/utils.py:50 [CLIENT] Observation Buffer size 0.879420280456543 MB with
DEBUG 2026-06-06 23:57:30 ort/utils.py:65 [CLIENT] Observation Sent 922139/922139 bytes with state 3
DEBUG 2026-06-06 23:57:30 ort/utils.py:67 [CLIENT] Observation Published 0.879420280456543 MB
DEBUG 2026-06-06 23:57:30 t_client.py:208 Sent observation #0 | 
DEBUG 2026-06-06 23:57:30 t_client.py:418 QUEUE SIZE: 0 (Must go: True)
DEBUG 2026-06-06 23:57:30 t_client.py:461 Control loop (ms): 6.19
DEBUG 2026-06-06 23:57:30 t_client.py:197 Observation serialization time: 0.003640s
DEBUG 2026-06-06 23:57:30 ort/utils.py:50 [CLIENT] Observation Buffer size 0.879420280456543 MB with
DEBUG 2026-06-06 23:57:30 ort/utils.py:65 [CLIENT] Observation Sent 922139/922139 bytes with state 3
DEBUG 2026-06-06 23:57:30 ort/utils.py:67 [CLIENT] Observation Published 0.879420280456543 MB
DEBUG 2026-06-06 23:57:30 t_client.py:208 Sent observation #0 | 
DEBUG 2026-06-06 23:57:30 t_client.py:418 QUEUE SIZE: 0 (Must go: False)
DEBUG 2026-06-06 23:57:30 t_client.py:461 Control loop (ms): 7.07
DEBUG 2026-06-06 23:57:30 t_client.py:197 Observation serialization time: 0.001931s
DEBUG 2026-06-06 23:57:30 ort/utils.py:50 [CLIENT] Observation Buffer size 0.879420280456543 MB with
DEBUG 2026-06-06 23:57:30 ort/utils.py:65 [CLIENT] Observation Sent 922139/922139 bytes with state 3
DEBUG 2026-06-06 23:57:30 ort/utils.py:67 [CLIENT] Observation Published 0.879420280456543 MB
DEBUG 2026-06-06 23:57:30 t_client.py:208 Sent observation #0 | 
DEBUG 2026-06-06 23:57:30 t_client.py:418 QUEUE SIZE: 0 (Must go: False)
DEBUG 2026-06-06 23:57:30 t_client.py:461 Control loop (ms): 3.93
DEBUG 2026-06-06 23:57:30 t_client.py:197 Observation serialization time: 0.003403s
DEBUG 2026-06-06 23:57:30 ort/utils.py:50 [CLIENT] Observation Buffer size 0.879420280456543 MB with
DEBUG 2026-06-06 23:57:30 ort/utils.py:65 [CLIENT] Observation Sent 922139/922139 bytes with state 3
DEBUG 2026-06-06 23:57:30 ort/utils.py:67 [CLIENT] Observation Published 0.879420280456543 MB
DEBUG 2026-06-06 23:57:30 t_client.py:208 Sent observation #0 | 
DEBUG 2026-06-06 23:57:30 t_client.py:418 QUEUE SIZE: 0 (Must go: False)
DEBUG 2026-06-06 23:57:30 t_client.py:461 Control loop (ms): 5.76
DEBUG 2026-06-06 23:57:30 t_client.py:197 Observation serialization time: 0.002126s
DEBUG 2026-06-06 23:57:30 ort/utils.py:50 [CLIENT] Observation Buffer size 0.879420280456543 MB with
DEBUG 2026-06-06 23:57:30 ort/utils.py:65 [CLIENT] Observation Sent 922139/922139 bytes with state 3
DEBUG 2026-06-06 23:57:30 ort/utils.py:67 [CLIENT] Observation Published 0.879420280456543 MB
DEBUG 2026-06-06 23:57:30 t_client.py:208 Sent observation #0 | 
DEBUG 2026-06-06 23:57:30 t_client.py:418 QUEUE SIZE: 0 (Must go: False)
DEBUG 2026-06-06 23:57:30 t_client.py:461 Control loop (ms): 5.71
DEBUG 2026-06-06 23:57:30 t_client.py:197 Observation serialization time: 0.002033s
DEBUG 2026-06-06 23:57:30 ort/utils.py:50 [CLIENT] Observation Buffer size 0.879420280456543 MB with
DEBUG 2026-06-06 23:57:30 ort/utils.py:65 [CLIENT] Observation Sent 922139/922139 bytes with state 3
DEBUG 2026-06-06 23:57:30 ort/utils.py:67 [CLIENT] Observation Published 0.879420280456543 MB
DEBUG 2026-06-06 23:57:30 t_client.py:208 Sent observation #0 | 
DEBUG 2026-06-06 23:57:30 t_client.py:418 QUEUE SIZE: 0 (Must go: False)
DEBUG 2026-06-06 23:57:30 t_client.py:461 Control loop (ms): 3.12
DEBUG 2026-06-06 23:57:30 t_client.py:197 Observation serialization time: 0.001877s
DEBUG 2026-06-06 23:57:30 ort/utils.py:50 [CLIENT] Observation Buffer size 0.879420280456543 MB with
DEBUG 2026-06-06 23:57:30 ort/utils.py:65 [CLIENT] Observation Sent 922139/922139 bytes with state 3
DEBUG 2026-06-06 23:57:30 ort/utils.py:67 [CLIENT] Observation Published 0.879420280456543 MB
DEBUG 2026-06-06 23:57:30 t_client.py:208 Sent observation #0 | 
DEBUG 2026-06-06 23:57:30 t_client.py:418 QUEUE SIZE: 0 (Must go: False)
DEBUG 2026-06-06 23:57:30 t_client.py:461 Control loop (ms): 4.07
DEBUG 2026-06-06 23:57:30 t_client.py:197 Observation serialization time: 0.005691s
DEBUG 2026-06-06 23:57:30 ort/utils.py:50 [CLIENT] Observation Buffer size 0.879420280456543 MB with
DEBUG 2026-06-06 23:57:30 ort/utils.py:65 [CLIENT] Observation Sent 922139/922139 bytes with state 3
DEBUG 2026-06-06 23:57:30 ort/utils.py:67 [CLIENT] Observation Published 0.879420280456543 MB
DEBUG 2026-06-06 23:57:30 t_client.py:208 Sent observation #0 | 
DEBUG 2026-06-06 23:57:30 t_client.py:418 QUEUE SIZE: 0 (Must go: False)
DEBUG 2026-06-06 23:57:30 t_client.py:461 Control loop (ms): 8.73
DEBUG 2026-06-06 23:57:30 t_client.py:197 Observation serialization time: 0.002079s
DEBUG 2026-06-06 23:57:30 ort/utils.py:50 [CLIENT] Observation Buffer size 0.879420280456543 MB with
DEBUG 2026-06-06 23:57:30 ort/utils.py:65 [CLIENT] Observation Sent 922139/922139 bytes with state 3
DEBUG 2026-06-06 23:57:30 t_client.py:208 Sent observation #0 | 
DEBUG 2026-06-06 23:57:30 ort/utils.py:67 [CLIENT] Observation Published 0.879420280456543 MB
DEBUG 2026-06-06 23:57:30 t_client.py:418 QUEUE SIZE: 0 (Must go: False)
DEBUG 2026-06-06 23:57:30 t_client.py:461 Control loop (ms): 4.24
DEBUG 2026-06-06 23:57:30 t_client.py:197 Observation serialization time: 0.002917s
DEBUG 2026-06-06 23:57:30 ort/utils.py:50 [CLIENT] Observation Buffer size 0.879420280456543 MB with
DEBUG 2026-06-06 23:57:30 ort/utils.py:65 [CLIENT] Observation Sent 922139/922139 bytes with state 3
DEBUG 2026-06-06 23:57:30 ort/utils.py:67 [CLIENT] Observation Published 0.879420280456543 MB
DEBUG 2026-06-06 23:57:30 t_client.py:208 Sent observation #0 | 
DEBUG 2026-06-06 23:57:30 t_client.py:418 QUEUE SIZE: 0 (Must go: False)
DEBUG 2026-06-06 23:57:30 t_client.py:461 Control loop (ms): 5.05
DEBUG 2026-06-06 23:57:30 t_client.py:197 Observation serialization time: 0.002615s
DEBUG 2026-06-06 23:57:30 ort/utils.py:50 [CLIENT] Observation Buffer size 0.879420280456543 MB with
DEBUG 2026-06-06 23:57:30 ort/utils.py:65 [CLIENT] Observation Sent 922139/922139 bytes with state 3
DEBUG 2026-06-06 23:57:30 ort/utils.py:67 [CLIENT] Observation Published 0.879420280456543 MB
DEBUG 2026-06-06 23:57:30 t_client.py:208 Sent observation #0 | 
DEBUG 2026-06-06 23:57:30 t_client.py:418 QUEUE SIZE: 0 (Must go: False)
DEBUG 2026-06-06 23:57:30 t_client.py:461 Control loop (ms): 5.40
DEBUG 2026-06-06 23:57:30 t_client.py:197 Observation serialization time: 0.002918s
DEBUG 2026-06-06 23:57:30 ort/utils.py:50 [CLIENT] Observation Buffer size 0.879420280456543 MB with
DEBUG 2026-06-06 23:57:30 ort/utils.py:65 [CLIENT] Observation Sent 922139/922139 bytes with state 3
DEBUG 2026-06-06 23:57:30 ort/utils.py:67 [CLIENT] Observation Published 0.879420280456543 MB
DEBUG 2026-06-06 23:57:30 t_client.py:208 Sent observation #0 | 
DEBUG 2026-06-06 23:57:30 t_client.py:418 QUEUE SIZE: 0 (Must go: False)
DEBUG 2026-06-06 23:57:30 t_client.py:461 Control loop (ms): 5.32
DEBUG 2026-06-06 23:57:30 t_client.py:197 Observation serialization time: 0.003274s
DEBUG 2026-06-06 23:57:30 ort/utils.py:50 [CLIENT] Observation Buffer size 0.879420280456543 MB with
DEBUG 2026-06-06 23:57:30 ort/utils.py:65 [CLIENT] Observation Sent 922139/922139 bytes with state 3
DEBUG 2026-06-06 23:57:30 ort/utils.py:67 [CLIENT] Observation Published 0.879420280456543 MB
DEBUG 2026-06-06 23:57:30 t_client.py:208 Sent observation #0 | 
DEBUG 2026-06-06 23:57:30 t_client.py:418 QUEUE SIZE: 0 (Must go: False)
DEBUG 2026-06-06 23:57:30 t_client.py:461 Control loop (ms): 4.91
DEBUG 2026-06-06 23:57:30 t_client.py:197 Observation serialization time: 0.001800s
DEBUG 2026-06-06 23:57:30 ort/utils.py:50 [CLIENT] Observation Buffer size 0.879420280456543 MB with
DEBUG 2026-06-06 23:57:30 ort/utils.py:65 [CLIENT] Observation Sent 922139/922139 bytes with state 3
DEBUG 2026-06-06 23:57:30 ort/utils.py:67 [CLIENT] Observation Published 0.879420280456543 MB
DEBUG 2026-06-06 23:57:30 t_client.py:208 Sent observation #0 | 
DEBUG 2026-06-06 23:57:30 t_client.py:418 QUEUE SIZE: 0 (Must go: False)
DEBUG 2026-06-06 23:57:30 t_client.py:461 Control loop (ms): 3.91
DEBUG 2026-06-06 23:57:30 t_client.py:197 Observation serialization time: 0.003766s
DEBUG 2026-06-06 23:57:30 ort/utils.py:50 [CLIENT] Observation Buffer size 0.879420280456543 MB with
DEBUG 2026-06-06 23:57:30 ort/utils.py:65 [CLIENT] Observation Sent 922139/922139 bytes with state 3
DEBUG 2026-06-06 23:57:30 ort/utils.py:67 [CLIENT] Observation Published 0.879420280456543 MB
DEBUG 2026-06-06 23:57:30 t_client.py:208 Sent observation #0 | 
DEBUG 2026-06-06 23:57:30 t_client.py:418 QUEUE SIZE: 0 (Must go: False)
DEBUG 2026-06-06 23:57:30 t_client.py:461 Control loop (ms): 8.37
DEBUG 2026-06-06 23:57:30 t_client.py:197 Observation serialization time: 0.001827s
DEBUG 2026-06-06 23:57:30 ort/utils.py:50 [CLIENT] Observation Buffer size 0.879420280456543 MB with
DEBUG 2026-06-06 23:57:30 ort/utils.py:65 [CLIENT] Observation Sent 922139/922139 bytes with state 3
DEBUG 2026-06-06 23:57:30 ort/utils.py:67 [CLIENT] Observation Published 0.879420280456543 MB
DEBUG 2026-06-06 23:57:30 t_client.py:208 Sent observation #0 | 
DEBUG 2026-06-06 23:57:30 t_client.py:418 QUEUE SIZE: 0 (Must go: False)
DEBUG 2026-06-06 23:57:30 t_client.py:461 Control loop (ms): 2.75
DEBUG 2026-06-06 23:57:30 t_client.py:197 Observation serialization time: 0.002950s
DEBUG 2026-06-06 23:57:30 ort/utils.py:50 [CLIENT] Observation Buffer size 0.879420280456543 MB with
DEBUG 2026-06-06 23:57:30 ort/utils.py:65 [CLIENT] Observation Sent 922139/922139 bytes with state 3
DEBUG 2026-06-06 23:57:30 ort/utils.py:67 [CLIENT] Observation Published 0.879420280456543 MB
DEBUG 2026-06-06 23:57:30 t_client.py:208 Sent observation #0 | 
DEBUG 2026-06-06 23:57:30 t_client.py:418 QUEUE SIZE: 0 (Must go: False)
DEBUG 2026-06-06 23:57:30 t_client.py:461 Control loop (ms): 5.40
DEBUG 2026-06-06 23:57:30 t_client.py:197 Observation serialization time: 0.001807s
DEBUG 2026-06-06 23:57:30 ort/utils.py:50 [CLIENT] Observation Buffer size 0.879420280456543 MB with
DEBUG 2026-06-06 23:57:30 ort/utils.py:65 [CLIENT] Observation Sent 922139/922139 bytes with state 3
DEBUG 2026-06-06 23:57:30 ort/utils.py:67 [CLIENT] Observation Published 0.879420280456543 MB
DEBUG 2026-06-06 23:57:30 t_client.py:208 Sent observation #0 | 
DEBUG 2026-06-06 23:57:30 t_client.py:418 QUEUE SIZE: 0 (Must go: False)
DEBUG 2026-06-06 23:57:30 t_client.py:461 Control loop (ms): 3.38
DEBUG 2026-06-06 23:57:30 t_client.py:197 Observation serialization time: 0.003273s
DEBUG 2026-06-06 23:57:30 ort/utils.py:50 [CLIENT] Observation Buffer size 0.879420280456543 MB with
DEBUG 2026-06-06 23:57:30 ort/utils.py:65 [CLIENT] Observation Sent 922139/922139 bytes with state 3
DEBUG 2026-06-06 23:57:30 ort/utils.py:67 [CLIENT] Observation Published 0.879420280456543 MB
DEBUG 2026-06-06 23:57:30 t_client.py:208 Sent observation #0 | 
DEBUG 2026-06-06 23:57:30 t_client.py:418 QUEUE SIZE: 0 (Must go: False)
DEBUG 2026-06-06 23:57:30 t_client.py:461 Control loop (ms): 5.10
DEBUG 2026-06-06 23:57:30 t_client.py:197 Observation serialization time: 0.002335s
DEBUG 2026-06-06 23:57:30 ort/utils.py:50 [CLIENT] Observation Buffer size 0.879420280456543 MB with
DEBUG 2026-06-06 23:57:30 ort/utils.py:65 [CLIENT] Observation Sent 922139/922139 bytes with state 3
DEBUG 2026-06-06 23:57:30 ort/utils.py:67 [CLIENT] Observation Published 0.879420280456543 MB
DEBUG 2026-06-06 23:57:30 t_client.py:208 Sent observation #0 | 
DEBUG 2026-06-06 23:57:30 t_client.py:418 QUEUE SIZE: 0 (Must go: False)
DEBUG 2026-06-06 23:57:30 t_client.py:461 Control loop (ms): 3.98
DEBUG 2026-06-06 23:57:30 t_client.py:197 Observation serialization time: 0.002242s
DEBUG 2026-06-06 23:57:30 ort/utils.py:50 [CLIENT] Observation Buffer size 0.879420280456543 MB with
DEBUG 2026-06-06 23:57:30 ort/utils.py:65 [CLIENT] Observation Sent 922139/922139 bytes with state 3
DEBUG 2026-06-06 23:57:30 ort/utils.py:67 [CLIENT] Observation Published 0.879420280456543 MB
DEBUG 2026-06-06 23:57:30 t_client.py:208 Sent observation #0 | 
DEBUG 2026-06-06 23:57:30 t_client.py:418 QUEUE SIZE: 0 (Must go: False)
DEBUG 2026-06-06 23:57:30 t_client.py:461 Control loop (ms): 4.42
DEBUG 2026-06-06 23:57:30 t_client.py:197 Observation serialization time: 0.002440s
DEBUG 2026-06-06 23:57:30 ort/utils.py:50 [CLIENT] Observation Buffer size 0.879420280456543 MB with
DEBUG 2026-06-06 23:57:30 ort/utils.py:65 [CLIENT] Observation Sent 922139/922139 bytes with state 3
DEBUG 2026-06-06 23:57:30 ort/utils.py:67 [CLIENT] Observation Published 0.879420280456543 MB
DEBUG 2026-06-06 23:57:30 t_client.py:208 Sent observation #0 | 
DEBUG 2026-06-06 23:57:30 t_client.py:418 QUEUE SIZE: 0 (Must go: False)
DEBUG 2026-06-06 23:57:30 t_client.py:461 Control loop (ms): 4.47
DEBUG 2026-06-06 23:57:30 t_client.py:197 Observation serialization time: 0.002553s
DEBUG 2026-06-06 23:57:30 ort/utils.py:50 [CLIENT] Observation Buffer size 0.879420280456543 MB with
DEBUG 2026-06-06 23:57:30 ort/utils.py:65 [CLIENT] Observation Sent 922139/922139 bytes with state 3
DEBUG 2026-06-06 23:57:30 ort/utils.py:67 [CLIENT] Observation Published 0.879420280456543 MB
DEBUG 2026-06-06 23:57:30 t_client.py:208 Sent observation #0 | 
DEBUG 2026-06-06 23:57:30 t_client.py:418 QUEUE SIZE: 0 (Must go: False)
DEBUG 2026-06-06 23:57:30 t_client.py:461 Control loop (ms): 4.61
DEBUG 2026-06-06 23:57:30 t_client.py:197 Observation serialization time: 0.001901s
DEBUG 2026-06-06 23:57:30 ort/utils.py:50 [CLIENT] Observation Buffer size 0.879420280456543 MB with
DEBUG 2026-06-06 23:57:30 ort/utils.py:65 [CLIENT] Observation Sent 922139/922139 bytes with state 3
DEBUG 2026-06-06 23:57:30 ort/utils.py:67 [CLIENT] Observation Published 0.879420280456543 MB
DEBUG 2026-06-06 23:57:30 t_client.py:208 Sent observation #0 | 
DEBUG 2026-06-06 23:57:30 t_client.py:418 QUEUE SIZE: 0 (Must go: False)
DEBUG 2026-06-06 23:57:30 t_client.py:461 Control loop (ms): 3.88
DEBUG 2026-06-06 23:57:30 t_client.py:197 Observation serialization time: 0.004600s
DEBUG 2026-06-06 23:57:30 ort/utils.py:50 [CLIENT] Observation Buffer size 0.879420280456543 MB with
DEBUG 2026-06-06 23:57:30 ort/utils.py:65 [CLIENT] Observation Sent 922139/922139 bytes with state 3
DEBUG 2026-06-06 23:57:30 ort/utils.py:67 [CLIENT] Observation Published 0.879420280456543 MB
DEBUG 2026-06-06 23:57:30 t_client.py:208 Sent observation #0 | 
DEBUG 2026-06-06 23:57:30 t_client.py:418 QUEUE SIZE: 0 (Must go: False)
DEBUG 2026-06-06 23:57:30 t_client.py:461 Control loop (ms): 8.43
DEBUG 2026-06-06 23:57:30 t_client.py:197 Observation serialization time: 0.001966s
DEBUG 2026-06-06 23:57:30 ort/utils.py:50 [CLIENT] Observation Buffer size 0.879420280456543 MB with
DEBUG 2026-06-06 23:57:30 ort/utils.py:65 [CLIENT] Observation Sent 922139/922139 bytes with state 3
DEBUG 2026-06-06 23:57:30 ort/utils.py:67 [CLIENT] Observation Published 0.879420280456543 MB
DEBUG 2026-06-06 23:57:30 t_client.py:208 Sent observation #0 | 
DEBUG 2026-06-06 23:57:30 t_client.py:418 QUEUE SIZE: 0 (Must go: False)
DEBUG 2026-06-06 23:57:30 t_client.py:461 Control loop (ms): 3.23
DEBUG 2026-06-06 23:57:30 t_client.py:197 Observation serialization time: 0.002535s
DEBUG 2026-06-06 23:57:30 ort/utils.py:50 [CLIENT] Observation Buffer size 0.879420280456543 MB with
DEBUG 2026-06-06 23:57:30 ort/utils.py:65 [CLIENT] Observation Sent 922139/922139 bytes with state 3
DEBUG 2026-06-06 23:57:30 ort/utils.py:67 [CLIENT] Observation Published 0.879420280456543 MB
DEBUG 2026-06-06 23:57:30 t_client.py:208 Sent observation #0 | 
DEBUG 2026-06-06 23:57:30 t_client.py:418 QUEUE SIZE: 0 (Must go: False)
DEBUG 2026-06-06 23:57:30 t_client.py:461 Control loop (ms): 11.19
DEBUG 2026-06-06 23:57:30 t_client.py:197 Observation serialization time: 0.003118s
DEBUG 2026-06-06 23:57:30 ort/utils.py:50 [CLIENT] Observation Buffer size 0.879420280456543 MB with
DEBUG 2026-06-06 23:57:30 ort/utils.py:65 [CLIENT] Observation Sent 922139/922139 bytes with state 3
DEBUG 2026-06-06 23:57:30 ort/utils.py:67 [CLIENT] Observation Published 0.879420280456543 MB
DEBUG 2026-06-06 23:57:30 t_client.py:208 Sent observation #0 | 
DEBUG 2026-06-06 23:57:30 t_client.py:418 QUEUE SIZE: 0 (Must go: False)
DEBUG 2026-06-06 23:57:30 t_client.py:461 Control loop (ms): 6.38
DEBUG 2026-06-06 23:57:30 t_client.py:197 Observation serialization time: 0.003743s
DEBUG 2026-06-06 23:57:30 ort/utils.py:50 [CLIENT] Observation Buffer size 0.879420280456543 MB with
DEBUG 2026-06-06 23:57:30 ort/utils.py:65 [CLIENT] Observation Sent 922139/922139 bytes with state 3
DEBUG 2026-06-06 23:57:30 ort/utils.py:67 [CLIENT] Observation Published 0.879420280456543 MB
DEBUG 2026-06-06 23:57:30 t_client.py:208 Sent observation #0 | 
DEBUG 2026-06-06 23:57:30 t_client.py:418 QUEUE SIZE: 0 (Must go: False)
DEBUG 2026-06-06 23:57:30 t_client.py:461 Control loop (ms): 6.13
DEBUG 2026-06-06 23:57:30 t_client.py:197 Observation serialization time: 0.003809s
DEBUG 2026-06-06 23:57:30 ort/utils.py:50 [CLIENT] Observation Buffer size 0.879420280456543 MB with
DEBUG 2026-06-06 23:57:30 ort/utils.py:65 [CLIENT] Observation Sent 922139/922139 bytes with state 3
DEBUG 2026-06-06 23:57:30 ort/utils.py:67 [CLIENT] Observation Published 0.879420280456543 MB
DEBUG 2026-06-06 23:57:30 t_client.py:208 Sent observation #0 | 
DEBUG 2026-06-06 23:57:30 t_client.py:418 QUEUE SIZE: 0 (Must go: False)
DEBUG 2026-06-06 23:57:30 t_client.py:461 Control loop (ms): 8.29
DEBUG 2026-06-06 23:57:30 t_client.py:197 Observation serialization time: 0.004166s
DEBUG 2026-06-06 23:57:30 ort/utils.py:50 [CLIENT] Observation Buffer size 0.879420280456543 MB with
DEBUG 2026-06-06 23:57:30 ort/utils.py:65 [CLIENT] Observation Sent 922139/922139 bytes with state 3
DEBUG 2026-06-06 23:57:30 ort/utils.py:67 [CLIENT] Observation Published 0.879420280456543 MB
DEBUG 2026-06-06 23:57:30 t_client.py:208 Sent observation #0 | 
DEBUG 2026-06-06 23:57:30 t_client.py:418 QUEUE SIZE: 0 (Must go: False)
DEBUG 2026-06-06 23:57:30 t_client.py:461 Control loop (ms): 10.88
DEBUG 2026-06-06 23:57:30 t_client.py:197 Observation serialization time: 0.002291s
DEBUG 2026-06-06 23:57:30 ort/utils.py:50 [CLIENT] Observation Buffer size 0.879420280456543 MB with
DEBUG 2026-06-06 23:57:30 ort/utils.py:65 [CLIENT] Observation Sent 922139/922139 bytes with state 3
DEBUG 2026-06-06 23:57:30 ort/utils.py:67 [CLIENT] Observation Published 0.879420280456543 MB
DEBUG 2026-06-06 23:57:30 t_client.py:208 Sent observation #0 | 
DEBUG 2026-06-06 23:57:30 t_client.py:418 QUEUE SIZE: 0 (Must go: False)
DEBUG 2026-06-06 23:57:30 t_client.py:461 Control loop (ms): 3.65
DEBUG 2026-06-06 23:57:30 t_client.py:197 Observation serialization time: 0.003901s
DEBUG 2026-06-06 23:57:30 ort/utils.py:50 [CLIENT] Observation Buffer size 0.879420280456543 MB with
DEBUG 2026-06-06 23:57:30 ort/utils.py:65 [CLIENT] Observation Sent 922139/922139 bytes with state 3
DEBUG 2026-06-06 23:57:30 ort/utils.py:67 [CLIENT] Observation Published 0.879420280456543 MB
DEBUG 2026-06-06 23:57:30 t_client.py:208 Sent observation #0 | 
DEBUG 2026-06-06 23:57:30 t_client.py:418 QUEUE SIZE: 0 (Must go: False)
DEBUG 2026-06-06 23:57:30 t_client.py:461 Control loop (ms): 27.09
DEBUG 2026-06-06 23:57:30 t_client.py:197 Observation serialization time: 0.003397s
DEBUG 2026-06-06 23:57:30 ort/utils.py:50 [CLIENT] Observation Buffer size 0.879420280456543 MB with
DEBUG 2026-06-06 23:57:30 ort/utils.py:65 [CLIENT] Observation Sent 922139/922139 bytes with state 3
DEBUG 2026-06-06 23:57:30 ort/utils.py:67 [CLIENT] Observation Published 0.879420280456543 MB
DEBUG 2026-06-06 23:57:30 t_client.py:208 Sent observation #0 | 
DEBUG 2026-06-06 23:57:30 t_client.py:418 QUEUE SIZE: 0 (Must go: False)
DEBUG 2026-06-06 23:57:30 t_client.py:461 Control loop (ms): 6.49
DEBUG 2026-06-06 23:57:30 t_client.py:197 Observation serialization time: 0.003857s
DEBUG 2026-06-06 23:57:30 ort/utils.py:50 [CLIENT] Observation Buffer size 0.879420280456543 MB with
DEBUG 2026-06-06 23:57:30 ort/utils.py:65 [CLIENT] Observation Sent 922139/922139 bytes with state 3
DEBUG 2026-06-06 23:57:30 ort/utils.py:67 [CLIENT] Observation Published 0.879420280456543 MB
DEBUG 2026-06-06 23:57:30 t_client.py:208 Sent observation #0 | 
DEBUG 2026-06-06 23:57:30 t_client.py:418 QUEUE SIZE: 0 (Must go: False)
DEBUG 2026-06-06 23:57:30 t_client.py:461 Control loop (ms): 130.03
DEBUG 2026-06-06 23:57:30 t_client.py:197 Observation serialization time: 0.001772s
DEBUG 2026-06-06 23:57:30 ort/utils.py:50 [CLIENT] Observation Buffer size 0.879420280456543 MB with
DEBUG 2026-06-06 23:57:30 ort/utils.py:65 [CLIENT] Observation Sent 922139/922139 bytes with state 3
DEBUG 2026-06-06 23:57:30 ort/utils.py:67 [CLIENT] Observation Published 0.879420280456543 MB
DEBUG 2026-06-06 23:57:30 t_client.py:208 Sent observation #0 | 
DEBUG 2026-06-06 23:57:30 t_client.py:418 QUEUE SIZE: 0 (Must go: False)
DEBUG 2026-06-06 23:57:30 t_client.py:461 Control loop (ms): 11.44
DEBUG 2026-06-06 23:57:30 t_client.py:461 Control loop (ms): 3.18
DEBUG 2026-06-06 23:57:30 t_client.py:461 Control loop (ms): 0.37
DEBUG 2026-06-06 23:57:30 t_client.py:461 Control loop (ms): 0.28
DEBUG 2026-06-06 23:57:30 t_client.py:461 Control loop (ms): 0.21
DEBUG 2026-06-06 23:57:30 t_client.py:461 Control loop (ms): 13.57
DEBUG 2026-06-06 23:57:30 t_client.py:461 Control loop (ms): 0.16
DEBUG 2026-06-06 23:57:30 t_client.py:461 Control loop (ms): 0.23
DEBUG 2026-06-06 23:57:30 t_client.py:461 Control loop (ms): 0.25
DEBUG 2026-06-06 23:57:30 t_client.py:461 Control loop (ms): 0.25
DEBUG 2026-06-06 23:57:30 t_client.py:461 Control loop (ms): 0.20
DEBUG 2026-06-06 23:57:30 t_client.py:461 Control loop (ms): 0.26
DEBUG 2026-06-06 23:57:31 t_client.py:461 Control loop (ms): 0.26
DEBUG 2026-06-06 23:57:31 t_client.py:461 Control loop (ms): 0.19
DEBUG 2026-06-06 23:57:31 t_client.py:461 Control loop (ms): 0.19
DEBUG 2026-06-06 23:57:31 t_client.py:461 Control loop (ms): 0.22
DEBUG 2026-06-06 23:57:31 t_client.py:461 Control loop (ms): 0.17
DEBUG 2026-06-06 23:57:31 t_client.py:461 Control loop (ms): 0.20
DEBUG 2026-06-06 23:57:31 t_client.py:461 Control loop (ms): 0.24
DEBUG 2026-06-06 23:57:31 t_client.py:461 Control loop (ms): 0.19
DEBUG 2026-06-06 23:57:31 t_client.py:461 Control loop (ms): 0.19
DEBUG 2026-06-06 23:57:31 t_client.py:461 Control loop (ms): 0.22
DEBUG 2026-06-06 23:57:31 t_client.py:461 Control loop (ms): 0.21
DEBUG 2026-06-06 23:57:31 t_client.py:461 Control loop (ms): 0.18
DEBUG 2026-06-06 23:57:31 t_client.py:461 Control loop (ms): 0.33
DEBUG 2026-06-06 23:57:31 t_client.py:461 Control loop (ms): 0.21
DEBUG 2026-06-06 23:57:31 t_client.py:197 Observation serialization time: 0.001964s
DEBUG 2026-06-06 23:57:31 ort/utils.py:50 [CLIENT] Observation Buffer size 0.879420280456543 MB with
DEBUG 2026-06-06 23:57:31 ort/utils.py:65 [CLIENT] Observation Sent 922139/922139 bytes with state 3
DEBUG 2026-06-06 23:57:31 ort/utils.py:67 [CLIENT] Observation Published 0.879420280456543 MB
DEBUG 2026-06-06 23:57:31 t_client.py:208 Sent observation #24 | 
DEBUG 2026-06-06 23:57:31 t_client.py:418 QUEUE SIZE: 25 (Must go: False)
DEBUG 2026-06-06 23:57:31 t_client.py:461 Control loop (ms): 4.40
DEBUG 2026-06-06 23:57:31 t_client.py:197 Observation serialization time: 0.002501s
DEBUG 2026-06-06 23:57:31 ort/utils.py:50 [CLIENT] Observation Buffer size 0.879420280456543 MB with
DEBUG 2026-06-06 23:57:31 ort/utils.py:65 [CLIENT] Observation Sent 922139/922139 bytes with state 3
DEBUG 2026-06-06 23:57:31 ort/utils.py:67 [CLIENT] Observation Published 0.879420280456543 MB
DEBUG 2026-06-06 23:57:31 t_client.py:208 Sent observation #25 | 
DEBUG 2026-06-06 23:57:31 t_client.py:418 QUEUE SIZE: 24 (Must go: False)
DEBUG 2026-06-06 23:57:31 t_client.py:461 Control loop (ms): 4.95
DEBUG 2026-06-06 23:57:31 t_client.py:197 Observation serialization time: 0.002341s
DEBUG 2026-06-06 23:57:31 ort/utils.py:50 [CLIENT] Observation Buffer size 0.879420280456543 MB with
DEBUG 2026-06-06 23:57:31 ort/utils.py:65 [CLIENT] Observation Sent 922139/922139 bytes with state 3
DEBUG 2026-06-06 23:57:31 ort/utils.py:67 [CLIENT] Observation Published 0.879420280456543 MB
DEBUG 2026-06-06 23:57:31 t_client.py:208 Sent observation #26 | 
DEBUG 2026-06-06 23:57:31 t_client.py:418 QUEUE SIZE: 23 (Must go: False)
DEBUG 2026-06-06 23:57:31 t_client.py:461 Control loop (ms): 7.18
DEBUG 2026-06-06 23:57:31 t_client.py:197 Observation serialization time: 0.003345s
DEBUG 2026-06-06 23:57:31 ort/utils.py:50 [CLIENT] Observation Buffer size 0.879420280456543 MB with
DEBUG 2026-06-06 23:57:31 ort/utils.py:65 [CLIENT] Observation Sent 922139/922139 bytes with state 3
DEBUG 2026-06-06 23:57:31 ort/utils.py:67 [CLIENT] Observation Published 0.879420280456543 MB
DEBUG 2026-06-06 23:57:31 t_client.py:208 Sent observation #27 | 
DEBUG 2026-06-06 23:57:31 t_client.py:418 QUEUE SIZE: 22 (Must go: False)
DEBUG 2026-06-06 23:57:31 t_client.py:461 Control loop (ms): 5.54
DEBUG 2026-06-06 23:57:31 t_client.py:461 Control loop (ms): 0.29
DEBUG 2026-06-06 23:57:31 t_client.py:461 Control loop (ms): 0.32
DEBUG 2026-06-06 23:57:31 t_client.py:461 Control loop (ms): 0.21
DEBUG 2026-06-06 23:57:31 t_client.py:461 Control loop (ms): 18.84
DEBUG 2026-06-06 23:57:31 t_client.py:461 Control loop (ms): 0.74
DEBUG 2026-06-06 23:57:31 t_client.py:461 Control loop (ms): 0.25
DEBUG 2026-06-06 23:57:31 t_client.py:461 Control loop (ms): 0.34
DEBUG 2026-06-06 23:57:31 t_client.py:461 Control loop (ms): 0.22
DEBUG 2026-06-06 23:57:31 t_client.py:461 Control loop (ms): 0.46
DEBUG 2026-06-06 23:57:31 t_client.py:461 Control loop (ms): 0.35
DEBUG 2026-06-06 23:57:31 t_client.py:461 Control loop (ms): 0.28
DEBUG 2026-06-06 23:57:31 t_client.py:461 Control loop (ms): 0.21
DEBUG 2026-06-06 23:57:31 t_client.py:461 Control loop (ms): 0.27
DEBUG 2026-06-06 23:57:31 t_client.py:461 Control loop (ms): 0.22
DEBUG 2026-06-06 23:57:31 t_client.py:461 Control loop (ms): 0.20
DEBUG 2026-06-06 23:57:31 t_client.py:461 Control loop (ms): 0.25
DEBUG 2026-06-06 23:57:31 t_client.py:461 Control loop (ms): 0.21
DEBUG 2026-06-06 23:57:31 t_client.py:461 Control loop (ms): 0.20
DEBUG 2026-06-06 23:57:31 t_client.py:461 Control loop (ms): 0.51
DEBUG 2026-06-06 23:57:31 t_client.py:461 Control loop (ms): 0.26
DEBUG 2026-06-06 23:57:31 t_client.py:461 Control loop (ms): 0.19
DEBUG 2026-06-06 23:57:31 t_client.py:461 Control loop (ms): 0.24
DEBUG 2026-06-06 23:57:31 t_client.py:461 Control loop (ms): 0.24
DEBUG 2026-06-06 23:57:31 t_client.py:461 Control loop (ms): 0.25
DEBUG 2026-06-06 23:57:31 t_client.py:461 Control loop (ms): 0.45
DEBUG 2026-06-06 23:57:31 t_client.py:197 Observation serialization time: 0.003034s
DEBUG 2026-06-06 23:57:31 ort/utils.py:50 [CLIENT] Observation Buffer size 0.879420280456543 MB with
DEBUG 2026-06-06 23:57:31 ort/utils.py:65 [CLIENT] Observation Sent 922139/922139 bytes with state 3
DEBUG 2026-06-06 23:57:31 ort/utils.py:67 [CLIENT] Observation Published 0.879420280456543 MB
DEBUG 2026-06-06 23:57:31 t_client.py:208 Sent observation #51 | 
DEBUG 2026-06-06 23:57:31 t_client.py:418 QUEUE SIZE: 25 (Must go: False)
DEBUG 2026-06-06 23:57:31 t_client.py:461 Control loop (ms): 8.95
DEBUG 2026-06-06 23:57:31 t_client.py:197 Observation serialization time: 0.001958s
DEBUG 2026-06-06 23:57:31 ort/utils.py:50 [CLIENT] Observation Buffer size 0.879420280456543 MB with
DEBUG 2026-06-06 23:57:31 ort/utils.py:65 [CLIENT] Observation Sent 922139/922139 bytes with state 3
DEBUG 2026-06-06 23:57:31 ort/utils.py:67 [CLIENT] Observation Published 0.879420280456543 MB
DEBUG 2026-06-06 23:57:31 t_client.py:208 Sent observation #52 | 
DEBUG 2026-06-06 23:57:31 t_client.py:418 QUEUE SIZE: 24 (Must go: False)
DEBUG 2026-06-06 23:57:31 t_client.py:461 Control loop (ms): 7.45
DEBUG 2026-06-06 23:57:31 t_client.py:197 Observation serialization time: 0.002738s
DEBUG 2026-06-06 23:57:31 ort/utils.py:50 [CLIENT] Observation Buffer size 0.879420280456543 MB with
DEBUG 2026-06-06 23:57:31 ort/utils.py:65 [CLIENT] Observation Sent 922139/922139 bytes with state 3
DEBUG 2026-06-06 23:57:31 ort/utils.py:67 [CLIENT] Observation Published 0.879420280456543 MB
DEBUG 2026-06-06 23:57:31 t_client.py:208 Sent observation #53 | 
DEBUG 2026-06-06 23:57:31 t_client.py:418 QUEUE SIZE: 23 (Must go: False)
DEBUG 2026-06-06 23:57:31 t_client.py:461 Control loop (ms): 4.57
DEBUG 2026-06-06 23:57:31 t_client.py:197 Observation serialization time: 0.004001s
DEBUG 2026-06-06 23:57:31 ort/utils.py:50 [CLIENT] Observation Buffer size 0.879420280456543 MB with
DEBUG 2026-06-06 23:57:31 t_client.py:208 Sent observation #54 | 
DEBUG 2026-06-06 23:57:31 t_client.py:418 QUEUE SIZE: 22 (Must go: False)
DEBUG 2026-06-06 23:57:31 t_client.py:461 Control loop (ms): 18.91
DEBUG 2026-06-06 23:57:31 t_client.py:197 Observation serialization time: 0.002131s
DEBUG 2026-06-06 23:57:31 ort/utils.py:50 [CLIENT] Observation Buffer size 0.879420280456543 MB with
DEBUG 2026-06-06 23:57:31 ort/utils.py:65 [CLIENT] Observation Sent 922139/922139 bytes with state 3
DEBUG 2026-06-06 23:57:31 ort/utils.py:67 [CLIENT] Observation Published 0.879420280456543 MB
DEBUG 2026-06-06 23:57:31 t_client.py:208 Sent observation #55 | 
DEBUG 2026-06-06 23:57:31 t_client.py:418 QUEUE SIZE: 21 (Must go: False)
DEBUG 2026-06-06 23:57:31 t_client.py:461 Control loop (ms): 9.27
DEBUG 2026-06-06 23:57:31 t_client.py:461 Control loop (ms): 0.57
DEBUG 2026-06-06 23:57:31 t_client.py:461 Control loop (ms): 0.39
DEBUG 2026-06-06 23:57:31 t_client.py:461 Control loop (ms): 0.56
DEBUG 2026-06-06 23:57:31 t_client.py:461 Control loop (ms): 0.25
DEBUG 2026-06-06 23:57:31 t_client.py:461 Control loop (ms): 3.22
DEBUG 2026-06-06 23:57:31 t_client.py:461 Control loop (ms): 0.20
DEBUG 2026-06-06 23:57:31 t_client.py:461 Control loop (ms): 0.26
DEBUG 2026-06-06 23:57:31 t_client.py:461 Control loop (ms): 0.20
DEBUG 2026-06-06 23:57:31 t_client.py:461 Control loop (ms): 0.22
DEBUG 2026-06-06 23:57:31 t_client.py:461 Control loop (ms): 0.26
DEBUG 2026-06-06 23:57:31 t_client.py:461 Control loop (ms): 0.21
DEBUG 2026-06-06 23:57:31 t_client.py:461 Control loop (ms): 0.19
DEBUG 2026-06-06 23:57:31 t_client.py:461 Control loop (ms): 0.21
DEBUG 2026-06-06 23:57:31 t_client.py:461 Control loop (ms): 0.27
DEBUG 2026-06-06 23:57:31 t_client.py:461 Control loop (ms): 0.20
DEBUG 2026-06-06 23:57:31 t_client.py:461 Control loop (ms): 0.23
DEBUG 2026-06-06 23:57:31 t_client.py:461 Control loop (ms): 0.26
DEBUG 2026-06-06 23:57:31 t_client.py:461 Control loop (ms): 0.21
DEBUG 2026-06-06 23:57:31 t_client.py:461 Control loop (ms): 0.19
DEBUG 2026-06-06 23:57:31 t_client.py:461 Control loop (ms): 0.23
DEBUG 2026-06-06 23:57:31 t_client.py:461 Control loop (ms): 0.21
DEBUG 2026-06-06 23:57:31 t_client.py:461 Control loop (ms): 0.19
DEBUG 2026-06-06 23:57:31 t_client.py:461 Control loop (ms): 0.22
DEBUG 2026-06-06 23:57:31 t_client.py:197 Observation serialization time: 0.002438s
DEBUG 2026-06-06 23:57:31 ort/utils.py:50 [CLIENT] Observation Buffer size 0.879420280456543 MB with
DEBUG 2026-06-06 23:57:31 ort/utils.py:65 [CLIENT] Observation Sent 922139/922139 bytes with state 3
DEBUG 2026-06-06 23:57:31 ort/utils.py:67 [CLIENT] Observation Published 0.879420280456543 MB
DEBUG 2026-06-06 23:57:31 t_client.py:208 Sent observation #79 | 
DEBUG 2026-06-06 23:57:31 t_client.py:418 QUEUE SIZE: 25 (Must go: False)
DEBUG 2026-06-06 23:57:31 t_client.py:461 Control loop (ms): 4.80
DEBUG 2026-06-06 23:57:31 t_client.py:197 Observation serialization time: 0.001820s
DEBUG 2026-06-06 23:57:31 ort/utils.py:50 [CLIENT] Observation Buffer size 0.879420280456543 MB with
DEBUG 2026-06-06 23:57:31 ort/utils.py:65 [CLIENT] Observation Sent 922139/922139 bytes with state 3
DEBUG 2026-06-06 23:57:31 ort/utils.py:67 [CLIENT] Observation Published 0.879420280456543 MB
DEBUG 2026-06-06 23:57:31 t_client.py:208 Sent observation #80 | 
DEBUG 2026-06-06 23:57:31 t_client.py:418 QUEUE SIZE: 24 (Must go: False)
DEBUG 2026-06-06 23:57:31 t_client.py:461 Control loop (ms): 3.47
DEBUG 2026-06-06 23:57:31 t_client.py:197 Observation serialization time: 0.002990s
DEBUG 2026-06-06 23:57:31 ort/utils.py:50 [CLIENT] Observation Buffer size 0.879420280456543 MB with
DEBUG 2026-06-06 23:57:31 ort/utils.py:65 [CLIENT] Observation Sent 922139/922139 bytes with state 3
DEBUG 2026-06-06 23:57:31 ort/utils.py:67 [CLIENT] Observation Published 0.879420280456543 MB
DEBUG 2026-06-06 23:57:31 t_client.py:208 Sent observation #81 | 
DEBUG 2026-06-06 23:57:31 t_client.py:418 QUEUE SIZE: 23 (Must go: False)
DEBUG 2026-06-06 23:57:31 t_client.py:461 Control loop (ms): 24.75
DEBUG 2026-06-06 23:57:31 t_client.py:197 Observation serialization time: 0.003464s
DEBUG 2026-06-06 23:57:31 ort/utils.py:50 [CLIENT] Observation Buffer size 0.879420280456543 MB with
DEBUG 2026-06-06 23:57:31 ort/utils.py:65 [CLIENT] Observation Sent 922139/922139 bytes with state 3
DEBUG 2026-06-06 23:57:31 ort/utils.py:67 [CLIENT] Observation Published 0.879420280456543 MB
DEBUG 2026-06-06 23:57:31 t_client.py:208 Sent observation #82 | 
DEBUG 2026-06-06 23:57:31 t_client.py:418 QUEUE SIZE: 22 (Must go: False)
DEBUG 2026-06-06 23:57:31 t_client.py:461 Control loop (ms): 6.17
DEBUG 2026-06-06 23:57:31 t_client.py:461 Control loop (ms): 0.31
DEBUG 2026-06-06 23:57:31 t_client.py:461 Control loop (ms): 0.24
DEBUG 2026-06-06 23:57:31 t_client.py:461 Control loop (ms): 0.22
DEBUG 2026-06-06 23:57:31 t_client.py:461 Control loop (ms): 11.70
DEBUG 2026-06-06 23:57:31 t_client.py:461 Control loop (ms): 1.57
DEBUG 2026-06-06 23:57:31 t_client.py:461 Control loop (ms): 0.20
DEBUG 2026-06-06 23:57:31 t_client.py:461 Control loop (ms): 0.26
DEBUG 2026-06-06 23:57:31 t_client.py:461 Control loop (ms): 0.19
DEBUG 2026-06-06 23:57:31 t_client.py:461 Control loop (ms): 0.19
DEBUG 2026-06-06 23:57:31 t_client.py:461 Control loop (ms): 0.26
DEBUG 2026-06-06 23:57:31 t_client.py:461 Control loop (ms): 0.33
DEBUG 2026-06-06 23:57:31 t_client.py:461 Control loop (ms): 0.20
DEBUG 2026-06-06 23:57:31 t_client.py:461 Control loop (ms): 0.40
DEBUG 2026-06-06 23:57:31 t_client.py:461 Control loop (ms): 0.29
DEBUG 2026-06-06 23:57:31 t_client.py:461 Control loop (ms): 0.21
DEBUG 2026-06-06 23:57:31 t_client.py:461 Control loop (ms): 0.22
DEBUG 2026-06-06 23:57:31 t_client.py:461 Control loop (ms): 0.25
DEBUG 2026-06-06 23:57:31 t_client.py:461 Control loop (ms): 0.19
DEBUG 2026-06-06 23:57:31 t_client.py:461 Control loop (ms): 0.22
DEBUG 2026-06-06 23:57:31 t_client.py:461 Control loop (ms): 0.25
DEBUG 2026-06-06 23:57:32 t_client.py:461 Control loop (ms): 0.20
DEBUG 2026-06-06 23:57:32 t_client.py:461 Control loop (ms): 0.19
DEBUG 2026-06-06 23:57:32 t_client.py:461 Control loop (ms): 0.24
DEBUG 2026-06-06 23:57:32 t_client.py:197 Observation serialization time: 0.001757s
DEBUG 2026-06-06 23:57:32 ort/utils.py:50 [CLIENT] Observation Buffer size 0.879420280456543 MB with
DEBUG 2026-06-06 23:57:32 ort/utils.py:65 [CLIENT] Observation Sent 922139/922139 bytes with state 3
DEBUG 2026-06-06 23:57:32 ort/utils.py:67 [CLIENT] Observation Published 0.879420280456543 MB
DEBUG 2026-06-06 23:57:32 t_client.py:208 Sent observation #106 | 
DEBUG 2026-06-06 23:57:32 t_client.py:418 QUEUE SIZE: 25 (Must go: False)
DEBUG 2026-06-06 23:57:32 t_client.py:461 Control loop (ms): 3.57
DEBUG 2026-06-06 23:57:32 t_client.py:197 Observation serialization time: 0.003415s
DEBUG 2026-06-06 23:57:32 ort/utils.py:50 [CLIENT] Observation Buffer size 0.879420280456543 MB with
DEBUG 2026-06-06 23:57:32 ort/utils.py:65 [CLIENT] Observation Sent 922139/922139 bytes with state 3
DEBUG 2026-06-06 23:57:32 ort/utils.py:67 [CLIENT] Observation Published 0.879420280456543 MB
DEBUG 2026-06-06 23:57:32 t_client.py:208 Sent observation #107 | 
DEBUG 2026-06-06 23:57:32 t_client.py:418 QUEUE SIZE: 24 (Must go: False)
DEBUG 2026-06-06 23:57:32 t_client.py:461 Control loop (ms): 16.16
DEBUG 2026-06-06 23:57:32 t_client.py:197 Observation serialization time: 0.002618s
DEBUG 2026-06-06 23:57:32 ort/utils.py:50 [CLIENT] Observation Buffer size 0.879420280456543 MB with
DEBUG 2026-06-06 23:57:32 ort/utils.py:65 [CLIENT] Observation Sent 922139/922139 bytes with state 3
DEBUG 2026-06-06 23:57:32 ort/utils.py:67 [CLIENT] Observation Published 0.879420280456543 MB
DEBUG 2026-06-06 23:57:32 t_client.py:208 Sent observation #108 | 
DEBUG 2026-06-06 23:57:32 t_client.py:418 QUEUE SIZE: 23 (Must go: False)
DEBUG 2026-06-06 23:57:32 t_client.py:461 Control loop (ms): 11.70
DEBUG 2026-06-06 23:57:32 t_client.py:197 Observation serialization time: 0.003111s
DEBUG 2026-06-06 23:57:32 ort/utils.py:50 [CLIENT] Observation Buffer size 0.879420280456543 MB with
DEBUG 2026-06-06 23:57:32 ort/utils.py:65 [CLIENT] Observation Sent 922139/922139 bytes with state 3
DEBUG 2026-06-06 23:57:32 ort/utils.py:67 [CLIENT] Observation Published 0.879420280456543 MB
DEBUG 2026-06-06 23:57:32 t_client.py:208 Sent observation #109 | 
DEBUG 2026-06-06 23:57:32 t_client.py:418 QUEUE SIZE: 22 (Must go: False)
DEBUG 2026-06-06 23:57:32 t_client.py:461 Control loop (ms): 6.66
DEBUG 2026-06-06 23:57:32 t_client.py:461 Control loop (ms): 0.22
DEBUG 2026-06-06 23:57:32 t_client.py:461 Control loop (ms): 0.33
DEBUG 2026-06-06 23:57:32 t_client.py:461 Control loop (ms): 0.20
DEBUG 2026-06-06 23:57:32 t_client.py:461 Control loop (ms): 0.20
DEBUG 2026-06-06 23:57:32 t_client.py:461 Control loop (ms): 0.19
DEBUG 2026-06-06 23:57:32 t_client.py:461 Control loop (ms): 0.21
DEBUG 2026-06-06 23:57:32 t_client.py:461 Control loop (ms): 0.20
DEBUG 2026-06-06 23:57:32 t_client.py:461 Control loop (ms): 0.25
DEBUG 2026-06-06 23:57:32 t_client.py:461 Control loop (ms): 0.23
DEBUG 2026-06-06 23:57:32 t_client.py:461 Control loop (ms): 0.26
DEBUG 2026-06-06 23:57:32 t_client.py:461 Control loop (ms): 0.25
DEBUG 2026-06-06 23:57:32 t_client.py:461 Control loop (ms): 0.21
DEBUG 2026-06-06 23:57:32 t_client.py:461 Control loop (ms): 0.15
DEBUG 2026-06-06 23:57:32 t_client.py:461 Control loop (ms): 0.24
DEBUG 2026-06-06 23:57:32 t_client.py:461 Control loop (ms): 0.19
DEBUG 2026-06-06 23:57:32 t_client.py:461 Control loop (ms): 0.19
DEBUG 2026-06-06 23:57:32 t_client.py:461 Control loop (ms): 0.23
DEBUG 2026-06-06 23:57:32 t_client.py:461 Control loop (ms): 0.22
DEBUG 2026-06-06 23:57:32 t_client.py:461 Control loop (ms): 0.23
DEBUG 2026-06-06 23:57:32 t_client.py:461 Control loop (ms): 0.24
DEBUG 2026-06-06 23:57:32 t_client.py:197 Observation serialization time: 0.002036s
DEBUG 2026-06-06 23:57:32 ort/utils.py:50 [CLIENT] Observation Buffer size 0.879420280456543 MB with
DEBUG 2026-06-06 23:57:32 ort/utils.py:65 [CLIENT] Observation Sent 922139/922139 bytes with state 3
DEBUG 2026-06-06 23:57:32 ort/utils.py:67 [CLIENT] Observation Published 0.879420280456543 MB
DEBUG 2026-06-06 23:57:32 t_client.py:208 Sent observation #130 | 
DEBUG 2026-06-06 23:57:32 t_client.py:418 QUEUE SIZE: 25 (Must go: False)
DEBUG 2026-06-06 23:57:32 t_client.py:461 Control loop (ms): 4.19
DEBUG 2026-06-06 23:57:32 t_client.py:197 Observation serialization time: 0.001933s
DEBUG 2026-06-06 23:57:32 ort/utils.py:50 [CLIENT] Observation Buffer size 0.879420280456543 MB with
DEBUG 2026-06-06 23:57:32 ort/utils.py:65 [CLIENT] Observation Sent 922139/922139 bytes with state 3
DEBUG 2026-06-06 23:57:32 ort/utils.py:67 [CLIENT] Observation Published 0.879420280456543 MB
DEBUG 2026-06-06 23:57:32 t_client.py:208 Sent observation #131 | 
DEBUG 2026-06-06 23:57:32 t_client.py:418 QUEUE SIZE: 24 (Must go: False)
DEBUG 2026-06-06 23:57:32 t_client.py:461 Control loop (ms): 3.86
DEBUG 2026-06-06 23:57:32 t_client.py:197 Observation serialization time: 0.001818s
DEBUG 2026-06-06 23:57:32 ort/utils.py:50 [CLIENT] Observation Buffer size 0.879420280456543 MB with
DEBUG 2026-06-06 23:57:32 ort/utils.py:65 [CLIENT] Observation Sent 922139/922139 bytes with state 3
DEBUG 2026-06-06 23:57:32 ort/utils.py:67 [CLIENT] Observation Published 0.879420280456543 MB
DEBUG 2026-06-06 23:57:32 t_client.py:208 Sent observation #132 | 
DEBUG 2026-06-06 23:57:32 t_client.py:418 QUEUE SIZE: 23 (Must go: False)
DEBUG 2026-06-06 23:57:32 t_client.py:461 Control loop (ms): 3.82
DEBUG 2026-06-06 23:57:32 t_client.py:197 Observation serialization time: 0.002324s
DEBUG 2026-06-06 23:57:32 ort/utils.py:50 [CLIENT] Observation Buffer size 0.879420280456543 MB with
DEBUG 2026-06-06 23:57:32 ort/utils.py:65 [CLIENT] Observation Sent 922139/922139 bytes with state 3
DEBUG 2026-06-06 23:57:32 ort/utils.py:67 [CLIENT] Observation Published 0.879420280456543 MB
DEBUG 2026-06-06 23:57:32 t_client.py:208 Sent observation #133 | 
DEBUG 2026-06-06 23:57:32 t_client.py:418 QUEUE SIZE: 22 (Must go: False)
DEBUG 2026-06-06 23:57:32 t_client.py:461 Control loop (ms): 4.22
DEBUG 2026-06-06 23:57:32 t_client.py:197 Observation serialization time: 0.004359s
DEBUG 2026-06-06 23:57:32 ort/utils.py:50 [CLIENT] Observation Buffer size 0.879420280456543 MB with
DEBUG 2026-06-06 23:57:32 ort/utils.py:65 [CLIENT] Observation Sent 922139/922139 bytes with state 3
DEBUG 2026-06-06 23:57:32 ort/utils.py:67 [CLIENT] Observation Published 0.879420280456543 MB
DEBUG 2026-06-06 23:57:32 t_client.py:208 Sent observation #134 | 
DEBUG 2026-06-06 23:57:32 t_client.py:418 QUEUE SIZE: 21 (Must go: False)
DEBUG 2026-06-06 23:57:32 t_client.py:461 Control loop (ms): 6.69
DEBUG 2026-06-06 23:57:32 t_client.py:197 Observation serialization time: 0.001844s
DEBUG 2026-06-06 23:57:32 ort/utils.py:50 [CLIENT] Observation Buffer size 0.879420280456543 MB with
DEBUG 2026-06-06 23:57:32 ort/utils.py:65 [CLIENT] Observation Sent 922139/922139 bytes with state 3
DEBUG 2026-06-06 23:57:32 ort/utils.py:67 [CLIENT] Observation Published 0.879420280456543 MB
DEBUG 2026-06-06 23:57:32 t_client.py:208 Sent observation #135 | 
DEBUG 2026-06-06 23:57:32 t_client.py:418 QUEUE SIZE: 20 (Must go: False)
DEBUG 2026-06-06 23:57:32 t_client.py:461 Control loop (ms): 3.24
DEBUG 2026-06-06 23:57:32 t_client.py:197 Observation serialization time: 0.003659s
DEBUG 2026-06-06 23:57:32 ort/utils.py:50 [CLIENT] Observation Buffer size 0.879420280456543 MB with
DEBUG 2026-06-06 23:57:32 ort/utils.py:65 [CLIENT] Observation Sent 922139/922139 bytes with state 3
DEBUG 2026-06-06 23:57:32 ort/utils.py:67 [CLIENT] Observation Published 0.879420280456543 MB
DEBUG 2026-06-06 23:57:32 t_client.py:208 Sent observation #136 | 
DEBUG 2026-06-06 23:57:32 t_client.py:418 QUEUE SIZE: 19 (Must go: False)
DEBUG 2026-06-06 23:57:32 t_client.py:461 Control loop (ms): 6.14
DEBUG 2026-06-06 23:57:32 t_client.py:197 Observation serialization time: 0.001906s
DEBUG 2026-06-06 23:57:32 ort/utils.py:50 [CLIENT] Observation Buffer size 0.879420280456543 MB with
DEBUG 2026-06-06 23:57:32 ort/utils.py:65 [CLIENT] Observation Sent 922139/922139 bytes with state 3
DEBUG 2026-06-06 23:57:32 ort/utils.py:67 [CLIENT] Observation Published 0.879420280456543 MB
DEBUG 2026-06-06 23:57:32 t_client.py:208 Sent observation #137 | 
DEBUG 2026-06-06 23:57:32 t_client.py:418 QUEUE SIZE: 18 (Must go: False)
DEBUG 2026-06-06 23:57:32 t_client.py:461 Control loop (ms): 3.66
DEBUG 2026-06-06 23:57:32 t_client.py:197 Observation serialization time: 0.001860s
DEBUG 2026-06-06 23:57:32 ort/utils.py:50 [CLIENT] Observation Buffer size 0.879420280456543 MB with
DEBUG 2026-06-06 23:57:32 ort/utils.py:65 [CLIENT] Observation Sent 922139/922139 bytes with state 3
DEBUG 2026-06-06 23:57:32 ort/utils.py:67 [CLIENT] Observation Published 0.879420280456543 MB
DEBUG 2026-06-06 23:57:32 t_client.py:208 Sent observation #138 | 
DEBUG 2026-06-06 23:57:32 t_client.py:418 QUEUE SIZE: 17 (Must go: False)
DEBUG 2026-06-06 23:57:32 t_client.py:461 Control loop (ms): 3.43
DEBUG 2026-06-06 23:57:32 t_client.py:197 Observation serialization time: 0.004762s
DEBUG 2026-06-06 23:57:32 ort/utils.py:50 [CLIENT] Observation Buffer size 0.879420280456543 MB with
DEBUG 2026-06-06 23:57:32 ort/utils.py:65 [CLIENT] Observation Sent 922139/922139 bytes with state 3
DEBUG 2026-06-06 23:57:32 ort/utils.py:67 [CLIENT] Observation Published 0.879420280456543 MB
DEBUG 2026-06-06 23:57:32 t_client.py:208 Sent observation #139 | 
DEBUG 2026-06-06 23:57:32 t_client.py:418 QUEUE SIZE: 16 (Must go: False)
DEBUG 2026-06-06 23:57:32 t_client.py:461 Control loop (ms): 7.38
DEBUG 2026-06-06 23:57:32 t_client.py:197 Observation serialization time: 0.001869s
DEBUG 2026-06-06 23:57:32 ort/utils.py:50 [CLIENT] Observation Buffer size 0.879420280456543 MB with
DEBUG 2026-06-06 23:57:32 ort/utils.py:65 [CLIENT] Observation Sent 922139/922139 bytes with state 3
DEBUG 2026-06-06 23:57:32 ort/utils.py:67 [CLIENT] Observation Published 0.879420280456543 MB
DEBUG 2026-06-06 23:57:32 t_client.py:208 Sent observation #140 | 
DEBUG 2026-06-06 23:57:32 t_client.py:418 QUEUE SIZE: 15 (Must go: False)
DEBUG 2026-06-06 23:57:32 t_client.py:461 Control loop (ms): 3.66
DEBUG 2026-06-06 23:57:32 t_client.py:197 Observation serialization time: 0.002740s
DEBUG 2026-06-06 23:57:32 ort/utils.py:50 [CLIENT] Observation Buffer size 0.879420280456543 MB with
DEBUG 2026-06-06 23:57:32 ort/utils.py:65 [CLIENT] Observation Sent 922139/922139 bytes with state 3
DEBUG 2026-06-06 23:57:32 ort/utils.py:67 [CLIENT] Observation Published 0.879420280456543 MB
DEBUG 2026-06-06 23:57:32 t_client.py:208 Sent observation #141 | 
DEBUG 2026-06-06 23:57:32 t_client.py:418 QUEUE SIZE: 14 (Must go: False)
DEBUG 2026-06-06 23:57:32 t_client.py:461 Control loop (ms): 4.53
DEBUG 2026-06-06 23:57:32 t_client.py:197 Observation serialization time: 0.001962s
DEBUG 2026-06-06 23:57:32 ort/utils.py:50 [CLIENT] Observation Buffer size 0.879420280456543 MB with
DEBUG 2026-06-06 23:57:32 ort/utils.py:65 [CLIENT] Observation Sent 922139/922139 bytes with state 3
DEBUG 2026-06-06 23:57:32 ort/utils.py:67 [CLIENT] Observation Published 0.879420280456543 MB
DEBUG 2026-06-06 23:57:32 t_client.py:208 Sent observation #142 | 
DEBUG 2026-06-06 23:57:32 t_client.py:418 QUEUE SIZE: 13 (Must go: False)
DEBUG 2026-06-06 23:57:32 t_client.py:461 Control loop (ms): 4.85
DEBUG 2026-06-06 23:57:32 t_client.py:197 Observation serialization time: 0.001767s
DEBUG 2026-06-06 23:57:32 ort/utils.py:50 [CLIENT] Observation Buffer size 0.879420280456543 MB with
DEBUG 2026-06-06 23:57:32 ort/utils.py:65 [CLIENT] Observation Sent 922139/922139 bytes with state 3
DEBUG 2026-06-06 23:57:32 ort/utils.py:67 [CLIENT] Observation Published 0.879420280456543 MB
DEBUG 2026-06-06 23:57:32 t_client.py:208 Sent observation #143 | 
DEBUG 2026-06-06 23:57:32 t_client.py:418 QUEUE SIZE: 12 (Must go: False)
DEBUG 2026-06-06 23:57:32 t_client.py:461 Control loop (ms): 3.43
DEBUG 2026-06-06 23:57:32 t_client.py:197 Observation serialization time: 0.004596s
DEBUG 2026-06-06 23:57:32 ort/utils.py:50 [CLIENT] Observation Buffer size 0.879420280456543 MB with
DEBUG 2026-06-06 23:57:32 ort/utils.py:65 [CLIENT] Observation Sent 922139/922139 bytes with state 3
DEBUG 2026-06-06 23:57:32 ort/utils.py:67 [CLIENT] Observation Published 0.879420280456543 MB
DEBUG 2026-06-06 23:57:32 t_client.py:208 Sent observation #144 | 
DEBUG 2026-06-06 23:57:32 t_client.py:418 QUEUE SIZE: 11 (Must go: False)
DEBUG 2026-06-06 23:57:32 t_client.py:461 Control loop (ms): 8.41
DEBUG 2026-06-06 23:57:32 t_client.py:197 Observation serialization time: 0.003535s
DEBUG 2026-06-06 23:57:32 ort/utils.py:50 [CLIENT] Observation Buffer size 0.879420280456543 MB with
DEBUG 2026-06-06 23:57:32 ort/utils.py:65 [CLIENT] Observation Sent 922139/922139 bytes with state 3
DEBUG 2026-06-06 23:57:32 ort/utils.py:67 [CLIENT] Observation Published 0.879420280456543 MB
DEBUG 2026-06-06 23:57:32 t_client.py:208 Sent observation #145 | 
DEBUG 2026-06-06 23:57:32 t_client.py:418 QUEUE SIZE: 10 (Must go: False)
DEBUG 2026-06-06 23:57:32 t_client.py:461 Control loop (ms): 10.00
DEBUG 2026-06-06 23:57:32 t_client.py:461 Control loop (ms): 0.24
DEBUG 2026-06-06 23:57:32 t_client.py:461 Control loop (ms): 0.30
DEBUG 2026-06-06 23:57:32 t_client.py:461 Control loop (ms): 0.26
DEBUG 2026-06-06 23:57:32 t_client.py:461 Control loop (ms): 0.25
DEBUG 2026-06-06 23:57:32 t_client.py:461 Control loop (ms): 0.21
DEBUG 2026-06-06 23:57:32 t_client.py:461 Control loop (ms): 0.20
DEBUG 2026-06-06 23:57:32 t_client.py:461 Control loop (ms): 0.26
DEBUG 2026-06-06 23:57:32 t_client.py:461 Control loop (ms): 0.35
DEBUG 2026-06-06 23:57:32 t_client.py:461 Control loop (ms): 0.25
DEBUG 2026-06-06 23:57:32 t_client.py:461 Control loop (ms): 0.24
DEBUG 2026-06-06 23:57:32 t_client.py:461 Control loop (ms): 0.26
DEBUG 2026-06-06 23:57:32 t_client.py:461 Control loop (ms): 0.22
DEBUG 2026-06-06 23:57:32 t_client.py:461 Control loop (ms): 0.24
DEBUG 2026-06-06 23:57:32 t_client.py:461 Control loop (ms): 0.20
DEBUG 2026-06-06 23:57:32 t_client.py:461 Control loop (ms): 0.34
DEBUG 2026-06-06 23:57:32 t_client.py:461 Control loop (ms): 0.32
DEBUG 2026-06-06 23:57:32 t_client.py:461 Control loop (ms): 0.30
DEBUG 2026-06-06 23:57:32 t_client.py:461 Control loop (ms): 0.24
DEBUG 2026-06-06 23:57:32 t_client.py:461 Control loop (ms): 0.28
DEBUG 2026-06-06 23:57:32 t_client.py:461 Control loop (ms): 0.18
DEBUG 2026-06-06 23:57:32 t_client.py:461 Control loop (ms): 0.19
DEBUG 2026-06-06 23:57:32 t_client.py:197 Observation serialization time: 0.001903s
DEBUG 2026-06-06 23:57:32 ort/utils.py:50 [CLIENT] Observation Buffer size 0.879420280456543 MB with
DEBUG 2026-06-06 23:57:32 ort/utils.py:65 [CLIENT] Observation Sent 922139/922139 bytes with state 3
DEBUG 2026-06-06 23:57:32 ort/utils.py:67 [CLIENT] Observation Published 0.879420280456543 MB
DEBUG 2026-06-06 23:57:32 t_client.py:208 Sent observation #167 | 
DEBUG 2026-06-06 23:57:32 t_client.py:418 QUEUE SIZE: 25 (Must go: False)
DEBUG 2026-06-06 23:57:32 t_client.py:461 Control loop (ms): 4.62
DEBUG 2026-06-06 23:57:32 t_client.py:197 Observation serialization time: 0.003037s
DEBUG 2026-06-06 23:57:32 ort/utils.py:50 [CLIENT] Observation Buffer size 0.879420280456543 MB with
DEBUG 2026-06-06 23:57:32 ort/utils.py:65 [CLIENT] Observation Sent 922139/922139 bytes with state 3
DEBUG 2026-06-06 23:57:32 ort/utils.py:67 [CLIENT] Observation Published 0.879420280456543 MB
DEBUG 2026-06-06 23:57:32 t_client.py:208 Sent observation #168 | 
DEBUG 2026-06-06 23:57:32 t_client.py:418 QUEUE SIZE: 24 (Must go: False)
DEBUG 2026-06-06 23:57:32 t_client.py:461 Control loop (ms): 6.48
DEBUG 2026-06-06 23:57:32 t_client.py:197 Observation serialization time: 0.002604s
DEBUG 2026-06-06 23:57:32 ort/utils.py:50 [CLIENT] Observation Buffer size 0.879420280456543 MB with
DEBUG 2026-06-06 23:57:32 ort/utils.py:65 [CLIENT] Observation Sent 922139/922139 bytes with state 3
DEBUG 2026-06-06 23:57:32 ort/utils.py:67 [CLIENT] Observation Published 0.879420280456543 MB
DEBUG 2026-06-06 23:57:32 t_client.py:208 Sent observation #169 | 
DEBUG 2026-06-06 23:57:32 t_client.py:418 QUEUE SIZE: 23 (Must go: False)
DEBUG 2026-06-06 23:57:32 t_client.py:461 Control loop (ms): 7.17
DEBUG 2026-06-06 23:57:32 t_client.py:461 Control loop (ms): 0.22
DEBUG 2026-06-06 23:57:32 t_client.py:461 Control loop (ms): 0.27
DEBUG 2026-06-06 23:57:32 t_client.py:461 Control loop (ms): 0.23
DEBUG 2026-06-06 23:57:32 t_client.py:461 Control loop (ms): 0.24
DEBUG 2026-06-06 23:57:32 t_client.py:461 Control loop (ms): 0.27
DEBUG 2026-06-06 23:57:32 t_client.py:461 Control loop (ms): 0.19
DEBUG 2026-06-06 23:57:32 t_client.py:461 Control loop (ms): 0.19
DEBUG 2026-06-06 23:57:32 t_client.py:461 Control loop (ms): 0.26
DEBUG 2026-06-06 23:57:32 t_client.py:461 Control loop (ms): 0.21
DEBUG 2026-06-06 23:57:32 t_client.py:461 Control loop (ms): 0.21
DEBUG 2026-06-06 23:57:32 t_client.py:461 Control loop (ms): 0.28
DEBUG 2026-06-06 23:57:32 t_client.py:461 Control loop (ms): 0.20
DEBUG 2026-06-06 23:57:32 t_client.py:461 Control loop (ms): 0.21
DEBUG 2026-06-06 23:57:32 t_client.py:461 Control loop (ms): 0.26
DEBUG 2026-06-06 23:57:32 t_client.py:461 Control loop (ms): 0.26
DEBUG 2026-06-06 23:57:32 t_client.py:461 Control loop (ms): 0.19
DEBUG 2026-06-06 23:57:32 t_client.py:461 Control loop (ms): 0.29
DEBUG 2026-06-06 23:57:32 t_client.py:461 Control loop (ms): 0.23
DEBUG 2026-06-06 23:57:32 t_client.py:461 Control loop (ms): 0.19
DEBUG 2026-06-06 23:57:32 t_client.py:461 Control loop (ms): 0.22
DEBUG 2026-06-06 23:57:32 t_client.py:461 Control loop (ms): 0.23
DEBUG 2026-06-06 23:57:32 t_client.py:197 Observation serialization time: 0.001853s
DEBUG 2026-06-06 23:57:32 ort/utils.py:50 [CLIENT] Observation Buffer size 0.879420280456543 MB with
DEBUG 2026-06-06 23:57:32 ort/utils.py:65 [CLIENT] Observation Sent 922139/922139 bytes with state 3
DEBUG 2026-06-06 23:57:32 ort/utils.py:67 [CLIENT] Observation Published 0.879420280456543 MB
DEBUG 2026-06-06 23:57:32 t_client.py:208 Sent observation #191 | 
DEBUG 2026-06-06 23:57:32 t_client.py:418 QUEUE SIZE: 25 (Must go: False)
DEBUG 2026-06-06 23:57:32 t_client.py:461 Control loop (ms): 3.85
DEBUG 2026-06-06 23:57:32 t_client.py:197 Observation serialization time: 0.002480s
DEBUG 2026-06-06 23:57:32 ort/utils.py:50 [CLIENT] Observation Buffer size 0.879420280456543 MB with
DEBUG 2026-06-06 23:57:32 ort/utils.py:65 [CLIENT] Observation Sent 922139/922139 bytes with state 3
DEBUG 2026-06-06 23:57:32 ort/utils.py:67 [CLIENT] Observation Published 0.879420280456543 MB
DEBUG 2026-06-06 23:57:32 t_client.py:208 Sent observation #192 | 
DEBUG 2026-06-06 23:57:32 t_client.py:418 QUEUE SIZE: 24 (Must go: False)
DEBUG 2026-06-06 23:57:32 t_client.py:461 Control loop (ms): 4.53
DEBUG 2026-06-06 23:57:32 t_client.py:197 Observation serialization time: 0.002934s
DEBUG 2026-06-06 23:57:32 ort/utils.py:50 [CLIENT] Observation Buffer size 0.879420280456543 MB with
DEBUG 2026-06-06 23:57:32 ort/utils.py:65 [CLIENT] Observation Sent 922139/922139 bytes with state 3
DEBUG 2026-06-06 23:57:32 ort/utils.py:67 [CLIENT] Observation Published 0.879420280456543 MB
DEBUG 2026-06-06 23:57:32 t_client.py:208 Sent observation #193 | 
DEBUG 2026-06-06 23:57:32 t_client.py:418 QUEUE SIZE: 23 (Must go: False)
DEBUG 2026-06-06 23:57:32 t_client.py:461 Control loop (ms): 4.91
DEBUG 2026-06-06 23:57:32 t_client.py:197 Observation serialization time: 0.001868s
DEBUG 2026-06-06 23:57:32 ort/utils.py:50 [CLIENT] Observation Buffer size 0.879420280456543 MB with
DEBUG 2026-06-06 23:57:32 ort/utils.py:65 [CLIENT] Observation Sent 922139/922139 bytes with state 3
DEBUG 2026-06-06 23:57:32 ort/utils.py:67 [CLIENT] Observation Published 0.879420280456543 MB
DEBUG 2026-06-06 23:57:32 t_client.py:208 Sent observation #194 | 
DEBUG 2026-06-06 23:57:32 t_client.py:418 QUEUE SIZE: 22 (Must go: False)
DEBUG 2026-06-06 23:57:32 t_client.py:461 Control loop (ms): 3.13
DEBUG 2026-06-06 23:57:32 t_client.py:197 Observation serialization time: 0.002760s
DEBUG 2026-06-06 23:57:32 ort/utils.py:50 [CLIENT] Observation Buffer size 0.879420280456543 MB with
DEBUG 2026-06-06 23:57:32 ort/utils.py:65 [CLIENT] Observation Sent 922139/922139 bytes with state 3
DEBUG 2026-06-06 23:57:32 ort/utils.py:67 [CLIENT] Observation Published 0.879420280456543 MB
DEBUG 2026-06-06 23:57:32 t_client.py:208 Sent observation #195 | 
DEBUG 2026-06-06 23:57:32 t_client.py:418 QUEUE SIZE: 21 (Must go: False)
DEBUG 2026-06-06 23:57:32 t_client.py:461 Control loop (ms): 4.10
DEBUG 2026-06-06 23:57:32 t_client.py:197 Observation serialization time: 0.002011s
DEBUG 2026-06-06 23:57:32 ort/utils.py:50 [CLIENT] Observation Buffer size 0.879420280456543 MB with
DEBUG 2026-06-06 23:57:32 ort/utils.py:65 [CLIENT] Observation Sent 922139/922139 bytes with state 3
DEBUG 2026-06-06 23:57:32 ort/utils.py:67 [CLIENT] Observation Published 0.879420280456543 MB
DEBUG 2026-06-06 23:57:32 t_client.py:208 Sent observation #196 | 
DEBUG 2026-06-06 23:57:32 t_client.py:418 QUEUE SIZE: 20 (Must go: False)
DEBUG 2026-06-06 23:57:32 t_client.py:461 Control loop (ms): 3.92
DEBUG 2026-06-06 23:57:32 t_client.py:197 Observation serialization time: 0.002606s
DEBUG 2026-06-06 23:57:32 ort/utils.py:50 [CLIENT] Observation Buffer size 0.879420280456543 MB with
DEBUG 2026-06-06 23:57:32 ort/utils.py:65 [CLIENT] Observation Sent 922139/922139 bytes with state 3
DEBUG 2026-06-06 23:57:32 ort/utils.py:67 [CLIENT] Observation Published 0.879420280456543 MB
DEBUG 2026-06-06 23:57:32 t_client.py:208 Sent observation #197 | 
DEBUG 2026-06-06 23:57:32 t_client.py:418 QUEUE SIZE: 19 (Must go: False)
DEBUG 2026-06-06 23:57:32 t_client.py:461 Control loop (ms): 4.70
DEBUG 2026-06-06 23:57:32 t_client.py:197 Observation serialization time: 0.001720s
DEBUG 2026-06-06 23:57:32 ort/utils.py:50 [CLIENT] Observation Buffer size 0.879420280456543 MB with
DEBUG 2026-06-06 23:57:32 ort/utils.py:65 [CLIENT] Observation Sent 922139/922139 bytes with state 3
DEBUG 2026-06-06 23:57:32 ort/utils.py:67 [CLIENT] Observation Published 0.879420280456543 MB
DEBUG 2026-06-06 23:57:32 t_client.py:208 Sent observation #198 | 
DEBUG 2026-06-06 23:57:32 t_client.py:418 QUEUE SIZE: 18 (Must go: False)
DEBUG 2026-06-06 23:57:32 t_client.py:461 Control loop (ms): 3.04
DEBUG 2026-06-06 23:57:32 t_client.py:197 Observation serialization time: 0.002952s
DEBUG 2026-06-06 23:57:32 ort/utils.py:50 [CLIENT] Observation Buffer size 0.879420280456543 MB with
DEBUG 2026-06-06 23:57:32 ort/utils.py:65 [CLIENT] Observation Sent 922139/922139 bytes with state 3
DEBUG 2026-06-06 23:57:32 ort/utils.py:67 [CLIENT] Observation Published 0.879420280456543 MB
DEBUG 2026-06-06 23:57:32 t_client.py:208 Sent observation #199 | 
DEBUG 2026-06-06 23:57:32 t_client.py:418 QUEUE SIZE: 17 (Must go: False)
DEBUG 2026-06-06 23:57:32 t_client.py:461 Control loop (ms): 5.49
DEBUG 2026-06-06 23:57:33 t_client.py:197 Observation serialization time: 0.005103s
DEBUG 2026-06-06 23:57:33 ort/utils.py:50 [CLIENT] Observation Buffer size 0.879420280456543 MB with
DEBUG 2026-06-06 23:57:33 ort/utils.py:65 [CLIENT] Observation Sent 922139/922139 bytes with state 3
DEBUG 2026-06-06 23:57:33 ort/utils.py:67 [CLIENT] Observation Published 0.879420280456543 MB
DEBUG 2026-06-06 23:57:33 t_client.py:208 Sent observation #200 | 
DEBUG 2026-06-06 23:57:33 t_client.py:418 QUEUE SIZE: 16 (Must go: False)
DEBUG 2026-06-06 23:57:33 t_client.py:461 Control loop (ms): 6.82
DEBUG 2026-06-06 23:57:33 t_client.py:197 Observation serialization time: 0.001808s
DEBUG 2026-06-06 23:57:33 ort/utils.py:50 [CLIENT] Observation Buffer size 0.879420280456543 MB with
DEBUG 2026-06-06 23:57:33 ort/utils.py:65 [CLIENT] Observation Sent 922139/922139 bytes with state 3
DEBUG 2026-06-06 23:57:33 ort/utils.py:67 [CLIENT] Observation Published 0.879420280456543 MB
DEBUG 2026-06-06 23:57:33 t_client.py:208 Sent observation #201 | 
DEBUG 2026-06-06 23:57:33 t_client.py:418 QUEUE SIZE: 15 (Must go: False)
DEBUG 2026-06-06 23:57:33 t_client.py:461 Control loop (ms): 2.89
DEBUG 2026-06-06 23:57:33 t_client.py:197 Observation serialization time: 0.001865s
DEBUG 2026-06-06 23:57:33 ort/utils.py:50 [CLIENT] Observation Buffer size 0.879420280456543 MB with
DEBUG 2026-06-06 23:57:33 ort/utils.py:65 [CLIENT] Observation Sent 922139/922139 bytes with state 3
DEBUG 2026-06-06 23:57:33 ort/utils.py:67 [CLIENT] Observation Published 0.879420280456543 MB
DEBUG 2026-06-06 23:57:33 t_client.py:208 Sent observation #202 | 
DEBUG 2026-06-06 23:57:33 t_client.py:418 QUEUE SIZE: 14 (Must go: False)
DEBUG 2026-06-06 23:57:33 t_client.py:461 Control loop (ms): 4.32
DEBUG 2026-06-06 23:57:33 t_client.py:197 Observation serialization time: 0.003249s
DEBUG 2026-06-06 23:57:33 ort/utils.py:50 [CLIENT] Observation Buffer size 0.879420280456543 MB with
DEBUG 2026-06-06 23:57:33 ort/utils.py:65 [CLIENT] Observation Sent 922139/922139 bytes with state 3
DEBUG 2026-06-06 23:57:33 ort/utils.py:67 [CLIENT] Observation Published 0.879420280456543 MB
DEBUG 2026-06-06 23:57:33 t_client.py:208 Sent observation #203 | 
DEBUG 2026-06-06 23:57:33 t_client.py:418 QUEUE SIZE: 13 (Must go: False)
DEBUG 2026-06-06 23:57:33 t_client.py:461 Control loop (ms): 5.94
DEBUG 2026-06-06 23:57:33 t_client.py:197 Observation serialization time: 0.001785s
DEBUG 2026-06-06 23:57:33 ort/utils.py:50 [CLIENT] Observation Buffer size 0.879420280456543 MB with
DEBUG 2026-06-06 23:57:33 ort/utils.py:65 [CLIENT] Observation Sent 922139/922139 bytes with state 3
DEBUG 2026-06-06 23:57:33 ort/utils.py:67 [CLIENT] Observation Published 0.879420280456543 MB
DEBUG 2026-06-06 23:57:33 t_client.py:208 Sent observation #204 | 
DEBUG 2026-06-06 23:57:33 t_client.py:418 QUEUE SIZE: 12 (Must go: False)
DEBUG 2026-06-06 23:57:33 t_client.py:461 Control loop (ms): 2.96
DEBUG 2026-06-06 23:57:33 t_client.py:197 Observation serialization time: 0.003535s
DEBUG 2026-06-06 23:57:33 ort/utils.py:50 [CLIENT] Observation Buffer size 0.879420280456543 MB with
DEBUG 2026-06-06 23:57:33 ort/utils.py:65 [CLIENT] Observation Sent 922139/922139 bytes with state 3
DEBUG 2026-06-06 23:57:33 t_client.py:208 Sent observation #205 | 
DEBUG 2026-06-06 23:57:33 ort/utils.py:67 [CLIENT] Observation Published 0.879420280456543 MB
DEBUG 2026-06-06 23:57:33 t_client.py:418 QUEUE SIZE: 11 (Must go: False)
DEBUG 2026-06-06 23:57:33 t_client.py:461 Control loop (ms): 25.25
DEBUG 2026-06-06 23:57:33 t_client.py:197 Observation serialization time: 0.001747s
DEBUG 2026-06-06 23:57:33 ort/utils.py:50 [CLIENT] Observation Buffer size 0.879420280456543 MB with
DEBUG 2026-06-06 23:57:33 ort/utils.py:65 [CLIENT] Observation Sent 922139/922139 bytes with state 3
DEBUG 2026-06-06 23:57:33 ort/utils.py:67 [CLIENT] Observation Published 0.879420280456543 MB
DEBUG 2026-06-06 23:57:33 t_client.py:208 Sent observation #206 | 
DEBUG 2026-06-06 23:57:33 t_client.py:418 QUEUE SIZE: 10 (Must go: False)
DEBUG 2026-06-06 23:57:33 t_client.py:461 Control loop (ms): 3.84
DEBUG 2026-06-06 23:57:33 t_client.py:461 Control loop (ms): 0.25
DEBUG 2026-06-06 23:57:33 t_client.py:461 Control loop (ms): 0.20
DEBUG 2026-06-06 23:57:33 t_client.py:461 Control loop (ms): 0.20
DEBUG 2026-06-06 23:57:33 t_client.py:461 Control loop (ms): 0.24
DEBUG 2026-06-06 23:57:33 t_client.py:461 Control loop (ms): 0.30
DEBUG 2026-06-06 23:57:33 t_client.py:461 Control loop (ms): 0.21
DEBUG 2026-06-06 23:57:33 t_client.py:461 Control loop (ms): 0.25
DEBUG 2026-06-06 23:57:33 t_client.py:461 Control loop (ms): 0.19
DEBUG 2026-06-06 23:57:33 t_client.py:461 Control loop (ms): 0.20
DEBUG 2026-06-06 23:57:33 t_client.py:461 Control loop (ms): 0.19
DEBUG 2026-06-06 23:57:33 t_client.py:461 Control loop (ms): 0.24
DEBUG 2026-06-06 23:57:33 t_client.py:461 Control loop (ms): 0.19
DEBUG 2026-06-06 23:57:33 t_client.py:461 Control loop (ms): 0.22
DEBUG 2026-06-06 23:57:33 t_client.py:461 Control loop (ms): 0.24
DEBUG 2026-06-06 23:57:33 t_client.py:461 Control loop (ms): 0.16
DEBUG 2026-06-06 23:57:33 t_client.py:461 Control loop (ms): 0.19
DEBUG 2026-06-06 23:57:33 t_client.py:461 Control loop (ms): 0.25
DEBUG 2026-06-06 23:57:33 t_client.py:461 Control loop (ms): 0.20
DEBUG 2026-06-06 23:57:33 t_client.py:461 Control loop (ms): 0.25
DEBUG 2026-06-06 23:57:33 t_client.py:461 Control loop (ms): 0.25
DEBUG 2026-06-06 23:57:33 t_client.py:461 Control loop (ms): 0.21
DEBUG 2026-06-06 23:57:33 t_client.py:197 Observation serialization time: 0.001935s
DEBUG 2026-06-06 23:57:33 ort/utils.py:50 [CLIENT] Observation Buffer size 0.879420280456543 MB with
DEBUG 2026-06-06 23:57:33 ort/utils.py:65 [CLIENT] Observation Sent 922139/922139 bytes with state 3
DEBUG 2026-06-06 23:57:33 ort/utils.py:67 [CLIENT] Observation Published 0.879420280456543 MB
DEBUG 2026-06-06 23:57:33 t_client.py:208 Sent observation #228 | 
DEBUG 2026-06-06 23:57:33 t_client.py:418 QUEUE SIZE: 25 (Must go: False)
DEBUG 2026-06-06 23:57:33 t_client.py:461 Control loop (ms): 3.76
DEBUG 2026-06-06 23:57:33 t_client.py:197 Observation serialization time: 0.003653s
DEBUG 2026-06-06 23:57:33 ort/utils.py:50 [CLIENT] Observation Buffer size 0.879420280456543 MB with
DEBUG 2026-06-06 23:57:33 ort/utils.py:65 [CLIENT] Observation Sent 922139/922139 bytes with state 3
DEBUG 2026-06-06 23:57:33 ort/utils.py:67 [CLIENT] Observation Published 0.879420280456543 MB
DEBUG 2026-06-06 23:57:33 t_client.py:208 Sent observation #229 | 
DEBUG 2026-06-06 23:57:33 t_client.py:418 QUEUE SIZE: 24 (Must go: False)
DEBUG 2026-06-06 23:57:33 t_client.py:461 Control loop (ms): 15.59
DEBUG 2026-06-06 23:57:33 t_client.py:197 Observation serialization time: 0.002126s
DEBUG 2026-06-06 23:57:33 ort/utils.py:50 [CLIENT] Observation Buffer size 0.879420280456543 MB with
DEBUG 2026-06-06 23:57:33 ort/utils.py:65 [CLIENT] Observation Sent 922139/922139 bytes with state 3
DEBUG 2026-06-06 23:57:33 ort/utils.py:67 [CLIENT] Observation Published 0.879420280456543 MB
DEBUG 2026-06-06 23:57:33 t_client.py:208 Sent observation #230 | 
DEBUG 2026-06-06 23:57:33 t_client.py:418 QUEUE SIZE: 23 (Must go: False)
DEBUG 2026-06-06 23:57:33 t_client.py:461 Control loop (ms): 16.34
DEBUG 2026-06-06 23:57:33 t_client.py:197 Observation serialization time: 0.002898s
DEBUG 2026-06-06 23:57:33 ort/utils.py:50 [CLIENT] Observation Buffer size 0.879420280456543 MB with
DEBUG 2026-06-06 23:57:33 ort/utils.py:65 [CLIENT] Observation Sent 922139/922139 bytes with state 3
DEBUG 2026-06-06 23:57:33 ort/utils.py:67 [CLIENT] Observation Published 0.879420280456543 MB
DEBUG 2026-06-06 23:57:33 t_client.py:208 Sent observation #231 | 
DEBUG 2026-06-06 23:57:33 t_client.py:418 QUEUE SIZE: 22 (Must go: False)
DEBUG 2026-06-06 23:57:33 t_client.py:461 Control loop (ms): 5.24
DEBUG 2026-06-06 23:57:33 t_client.py:461 Control loop (ms): 0.30
DEBUG 2026-06-06 23:57:33 t_client.py:461 Control loop (ms): 0.26
DEBUG 2026-06-06 23:57:33 t_client.py:461 Control loop (ms): 0.24
DEBUG 2026-06-06 23:57:33 t_client.py:461 Control loop (ms): 0.38
DEBUG 2026-06-06 23:57:33 t_client.py:461 Control loop (ms): 0.21
DEBUG 2026-06-06 23:57:33 t_client.py:461 Control loop (ms): 0.22
DEBUG 2026-06-06 23:57:33 t_client.py:461 Control loop (ms): 0.25
DEBUG 2026-06-06 23:57:33 t_client.py:461 Control loop (ms): 0.24
DEBUG 2026-06-06 23:57:33 t_client.py:461 Control loop (ms): 0.19
DEBUG 2026-06-06 23:57:33 t_client.py:461 Control loop (ms): 0.21
DEBUG 2026-06-06 23:57:33 t_client.py:461 Control loop (ms): 0.21
DEBUG 2026-06-06 23:57:33 t_client.py:461 Control loop (ms): 0.23
DEBUG 2026-06-06 23:57:33 t_client.py:461 Control loop (ms): 0.30
DEBUG 2026-06-06 23:57:33 t_client.py:461 Control loop (ms): 0.20
DEBUG 2026-06-06 23:57:33 t_client.py:461 Control loop (ms): 0.20
DEBUG 2026-06-06 23:57:33 t_client.py:461 Control loop (ms): 0.29
DEBUG 2026-06-06 23:57:33 t_client.py:461 Control loop (ms): 0.24
DEBUG 2026-06-06 23:57:33 t_client.py:461 Control loop (ms): 0.17
DEBUG 2026-06-06 23:57:33 t_client.py:461 Control loop (ms): 0.33
DEBUG 2026-06-06 23:57:33 t_client.py:461 Control loop (ms): 0.21
DEBUG 2026-06-06 23:57:33 t_client.py:197 Observation serialization time: 0.001825s
DEBUG 2026-06-06 23:57:33 ort/utils.py:50 [CLIENT] Observation Buffer size 0.879420280456543 MB with
DEBUG 2026-06-06 23:57:33 ort/utils.py:65 [CLIENT] Observation Sent 922139/922139 bytes with state 3
DEBUG 2026-06-06 23:57:33 ort/utils.py:67 [CLIENT] Observation Published 0.879420280456543 MB
DEBUG 2026-06-06 23:57:33 t_client.py:208 Sent observation #252 | 
DEBUG 2026-06-06 23:57:33 t_client.py:418 QUEUE SIZE: 25 (Must go: False)
DEBUG 2026-06-06 23:57:33 t_client.py:461 Control loop (ms): 3.85
DEBUG 2026-06-06 23:57:33 t_client.py:197 Observation serialization time: 0.001863s
DEBUG 2026-06-06 23:57:33 ort/utils.py:50 [CLIENT] Observation Buffer size 0.879420280456543 MB with
DEBUG 2026-06-06 23:57:33 ort/utils.py:65 [CLIENT] Observation Sent 922139/922139 bytes with state 3
DEBUG 2026-06-06 23:57:33 ort/utils.py:67 [CLIENT] Observation Published 0.879420280456543 MB
DEBUG 2026-06-06 23:57:33 t_client.py:208 Sent observation #253 | 
DEBUG 2026-06-06 23:57:33 t_client.py:418 QUEUE SIZE: 24 (Must go: False)
DEBUG 2026-06-06 23:57:33 t_client.py:461 Control loop (ms): 14.56
DEBUG 2026-06-06 23:57:33 t_client.py:197 Observation serialization time: 0.003559s
DEBUG 2026-06-06 23:57:33 ort/utils.py:50 [CLIENT] Observation Buffer size 0.879420280456543 MB with
DEBUG 2026-06-06 23:57:33 ort/utils.py:65 [CLIENT] Observation Sent 922139/922139 bytes with state 3
DEBUG 2026-06-06 23:57:33 ort/utils.py:67 [CLIENT] Observation Published 0.879420280456543 MB
DEBUG 2026-06-06 23:57:33 t_client.py:208 Sent observation #254 | 
DEBUG 2026-06-06 23:57:33 t_client.py:418 QUEUE SIZE: 23 (Must go: False)
DEBUG 2026-06-06 23:57:33 t_client.py:461 Control loop (ms): 12.55
DEBUG 2026-06-06 23:57:33 t_client.py:197 Observation serialization time: 0.001814s
DEBUG 2026-06-06 23:57:33 ort/utils.py:50 [CLIENT] Observation Buffer size 0.879420280456543 MB with
DEBUG 2026-06-06 23:57:33 ort/utils.py:65 [CLIENT] Observation Sent 922139/922139 bytes with state 3
DEBUG 2026-06-06 23:57:33 ort/utils.py:67 [CLIENT] Observation Published 0.879420280456543 MB
DEBUG 2026-06-06 23:57:33 t_client.py:208 Sent observation #255 | 
DEBUG 2026-06-06 23:57:33 t_client.py:418 QUEUE SIZE: 22 (Must go: False)
DEBUG 2026-06-06 23:57:33 t_client.py:461 Control loop (ms): 3.84
DEBUG 2026-06-06 23:57:33 t_client.py:461 Control loop (ms): 0.27
DEBUG 2026-06-06 23:57:33 t_client.py:461 Control loop (ms): 0.30
DEBUG 2026-06-06 23:57:33 t_client.py:461 Control loop (ms): 0.26
DEBUG 2026-06-06 23:57:33 t_client.py:461 Control loop (ms): 0.29
DEBUG 2026-06-06 23:57:33 t_client.py:461 Control loop (ms): 0.31
DEBUG 2026-06-06 23:57:33 t_client.py:461 Control loop (ms): 0.20
DEBUG 2026-06-06 23:57:33 t_client.py:461 Control loop (ms): 0.23
DEBUG 2026-06-06 23:57:33 t_client.py:461 Control loop (ms): 0.21
DEBUG 2026-06-06 23:57:33 t_client.py:461 Control loop (ms): 0.20
DEBUG 2026-06-06 23:57:33 t_client.py:461 Control loop (ms): 0.24
DEBUG 2026-06-06 23:57:33 t_client.py:461 Control loop (ms): 0.26
DEBUG 2026-06-06 23:57:33 t_client.py:461 Control loop (ms): 0.20
DEBUG 2026-06-06 23:57:33 t_client.py:461 Control loop (ms): 0.18
DEBUG 2026-06-06 23:57:33 t_client.py:461 Control loop (ms): 0.23
DEBUG 2026-06-06 23:57:33 t_client.py:461 Control loop (ms): 0.17
DEBUG 2026-06-06 23:57:33 t_client.py:461 Control loop (ms): 0.19
DEBUG 2026-06-06 23:57:33 t_client.py:461 Control loop (ms): 0.23
DEBUG 2026-06-06 23:57:33 t_client.py:461 Control loop (ms): 0.24
DEBUG 2026-06-06 23:57:33 t_client.py:461 Control loop (ms): 0.17
DEBUG 2026-06-06 23:57:33 t_client.py:461 Control loop (ms): 0.23
DEBUG 2026-06-06 23:57:33 t_client.py:461 Control loop (ms): 0.18
DEBUG 2026-06-06 23:57:33 t_client.py:197 Observation serialization time: 0.001743s
DEBUG 2026-06-06 23:57:33 ort/utils.py:50 [CLIENT] Observation Buffer size 0.8794212341308594 MB with
DEBUG 2026-06-06 23:57:33 ort/utils.py:65 [CLIENT] Observation Sent 922140/922140 bytes with state 3
DEBUG 2026-06-06 23:57:33 ort/utils.py:67 [CLIENT] Observation Published 0.8794212341308594 MB
DEBUG 2026-06-06 23:57:33 t_client.py:208 Sent observation #276 | 
DEBUG 2026-06-06 23:57:33 t_client.py:418 QUEUE SIZE: 25 (Must go: False)
DEBUG 2026-06-06 23:57:33 t_client.py:461 Control loop (ms): 3.58
DEBUG 2026-06-06 23:57:33 t_client.py:197 Observation serialization time: 0.001856s
DEBUG 2026-06-06 23:57:33 ort/utils.py:50 [CLIENT] Observation Buffer size 0.8794212341308594 MB with
DEBUG 2026-06-06 23:57:33 ort/utils.py:65 [CLIENT] Observation Sent 922140/922140 bytes with state 3
DEBUG 2026-06-06 23:57:33 ort/utils.py:67 [CLIENT] Observation Published 0.8794212341308594 MB
DEBUG 2026-06-06 23:57:33 t_client.py:208 Sent observation #277 | 
DEBUG 2026-06-06 23:57:33 t_client.py:418 QUEUE SIZE: 24 (Must go: False)
DEBUG 2026-06-06 23:57:33 t_client.py:461 Control loop (ms): 4.19
DEBUG 2026-06-06 23:57:33 t_client.py:197 Observation serialization time: 0.001957s
DEBUG 2026-06-06 23:57:33 ort/utils.py:50 [CLIENT] Observation Buffer size 0.8794212341308594 MB with
DEBUG 2026-06-06 23:57:33 ort/utils.py:65 [CLIENT] Observation Sent 922140/922140 bytes with state 3
DEBUG 2026-06-06 23:57:33 ort/utils.py:67 [CLIENT] Observation Published 0.8794212341308594 MB
DEBUG 2026-06-06 23:57:33 t_client.py:208 Sent observation #278 | 
DEBUG 2026-06-06 23:57:33 t_client.py:418 QUEUE SIZE: 23 (Must go: False)
DEBUG 2026-06-06 23:57:33 t_client.py:461 Control loop (ms): 6.74
DEBUG 2026-06-06 23:57:33 t_client.py:197 Observation serialization time: 0.001718s
DEBUG 2026-06-06 23:57:33 ort/utils.py:50 [CLIENT] Observation Buffer size 0.8794212341308594 MB with
DEBUG 2026-06-06 23:57:33 ort/utils.py:65 [CLIENT] Observation Sent 922140/922140 bytes with state 3
DEBUG 2026-06-06 23:57:33 ort/utils.py:67 [CLIENT] Observation Published 0.8794212341308594 MB
DEBUG 2026-06-06 23:57:33 t_client.py:208 Sent observation #279 | 
DEBUG 2026-06-06 23:57:33 t_client.py:418 QUEUE SIZE: 22 (Must go: False)
DEBUG 2026-06-06 23:57:33 t_client.py:461 Control loop (ms): 3.10
DEBUG 2026-06-06 23:57:33 t_client.py:197 Observation serialization time: 0.004147s
DEBUG 2026-06-06 23:57:33 ort/utils.py:50 [CLIENT] Observation Buffer size 0.8794212341308594 MB with
DEBUG 2026-06-06 23:57:33 ort/utils.py:65 [CLIENT] Observation Sent 922140/922140 bytes with state 3
DEBUG 2026-06-06 23:57:33 ort/utils.py:67 [CLIENT] Observation Published 0.8794212341308594 MB
DEBUG 2026-06-06 23:57:33 t_client.py:208 Sent observation #280 | 
DEBUG 2026-06-06 23:57:33 t_client.py:418 QUEUE SIZE: 21 (Must go: False)
DEBUG 2026-06-06 23:57:33 t_client.py:461 Control loop (ms): 5.91
DEBUG 2026-06-06 23:57:33 t_client.py:197 Observation serialization time: 0.003447s
DEBUG 2026-06-06 23:57:33 ort/utils.py:50 [CLIENT] Observation Buffer size 0.8794212341308594 MB with
DEBUG 2026-06-06 23:57:33 ort/utils.py:65 [CLIENT] Observation Sent 922140/922140 bytes with state 3
DEBUG 2026-06-06 23:57:33 ort/utils.py:67 [CLIENT] Observation Published 0.8794212341308594 MB
DEBUG 2026-06-06 23:57:33 t_client.py:208 Sent observation #281 | 
DEBUG 2026-06-06 23:57:33 t_client.py:418 QUEUE SIZE: 20 (Must go: False)
DEBUG 2026-06-06 23:57:33 t_client.py:461 Control loop (ms): 4.77
DEBUG 2026-06-06 23:57:33 t_client.py:197 Observation serialization time: 0.002600s
DEBUG 2026-06-06 23:57:33 ort/utils.py:50 [CLIENT] Observation Buffer size 0.8794212341308594 MB with
DEBUG 2026-06-06 23:57:33 ort/utils.py:65 [CLIENT] Observation Sent 922140/922140 bytes with state 3
DEBUG 2026-06-06 23:57:33 ort/utils.py:67 [CLIENT] Observation Published 0.8794212341308594 MB
DEBUG 2026-06-06 23:57:33 t_client.py:208 Sent observation #282 | 
DEBUG 2026-06-06 23:57:33 t_client.py:418 QUEUE SIZE: 19 (Must go: False)
DEBUG 2026-06-06 23:57:33 t_client.py:461 Control loop (ms): 3.90
DEBUG 2026-06-06 23:57:33 t_client.py:197 Observation serialization time: 0.001742s
DEBUG 2026-06-06 23:57:33 ort/utils.py:50 [CLIENT] Observation Buffer size 0.8794212341308594 MB with
DEBUG 2026-06-06 23:57:33 ort/utils.py:65 [CLIENT] Observation Sent 922140/922140 bytes with state 3
DEBUG 2026-06-06 23:57:33 ort/utils.py:67 [CLIENT] Observation Published 0.8794212341308594 MB
DEBUG 2026-06-06 23:57:33 t_client.py:208 Sent observation #283 | 
DEBUG 2026-06-06 23:57:33 t_client.py:418 QUEUE SIZE: 18 (Must go: False)
DEBUG 2026-06-06 23:57:33 t_client.py:461 Control loop (ms): 4.35
DEBUG 2026-06-06 23:57:33 t_client.py:197 Observation serialization time: 0.001733s
DEBUG 2026-06-06 23:57:33 ort/utils.py:50 [CLIENT] Observation Buffer size 0.8794212341308594 MB with
DEBUG 2026-06-06 23:57:33 ort/utils.py:65 [CLIENT] Observation Sent 922140/922140 bytes with state 3
DEBUG 2026-06-06 23:57:33 ort/utils.py:67 [CLIENT] Observation Published 0.8794212341308594 MB
DEBUG 2026-06-06 23:57:33 t_client.py:208 Sent observation #284 | 
DEBUG 2026-06-06 23:57:33 t_client.py:418 QUEUE SIZE: 17 (Must go: False)
DEBUG 2026-06-06 23:57:33 t_client.py:461 Control loop (ms): 3.24
DEBUG 2026-06-06 23:57:33 t_client.py:197 Observation serialization time: 0.004475s
DEBUG 2026-06-06 23:57:33 ort/utils.py:50 [CLIENT] Observation Buffer size 0.8794212341308594 MB with
DEBUG 2026-06-06 23:57:33 ort/utils.py:65 [CLIENT] Observation Sent 922140/922140 bytes with state 3
DEBUG 2026-06-06 23:57:33 ort/utils.py:67 [CLIENT] Observation Published 0.8794212341308594 MB
DEBUG 2026-06-06 23:57:33 t_client.py:208 Sent observation #285 | 
DEBUG 2026-06-06 23:57:33 t_client.py:418 QUEUE SIZE: 16 (Must go: False)
DEBUG 2026-06-06 23:57:33 t_client.py:461 Control loop (ms): 6.13
DEBUG 2026-06-06 23:57:33 t_client.py:197 Observation serialization time: 0.002240s
DEBUG 2026-06-06 23:57:33 ort/utils.py:50 [CLIENT] Observation Buffer size 0.8794212341308594 MB with
DEBUG 2026-06-06 23:57:33 ort/utils.py:65 [CLIENT] Observation Sent 922140/922140 bytes with state 3
DEBUG 2026-06-06 23:57:33 ort/utils.py:67 [CLIENT] Observation Published 0.8794212341308594 MB
DEBUG 2026-06-06 23:57:33 t_client.py:208 Sent observation #286 | 
DEBUG 2026-06-06 23:57:33 t_client.py:418 QUEUE SIZE: 15 (Must go: False)
DEBUG 2026-06-06 23:57:33 t_client.py:461 Control loop (ms): 3.39
DEBUG 2026-06-06 23:57:33 t_client.py:197 Observation serialization time: 0.001823s
DEBUG 2026-06-06 23:57:33 ort/utils.py:50 [CLIENT] Observation Buffer size 0.8794212341308594 MB with
DEBUG 2026-06-06 23:57:33 ort/utils.py:65 [CLIENT] Observation Sent 922140/922140 bytes with state 3
DEBUG 2026-06-06 23:57:33 ort/utils.py:67 [CLIENT] Observation Published 0.8794212341308594 MB
DEBUG 2026-06-06 23:57:33 t_client.py:208 Sent observation #287 | 
DEBUG 2026-06-06 23:57:33 t_client.py:418 QUEUE SIZE: 14 (Must go: False)
DEBUG 2026-06-06 23:57:33 t_client.py:461 Control loop (ms): 3.38
DEBUG 2026-06-06 23:57:33 t_client.py:197 Observation serialization time: 0.003373s
DEBUG 2026-06-06 23:57:33 ort/utils.py:50 [CLIENT] Observation Buffer size 0.8794212341308594 MB with
DEBUG 2026-06-06 23:57:33 ort/utils.py:65 [CLIENT] Observation Sent 922140/922140 bytes with state 3
DEBUG 2026-06-06 23:57:33 ort/utils.py:67 [CLIENT] Observation Published 0.8794212341308594 MB
DEBUG 2026-06-06 23:57:33 t_client.py:208 Sent observation #288 | 
DEBUG 2026-06-06 23:57:33 t_client.py:418 QUEUE SIZE: 13 (Must go: False)
DEBUG 2026-06-06 23:57:33 t_client.py:461 Control loop (ms): 5.64
DEBUG 2026-06-06 23:57:33 t_client.py:197 Observation serialization time: 0.001820s
DEBUG 2026-06-06 23:57:33 ort/utils.py:50 [CLIENT] Observation Buffer size 0.8794212341308594 MB with
DEBUG 2026-06-06 23:57:33 ort/utils.py:65 [CLIENT] Observation Sent 922140/922140 bytes with state 3
DEBUG 2026-06-06 23:57:33 ort/utils.py:67 [CLIENT] Observation Published 0.8794212341308594 MB
DEBUG 2026-06-06 23:57:33 t_client.py:208 Sent observation #289 | 
DEBUG 2026-06-06 23:57:33 t_client.py:418 QUEUE SIZE: 12 (Must go: False)
DEBUG 2026-06-06 23:57:33 t_client.py:461 Control loop (ms): 3.10
DEBUG 2026-06-06 23:57:33 t_client.py:197 Observation serialization time: 0.003834s
DEBUG 2026-06-06 23:57:33 ort/utils.py:50 [CLIENT] Observation Buffer size 0.8794212341308594 MB with
DEBUG 2026-06-06 23:57:33 ort/utils.py:65 [CLIENT] Observation Sent 922140/922140 bytes with state 3
DEBUG 2026-06-06 23:57:33 ort/utils.py:67 [CLIENT] Observation Published 0.8794212341308594 MB
DEBUG 2026-06-06 23:57:33 t_client.py:208 Sent observation #290 | 
DEBUG 2026-06-06 23:57:33 t_client.py:418 QUEUE SIZE: 11 (Must go: False)
DEBUG 2026-06-06 23:57:33 t_client.py:461 Control loop (ms): 22.87
