INFO 2026-05-11 01:53:44 t_client.py:113 Initializing client to connect to server at 127.0.0.1:8080
INFO 2026-05-11 01:53:44 t_client.py:132 Robot connected and ready
DEBUG 2026-05-11 01:53:44 t_client.py:149 Connected to policy server in 0.0026s
INFO 2026-05-11 01:53:44 t_client.py:155 Sending policy instructions to policy server
DEBUG 2026-05-11 01:53:44 t_client.py:156 Policy type: act | Pretrained name or path: /home/ubuntu/techin517/outputs/train/pick_up_right/checkpoints/100000/pretrained_model | Device: cuda
ERROR 2026-05-11 01:53:44 t_client.py:169 Failed to connect to policy server: <_InactiveRpcError of RPC that terminated with:
	status = StatusCode.UNKNOWN
	details = "Exception calling application: The fields `use_peft` are not valid for ACTConfig"
	debug_error_string = "UNKNOWN:Error received from peer  {grpc_status:2, grpc_message:"Exception calling application: The fields `use_peft` are not valid for ACTConfig"}"
>
INFO 2026-05-11 01:53:45 t_client.py:113 Initializing client to connect to server at 127.0.0.1:8080
INFO 2026-05-11 01:53:45 t_client.py:132 Robot connected and ready
DEBUG 2026-05-11 01:53:45 t_client.py:149 Connected to policy server in 0.0011s
INFO 2026-05-11 01:53:45 t_client.py:155 Sending policy instructions to policy server
DEBUG 2026-05-11 01:53:45 t_client.py:156 Policy type: act | Pretrained name or path: /home/ubuntu/techin517/outputs/train/pick_up_right/checkpoints/100000/pretrained_model | Device: cuda
ERROR 2026-05-11 01:53:45 t_client.py:169 Failed to connect to policy server: <_InactiveRpcError of RPC that terminated with:
	status = StatusCode.UNKNOWN
	details = "Exception calling application: The fields `use_peft` are not valid for ACTConfig"
	debug_error_string = "UNKNOWN:Error received from peer  {grpc_message:"Exception calling application: The fields `use_peft` are not valid for ACTConfig", grpc_status:2}"
>
