INFO 2026-05-07 22:19:07 t_client.py:113 Initializing client to connect to server at 127.0.0.1:8080
INFO 2026-05-07 22:19:07 t_client.py:132 Robot connected and ready
DEBUG 2026-05-07 22:19:07 t_client.py:149 Connected to policy server in 0.0042s
INFO 2026-05-07 22:19:07 t_client.py:155 Sending policy instructions to policy server
DEBUG 2026-05-07 22:19:07 t_client.py:156 Policy type: act | Pretrained name or path: /home/ubuntu/techin517/outputs/train/act_so101_test/checkpoints/100000/pretrained_model | Device: cuda
INFO 2026-05-07 22:19:08 t_client.py:446 Control loop thread starting
INFO 2026-05-07 22:19:08 t_client.py:272 Action receiving thread starting
DEBUG 2026-05-07 22:19:08 t_client.py:197 Observation serialization time: 0.000424s
DEBUG 2026-05-07 22:19:08 ort/utils.py:50 [CLIENT] Observation Buffer size 0.8794031143188477 MB with
DEBUG 2026-05-07 22:19:08 ort/utils.py:65 [CLIENT] Observation Sent 922121/922121 bytes with state 3
DEBUG 2026-05-07 22:19:08 ort/utils.py:67 [CLIENT] Observation Published 0.8794031143188477 MB
DEBUG 2026-05-07 22:19:08 t_client.py:208 Sent observation #0 | 
DEBUG 2026-05-07 22:19:08 t_client.py:418 QUEUE SIZE: 0 (Must go: True)
DEBUG 2026-05-07 22:19:08 t_client.py:461 Control loop (ms): 3.04
DEBUG 2026-05-07 22:19:08 t_client.py:197 Observation serialization time: 0.000269s
DEBUG 2026-05-07 22:19:08 ort/utils.py:50 [CLIENT] Observation Buffer size 0.8794031143188477 MB with
DEBUG 2026-05-07 22:19:08 ort/utils.py:65 [CLIENT] Observation Sent 922121/922121 bytes with state 3
DEBUG 2026-05-07 22:19:08 ort/utils.py:67 [CLIENT] Observation Published 0.8794031143188477 MB
DEBUG 2026-05-07 22:19:08 t_client.py:208 Sent observation #0 | 
DEBUG 2026-05-07 22:19:08 t_client.py:418 QUEUE SIZE: 0 (Must go: False)
DEBUG 2026-05-07 22:19:08 t_client.py:461 Control loop (ms): 2.13
DEBUG 2026-05-07 22:19:08 t_client.py:197 Observation serialization time: 0.000145s
DEBUG 2026-05-07 22:19:08 ort/utils.py:50 [CLIENT] Observation Buffer size 0.8794031143188477 MB with
DEBUG 2026-05-07 22:19:08 ort/utils.py:65 [CLIENT] Observation Sent 922121/922121 bytes with state 3
DEBUG 2026-05-07 22:19:08 ort/utils.py:67 [CLIENT] Observation Published 0.8794031143188477 MB
DEBUG 2026-05-07 22:19:08 t_client.py:208 Sent observation #0 | 
DEBUG 2026-05-07 22:19:08 t_client.py:418 QUEUE SIZE: 0 (Must go: False)
DEBUG 2026-05-07 22:19:08 t_client.py:461 Control loop (ms): 2.02
DEBUG 2026-05-07 22:19:08 t_client.py:197 Observation serialization time: 0.000160s
DEBUG 2026-05-07 22:19:08 ort/utils.py:50 [CLIENT] Observation Buffer size 0.8794031143188477 MB with
DEBUG 2026-05-07 22:19:08 ort/utils.py:65 [CLIENT] Observation Sent 922121/922121 bytes with state 3
DEBUG 2026-05-07 22:19:08 ort/utils.py:67 [CLIENT] Observation Published 0.8794031143188477 MB
DEBUG 2026-05-07 22:19:08 t_client.py:208 Sent observation #0 | 
DEBUG 2026-05-07 22:19:08 t_client.py:418 QUEUE SIZE: 0 (Must go: False)
DEBUG 2026-05-07 22:19:08 t_client.py:461 Control loop (ms): 1.80
DEBUG 2026-05-07 22:19:08 t_client.py:197 Observation serialization time: 0.000190s
DEBUG 2026-05-07 22:19:08 ort/utils.py:50 [CLIENT] Observation Buffer size 0.8794031143188477 MB with
DEBUG 2026-05-07 22:19:08 ort/utils.py:65 [CLIENT] Observation Sent 922121/922121 bytes with state 3
DEBUG 2026-05-07 22:19:08 ort/utils.py:67 [CLIENT] Observation Published 0.8794031143188477 MB
DEBUG 2026-05-07 22:19:08 t_client.py:208 Sent observation #0 | 
DEBUG 2026-05-07 22:19:08 t_client.py:418 QUEUE SIZE: 0 (Must go: False)
DEBUG 2026-05-07 22:19:08 t_client.py:461 Control loop (ms): 1.90
DEBUG 2026-05-07 22:19:08 t_client.py:197 Observation serialization time: 0.000181s
DEBUG 2026-05-07 22:19:08 ort/utils.py:50 [CLIENT] Observation Buffer size 0.8794031143188477 MB with
DEBUG 2026-05-07 22:19:08 ort/utils.py:65 [CLIENT] Observation Sent 922121/922121 bytes with state 3
DEBUG 2026-05-07 22:19:08 ort/utils.py:67 [CLIENT] Observation Published 0.8794031143188477 MB
DEBUG 2026-05-07 22:19:08 t_client.py:208 Sent observation #0 | 
DEBUG 2026-05-07 22:19:08 t_client.py:418 QUEUE SIZE: 0 (Must go: False)
DEBUG 2026-05-07 22:19:08 t_client.py:461 Control loop (ms): 1.79
DEBUG 2026-05-07 22:19:08 t_client.py:197 Observation serialization time: 0.000124s
DEBUG 2026-05-07 22:19:08 ort/utils.py:50 [CLIENT] Observation Buffer size 0.8794031143188477 MB with
DEBUG 2026-05-07 22:19:08 ort/utils.py:65 [CLIENT] Observation Sent 922121/922121 bytes with state 3
DEBUG 2026-05-07 22:19:08 ort/utils.py:67 [CLIENT] Observation Published 0.8794031143188477 MB
DEBUG 2026-05-07 22:19:08 t_client.py:208 Sent observation #0 | 
DEBUG 2026-05-07 22:19:08 t_client.py:418 QUEUE SIZE: 0 (Must go: False)
DEBUG 2026-05-07 22:19:08 t_client.py:461 Control loop (ms): 9.84
DEBUG 2026-05-07 22:19:08 t_client.py:461 Control loop (ms): 1.09
DEBUG 2026-05-07 22:19:08 t_client.py:197 Observation serialization time: 0.000144s
DEBUG 2026-05-07 22:19:08 ort/utils.py:50 [CLIENT] Observation Buffer size 0.8794031143188477 MB with
DEBUG 2026-05-07 22:19:08 ort/utils.py:65 [CLIENT] Observation Sent 922121/922121 bytes with state 3
DEBUG 2026-05-07 22:19:08 ort/utils.py:67 [CLIENT] Observation Published 0.8794031143188477 MB
DEBUG 2026-05-07 22:19:08 t_client.py:208 Sent observation #1 | 
DEBUG 2026-05-07 22:19:08 t_client.py:418 QUEUE SIZE: 28 (Must go: False)
DEBUG 2026-05-07 22:19:08 t_client.py:461 Control loop (ms): 2.15
DEBUG 2026-05-07 22:19:08 t_client.py:197 Observation serialization time: 0.000100s
DEBUG 2026-05-07 22:19:08 ort/utils.py:50 [CLIENT] Observation Buffer size 0.8794031143188477 MB with
DEBUG 2026-05-07 22:19:08 ort/utils.py:65 [CLIENT] Observation Sent 922121/922121 bytes with state 3
DEBUG 2026-05-07 22:19:08 ort/utils.py:67 [CLIENT] Observation Published 0.8794031143188477 MB
DEBUG 2026-05-07 22:19:08 t_client.py:208 Sent observation #2 | 
DEBUG 2026-05-07 22:19:08 t_client.py:418 QUEUE SIZE: 27 (Must go: False)
DEBUG 2026-05-07 22:19:08 t_client.py:461 Control loop (ms): 2.03
DEBUG 2026-05-07 22:19:08 t_client.py:197 Observation serialization time: 0.000093s
DEBUG 2026-05-07 22:19:08 ort/utils.py:50 [CLIENT] Observation Buffer size 0.8794031143188477 MB with
DEBUG 2026-05-07 22:19:08 ort/utils.py:65 [CLIENT] Observation Sent 922121/922121 bytes with state 3
DEBUG 2026-05-07 22:19:08 ort/utils.py:67 [CLIENT] Observation Published 0.8794031143188477 MB
DEBUG 2026-05-07 22:19:08 t_client.py:208 Sent observation #3 | 
DEBUG 2026-05-07 22:19:08 t_client.py:418 QUEUE SIZE: 26 (Must go: False)
DEBUG 2026-05-07 22:19:08 t_client.py:461 Control loop (ms): 1.46
DEBUG 2026-05-07 22:19:08 t_client.py:197 Observation serialization time: 0.000054s
DEBUG 2026-05-07 22:19:08 ort/utils.py:50 [CLIENT] Observation Buffer size 0.8794031143188477 MB with
DEBUG 2026-05-07 22:19:08 ort/utils.py:65 [CLIENT] Observation Sent 922121/922121 bytes with state 3
DEBUG 2026-05-07 22:19:08 ort/utils.py:67 [CLIENT] Observation Published 0.8794031143188477 MB
DEBUG 2026-05-07 22:19:08 t_client.py:208 Sent observation #4 | 
DEBUG 2026-05-07 22:19:08 t_client.py:418 QUEUE SIZE: 25 (Must go: False)
DEBUG 2026-05-07 22:19:08 t_client.py:461 Control loop (ms): 1.44
DEBUG 2026-05-07 22:19:08 t_client.py:197 Observation serialization time: 0.000053s
DEBUG 2026-05-07 22:19:08 ort/utils.py:50 [CLIENT] Observation Buffer size 0.8794031143188477 MB with
DEBUG 2026-05-07 22:19:08 ort/utils.py:65 [CLIENT] Observation Sent 922121/922121 bytes with state 3
DEBUG 2026-05-07 22:19:08 ort/utils.py:67 [CLIENT] Observation Published 0.8794031143188477 MB
DEBUG 2026-05-07 22:19:08 t_client.py:208 Sent observation #5 | 
DEBUG 2026-05-07 22:19:08 t_client.py:418 QUEUE SIZE: 24 (Must go: False)
DEBUG 2026-05-07 22:19:08 t_client.py:461 Control loop (ms): 1.66
DEBUG 2026-05-07 22:19:08 t_client.py:197 Observation serialization time: 0.000095s
DEBUG 2026-05-07 22:19:08 ort/utils.py:50 [CLIENT] Observation Buffer size 0.8794031143188477 MB with
DEBUG 2026-05-07 22:19:08 ort/utils.py:65 [CLIENT] Observation Sent 922121/922121 bytes with state 3
DEBUG 2026-05-07 22:19:08 ort/utils.py:67 [CLIENT] Observation Published 0.8794031143188477 MB
DEBUG 2026-05-07 22:19:08 t_client.py:208 Sent observation #6 | 
DEBUG 2026-05-07 22:19:08 t_client.py:418 QUEUE SIZE: 23 (Must go: False)
DEBUG 2026-05-07 22:19:08 t_client.py:461 Control loop (ms): 1.71
DEBUG 2026-05-07 22:19:08 t_client.py:197 Observation serialization time: 0.000063s
DEBUG 2026-05-07 22:19:08 ort/utils.py:50 [CLIENT] Observation Buffer size 0.8794031143188477 MB with
DEBUG 2026-05-07 22:19:08 ort/utils.py:65 [CLIENT] Observation Sent 922121/922121 bytes with state 3
DEBUG 2026-05-07 22:19:08 ort/utils.py:67 [CLIENT] Observation Published 0.8794031143188477 MB
DEBUG 2026-05-07 22:19:08 t_client.py:208 Sent observation #7 | 
DEBUG 2026-05-07 22:19:08 t_client.py:418 QUEUE SIZE: 22 (Must go: False)
DEBUG 2026-05-07 22:19:08 t_client.py:461 Control loop (ms): 1.22
DEBUG 2026-05-07 22:19:08 t_client.py:197 Observation serialization time: 0.000092s
DEBUG 2026-05-07 22:19:08 ort/utils.py:50 [CLIENT] Observation Buffer size 0.8794031143188477 MB with
DEBUG 2026-05-07 22:19:08 ort/utils.py:65 [CLIENT] Observation Sent 922121/922121 bytes with state 3
DEBUG 2026-05-07 22:19:08 ort/utils.py:67 [CLIENT] Observation Published 0.8794031143188477 MB
DEBUG 2026-05-07 22:19:08 t_client.py:208 Sent observation #8 | 
DEBUG 2026-05-07 22:19:08 t_client.py:418 QUEUE SIZE: 21 (Must go: False)
DEBUG 2026-05-07 22:19:08 t_client.py:461 Control loop (ms): 1.68
DEBUG 2026-05-07 22:19:08 t_client.py:197 Observation serialization time: 0.000094s
DEBUG 2026-05-07 22:19:08 ort/utils.py:50 [CLIENT] Observation Buffer size 0.8794031143188477 MB with
DEBUG 2026-05-07 22:19:08 ort/utils.py:65 [CLIENT] Observation Sent 922121/922121 bytes with state 3
DEBUG 2026-05-07 22:19:08 ort/utils.py:67 [CLIENT] Observation Published 0.8794031143188477 MB
DEBUG 2026-05-07 22:19:08 t_client.py:208 Sent observation #9 | 
DEBUG 2026-05-07 22:19:08 t_client.py:418 QUEUE SIZE: 20 (Must go: False)
DEBUG 2026-05-07 22:19:08 t_client.py:461 Control loop (ms): 1.59
DEBUG 2026-05-07 22:19:08 t_client.py:197 Observation serialization time: 0.000091s
DEBUG 2026-05-07 22:19:08 ort/utils.py:50 [CLIENT] Observation Buffer size 0.8794031143188477 MB with
DEBUG 2026-05-07 22:19:08 ort/utils.py:65 [CLIENT] Observation Sent 922121/922121 bytes with state 3
DEBUG 2026-05-07 22:19:08 ort/utils.py:67 [CLIENT] Observation Published 0.8794031143188477 MB
DEBUG 2026-05-07 22:19:08 t_client.py:208 Sent observation #10 | 
DEBUG 2026-05-07 22:19:08 t_client.py:418 QUEUE SIZE: 19 (Must go: False)
DEBUG 2026-05-07 22:19:08 t_client.py:461 Control loop (ms): 1.82
DEBUG 2026-05-07 22:19:08 t_client.py:197 Observation serialization time: 0.000048s
DEBUG 2026-05-07 22:19:08 ort/utils.py:50 [CLIENT] Observation Buffer size 0.8794031143188477 MB with
DEBUG 2026-05-07 22:19:08 ort/utils.py:65 [CLIENT] Observation Sent 922121/922121 bytes with state 3
DEBUG 2026-05-07 22:19:08 ort/utils.py:67 [CLIENT] Observation Published 0.8794031143188477 MB
DEBUG 2026-05-07 22:19:08 t_client.py:208 Sent observation #11 | 
DEBUG 2026-05-07 22:19:08 t_client.py:418 QUEUE SIZE: 18 (Must go: False)
DEBUG 2026-05-07 22:19:08 t_client.py:461 Control loop (ms): 1.43
DEBUG 2026-05-07 22:19:08 t_client.py:197 Observation serialization time: 0.000051s
DEBUG 2026-05-07 22:19:08 ort/utils.py:50 [CLIENT] Observation Buffer size 0.8794031143188477 MB with
DEBUG 2026-05-07 22:19:08 ort/utils.py:65 [CLIENT] Observation Sent 922121/922121 bytes with state 3
DEBUG 2026-05-07 22:19:08 ort/utils.py:67 [CLIENT] Observation Published 0.8794031143188477 MB
DEBUG 2026-05-07 22:19:08 t_client.py:208 Sent observation #12 | 
DEBUG 2026-05-07 22:19:08 t_client.py:418 QUEUE SIZE: 17 (Must go: False)
DEBUG 2026-05-07 22:19:08 t_client.py:461 Control loop (ms): 1.27
DEBUG 2026-05-07 22:19:08 t_client.py:197 Observation serialization time: 0.000063s
DEBUG 2026-05-07 22:19:08 ort/utils.py:50 [CLIENT] Observation Buffer size 0.8794031143188477 MB with
DEBUG 2026-05-07 22:19:08 ort/utils.py:65 [CLIENT] Observation Sent 922121/922121 bytes with state 3
DEBUG 2026-05-07 22:19:08 ort/utils.py:67 [CLIENT] Observation Published 0.8794031143188477 MB
DEBUG 2026-05-07 22:19:08 t_client.py:208 Sent observation #13 | 
DEBUG 2026-05-07 22:19:08 t_client.py:418 QUEUE SIZE: 16 (Must go: False)
DEBUG 2026-05-07 22:19:08 t_client.py:461 Control loop (ms): 1.29
DEBUG 2026-05-07 22:19:08 t_client.py:197 Observation serialization time: 0.000050s
DEBUG 2026-05-07 22:19:08 ort/utils.py:50 [CLIENT] Observation Buffer size 0.8794031143188477 MB with
DEBUG 2026-05-07 22:19:08 ort/utils.py:65 [CLIENT] Observation Sent 922121/922121 bytes with state 3
DEBUG 2026-05-07 22:19:08 ort/utils.py:67 [CLIENT] Observation Published 0.8794031143188477 MB
DEBUG 2026-05-07 22:19:08 t_client.py:208 Sent observation #14 | 
DEBUG 2026-05-07 22:19:08 t_client.py:418 QUEUE SIZE: 15 (Must go: False)
DEBUG 2026-05-07 22:19:08 t_client.py:461 Control loop (ms): 1.61
DEBUG 2026-05-07 22:19:08 t_client.py:197 Observation serialization time: 0.000059s
DEBUG 2026-05-07 22:19:08 ort/utils.py:50 [CLIENT] Observation Buffer size 0.8794031143188477 MB with
DEBUG 2026-05-07 22:19:08 ort/utils.py:65 [CLIENT] Observation Sent 922121/922121 bytes with state 3
DEBUG 2026-05-07 22:19:08 ort/utils.py:67 [CLIENT] Observation Published 0.8794031143188477 MB
DEBUG 2026-05-07 22:19:08 t_client.py:208 Sent observation #15 | 
DEBUG 2026-05-07 22:19:08 t_client.py:418 QUEUE SIZE: 14 (Must go: False)
DEBUG 2026-05-07 22:19:08 t_client.py:461 Control loop (ms): 1.53
DEBUG 2026-05-07 22:19:09 t_client.py:197 Observation serialization time: 0.000096s
DEBUG 2026-05-07 22:19:09 ort/utils.py:50 [CLIENT] Observation Buffer size 0.8794031143188477 MB with
DEBUG 2026-05-07 22:19:09 ort/utils.py:65 [CLIENT] Observation Sent 922121/922121 bytes with state 3
DEBUG 2026-05-07 22:19:09 ort/utils.py:67 [CLIENT] Observation Published 0.8794031143188477 MB
DEBUG 2026-05-07 22:19:09 t_client.py:208 Sent observation #16 | 
DEBUG 2026-05-07 22:19:09 t_client.py:418 QUEUE SIZE: 13 (Must go: False)
DEBUG 2026-05-07 22:19:09 t_client.py:461 Control loop (ms): 1.68
DEBUG 2026-05-07 22:19:09 t_client.py:197 Observation serialization time: 0.000094s
DEBUG 2026-05-07 22:19:09 ort/utils.py:50 [CLIENT] Observation Buffer size 0.8794031143188477 MB with
DEBUG 2026-05-07 22:19:09 ort/utils.py:65 [CLIENT] Observation Sent 922121/922121 bytes with state 3
DEBUG 2026-05-07 22:19:09 ort/utils.py:67 [CLIENT] Observation Published 0.8794031143188477 MB
DEBUG 2026-05-07 22:19:09 t_client.py:208 Sent observation #17 | 
DEBUG 2026-05-07 22:19:09 t_client.py:418 QUEUE SIZE: 12 (Must go: False)
DEBUG 2026-05-07 22:19:09 t_client.py:461 Control loop (ms): 1.73
DEBUG 2026-05-07 22:19:09 t_client.py:197 Observation serialization time: 0.000060s
DEBUG 2026-05-07 22:19:09 ort/utils.py:50 [CLIENT] Observation Buffer size 0.8794031143188477 MB with
DEBUG 2026-05-07 22:19:09 ort/utils.py:65 [CLIENT] Observation Sent 922121/922121 bytes with state 3
DEBUG 2026-05-07 22:19:09 ort/utils.py:67 [CLIENT] Observation Published 0.8794031143188477 MB
DEBUG 2026-05-07 22:19:09 t_client.py:208 Sent observation #18 | 
DEBUG 2026-05-07 22:19:09 t_client.py:418 QUEUE SIZE: 11 (Must go: False)
DEBUG 2026-05-07 22:19:09 t_client.py:461 Control loop (ms): 1.31
DEBUG 2026-05-07 22:19:09 t_client.py:197 Observation serialization time: 0.000092s
DEBUG 2026-05-07 22:19:09 ort/utils.py:50 [CLIENT] Observation Buffer size 0.8794031143188477 MB with
DEBUG 2026-05-07 22:19:09 ort/utils.py:65 [CLIENT] Observation Sent 922121/922121 bytes with state 3
DEBUG 2026-05-07 22:19:09 ort/utils.py:67 [CLIENT] Observation Published 0.8794031143188477 MB
DEBUG 2026-05-07 22:19:09 t_client.py:208 Sent observation #19 | 
DEBUG 2026-05-07 22:19:09 t_client.py:418 QUEUE SIZE: 10 (Must go: False)
DEBUG 2026-05-07 22:19:09 t_client.py:461 Control loop (ms): 1.45
DEBUG 2026-05-07 22:19:09 t_client.py:197 Observation serialization time: 0.000053s
DEBUG 2026-05-07 22:19:09 ort/utils.py:50 [CLIENT] Observation Buffer size 0.8794031143188477 MB with
DEBUG 2026-05-07 22:19:09 ort/utils.py:65 [CLIENT] Observation Sent 922121/922121 bytes with state 3
DEBUG 2026-05-07 22:19:09 ort/utils.py:67 [CLIENT] Observation Published 0.8794031143188477 MB
DEBUG 2026-05-07 22:19:09 t_client.py:208 Sent observation #20 | 
DEBUG 2026-05-07 22:19:09 t_client.py:418 QUEUE SIZE: 9 (Must go: False)
DEBUG 2026-05-07 22:19:09 t_client.py:461 Control loop (ms): 1.83
DEBUG 2026-05-07 22:19:09 t_client.py:197 Observation serialization time: 0.000066s
DEBUG 2026-05-07 22:19:09 ort/utils.py:50 [CLIENT] Observation Buffer size 0.8794031143188477 MB with
DEBUG 2026-05-07 22:19:09 ort/utils.py:65 [CLIENT] Observation Sent 922121/922121 bytes with state 3
DEBUG 2026-05-07 22:19:09 ort/utils.py:67 [CLIENT] Observation Published 0.8794031143188477 MB
DEBUG 2026-05-07 22:19:09 t_client.py:208 Sent observation #21 | 
DEBUG 2026-05-07 22:19:09 t_client.py:418 QUEUE SIZE: 8 (Must go: False)
DEBUG 2026-05-07 22:19:09 t_client.py:461 Control loop (ms): 1.41
DEBUG 2026-05-07 22:19:09 t_client.py:197 Observation serialization time: 0.000092s
DEBUG 2026-05-07 22:19:09 ort/utils.py:50 [CLIENT] Observation Buffer size 0.8794031143188477 MB with
DEBUG 2026-05-07 22:19:09 ort/utils.py:65 [CLIENT] Observation Sent 922121/922121 bytes with state 3
DEBUG 2026-05-07 22:19:09 ort/utils.py:67 [CLIENT] Observation Published 0.8794031143188477 MB
DEBUG 2026-05-07 22:19:09 t_client.py:208 Sent observation #22 | 
DEBUG 2026-05-07 22:19:09 t_client.py:418 QUEUE SIZE: 7 (Must go: False)
DEBUG 2026-05-07 22:19:09 t_client.py:461 Control loop (ms): 1.57
DEBUG 2026-05-07 22:19:09 t_client.py:197 Observation serialization time: 0.000139s
DEBUG 2026-05-07 22:19:09 ort/utils.py:50 [CLIENT] Observation Buffer size 0.8794031143188477 MB with
DEBUG 2026-05-07 22:19:09 ort/utils.py:65 [CLIENT] Observation Sent 922121/922121 bytes with state 3
DEBUG 2026-05-07 22:19:09 ort/utils.py:67 [CLIENT] Observation Published 0.8794031143188477 MB
DEBUG 2026-05-07 22:19:09 t_client.py:208 Sent observation #23 | 
DEBUG 2026-05-07 22:19:09 t_client.py:418 QUEUE SIZE: 6 (Must go: False)
DEBUG 2026-05-07 22:19:09 t_client.py:461 Control loop (ms): 1.90
DEBUG 2026-05-07 22:19:09 t_client.py:197 Observation serialization time: 0.000109s
DEBUG 2026-05-07 22:19:09 ort/utils.py:50 [CLIENT] Observation Buffer size 0.8794031143188477 MB with
DEBUG 2026-05-07 22:19:09 ort/utils.py:65 [CLIENT] Observation Sent 922121/922121 bytes with state 3
DEBUG 2026-05-07 22:19:09 ort/utils.py:67 [CLIENT] Observation Published 0.8794031143188477 MB
DEBUG 2026-05-07 22:19:09 t_client.py:208 Sent observation #24 | 
DEBUG 2026-05-07 22:19:09 t_client.py:418 QUEUE SIZE: 5 (Must go: False)
DEBUG 2026-05-07 22:19:09 t_client.py:461 Control loop (ms): 1.90
DEBUG 2026-05-07 22:19:09 t_client.py:197 Observation serialization time: 0.000096s
DEBUG 2026-05-07 22:19:09 ort/utils.py:50 [CLIENT] Observation Buffer size 0.8794031143188477 MB with
DEBUG 2026-05-07 22:19:09 ort/utils.py:65 [CLIENT] Observation Sent 922121/922121 bytes with state 3
DEBUG 2026-05-07 22:19:09 ort/utils.py:67 [CLIENT] Observation Published 0.8794031143188477 MB
DEBUG 2026-05-07 22:19:09 t_client.py:208 Sent observation #25 | 
DEBUG 2026-05-07 22:19:09 t_client.py:418 QUEUE SIZE: 4 (Must go: False)
DEBUG 2026-05-07 22:19:09 t_client.py:461 Control loop (ms): 1.44
DEBUG 2026-05-07 22:19:09 t_client.py:197 Observation serialization time: 0.000054s
DEBUG 2026-05-07 22:19:09 ort/utils.py:50 [CLIENT] Observation Buffer size 0.8794031143188477 MB with
DEBUG 2026-05-07 22:19:09 ort/utils.py:65 [CLIENT] Observation Sent 922121/922121 bytes with state 3
DEBUG 2026-05-07 22:19:09 ort/utils.py:67 [CLIENT] Observation Published 0.8794031143188477 MB
DEBUG 2026-05-07 22:19:09 t_client.py:208 Sent observation #26 | 
DEBUG 2026-05-07 22:19:09 t_client.py:418 QUEUE SIZE: 3 (Must go: False)
DEBUG 2026-05-07 22:19:09 t_client.py:461 Control loop (ms): 1.22
DEBUG 2026-05-07 22:19:09 t_client.py:197 Observation serialization time: 0.000056s
DEBUG 2026-05-07 22:19:09 ort/utils.py:50 [CLIENT] Observation Buffer size 0.8794031143188477 MB with
DEBUG 2026-05-07 22:19:09 ort/utils.py:65 [CLIENT] Observation Sent 922121/922121 bytes with state 3
DEBUG 2026-05-07 22:19:09 ort/utils.py:67 [CLIENT] Observation Published 0.8794031143188477 MB
DEBUG 2026-05-07 22:19:09 t_client.py:208 Sent observation #27 | 
DEBUG 2026-05-07 22:19:09 t_client.py:418 QUEUE SIZE: 2 (Must go: False)
DEBUG 2026-05-07 22:19:09 t_client.py:461 Control loop (ms): 1.18
DEBUG 2026-05-07 22:19:09 t_client.py:197 Observation serialization time: 0.000095s
DEBUG 2026-05-07 22:19:09 ort/utils.py:50 [CLIENT] Observation Buffer size 0.8794031143188477 MB with
DEBUG 2026-05-07 22:19:09 ort/utils.py:65 [CLIENT] Observation Sent 922121/922121 bytes with state 3
DEBUG 2026-05-07 22:19:09 ort/utils.py:67 [CLIENT] Observation Published 0.8794031143188477 MB
DEBUG 2026-05-07 22:19:09 t_client.py:208 Sent observation #28 | 
DEBUG 2026-05-07 22:19:09 t_client.py:418 QUEUE SIZE: 1 (Must go: False)
DEBUG 2026-05-07 22:19:09 t_client.py:461 Control loop (ms): 1.73
DEBUG 2026-05-07 22:19:09 t_client.py:197 Observation serialization time: 0.000054s
DEBUG 2026-05-07 22:19:09 ort/utils.py:50 [CLIENT] Observation Buffer size 0.8794031143188477 MB with
DEBUG 2026-05-07 22:19:09 ort/utils.py:65 [CLIENT] Observation Sent 922121/922121 bytes with state 3
DEBUG 2026-05-07 22:19:09 ort/utils.py:67 [CLIENT] Observation Published 0.8794031143188477 MB
DEBUG 2026-05-07 22:19:09 t_client.py:208 Sent observation #29 | 
DEBUG 2026-05-07 22:19:09 t_client.py:418 QUEUE SIZE: 0 (Must go: True)
DEBUG 2026-05-07 22:19:09 t_client.py:461 Control loop (ms): 1.41
DEBUG 2026-05-07 22:19:09 t_client.py:197 Observation serialization time: 0.000107s
DEBUG 2026-05-07 22:19:09 ort/utils.py:50 [CLIENT] Observation Buffer size 0.8794031143188477 MB with
DEBUG 2026-05-07 22:19:09 ort/utils.py:65 [CLIENT] Observation Sent 922121/922121 bytes with state 3
DEBUG 2026-05-07 22:19:09 ort/utils.py:67 [CLIENT] Observation Published 0.8794031143188477 MB
DEBUG 2026-05-07 22:19:09 t_client.py:208 Sent observation #30 | 
DEBUG 2026-05-07 22:19:09 t_client.py:418 QUEUE SIZE: 28 (Must go: False)
DEBUG 2026-05-07 22:19:09 t_client.py:461 Control loop (ms): 1.41
DEBUG 2026-05-07 22:19:09 t_client.py:197 Observation serialization time: 0.000110s
DEBUG 2026-05-07 22:19:09 ort/utils.py:50 [CLIENT] Observation Buffer size 0.8794031143188477 MB with
DEBUG 2026-05-07 22:19:09 ort/utils.py:65 [CLIENT] Observation Sent 922121/922121 bytes with state 3
DEBUG 2026-05-07 22:19:09 ort/utils.py:67 [CLIENT] Observation Published 0.8794031143188477 MB
DEBUG 2026-05-07 22:19:09 t_client.py:208 Sent observation #31 | 
DEBUG 2026-05-07 22:19:09 t_client.py:418 QUEUE SIZE: 27 (Must go: False)
DEBUG 2026-05-07 22:19:09 t_client.py:461 Control loop (ms): 1.74
DEBUG 2026-05-07 22:19:09 t_client.py:197 Observation serialization time: 0.000068s
DEBUG 2026-05-07 22:19:09 ort/utils.py:50 [CLIENT] Observation Buffer size 0.8794031143188477 MB with
DEBUG 2026-05-07 22:19:09 ort/utils.py:65 [CLIENT] Observation Sent 922121/922121 bytes with state 3
DEBUG 2026-05-07 22:19:09 ort/utils.py:67 [CLIENT] Observation Published 0.8794031143188477 MB
DEBUG 2026-05-07 22:19:09 t_client.py:208 Sent observation #32 | 
DEBUG 2026-05-07 22:19:09 t_client.py:418 QUEUE SIZE: 26 (Must go: False)
DEBUG 2026-05-07 22:19:09 t_client.py:461 Control loop (ms): 1.42
DEBUG 2026-05-07 22:19:09 t_client.py:197 Observation serialization time: 0.000069s
DEBUG 2026-05-07 22:19:09 ort/utils.py:50 [CLIENT] Observation Buffer size 0.8794031143188477 MB with
DEBUG 2026-05-07 22:19:09 ort/utils.py:65 [CLIENT] Observation Sent 922121/922121 bytes with state 3
DEBUG 2026-05-07 22:19:09 ort/utils.py:67 [CLIENT] Observation Published 0.8794031143188477 MB
DEBUG 2026-05-07 22:19:09 t_client.py:208 Sent observation #33 | 
DEBUG 2026-05-07 22:19:09 t_client.py:418 QUEUE SIZE: 25 (Must go: False)
DEBUG 2026-05-07 22:19:09 t_client.py:461 Control loop (ms): 1.42
DEBUG 2026-05-07 22:19:09 t_client.py:197 Observation serialization time: 0.000071s
DEBUG 2026-05-07 22:19:09 ort/utils.py:50 [CLIENT] Observation Buffer size 0.8794031143188477 MB with
DEBUG 2026-05-07 22:19:09 ort/utils.py:65 [CLIENT] Observation Sent 922121/922121 bytes with state 3
DEBUG 2026-05-07 22:19:09 ort/utils.py:67 [CLIENT] Observation Published 0.8794031143188477 MB
DEBUG 2026-05-07 22:19:09 t_client.py:208 Sent observation #34 | 
DEBUG 2026-05-07 22:19:09 t_client.py:418 QUEUE SIZE: 24 (Must go: False)
DEBUG 2026-05-07 22:19:09 t_client.py:461 Control loop (ms): 1.37
DEBUG 2026-05-07 22:19:09 t_client.py:197 Observation serialization time: 0.000060s
DEBUG 2026-05-07 22:19:09 ort/utils.py:50 [CLIENT] Observation Buffer size 0.8794031143188477 MB with
DEBUG 2026-05-07 22:19:09 ort/utils.py:65 [CLIENT] Observation Sent 922121/922121 bytes with state 3
DEBUG 2026-05-07 22:19:09 ort/utils.py:67 [CLIENT] Observation Published 0.8794031143188477 MB
DEBUG 2026-05-07 22:19:09 t_client.py:208 Sent observation #35 | 
DEBUG 2026-05-07 22:19:09 t_client.py:418 QUEUE SIZE: 23 (Must go: False)
DEBUG 2026-05-07 22:19:09 t_client.py:461 Control loop (ms): 1.59
DEBUG 2026-05-07 22:19:09 t_client.py:197 Observation serialization time: 0.000104s
DEBUG 2026-05-07 22:19:09 ort/utils.py:50 [CLIENT] Observation Buffer size 0.8794031143188477 MB with
DEBUG 2026-05-07 22:19:09 ort/utils.py:65 [CLIENT] Observation Sent 922121/922121 bytes with state 3
DEBUG 2026-05-07 22:19:09 ort/utils.py:67 [CLIENT] Observation Published 0.8794031143188477 MB
DEBUG 2026-05-07 22:19:09 t_client.py:208 Sent observation #36 | 
DEBUG 2026-05-07 22:19:09 t_client.py:418 QUEUE SIZE: 22 (Must go: False)
DEBUG 2026-05-07 22:19:09 t_client.py:461 Control loop (ms): 1.69
DEBUG 2026-05-07 22:19:09 t_client.py:197 Observation serialization time: 0.000104s
DEBUG 2026-05-07 22:19:09 ort/utils.py:50 [CLIENT] Observation Buffer size 0.8794031143188477 MB with
DEBUG 2026-05-07 22:19:09 ort/utils.py:65 [CLIENT] Observation Sent 922121/922121 bytes with state 3
DEBUG 2026-05-07 22:19:09 ort/utils.py:67 [CLIENT] Observation Published 0.8794031143188477 MB
DEBUG 2026-05-07 22:19:09 t_client.py:208 Sent observation #37 | 
DEBUG 2026-05-07 22:19:09 t_client.py:418 QUEUE SIZE: 21 (Must go: False)
DEBUG 2026-05-07 22:19:09 t_client.py:461 Control loop (ms): 1.55
DEBUG 2026-05-07 22:19:09 t_client.py:197 Observation serialization time: 0.000120s
DEBUG 2026-05-07 22:19:09 ort/utils.py:50 [CLIENT] Observation Buffer size 0.8794031143188477 MB with
DEBUG 2026-05-07 22:19:09 ort/utils.py:65 [CLIENT] Observation Sent 922121/922121 bytes with state 3
DEBUG 2026-05-07 22:19:09 ort/utils.py:67 [CLIENT] Observation Published 0.8794031143188477 MB
DEBUG 2026-05-07 22:19:09 t_client.py:208 Sent observation #38 | 
DEBUG 2026-05-07 22:19:09 t_client.py:418 QUEUE SIZE: 20 (Must go: False)
DEBUG 2026-05-07 22:19:09 t_client.py:461 Control loop (ms): 1.51
DEBUG 2026-05-07 22:19:09 t_client.py:197 Observation serialization time: 0.000056s
DEBUG 2026-05-07 22:19:09 ort/utils.py:50 [CLIENT] Observation Buffer size 0.8794031143188477 MB with
DEBUG 2026-05-07 22:19:09 ort/utils.py:65 [CLIENT] Observation Sent 922121/922121 bytes with state 3
DEBUG 2026-05-07 22:19:09 ort/utils.py:67 [CLIENT] Observation Published 0.8794031143188477 MB
DEBUG 2026-05-07 22:19:09 t_client.py:208 Sent observation #39 | 
DEBUG 2026-05-07 22:19:09 t_client.py:418 QUEUE SIZE: 19 (Must go: False)
DEBUG 2026-05-07 22:19:09 t_client.py:461 Control loop (ms): 1.20
DEBUG 2026-05-07 22:19:09 t_client.py:197 Observation serialization time: 0.000060s
DEBUG 2026-05-07 22:19:09 ort/utils.py:50 [CLIENT] Observation Buffer size 0.8794031143188477 MB with
DEBUG 2026-05-07 22:19:09 ort/utils.py:65 [CLIENT] Observation Sent 922121/922121 bytes with state 3
DEBUG 2026-05-07 22:19:09 ort/utils.py:67 [CLIENT] Observation Published 0.8794031143188477 MB
DEBUG 2026-05-07 22:19:09 t_client.py:208 Sent observation #40 | 
DEBUG 2026-05-07 22:19:09 t_client.py:418 QUEUE SIZE: 18 (Must go: False)
DEBUG 2026-05-07 22:19:09 t_client.py:461 Control loop (ms): 1.57
DEBUG 2026-05-07 22:19:09 t_client.py:197 Observation serialization time: 0.000066s
DEBUG 2026-05-07 22:19:09 ort/utils.py:50 [CLIENT] Observation Buffer size 0.8794031143188477 MB with
DEBUG 2026-05-07 22:19:09 ort/utils.py:65 [CLIENT] Observation Sent 922121/922121 bytes with state 3
DEBUG 2026-05-07 22:19:09 ort/utils.py:67 [CLIENT] Observation Published 0.8794031143188477 MB
DEBUG 2026-05-07 22:19:09 t_client.py:208 Sent observation #41 | 
DEBUG 2026-05-07 22:19:09 t_client.py:418 QUEUE SIZE: 17 (Must go: False)
DEBUG 2026-05-07 22:19:09 t_client.py:461 Control loop (ms): 1.30
DEBUG 2026-05-07 22:19:09 t_client.py:197 Observation serialization time: 0.000060s
DEBUG 2026-05-07 22:19:09 ort/utils.py:50 [CLIENT] Observation Buffer size 0.8794031143188477 MB with
DEBUG 2026-05-07 22:19:09 ort/utils.py:65 [CLIENT] Observation Sent 922121/922121 bytes with state 3
DEBUG 2026-05-07 22:19:09 ort/utils.py:67 [CLIENT] Observation Published 0.8794031143188477 MB
DEBUG 2026-05-07 22:19:09 t_client.py:208 Sent observation #42 | 
DEBUG 2026-05-07 22:19:09 t_client.py:418 QUEUE SIZE: 16 (Must go: False)
DEBUG 2026-05-07 22:19:09 t_client.py:461 Control loop (ms): 1.32
DEBUG 2026-05-07 22:19:09 t_client.py:197 Observation serialization time: 0.000077s
DEBUG 2026-05-07 22:19:09 ort/utils.py:50 [CLIENT] Observation Buffer size 0.8794031143188477 MB with
DEBUG 2026-05-07 22:19:09 ort/utils.py:65 [CLIENT] Observation Sent 922121/922121 bytes with state 3
DEBUG 2026-05-07 22:19:09 ort/utils.py:67 [CLIENT] Observation Published 0.8794031143188477 MB
DEBUG 2026-05-07 22:19:09 t_client.py:208 Sent observation #43 | 
DEBUG 2026-05-07 22:19:09 t_client.py:418 QUEUE SIZE: 15 (Must go: False)
DEBUG 2026-05-07 22:19:09 t_client.py:461 Control loop (ms): 1.64
DEBUG 2026-05-07 22:19:09 t_client.py:197 Observation serialization time: 0.000072s
DEBUG 2026-05-07 22:19:09 ort/utils.py:50 [CLIENT] Observation Buffer size 0.8794031143188477 MB with
DEBUG 2026-05-07 22:19:09 ort/utils.py:65 [CLIENT] Observation Sent 922121/922121 bytes with state 3
DEBUG 2026-05-07 22:19:09 ort/utils.py:67 [CLIENT] Observation Published 0.8794031143188477 MB
DEBUG 2026-05-07 22:19:09 t_client.py:208 Sent observation #44 | 
DEBUG 2026-05-07 22:19:09 t_client.py:418 QUEUE SIZE: 14 (Must go: False)
DEBUG 2026-05-07 22:19:09 t_client.py:461 Control loop (ms): 1.38
DEBUG 2026-05-07 22:19:09 t_client.py:197 Observation serialization time: 0.000064s
DEBUG 2026-05-07 22:19:09 ort/utils.py:50 [CLIENT] Observation Buffer size 0.8794031143188477 MB with
DEBUG 2026-05-07 22:19:09 ort/utils.py:65 [CLIENT] Observation Sent 922121/922121 bytes with state 3
DEBUG 2026-05-07 22:19:09 ort/utils.py:67 [CLIENT] Observation Published 0.8794031143188477 MB
DEBUG 2026-05-07 22:19:09 t_client.py:208 Sent observation #45 | 
DEBUG 2026-05-07 22:19:09 t_client.py:418 QUEUE SIZE: 13 (Must go: False)
DEBUG 2026-05-07 22:19:09 t_client.py:461 Control loop (ms): 1.86
DEBUG 2026-05-07 22:19:10 t_client.py:197 Observation serialization time: 0.000089s
DEBUG 2026-05-07 22:19:10 ort/utils.py:50 [CLIENT] Observation Buffer size 0.8794031143188477 MB with
DEBUG 2026-05-07 22:19:10 ort/utils.py:65 [CLIENT] Observation Sent 922121/922121 bytes with state 3
DEBUG 2026-05-07 22:19:10 ort/utils.py:67 [CLIENT] Observation Published 0.8794031143188477 MB
DEBUG 2026-05-07 22:19:10 t_client.py:208 Sent observation #46 | 
DEBUG 2026-05-07 22:19:10 t_client.py:418 QUEUE SIZE: 12 (Must go: False)
DEBUG 2026-05-07 22:19:10 t_client.py:461 Control loop (ms): 1.56
DEBUG 2026-05-07 22:19:10 t_client.py:197 Observation serialization time: 0.000071s
DEBUG 2026-05-07 22:19:10 ort/utils.py:50 [CLIENT] Observation Buffer size 0.8794031143188477 MB with
DEBUG 2026-05-07 22:19:10 ort/utils.py:65 [CLIENT] Observation Sent 922121/922121 bytes with state 3
DEBUG 2026-05-07 22:19:10 ort/utils.py:67 [CLIENT] Observation Published 0.8794031143188477 MB
DEBUG 2026-05-07 22:19:10 t_client.py:208 Sent observation #47 | 
DEBUG 2026-05-07 22:19:10 t_client.py:418 QUEUE SIZE: 11 (Must go: False)
DEBUG 2026-05-07 22:19:10 t_client.py:461 Control loop (ms): 1.57
DEBUG 2026-05-07 22:19:10 t_client.py:197 Observation serialization time: 0.000064s
DEBUG 2026-05-07 22:19:10 ort/utils.py:50 [CLIENT] Observation Buffer size 0.8794031143188477 MB with
DEBUG 2026-05-07 22:19:10 ort/utils.py:65 [CLIENT] Observation Sent 922121/922121 bytes with state 3
DEBUG 2026-05-07 22:19:10 ort/utils.py:67 [CLIENT] Observation Published 0.8794031143188477 MB
DEBUG 2026-05-07 22:19:10 t_client.py:208 Sent observation #48 | 
DEBUG 2026-05-07 22:19:10 t_client.py:418 QUEUE SIZE: 10 (Must go: False)
DEBUG 2026-05-07 22:19:10 t_client.py:461 Control loop (ms): 1.45
DEBUG 2026-05-07 22:19:10 t_client.py:197 Observation serialization time: 0.000070s
DEBUG 2026-05-07 22:19:10 ort/utils.py:50 [CLIENT] Observation Buffer size 0.8794031143188477 MB with
DEBUG 2026-05-07 22:19:10 ort/utils.py:65 [CLIENT] Observation Sent 922121/922121 bytes with state 3
DEBUG 2026-05-07 22:19:10 ort/utils.py:67 [CLIENT] Observation Published 0.8794031143188477 MB
DEBUG 2026-05-07 22:19:10 t_client.py:208 Sent observation #49 | 
DEBUG 2026-05-07 22:19:10 t_client.py:418 QUEUE SIZE: 9 (Must go: False)
DEBUG 2026-05-07 22:19:10 t_client.py:461 Control loop (ms): 1.43
DEBUG 2026-05-07 22:19:10 t_client.py:197 Observation serialization time: 0.000071s
DEBUG 2026-05-07 22:19:10 ort/utils.py:50 [CLIENT] Observation Buffer size 0.8794031143188477 MB with
DEBUG 2026-05-07 22:19:10 ort/utils.py:65 [CLIENT] Observation Sent 922121/922121 bytes with state 3
DEBUG 2026-05-07 22:19:10 ort/utils.py:67 [CLIENT] Observation Published 0.8794031143188477 MB
DEBUG 2026-05-07 22:19:10 t_client.py:208 Sent observation #50 | 
DEBUG 2026-05-07 22:19:10 t_client.py:418 QUEUE SIZE: 8 (Must go: False)
DEBUG 2026-05-07 22:19:10 t_client.py:461 Control loop (ms): 1.39
DEBUG 2026-05-07 22:19:10 t_client.py:197 Observation serialization time: 0.000067s
DEBUG 2026-05-07 22:19:10 ort/utils.py:50 [CLIENT] Observation Buffer size 0.8794031143188477 MB with
DEBUG 2026-05-07 22:19:10 ort/utils.py:65 [CLIENT] Observation Sent 922121/922121 bytes with state 3
DEBUG 2026-05-07 22:19:10 ort/utils.py:67 [CLIENT] Observation Published 0.8794031143188477 MB
DEBUG 2026-05-07 22:19:10 t_client.py:208 Sent observation #51 | 
DEBUG 2026-05-07 22:19:10 t_client.py:418 QUEUE SIZE: 7 (Must go: False)
DEBUG 2026-05-07 22:19:10 t_client.py:461 Control loop (ms): 1.57
DEBUG 2026-05-07 22:19:10 t_client.py:197 Observation serialization time: 0.000073s
DEBUG 2026-05-07 22:19:10 ort/utils.py:50 [CLIENT] Observation Buffer size 0.8794031143188477 MB with
DEBUG 2026-05-07 22:19:10 ort/utils.py:65 [CLIENT] Observation Sent 922121/922121 bytes with state 3
DEBUG 2026-05-07 22:19:10 ort/utils.py:67 [CLIENT] Observation Published 0.8794031143188477 MB
DEBUG 2026-05-07 22:19:10 t_client.py:208 Sent observation #52 | 
DEBUG 2026-05-07 22:19:10 t_client.py:418 QUEUE SIZE: 6 (Must go: False)
DEBUG 2026-05-07 22:19:10 t_client.py:461 Control loop (ms): 1.57
DEBUG 2026-05-07 22:19:10 t_client.py:197 Observation serialization time: 0.000063s
DEBUG 2026-05-07 22:19:10 ort/utils.py:50 [CLIENT] Observation Buffer size 0.8794031143188477 MB with
DEBUG 2026-05-07 22:19:10 ort/utils.py:65 [CLIENT] Observation Sent 922121/922121 bytes with state 3
DEBUG 2026-05-07 22:19:10 ort/utils.py:67 [CLIENT] Observation Published 0.8794031143188477 MB
DEBUG 2026-05-07 22:19:10 t_client.py:208 Sent observation #53 | 
DEBUG 2026-05-07 22:19:10 t_client.py:418 QUEUE SIZE: 5 (Must go: False)
DEBUG 2026-05-07 22:19:10 t_client.py:461 Control loop (ms): 1.49
DEBUG 2026-05-07 22:19:10 t_client.py:197 Observation serialization time: 0.000126s
DEBUG 2026-05-07 22:19:10 ort/utils.py:50 [CLIENT] Observation Buffer size 0.8794031143188477 MB with
DEBUG 2026-05-07 22:19:10 ort/utils.py:65 [CLIENT] Observation Sent 922121/922121 bytes with state 3
DEBUG 2026-05-07 22:19:10 ort/utils.py:67 [CLIENT] Observation Published 0.8794031143188477 MB
DEBUG 2026-05-07 22:19:10 t_client.py:208 Sent observation #54 | 
DEBUG 2026-05-07 22:19:10 t_client.py:418 QUEUE SIZE: 4 (Must go: False)
DEBUG 2026-05-07 22:19:10 t_client.py:461 Control loop (ms): 2.04
DEBUG 2026-05-07 22:19:10 t_client.py:197 Observation serialization time: 0.000118s
DEBUG 2026-05-07 22:19:10 ort/utils.py:50 [CLIENT] Observation Buffer size 0.8794031143188477 MB with
DEBUG 2026-05-07 22:19:10 ort/utils.py:65 [CLIENT] Observation Sent 922121/922121 bytes with state 3
DEBUG 2026-05-07 22:19:10 ort/utils.py:67 [CLIENT] Observation Published 0.8794031143188477 MB
DEBUG 2026-05-07 22:19:10 t_client.py:208 Sent observation #55 | 
DEBUG 2026-05-07 22:19:10 t_client.py:418 QUEUE SIZE: 3 (Must go: False)
DEBUG 2026-05-07 22:19:10 t_client.py:461 Control loop (ms): 1.91
DEBUG 2026-05-07 22:19:10 t_client.py:197 Observation serialization time: 0.000070s
DEBUG 2026-05-07 22:19:10 ort/utils.py:50 [CLIENT] Observation Buffer size 0.8794031143188477 MB with
DEBUG 2026-05-07 22:19:10 ort/utils.py:65 [CLIENT] Observation Sent 922121/922121 bytes with state 3
DEBUG 2026-05-07 22:19:10 ort/utils.py:67 [CLIENT] Observation Published 0.8794031143188477 MB
DEBUG 2026-05-07 22:19:10 t_client.py:208 Sent observation #56 | 
DEBUG 2026-05-07 22:19:10 t_client.py:418 QUEUE SIZE: 2 (Must go: False)
DEBUG 2026-05-07 22:19:10 t_client.py:461 Control loop (ms): 1.61
DEBUG 2026-05-07 22:19:10 t_client.py:197 Observation serialization time: 0.000072s
DEBUG 2026-05-07 22:19:10 ort/utils.py:50 [CLIENT] Observation Buffer size 0.8794031143188477 MB with
DEBUG 2026-05-07 22:19:10 ort/utils.py:65 [CLIENT] Observation Sent 922121/922121 bytes with state 3
DEBUG 2026-05-07 22:19:10 ort/utils.py:67 [CLIENT] Observation Published 0.8794031143188477 MB
DEBUG 2026-05-07 22:19:10 t_client.py:208 Sent observation #57 | 
DEBUG 2026-05-07 22:19:10 t_client.py:418 QUEUE SIZE: 1 (Must go: False)
DEBUG 2026-05-07 22:19:10 t_client.py:461 Control loop (ms): 1.83
DEBUG 2026-05-07 22:19:10 t_client.py:197 Observation serialization time: 0.000067s
DEBUG 2026-05-07 22:19:10 ort/utils.py:50 [CLIENT] Observation Buffer size 0.8794031143188477 MB with
DEBUG 2026-05-07 22:19:10 ort/utils.py:65 [CLIENT] Observation Sent 922121/922121 bytes with state 3
DEBUG 2026-05-07 22:19:10 ort/utils.py:67 [CLIENT] Observation Published 0.8794031143188477 MB
DEBUG 2026-05-07 22:19:10 t_client.py:208 Sent observation #58 | 
DEBUG 2026-05-07 22:19:10 t_client.py:418 QUEUE SIZE: 0 (Must go: True)
DEBUG 2026-05-07 22:19:10 t_client.py:461 Control loop (ms): 1.45
DEBUG 2026-05-07 22:19:10 t_client.py:197 Observation serialization time: 0.000077s
DEBUG 2026-05-07 22:19:10 ort/utils.py:50 [CLIENT] Observation Buffer size 0.8794031143188477 MB with
DEBUG 2026-05-07 22:19:10 ort/utils.py:65 [CLIENT] Observation Sent 922121/922121 bytes with state 3
DEBUG 2026-05-07 22:19:10 ort/utils.py:67 [CLIENT] Observation Published 0.8794031143188477 MB
DEBUG 2026-05-07 22:19:10 t_client.py:208 Sent observation #59 | 
DEBUG 2026-05-07 22:19:10 t_client.py:418 QUEUE SIZE: 28 (Must go: False)
DEBUG 2026-05-07 22:19:10 t_client.py:461 Control loop (ms): 1.55
DEBUG 2026-05-07 22:19:10 t_client.py:197 Observation serialization time: 0.000082s
DEBUG 2026-05-07 22:19:10 ort/utils.py:50 [CLIENT] Observation Buffer size 0.8794031143188477 MB with
DEBUG 2026-05-07 22:19:10 ort/utils.py:65 [CLIENT] Observation Sent 922121/922121 bytes with state 3
DEBUG 2026-05-07 22:19:10 ort/utils.py:67 [CLIENT] Observation Published 0.8794031143188477 MB
DEBUG 2026-05-07 22:19:10 t_client.py:208 Sent observation #60 | 
DEBUG 2026-05-07 22:19:10 t_client.py:418 QUEUE SIZE: 27 (Must go: False)
DEBUG 2026-05-07 22:19:10 t_client.py:461 Control loop (ms): 1.59
DEBUG 2026-05-07 22:19:10 t_client.py:197 Observation serialization time: 0.000067s
DEBUG 2026-05-07 22:19:10 ort/utils.py:50 [CLIENT] Observation Buffer size 0.8794031143188477 MB with
DEBUG 2026-05-07 22:19:10 ort/utils.py:65 [CLIENT] Observation Sent 922121/922121 bytes with state 3
DEBUG 2026-05-07 22:19:10 ort/utils.py:67 [CLIENT] Observation Published 0.8794031143188477 MB
DEBUG 2026-05-07 22:19:10 t_client.py:208 Sent observation #61 | 
DEBUG 2026-05-07 22:19:10 t_client.py:418 QUEUE SIZE: 26 (Must go: False)
DEBUG 2026-05-07 22:19:10 t_client.py:461 Control loop (ms): 1.70
DEBUG 2026-05-07 22:19:10 t_client.py:197 Observation serialization time: 0.000062s
DEBUG 2026-05-07 22:19:10 ort/utils.py:50 [CLIENT] Observation Buffer size 0.8794031143188477 MB with
DEBUG 2026-05-07 22:19:10 ort/utils.py:65 [CLIENT] Observation Sent 922121/922121 bytes with state 3
DEBUG 2026-05-07 22:19:10 ort/utils.py:67 [CLIENT] Observation Published 0.8794031143188477 MB
DEBUG 2026-05-07 22:19:10 t_client.py:208 Sent observation #62 | 
DEBUG 2026-05-07 22:19:10 t_client.py:418 QUEUE SIZE: 25 (Must go: False)
DEBUG 2026-05-07 22:19:10 t_client.py:461 Control loop (ms): 1.59
DEBUG 2026-05-07 22:19:10 t_client.py:197 Observation serialization time: 0.000075s
DEBUG 2026-05-07 22:19:10 ort/utils.py:50 [CLIENT] Observation Buffer size 0.8794031143188477 MB with
DEBUG 2026-05-07 22:19:10 ort/utils.py:65 [CLIENT] Observation Sent 922121/922121 bytes with state 3
DEBUG 2026-05-07 22:19:10 ort/utils.py:67 [CLIENT] Observation Published 0.8794031143188477 MB
DEBUG 2026-05-07 22:19:10 t_client.py:208 Sent observation #63 | 
DEBUG 2026-05-07 22:19:10 t_client.py:418 QUEUE SIZE: 24 (Must go: False)
DEBUG 2026-05-07 22:19:10 t_client.py:461 Control loop (ms): 1.52
DEBUG 2026-05-07 22:19:10 t_client.py:197 Observation serialization time: 0.000100s
DEBUG 2026-05-07 22:19:10 ort/utils.py:50 [CLIENT] Observation Buffer size 0.8794031143188477 MB with
DEBUG 2026-05-07 22:19:10 ort/utils.py:65 [CLIENT] Observation Sent 922121/922121 bytes with state 3
DEBUG 2026-05-07 22:19:10 ort/utils.py:67 [CLIENT] Observation Published 0.8794031143188477 MB
DEBUG 2026-05-07 22:19:10 t_client.py:208 Sent observation #64 | 
DEBUG 2026-05-07 22:19:10 t_client.py:418 QUEUE SIZE: 23 (Must go: False)
DEBUG 2026-05-07 22:19:10 t_client.py:461 Control loop (ms): 1.63
DEBUG 2026-05-07 22:19:10 t_client.py:197 Observation serialization time: 0.000069s
DEBUG 2026-05-07 22:19:10 ort/utils.py:50 [CLIENT] Observation Buffer size 0.8794031143188477 MB with
DEBUG 2026-05-07 22:19:10 ort/utils.py:65 [CLIENT] Observation Sent 922121/922121 bytes with state 3
DEBUG 2026-05-07 22:19:10 ort/utils.py:67 [CLIENT] Observation Published 0.8794031143188477 MB
DEBUG 2026-05-07 22:19:10 t_client.py:208 Sent observation #65 | 
DEBUG 2026-05-07 22:19:10 t_client.py:418 QUEUE SIZE: 22 (Must go: False)
DEBUG 2026-05-07 22:19:10 t_client.py:461 Control loop (ms): 1.34
DEBUG 2026-05-07 22:19:10 t_client.py:197 Observation serialization time: 0.000063s
DEBUG 2026-05-07 22:19:10 ort/utils.py:50 [CLIENT] Observation Buffer size 0.8794031143188477 MB with
DEBUG 2026-05-07 22:19:10 ort/utils.py:65 [CLIENT] Observation Sent 922121/922121 bytes with state 3
DEBUG 2026-05-07 22:19:10 ort/utils.py:67 [CLIENT] Observation Published 0.8794031143188477 MB
DEBUG 2026-05-07 22:19:10 t_client.py:208 Sent observation #66 | 
DEBUG 2026-05-07 22:19:10 t_client.py:418 QUEUE SIZE: 21 (Must go: False)
DEBUG 2026-05-07 22:19:10 t_client.py:461 Control loop (ms): 1.47
DEBUG 2026-05-07 22:19:10 t_client.py:197 Observation serialization time: 0.000063s
DEBUG 2026-05-07 22:19:10 ort/utils.py:50 [CLIENT] Observation Buffer size 0.8794031143188477 MB with
DEBUG 2026-05-07 22:19:10 ort/utils.py:65 [CLIENT] Observation Sent 922121/922121 bytes with state 3
DEBUG 2026-05-07 22:19:10 ort/utils.py:67 [CLIENT] Observation Published 0.8794031143188477 MB
DEBUG 2026-05-07 22:19:10 t_client.py:208 Sent observation #67 | 
DEBUG 2026-05-07 22:19:10 t_client.py:418 QUEUE SIZE: 20 (Must go: False)
DEBUG 2026-05-07 22:19:10 t_client.py:461 Control loop (ms): 1.49
DEBUG 2026-05-07 22:19:10 t_client.py:197 Observation serialization time: 0.000065s
DEBUG 2026-05-07 22:19:10 ort/utils.py:50 [CLIENT] Observation Buffer size 0.8794031143188477 MB with
DEBUG 2026-05-07 22:19:10 ort/utils.py:65 [CLIENT] Observation Sent 922121/922121 bytes with state 3
DEBUG 2026-05-07 22:19:10 ort/utils.py:67 [CLIENT] Observation Published 0.8794031143188477 MB
DEBUG 2026-05-07 22:19:10 t_client.py:208 Sent observation #68 | 
DEBUG 2026-05-07 22:19:10 t_client.py:418 QUEUE SIZE: 19 (Must go: False)
DEBUG 2026-05-07 22:19:10 t_client.py:461 Control loop (ms): 1.35
DEBUG 2026-05-07 22:19:10 t_client.py:197 Observation serialization time: 0.000064s
DEBUG 2026-05-07 22:19:10 ort/utils.py:50 [CLIENT] Observation Buffer size 0.8794031143188477 MB with
DEBUG 2026-05-07 22:19:10 ort/utils.py:65 [CLIENT] Observation Sent 922121/922121 bytes with state 3
DEBUG 2026-05-07 22:19:10 ort/utils.py:67 [CLIENT] Observation Published 0.8794031143188477 MB
DEBUG 2026-05-07 22:19:10 t_client.py:208 Sent observation #69 | 
DEBUG 2026-05-07 22:19:10 t_client.py:418 QUEUE SIZE: 18 (Must go: False)
DEBUG 2026-05-07 22:19:10 t_client.py:461 Control loop (ms): 1.51
DEBUG 2026-05-07 22:19:10 t_client.py:197 Observation serialization time: 0.000066s
DEBUG 2026-05-07 22:19:10 ort/utils.py:50 [CLIENT] Observation Buffer size 0.8794031143188477 MB with
DEBUG 2026-05-07 22:19:10 ort/utils.py:65 [CLIENT] Observation Sent 922121/922121 bytes with state 3
DEBUG 2026-05-07 22:19:10 ort/utils.py:67 [CLIENT] Observation Published 0.8794031143188477 MB
DEBUG 2026-05-07 22:19:10 t_client.py:208 Sent observation #70 | 
DEBUG 2026-05-07 22:19:10 t_client.py:418 QUEUE SIZE: 17 (Must go: False)
DEBUG 2026-05-07 22:19:10 t_client.py:461 Control loop (ms): 1.71
DEBUG 2026-05-07 22:19:10 t_client.py:197 Observation serialization time: 0.000065s
DEBUG 2026-05-07 22:19:10 ort/utils.py:50 [CLIENT] Observation Buffer size 0.8794031143188477 MB with
DEBUG 2026-05-07 22:19:10 ort/utils.py:65 [CLIENT] Observation Sent 922121/922121 bytes with state 3
DEBUG 2026-05-07 22:19:10 ort/utils.py:67 [CLIENT] Observation Published 0.8794031143188477 MB
DEBUG 2026-05-07 22:19:10 t_client.py:208 Sent observation #71 | 
DEBUG 2026-05-07 22:19:10 t_client.py:418 QUEUE SIZE: 16 (Must go: False)
DEBUG 2026-05-07 22:19:10 t_client.py:461 Control loop (ms): 1.61
DEBUG 2026-05-07 22:19:10 t_client.py:197 Observation serialization time: 0.000070s
DEBUG 2026-05-07 22:19:10 ort/utils.py:50 [CLIENT] Observation Buffer size 0.8794031143188477 MB with
DEBUG 2026-05-07 22:19:10 ort/utils.py:65 [CLIENT] Observation Sent 922121/922121 bytes with state 3
DEBUG 2026-05-07 22:19:10 ort/utils.py:67 [CLIENT] Observation Published 0.8794031143188477 MB
DEBUG 2026-05-07 22:19:10 t_client.py:208 Sent observation #72 | 
DEBUG 2026-05-07 22:19:10 t_client.py:418 QUEUE SIZE: 15 (Must go: False)
DEBUG 2026-05-07 22:19:10 t_client.py:461 Control loop (ms): 1.39
DEBUG 2026-05-07 22:19:10 t_client.py:197 Observation serialization time: 0.000064s
DEBUG 2026-05-07 22:19:10 ort/utils.py:50 [CLIENT] Observation Buffer size 0.8794031143188477 MB with
DEBUG 2026-05-07 22:19:10 ort/utils.py:65 [CLIENT] Observation Sent 922121/922121 bytes with state 3
DEBUG 2026-05-07 22:19:10 ort/utils.py:67 [CLIENT] Observation Published 0.8794031143188477 MB
DEBUG 2026-05-07 22:19:10 t_client.py:208 Sent observation #73 | 
DEBUG 2026-05-07 22:19:10 t_client.py:418 QUEUE SIZE: 14 (Must go: False)
DEBUG 2026-05-07 22:19:10 t_client.py:461 Control loop (ms): 1.39
DEBUG 2026-05-07 22:19:10 t_client.py:197 Observation serialization time: 0.000063s
DEBUG 2026-05-07 22:19:10 ort/utils.py:50 [CLIENT] Observation Buffer size 0.8794031143188477 MB with
DEBUG 2026-05-07 22:19:10 ort/utils.py:65 [CLIENT] Observation Sent 922121/922121 bytes with state 3
DEBUG 2026-05-07 22:19:10 ort/utils.py:67 [CLIENT] Observation Published 0.8794031143188477 MB
DEBUG 2026-05-07 22:19:10 t_client.py:208 Sent observation #74 | 
DEBUG 2026-05-07 22:19:10 t_client.py:418 QUEUE SIZE: 13 (Must go: False)
DEBUG 2026-05-07 22:19:10 t_client.py:461 Control loop (ms): 1.31
DEBUG 2026-05-07 22:19:10 t_client.py:197 Observation serialization time: 0.000063s
DEBUG 2026-05-07 22:19:10 ort/utils.py:50 [CLIENT] Observation Buffer size 0.8794031143188477 MB with
DEBUG 2026-05-07 22:19:10 ort/utils.py:65 [CLIENT] Observation Sent 922121/922121 bytes with state 3
DEBUG 2026-05-07 22:19:10 ort/utils.py:67 [CLIENT] Observation Published 0.8794031143188477 MB
DEBUG 2026-05-07 22:19:10 t_client.py:208 Sent observation #75 | 
DEBUG 2026-05-07 22:19:10 t_client.py:418 QUEUE SIZE: 12 (Must go: False)
DEBUG 2026-05-07 22:19:10 t_client.py:461 Control loop (ms): 1.32
DEBUG 2026-05-07 22:19:11 t_client.py:197 Observation serialization time: 0.000064s
DEBUG 2026-05-07 22:19:11 ort/utils.py:50 [CLIENT] Observation Buffer size 0.8794031143188477 MB with
DEBUG 2026-05-07 22:19:11 ort/utils.py:65 [CLIENT] Observation Sent 922121/922121 bytes with state 3
DEBUG 2026-05-07 22:19:11 ort/utils.py:67 [CLIENT] Observation Published 0.8794031143188477 MB
DEBUG 2026-05-07 22:19:11 t_client.py:208 Sent observation #76 | 
DEBUG 2026-05-07 22:19:11 t_client.py:418 QUEUE SIZE: 11 (Must go: False)
DEBUG 2026-05-07 22:19:11 t_client.py:461 Control loop (ms): 1.57
DEBUG 2026-05-07 22:19:11 t_client.py:197 Observation serialization time: 0.000075s
DEBUG 2026-05-07 22:19:11 ort/utils.py:50 [CLIENT] Observation Buffer size 0.8794031143188477 MB with
DEBUG 2026-05-07 22:19:11 ort/utils.py:65 [CLIENT] Observation Sent 922121/922121 bytes with state 3
DEBUG 2026-05-07 22:19:11 ort/utils.py:67 [CLIENT] Observation Published 0.8794031143188477 MB
DEBUG 2026-05-07 22:19:11 t_client.py:208 Sent observation #77 | 
DEBUG 2026-05-07 22:19:11 t_client.py:418 QUEUE SIZE: 10 (Must go: False)
DEBUG 2026-05-07 22:19:11 t_client.py:461 Control loop (ms): 1.48
DEBUG 2026-05-07 22:19:11 t_client.py:197 Observation serialization time: 0.000066s
DEBUG 2026-05-07 22:19:11 ort/utils.py:50 [CLIENT] Observation Buffer size 0.8794031143188477 MB with
DEBUG 2026-05-07 22:19:11 ort/utils.py:65 [CLIENT] Observation Sent 922121/922121 bytes with state 3
DEBUG 2026-05-07 22:19:11 ort/utils.py:67 [CLIENT] Observation Published 0.8794031143188477 MB
DEBUG 2026-05-07 22:19:11 t_client.py:208 Sent observation #78 | 
DEBUG 2026-05-07 22:19:11 t_client.py:418 QUEUE SIZE: 9 (Must go: False)
DEBUG 2026-05-07 22:19:11 t_client.py:461 Control loop (ms): 1.41
DEBUG 2026-05-07 22:19:11 t_client.py:197 Observation serialization time: 0.000064s
DEBUG 2026-05-07 22:19:11 ort/utils.py:50 [CLIENT] Observation Buffer size 0.8794031143188477 MB with
DEBUG 2026-05-07 22:19:11 ort/utils.py:65 [CLIENT] Observation Sent 922121/922121 bytes with state 3
DEBUG 2026-05-07 22:19:11 ort/utils.py:67 [CLIENT] Observation Published 0.8794031143188477 MB
DEBUG 2026-05-07 22:19:11 t_client.py:208 Sent observation #79 | 
DEBUG 2026-05-07 22:19:11 t_client.py:418 QUEUE SIZE: 8 (Must go: False)
DEBUG 2026-05-07 22:19:11 t_client.py:461 Control loop (ms): 1.74
DEBUG 2026-05-07 22:19:11 t_client.py:197 Observation serialization time: 0.000067s
DEBUG 2026-05-07 22:19:11 ort/utils.py:50 [CLIENT] Observation Buffer size 0.8794031143188477 MB with
DEBUG 2026-05-07 22:19:11 ort/utils.py:65 [CLIENT] Observation Sent 922121/922121 bytes with state 3
DEBUG 2026-05-07 22:19:11 ort/utils.py:67 [CLIENT] Observation Published 0.8794031143188477 MB
DEBUG 2026-05-07 22:19:11 t_client.py:208 Sent observation #80 | 
DEBUG 2026-05-07 22:19:11 t_client.py:418 QUEUE SIZE: 7 (Must go: False)
DEBUG 2026-05-07 22:19:11 t_client.py:461 Control loop (ms): 1.43
DEBUG 2026-05-07 22:19:11 t_client.py:197 Observation serialization time: 0.000066s
DEBUG 2026-05-07 22:19:11 ort/utils.py:50 [CLIENT] Observation Buffer size 0.8794031143188477 MB with
DEBUG 2026-05-07 22:19:11 ort/utils.py:65 [CLIENT] Observation Sent 922121/922121 bytes with state 3
DEBUG 2026-05-07 22:19:11 ort/utils.py:67 [CLIENT] Observation Published 0.8794031143188477 MB
DEBUG 2026-05-07 22:19:11 t_client.py:208 Sent observation #81 | 
DEBUG 2026-05-07 22:19:11 t_client.py:418 QUEUE SIZE: 6 (Must go: False)
DEBUG 2026-05-07 22:19:11 t_client.py:461 Control loop (ms): 1.47
DEBUG 2026-05-07 22:19:11 t_client.py:197 Observation serialization time: 0.000095s
DEBUG 2026-05-07 22:19:11 ort/utils.py:50 [CLIENT] Observation Buffer size 0.8794031143188477 MB with
DEBUG 2026-05-07 22:19:11 ort/utils.py:65 [CLIENT] Observation Sent 922121/922121 bytes with state 3
DEBUG 2026-05-07 22:19:11 ort/utils.py:67 [CLIENT] Observation Published 0.8794031143188477 MB
DEBUG 2026-05-07 22:19:11 t_client.py:208 Sent observation #82 | 
DEBUG 2026-05-07 22:19:11 t_client.py:418 QUEUE SIZE: 5 (Must go: False)
DEBUG 2026-05-07 22:19:11 t_client.py:461 Control loop (ms): 1.54
DEBUG 2026-05-07 22:19:11 t_client.py:197 Observation serialization time: 0.000125s
DEBUG 2026-05-07 22:19:11 ort/utils.py:50 [CLIENT] Observation Buffer size 0.8794031143188477 MB with
DEBUG 2026-05-07 22:19:11 ort/utils.py:65 [CLIENT] Observation Sent 922121/922121 bytes with state 3
DEBUG 2026-05-07 22:19:11 ort/utils.py:67 [CLIENT] Observation Published 0.8794031143188477 MB
DEBUG 2026-05-07 22:19:11 t_client.py:208 Sent observation #83 | 
DEBUG 2026-05-07 22:19:11 t_client.py:418 QUEUE SIZE: 4 (Must go: False)
DEBUG 2026-05-07 22:19:11 t_client.py:461 Control loop (ms): 1.92
DEBUG 2026-05-07 22:19:11 t_client.py:197 Observation serialization time: 0.000093s
DEBUG 2026-05-07 22:19:11 ort/utils.py:50 [CLIENT] Observation Buffer size 0.8794031143188477 MB with
DEBUG 2026-05-07 22:19:11 ort/utils.py:65 [CLIENT] Observation Sent 922121/922121 bytes with state 3
DEBUG 2026-05-07 22:19:11 ort/utils.py:67 [CLIENT] Observation Published 0.8794031143188477 MB
DEBUG 2026-05-07 22:19:11 t_client.py:208 Sent observation #84 | 
DEBUG 2026-05-07 22:19:11 t_client.py:418 QUEUE SIZE: 3 (Must go: False)
DEBUG 2026-05-07 22:19:11 t_client.py:461 Control loop (ms): 1.60
DEBUG 2026-05-07 22:19:11 t_client.py:197 Observation serialization time: 0.000080s
DEBUG 2026-05-07 22:19:11 ort/utils.py:50 [CLIENT] Observation Buffer size 0.8794031143188477 MB with
DEBUG 2026-05-07 22:19:11 ort/utils.py:65 [CLIENT] Observation Sent 922121/922121 bytes with state 3
DEBUG 2026-05-07 22:19:11 ort/utils.py:67 [CLIENT] Observation Published 0.8794031143188477 MB
DEBUG 2026-05-07 22:19:11 t_client.py:208 Sent observation #85 | 
DEBUG 2026-05-07 22:19:11 t_client.py:418 QUEUE SIZE: 2 (Must go: False)
DEBUG 2026-05-07 22:19:11 t_client.py:461 Control loop (ms): 1.66
DEBUG 2026-05-07 22:19:11 t_client.py:197 Observation serialization time: 0.000073s
DEBUG 2026-05-07 22:19:11 ort/utils.py:50 [CLIENT] Observation Buffer size 0.8794031143188477 MB with
DEBUG 2026-05-07 22:19:11 ort/utils.py:65 [CLIENT] Observation Sent 922121/922121 bytes with state 3
DEBUG 2026-05-07 22:19:11 ort/utils.py:67 [CLIENT] Observation Published 0.8794031143188477 MB
DEBUG 2026-05-07 22:19:11 t_client.py:208 Sent observation #86 | 
DEBUG 2026-05-07 22:19:11 t_client.py:418 QUEUE SIZE: 1 (Must go: False)
DEBUG 2026-05-07 22:19:11 t_client.py:461 Control loop (ms): 1.48
DEBUG 2026-05-07 22:19:11 t_client.py:197 Observation serialization time: 0.000071s
DEBUG 2026-05-07 22:19:11 ort/utils.py:50 [CLIENT] Observation Buffer size 0.8794031143188477 MB with
DEBUG 2026-05-07 22:19:11 ort/utils.py:65 [CLIENT] Observation Sent 922121/922121 bytes with state 3
DEBUG 2026-05-07 22:19:11 ort/utils.py:67 [CLIENT] Observation Published 0.8794031143188477 MB
DEBUG 2026-05-07 22:19:11 t_client.py:208 Sent observation #87 | 
DEBUG 2026-05-07 22:19:11 t_client.py:418 QUEUE SIZE: 0 (Must go: True)
DEBUG 2026-05-07 22:19:11 t_client.py:461 Control loop (ms): 1.38
DEBUG 2026-05-07 22:19:11 t_client.py:197 Observation serialization time: 0.000090s
DEBUG 2026-05-07 22:19:11 ort/utils.py:50 [CLIENT] Observation Buffer size 0.8794031143188477 MB with
DEBUG 2026-05-07 22:19:11 ort/utils.py:65 [CLIENT] Observation Sent 922121/922121 bytes with state 3
DEBUG 2026-05-07 22:19:11 ort/utils.py:67 [CLIENT] Observation Published 0.8794031143188477 MB
DEBUG 2026-05-07 22:19:11 t_client.py:208 Sent observation #88 | 
DEBUG 2026-05-07 22:19:11 t_client.py:418 QUEUE SIZE: 28 (Must go: False)
DEBUG 2026-05-07 22:19:11 t_client.py:461 Control loop (ms): 1.70
DEBUG 2026-05-07 22:19:11 t_client.py:197 Observation serialization time: 0.000056s
DEBUG 2026-05-07 22:19:11 ort/utils.py:50 [CLIENT] Observation Buffer size 0.8794031143188477 MB with
DEBUG 2026-05-07 22:19:11 ort/utils.py:65 [CLIENT] Observation Sent 922121/922121 bytes with state 3
DEBUG 2026-05-07 22:19:11 ort/utils.py:67 [CLIENT] Observation Published 0.8794031143188477 MB
DEBUG 2026-05-07 22:19:11 t_client.py:208 Sent observation #89 | 
DEBUG 2026-05-07 22:19:11 t_client.py:418 QUEUE SIZE: 27 (Must go: False)
DEBUG 2026-05-07 22:19:11 t_client.py:461 Control loop (ms): 1.55
DEBUG 2026-05-07 22:19:11 t_client.py:197 Observation serialization time: 0.000052s
DEBUG 2026-05-07 22:19:11 ort/utils.py:50 [CLIENT] Observation Buffer size 0.8794031143188477 MB with
DEBUG 2026-05-07 22:19:11 ort/utils.py:65 [CLIENT] Observation Sent 922121/922121 bytes with state 3
DEBUG 2026-05-07 22:19:11 ort/utils.py:67 [CLIENT] Observation Published 0.8794031143188477 MB
DEBUG 2026-05-07 22:19:11 t_client.py:208 Sent observation #90 | 
DEBUG 2026-05-07 22:19:11 t_client.py:418 QUEUE SIZE: 26 (Must go: False)
DEBUG 2026-05-07 22:19:11 t_client.py:461 Control loop (ms): 1.48
DEBUG 2026-05-07 22:19:11 t_client.py:197 Observation serialization time: 0.000066s
DEBUG 2026-05-07 22:19:11 ort/utils.py:50 [CLIENT] Observation Buffer size 0.8794031143188477 MB with
DEBUG 2026-05-07 22:19:11 ort/utils.py:65 [CLIENT] Observation Sent 922121/922121 bytes with state 3
DEBUG 2026-05-07 22:19:11 ort/utils.py:67 [CLIENT] Observation Published 0.8794031143188477 MB
DEBUG 2026-05-07 22:19:11 t_client.py:208 Sent observation #91 | 
DEBUG 2026-05-07 22:19:11 t_client.py:418 QUEUE SIZE: 25 (Must go: False)
DEBUG 2026-05-07 22:19:11 t_client.py:461 Control loop (ms): 1.21
DEBUG 2026-05-07 22:19:11 t_client.py:197 Observation serialization time: 0.000092s
DEBUG 2026-05-07 22:19:11 ort/utils.py:50 [CLIENT] Observation Buffer size 0.8794031143188477 MB with
DEBUG 2026-05-07 22:19:11 ort/utils.py:65 [CLIENT] Observation Sent 922121/922121 bytes with state 3
DEBUG 2026-05-07 22:19:11 ort/utils.py:67 [CLIENT] Observation Published 0.8794031143188477 MB
DEBUG 2026-05-07 22:19:11 t_client.py:208 Sent observation #92 | 
DEBUG 2026-05-07 22:19:11 t_client.py:418 QUEUE SIZE: 24 (Must go: False)
DEBUG 2026-05-07 22:19:11 t_client.py:461 Control loop (ms): 1.64
DEBUG 2026-05-07 22:19:11 t_client.py:197 Observation serialization time: 0.000062s
DEBUG 2026-05-07 22:19:11 ort/utils.py:50 [CLIENT] Observation Buffer size 0.8794031143188477 MB with
DEBUG 2026-05-07 22:19:11 ort/utils.py:65 [CLIENT] Observation Sent 922121/922121 bytes with state 3
DEBUG 2026-05-07 22:19:11 ort/utils.py:67 [CLIENT] Observation Published 0.8794031143188477 MB
DEBUG 2026-05-07 22:19:11 t_client.py:208 Sent observation #93 | 
DEBUG 2026-05-07 22:19:11 t_client.py:418 QUEUE SIZE: 23 (Must go: False)
DEBUG 2026-05-07 22:19:11 t_client.py:461 Control loop (ms): 1.39
DEBUG 2026-05-07 22:19:11 t_client.py:197 Observation serialization time: 0.000057s
DEBUG 2026-05-07 22:19:11 ort/utils.py:50 [CLIENT] Observation Buffer size 0.8794031143188477 MB with
DEBUG 2026-05-07 22:19:11 ort/utils.py:65 [CLIENT] Observation Sent 922121/922121 bytes with state 3
DEBUG 2026-05-07 22:19:11 ort/utils.py:67 [CLIENT] Observation Published 0.8794031143188477 MB
DEBUG 2026-05-07 22:19:11 t_client.py:208 Sent observation #94 | 
DEBUG 2026-05-07 22:19:11 t_client.py:418 QUEUE SIZE: 22 (Must go: False)
DEBUG 2026-05-07 22:19:11 t_client.py:461 Control loop (ms): 1.19
DEBUG 2026-05-07 22:19:11 t_client.py:197 Observation serialization time: 0.000052s
DEBUG 2026-05-07 22:19:11 ort/utils.py:50 [CLIENT] Observation Buffer size 0.8794031143188477 MB with
DEBUG 2026-05-07 22:19:11 ort/utils.py:65 [CLIENT] Observation Sent 922121/922121 bytes with state 3
DEBUG 2026-05-07 22:19:11 ort/utils.py:67 [CLIENT] Observation Published 0.8794031143188477 MB
DEBUG 2026-05-07 22:19:11 t_client.py:208 Sent observation #95 | 
DEBUG 2026-05-07 22:19:11 t_client.py:418 QUEUE SIZE: 21 (Must go: False)
DEBUG 2026-05-07 22:19:11 t_client.py:461 Control loop (ms): 1.15
DEBUG 2026-05-07 22:19:11 t_client.py:197 Observation serialization time: 0.000049s
DEBUG 2026-05-07 22:19:11 ort/utils.py:50 [CLIENT] Observation Buffer size 0.8794031143188477 MB with
DEBUG 2026-05-07 22:19:11 ort/utils.py:65 [CLIENT] Observation Sent 922121/922121 bytes with state 3
DEBUG 2026-05-07 22:19:11 ort/utils.py:67 [CLIENT] Observation Published 0.8794031143188477 MB
DEBUG 2026-05-07 22:19:11 t_client.py:208 Sent observation #96 | 
DEBUG 2026-05-07 22:19:11 t_client.py:418 QUEUE SIZE: 20 (Must go: False)
DEBUG 2026-05-07 22:19:11 t_client.py:461 Control loop (ms): 1.21
DEBUG 2026-05-07 22:19:11 t_client.py:197 Observation serialization time: 0.000048s
DEBUG 2026-05-07 22:19:11 ort/utils.py:50 [CLIENT] Observation Buffer size 0.8794031143188477 MB with
DEBUG 2026-05-07 22:19:11 ort/utils.py:65 [CLIENT] Observation Sent 922121/922121 bytes with state 3
DEBUG 2026-05-07 22:19:11 ort/utils.py:67 [CLIENT] Observation Published 0.8794031143188477 MB
DEBUG 2026-05-07 22:19:11 t_client.py:208 Sent observation #97 | 
DEBUG 2026-05-07 22:19:11 t_client.py:418 QUEUE SIZE: 19 (Must go: False)
DEBUG 2026-05-07 22:19:11 t_client.py:461 Control loop (ms): 1.18
DEBUG 2026-05-07 22:19:11 t_client.py:197 Observation serialization time: 0.000092s
DEBUG 2026-05-07 22:19:11 ort/utils.py:50 [CLIENT] Observation Buffer size 0.8794031143188477 MB with
DEBUG 2026-05-07 22:19:11 ort/utils.py:65 [CLIENT] Observation Sent 922121/922121 bytes with state 3
DEBUG 2026-05-07 22:19:11 ort/utils.py:67 [CLIENT] Observation Published 0.8794031143188477 MB
DEBUG 2026-05-07 22:19:11 t_client.py:208 Sent observation #98 | 
DEBUG 2026-05-07 22:19:11 t_client.py:418 QUEUE SIZE: 18 (Must go: False)
DEBUG 2026-05-07 22:19:11 t_client.py:461 Control loop (ms): 1.53
DEBUG 2026-05-07 22:19:11 t_client.py:197 Observation serialization time: 0.000048s
DEBUG 2026-05-07 22:19:11 ort/utils.py:50 [CLIENT] Observation Buffer size 0.8794031143188477 MB with
DEBUG 2026-05-07 22:19:11 ort/utils.py:65 [CLIENT] Observation Sent 922121/922121 bytes with state 3
DEBUG 2026-05-07 22:19:11 ort/utils.py:67 [CLIENT] Observation Published 0.8794031143188477 MB
DEBUG 2026-05-07 22:19:11 t_client.py:208 Sent observation #99 | 
DEBUG 2026-05-07 22:19:11 t_client.py:418 QUEUE SIZE: 17 (Must go: False)
DEBUG 2026-05-07 22:19:11 t_client.py:461 Control loop (ms): 1.24
DEBUG 2026-05-07 22:19:11 t_client.py:197 Observation serialization time: 0.000051s
DEBUG 2026-05-07 22:19:11 ort/utils.py:50 [CLIENT] Observation Buffer size 0.8794031143188477 MB with
DEBUG 2026-05-07 22:19:11 ort/utils.py:65 [CLIENT] Observation Sent 922121/922121 bytes with state 3
DEBUG 2026-05-07 22:19:11 ort/utils.py:67 [CLIENT] Observation Published 0.8794031143188477 MB
DEBUG 2026-05-07 22:19:11 t_client.py:208 Sent observation #100 | 
DEBUG 2026-05-07 22:19:11 t_client.py:418 QUEUE SIZE: 16 (Must go: False)
DEBUG 2026-05-07 22:19:11 t_client.py:461 Control loop (ms): 1.56
DEBUG 2026-05-07 22:19:11 t_client.py:197 Observation serialization time: 0.000057s
DEBUG 2026-05-07 22:19:11 ort/utils.py:50 [CLIENT] Observation Buffer size 0.8794031143188477 MB with
DEBUG 2026-05-07 22:19:11 ort/utils.py:65 [CLIENT] Observation Sent 922121/922121 bytes with state 3
DEBUG 2026-05-07 22:19:11 ort/utils.py:67 [CLIENT] Observation Published 0.8794031143188477 MB
DEBUG 2026-05-07 22:19:11 t_client.py:208 Sent observation #101 | 
DEBUG 2026-05-07 22:19:11 t_client.py:418 QUEUE SIZE: 15 (Must go: False)
DEBUG 2026-05-07 22:19:11 t_client.py:461 Control loop (ms): 1.47
DEBUG 2026-05-07 22:19:11 t_client.py:197 Observation serialization time: 0.000059s
DEBUG 2026-05-07 22:19:11 ort/utils.py:50 [CLIENT] Observation Buffer size 0.8794031143188477 MB with
DEBUG 2026-05-07 22:19:11 ort/utils.py:65 [CLIENT] Observation Sent 922121/922121 bytes with state 3
DEBUG 2026-05-07 22:19:11 ort/utils.py:67 [CLIENT] Observation Published 0.8794031143188477 MB
DEBUG 2026-05-07 22:19:11 t_client.py:208 Sent observation #102 | 
DEBUG 2026-05-07 22:19:11 t_client.py:418 QUEUE SIZE: 14 (Must go: False)
DEBUG 2026-05-07 22:19:11 t_client.py:461 Control loop (ms): 1.33
DEBUG 2026-05-07 22:19:11 t_client.py:197 Observation serialization time: 0.000051s
DEBUG 2026-05-07 22:19:11 ort/utils.py:50 [CLIENT] Observation Buffer size 0.8794031143188477 MB with
DEBUG 2026-05-07 22:19:11 ort/utils.py:65 [CLIENT] Observation Sent 922121/922121 bytes with state 3
DEBUG 2026-05-07 22:19:11 ort/utils.py:67 [CLIENT] Observation Published 0.8794031143188477 MB
DEBUG 2026-05-07 22:19:11 t_client.py:208 Sent observation #103 | 
DEBUG 2026-05-07 22:19:11 t_client.py:418 QUEUE SIZE: 13 (Must go: False)
DEBUG 2026-05-07 22:19:11 t_client.py:461 Control loop (ms): 1.23
DEBUG 2026-05-07 22:19:11 t_client.py:197 Observation serialization time: 0.000051s
DEBUG 2026-05-07 22:19:11 ort/utils.py:50 [CLIENT] Observation Buffer size 0.8794031143188477 MB with
DEBUG 2026-05-07 22:19:11 ort/utils.py:65 [CLIENT] Observation Sent 922121/922121 bytes with state 3
DEBUG 2026-05-07 22:19:11 ort/utils.py:67 [CLIENT] Observation Published 0.8794031143188477 MB
DEBUG 2026-05-07 22:19:11 t_client.py:208 Sent observation #104 | 
DEBUG 2026-05-07 22:19:11 t_client.py:418 QUEUE SIZE: 12 (Must go: False)
DEBUG 2026-05-07 22:19:11 t_client.py:461 Control loop (ms): 1.43
DEBUG 2026-05-07 22:19:11 t_client.py:197 Observation serialization time: 0.000051s
DEBUG 2026-05-07 22:19:11 ort/utils.py:50 [CLIENT] Observation Buffer size 0.8794031143188477 MB with
DEBUG 2026-05-07 22:19:11 ort/utils.py:65 [CLIENT] Observation Sent 922121/922121 bytes with state 3
DEBUG 2026-05-07 22:19:11 ort/utils.py:67 [CLIENT] Observation Published 0.8794031143188477 MB
DEBUG 2026-05-07 22:19:11 t_client.py:208 Sent observation #105 | 
DEBUG 2026-05-07 22:19:11 t_client.py:418 QUEUE SIZE: 11 (Must go: False)
DEBUG 2026-05-07 22:19:11 t_client.py:461 Control loop (ms): 1.36
DEBUG 2026-05-07 22:19:12 t_client.py:197 Observation serialization time: 0.000053s
DEBUG 2026-05-07 22:19:12 ort/utils.py:50 [CLIENT] Observation Buffer size 0.8794031143188477 MB with
DEBUG 2026-05-07 22:19:12 ort/utils.py:65 [CLIENT] Observation Sent 922121/922121 bytes with state 3
DEBUG 2026-05-07 22:19:12 ort/utils.py:67 [CLIENT] Observation Published 0.8794031143188477 MB
DEBUG 2026-05-07 22:19:12 t_client.py:208 Sent observation #106 | 
DEBUG 2026-05-07 22:19:12 t_client.py:418 QUEUE SIZE: 10 (Must go: False)
DEBUG 2026-05-07 22:19:12 t_client.py:461 Control loop (ms): 1.45
DEBUG 2026-05-07 22:19:12 t_client.py:197 Observation serialization time: 0.000058s
DEBUG 2026-05-07 22:19:12 ort/utils.py:50 [CLIENT] Observation Buffer size 0.8794031143188477 MB with
DEBUG 2026-05-07 22:19:12 ort/utils.py:65 [CLIENT] Observation Sent 922121/922121 bytes with state 3
DEBUG 2026-05-07 22:19:12 ort/utils.py:67 [CLIENT] Observation Published 0.8794031143188477 MB
DEBUG 2026-05-07 22:19:12 t_client.py:208 Sent observation #107 | 
DEBUG 2026-05-07 22:19:12 t_client.py:418 QUEUE SIZE: 9 (Must go: False)
DEBUG 2026-05-07 22:19:12 t_client.py:461 Control loop (ms): 1.31
DEBUG 2026-05-07 22:19:12 t_client.py:197 Observation serialization time: 0.000059s
DEBUG 2026-05-07 22:19:12 ort/utils.py:50 [CLIENT] Observation Buffer size 0.8794031143188477 MB with
DEBUG 2026-05-07 22:19:12 ort/utils.py:65 [CLIENT] Observation Sent 922121/922121 bytes with state 3
DEBUG 2026-05-07 22:19:12 ort/utils.py:67 [CLIENT] Observation Published 0.8794031143188477 MB
DEBUG 2026-05-07 22:19:12 t_client.py:208 Sent observation #108 | 
DEBUG 2026-05-07 22:19:12 t_client.py:418 QUEUE SIZE: 8 (Must go: False)
DEBUG 2026-05-07 22:19:12 t_client.py:461 Control loop (ms): 1.19
DEBUG 2026-05-07 22:19:12 t_client.py:197 Observation serialization time: 0.000054s
DEBUG 2026-05-07 22:19:12 ort/utils.py:50 [CLIENT] Observation Buffer size 0.8794031143188477 MB with
DEBUG 2026-05-07 22:19:12 ort/utils.py:65 [CLIENT] Observation Sent 922121/922121 bytes with state 3
DEBUG 2026-05-07 22:19:12 ort/utils.py:67 [CLIENT] Observation Published 0.8794031143188477 MB
DEBUG 2026-05-07 22:19:12 t_client.py:208 Sent observation #109 | 
DEBUG 2026-05-07 22:19:12 t_client.py:418 QUEUE SIZE: 7 (Must go: False)
DEBUG 2026-05-07 22:19:12 t_client.py:461 Control loop (ms): 1.41
DEBUG 2026-05-07 22:19:12 t_client.py:197 Observation serialization time: 0.000052s
DEBUG 2026-05-07 22:19:12 ort/utils.py:50 [CLIENT] Observation Buffer size 0.8794031143188477 MB with
DEBUG 2026-05-07 22:19:12 ort/utils.py:65 [CLIENT] Observation Sent 922121/922121 bytes with state 3
DEBUG 2026-05-07 22:19:12 ort/utils.py:67 [CLIENT] Observation Published 0.8794031143188477 MB
DEBUG 2026-05-07 22:19:12 t_client.py:208 Sent observation #110 | 
DEBUG 2026-05-07 22:19:12 t_client.py:418 QUEUE SIZE: 6 (Must go: False)
DEBUG 2026-05-07 22:19:12 t_client.py:461 Control loop (ms): 1.55
DEBUG 2026-05-07 22:19:12 t_client.py:177 Robot disconnected
DEBUG 2026-05-07 22:19:12 t_client.py:180 Client stopped, channel closed
ERROR 2026-05-07 22:19:12 t_client.py:343 Error receiving actions: <_InactiveRpcError of RPC that terminated with:
	status = StatusCode.CANCELLED
	details = "Channel closed!"
	debug_error_string = "UNKNOWN:Error received from peer  {grpc_message:"Channel closed!", grpc_status:1}"
>
