INFO 2026-05-07 22:49:48 t_client.py:113 Initializing client to connect to server at 127.0.0.1:8080
INFO 2026-05-07 22:49:48 t_client.py:132 Robot connected and ready
DEBUG 2026-05-07 22:49:48 t_client.py:149 Connected to policy server in 0.0013s
INFO 2026-05-07 22:49:48 t_client.py:155 Sending policy instructions to policy server
DEBUG 2026-05-07 22:49:48 t_client.py:156 Policy type: act | Pretrained name or path: /home/ubuntu/techin517/outputs/train/act_so101_test/checkpoints/100000/pretrained_model | Device: cuda
INFO 2026-05-07 22:49:48 t_client.py:446 Control loop thread starting
DEBUG 2026-05-07 22:49:48 t_client.py:197 Observation serialization time: 0.001709s
INFO 2026-05-07 22:49:48 t_client.py:272 Action receiving thread starting
DEBUG 2026-05-07 22:49:48 ort/utils.py:50 [CLIENT] Observation Buffer size 0.8794031143188477 MB with
DEBUG 2026-05-07 22:49:48 ort/utils.py:65 [CLIENT] Observation Sent 922121/922121 bytes with state 3
DEBUG 2026-05-07 22:49:48 ort/utils.py:67 [CLIENT] Observation Published 0.8794031143188477 MB
DEBUG 2026-05-07 22:49:48 t_client.py:208 Sent observation #0 | 
DEBUG 2026-05-07 22:49:48 t_client.py:418 QUEUE SIZE: 0 (Must go: True)
DEBUG 2026-05-07 22:49:48 t_client.py:461 Control loop (ms): 4.47
DEBUG 2026-05-07 22:49:48 t_client.py:197 Observation serialization time: 0.001954s
DEBUG 2026-05-07 22:49:48 ort/utils.py:50 [CLIENT] Observation Buffer size 0.8794031143188477 MB with
DEBUG 2026-05-07 22:49:48 ort/utils.py:65 [CLIENT] Observation Sent 922121/922121 bytes with state 3
DEBUG 2026-05-07 22:49:48 ort/utils.py:67 [CLIENT] Observation Published 0.8794031143188477 MB
DEBUG 2026-05-07 22:49:48 t_client.py:208 Sent observation #0 | 
DEBUG 2026-05-07 22:49:48 t_client.py:418 QUEUE SIZE: 0 (Must go: False)
DEBUG 2026-05-07 22:49:48 t_client.py:461 Control loop (ms): 4.68
DEBUG 2026-05-07 22:49:49 t_client.py:461 Control loop (ms): 0.82
DEBUG 2026-05-07 22:49:49 t_client.py:197 Observation serialization time: 0.001712s
DEBUG 2026-05-07 22:49:49 ort/utils.py:50 [CLIENT] Observation Buffer size 0.8794031143188477 MB with
DEBUG 2026-05-07 22:49:49 ort/utils.py:65 [CLIENT] Observation Sent 922121/922121 bytes with state 3
DEBUG 2026-05-07 22:49:49 ort/utils.py:67 [CLIENT] Observation Published 0.8794031143188477 MB
DEBUG 2026-05-07 22:49:49 t_client.py:208 Sent observation #1 | 
DEBUG 2026-05-07 22:49:49 t_client.py:418 QUEUE SIZE: 28 (Must go: False)
DEBUG 2026-05-07 22:49:49 t_client.py:461 Control loop (ms): 4.10
DEBUG 2026-05-07 22:49:49 t_client.py:197 Observation serialization time: 0.001749s
DEBUG 2026-05-07 22:49:49 ort/utils.py:50 [CLIENT] Observation Buffer size 0.8794031143188477 MB with
DEBUG 2026-05-07 22:49:49 ort/utils.py:65 [CLIENT] Observation Sent 922121/922121 bytes with state 3
DEBUG 2026-05-07 22:49:49 ort/utils.py:67 [CLIENT] Observation Published 0.8794031143188477 MB
DEBUG 2026-05-07 22:49:49 t_client.py:208 Sent observation #2 | 
DEBUG 2026-05-07 22:49:49 t_client.py:418 QUEUE SIZE: 28 (Must go: False)
DEBUG 2026-05-07 22:49:49 t_client.py:461 Control loop (ms): 3.91
DEBUG 2026-05-07 22:49:49 t_client.py:197 Observation serialization time: 0.001707s
DEBUG 2026-05-07 22:49:49 ort/utils.py:50 [CLIENT] Observation Buffer size 0.8794031143188477 MB with
DEBUG 2026-05-07 22:49:49 ort/utils.py:65 [CLIENT] Observation Sent 922121/922121 bytes with state 3
DEBUG 2026-05-07 22:49:49 ort/utils.py:67 [CLIENT] Observation Published 0.8794031143188477 MB
DEBUG 2026-05-07 22:49:49 t_client.py:208 Sent observation #3 | 
DEBUG 2026-05-07 22:49:49 t_client.py:418 QUEUE SIZE: 27 (Must go: False)
DEBUG 2026-05-07 22:49:49 t_client.py:461 Control loop (ms): 3.77
DEBUG 2026-05-07 22:49:49 t_client.py:197 Observation serialization time: 0.001697s
DEBUG 2026-05-07 22:49:49 ort/utils.py:50 [CLIENT] Observation Buffer size 0.8794031143188477 MB with
DEBUG 2026-05-07 22:49:49 ort/utils.py:65 [CLIENT] Observation Sent 922121/922121 bytes with state 3
DEBUG 2026-05-07 22:49:49 ort/utils.py:67 [CLIENT] Observation Published 0.8794031143188477 MB
DEBUG 2026-05-07 22:49:49 t_client.py:208 Sent observation #4 | 
DEBUG 2026-05-07 22:49:49 t_client.py:418 QUEUE SIZE: 28 (Must go: False)
DEBUG 2026-05-07 22:49:49 t_client.py:461 Control loop (ms): 3.73
DEBUG 2026-05-07 22:49:50 t_client.py:197 Observation serialization time: 0.001730s
DEBUG 2026-05-07 22:49:50 ort/utils.py:50 [CLIENT] Observation Buffer size 0.8794031143188477 MB with
DEBUG 2026-05-07 22:49:50 ort/utils.py:65 [CLIENT] Observation Sent 922121/922121 bytes with state 3
DEBUG 2026-05-07 22:49:50 ort/utils.py:67 [CLIENT] Observation Published 0.8794031143188477 MB
DEBUG 2026-05-07 22:49:50 t_client.py:208 Sent observation #5 | 
DEBUG 2026-05-07 22:49:50 t_client.py:418 QUEUE SIZE: 27 (Must go: False)
DEBUG 2026-05-07 22:49:50 t_client.py:461 Control loop (ms): 3.58
DEBUG 2026-05-07 22:49:50 t_client.py:197 Observation serialization time: 0.001770s
DEBUG 2026-05-07 22:49:50 ort/utils.py:50 [CLIENT] Observation Buffer size 0.8794031143188477 MB with
DEBUG 2026-05-07 22:49:50 ort/utils.py:65 [CLIENT] Observation Sent 922121/922121 bytes with state 3
DEBUG 2026-05-07 22:49:50 ort/utils.py:67 [CLIENT] Observation Published 0.8794031143188477 MB
DEBUG 2026-05-07 22:49:50 t_client.py:208 Sent observation #6 | 
DEBUG 2026-05-07 22:49:50 t_client.py:418 QUEUE SIZE: 28 (Must go: False)
DEBUG 2026-05-07 22:49:50 t_client.py:461 Control loop (ms): 4.02
DEBUG 2026-05-07 22:49:50 t_client.py:197 Observation serialization time: 0.001762s
DEBUG 2026-05-07 22:49:50 ort/utils.py:50 [CLIENT] Observation Buffer size 0.8794031143188477 MB with
DEBUG 2026-05-07 22:49:50 ort/utils.py:65 [CLIENT] Observation Sent 922121/922121 bytes with state 3
DEBUG 2026-05-07 22:49:50 ort/utils.py:67 [CLIENT] Observation Published 0.8794031143188477 MB
DEBUG 2026-05-07 22:49:50 t_client.py:208 Sent observation #7 | 
DEBUG 2026-05-07 22:49:50 t_client.py:418 QUEUE SIZE: 27 (Must go: False)
DEBUG 2026-05-07 22:49:50 t_client.py:461 Control loop (ms): 3.70
DEBUG 2026-05-07 22:49:50 t_client.py:197 Observation serialization time: 0.001773s
DEBUG 2026-05-07 22:49:50 ort/utils.py:50 [CLIENT] Observation Buffer size 0.8794031143188477 MB with
DEBUG 2026-05-07 22:49:50 ort/utils.py:65 [CLIENT] Observation Sent 922121/922121 bytes with state 3
DEBUG 2026-05-07 22:49:50 ort/utils.py:67 [CLIENT] Observation Published 0.8794031143188477 MB
DEBUG 2026-05-07 22:49:50 t_client.py:208 Sent observation #8 | 
DEBUG 2026-05-07 22:49:50 t_client.py:418 QUEUE SIZE: 26 (Must go: False)
DEBUG 2026-05-07 22:49:50 t_client.py:461 Control loop (ms): 3.83
DEBUG 2026-05-07 22:49:50 t_client.py:197 Observation serialization time: 0.002042s
DEBUG 2026-05-07 22:49:50 ort/utils.py:50 [CLIENT] Observation Buffer size 0.8794031143188477 MB with
DEBUG 2026-05-07 22:49:50 ort/utils.py:65 [CLIENT] Observation Sent 922121/922121 bytes with state 3
DEBUG 2026-05-07 22:49:50 ort/utils.py:67 [CLIENT] Observation Published 0.8794031143188477 MB
DEBUG 2026-05-07 22:49:50 t_client.py:208 Sent observation #9 | 
DEBUG 2026-05-07 22:49:50 t_client.py:418 QUEUE SIZE: 25 (Must go: False)
DEBUG 2026-05-07 22:49:50 t_client.py:461 Control loop (ms): 4.11
DEBUG 2026-05-07 22:49:51 t_client.py:197 Observation serialization time: 0.001678s
DEBUG 2026-05-07 22:49:51 ort/utils.py:50 [CLIENT] Observation Buffer size 0.8794031143188477 MB with
DEBUG 2026-05-07 22:49:51 ort/utils.py:65 [CLIENT] Observation Sent 922121/922121 bytes with state 3
DEBUG 2026-05-07 22:49:51 ort/utils.py:67 [CLIENT] Observation Published 0.8794031143188477 MB
DEBUG 2026-05-07 22:49:51 t_client.py:208 Sent observation #10 | 
DEBUG 2026-05-07 22:49:51 t_client.py:418 QUEUE SIZE: 24 (Must go: False)
DEBUG 2026-05-07 22:49:51 t_client.py:461 Control loop (ms): 3.45
DEBUG 2026-05-07 22:49:51 t_client.py:197 Observation serialization time: 0.001701s
DEBUG 2026-05-07 22:49:51 ort/utils.py:50 [CLIENT] Observation Buffer size 0.8794031143188477 MB with
DEBUG 2026-05-07 22:49:51 ort/utils.py:65 [CLIENT] Observation Sent 922121/922121 bytes with state 3
DEBUG 2026-05-07 22:49:51 ort/utils.py:67 [CLIENT] Observation Published 0.8794031143188477 MB
DEBUG 2026-05-07 22:49:51 t_client.py:208 Sent observation #11 | 
DEBUG 2026-05-07 22:49:51 t_client.py:418 QUEUE SIZE: 23 (Must go: False)
DEBUG 2026-05-07 22:49:51 t_client.py:461 Control loop (ms): 3.90
DEBUG 2026-05-07 22:49:51 t_client.py:197 Observation serialization time: 0.001740s
DEBUG 2026-05-07 22:49:51 ort/utils.py:50 [CLIENT] Observation Buffer size 0.8794031143188477 MB with
DEBUG 2026-05-07 22:49:51 ort/utils.py:65 [CLIENT] Observation Sent 922121/922121 bytes with state 3
DEBUG 2026-05-07 22:49:51 ort/utils.py:67 [CLIENT] Observation Published 0.8794031143188477 MB
DEBUG 2026-05-07 22:49:51 t_client.py:208 Sent observation #12 | 
DEBUG 2026-05-07 22:49:51 t_client.py:418 QUEUE SIZE: 28 (Must go: False)
DEBUG 2026-05-07 22:49:51 t_client.py:461 Control loop (ms): 3.70
DEBUG 2026-05-07 22:49:51 t_client.py:197 Observation serialization time: 0.001728s
DEBUG 2026-05-07 22:49:51 ort/utils.py:50 [CLIENT] Observation Buffer size 0.8794031143188477 MB with
DEBUG 2026-05-07 22:49:51 ort/utils.py:65 [CLIENT] Observation Sent 922121/922121 bytes with state 3
DEBUG 2026-05-07 22:49:51 ort/utils.py:67 [CLIENT] Observation Published 0.8794031143188477 MB
DEBUG 2026-05-07 22:49:51 t_client.py:208 Sent observation #13 | 
DEBUG 2026-05-07 22:49:51 t_client.py:418 QUEUE SIZE: 28 (Must go: False)
DEBUG 2026-05-07 22:49:51 t_client.py:461 Control loop (ms): 4.41
DEBUG 2026-05-07 22:49:51 t_client.py:197 Observation serialization time: 0.001763s
DEBUG 2026-05-07 22:49:51 ort/utils.py:50 [CLIENT] Observation Buffer size 0.8794031143188477 MB with
DEBUG 2026-05-07 22:49:51 ort/utils.py:65 [CLIENT] Observation Sent 922121/922121 bytes with state 3
DEBUG 2026-05-07 22:49:51 ort/utils.py:67 [CLIENT] Observation Published 0.8794031143188477 MB
DEBUG 2026-05-07 22:49:51 t_client.py:208 Sent observation #14 | 
DEBUG 2026-05-07 22:49:51 t_client.py:418 QUEUE SIZE: 27 (Must go: False)
DEBUG 2026-05-07 22:49:51 t_client.py:461 Control loop (ms): 3.90
DEBUG 2026-05-07 22:49:52 t_client.py:197 Observation serialization time: 0.002051s
DEBUG 2026-05-07 22:49:52 ort/utils.py:50 [CLIENT] Observation Buffer size 0.8794031143188477 MB with
DEBUG 2026-05-07 22:49:52 ort/utils.py:65 [CLIENT] Observation Sent 922121/922121 bytes with state 3
DEBUG 2026-05-07 22:49:52 ort/utils.py:67 [CLIENT] Observation Published 0.8794031143188477 MB
DEBUG 2026-05-07 22:49:52 t_client.py:208 Sent observation #15 | 
DEBUG 2026-05-07 22:49:52 t_client.py:418 QUEUE SIZE: 28 (Must go: False)
DEBUG 2026-05-07 22:49:52 t_client.py:461 Control loop (ms): 4.10
DEBUG 2026-05-07 22:49:52 t_client.py:197 Observation serialization time: 0.001754s
DEBUG 2026-05-07 22:49:52 ort/utils.py:50 [CLIENT] Observation Buffer size 0.8794031143188477 MB with
DEBUG 2026-05-07 22:49:52 ort/utils.py:65 [CLIENT] Observation Sent 922121/922121 bytes with state 3
DEBUG 2026-05-07 22:49:52 ort/utils.py:67 [CLIENT] Observation Published 0.8794031143188477 MB
DEBUG 2026-05-07 22:49:52 t_client.py:208 Sent observation #16 | 
DEBUG 2026-05-07 22:49:52 t_client.py:418 QUEUE SIZE: 27 (Must go: False)
DEBUG 2026-05-07 22:49:52 t_client.py:461 Control loop (ms): 3.53
DEBUG 2026-05-07 22:49:52 t_client.py:197 Observation serialization time: 0.001715s
DEBUG 2026-05-07 22:49:52 ort/utils.py:50 [CLIENT] Observation Buffer size 0.8794031143188477 MB with
DEBUG 2026-05-07 22:49:52 ort/utils.py:65 [CLIENT] Observation Sent 922121/922121 bytes with state 3
DEBUG 2026-05-07 22:49:52 ort/utils.py:67 [CLIENT] Observation Published 0.8794031143188477 MB
DEBUG 2026-05-07 22:49:52 t_client.py:208 Sent observation #17 | 
DEBUG 2026-05-07 22:49:52 t_client.py:418 QUEUE SIZE: 26 (Must go: False)
DEBUG 2026-05-07 22:49:52 t_client.py:461 Control loop (ms): 3.84
DEBUG 2026-05-07 22:49:52 t_client.py:197 Observation serialization time: 0.001853s
DEBUG 2026-05-07 22:49:52 ort/utils.py:50 [CLIENT] Observation Buffer size 0.8794031143188477 MB with
DEBUG 2026-05-07 22:49:52 ort/utils.py:65 [CLIENT] Observation Sent 922121/922121 bytes with state 3
DEBUG 2026-05-07 22:49:52 ort/utils.py:67 [CLIENT] Observation Published 0.8794031143188477 MB
DEBUG 2026-05-07 22:49:52 t_client.py:208 Sent observation #18 | 
DEBUG 2026-05-07 22:49:52 t_client.py:418 QUEUE SIZE: 25 (Must go: False)
DEBUG 2026-05-07 22:49:52 t_client.py:461 Control loop (ms): 4.04
DEBUG 2026-05-07 22:49:52 t_client.py:197 Observation serialization time: 0.001700s
DEBUG 2026-05-07 22:49:52 ort/utils.py:50 [CLIENT] Observation Buffer size 0.8794031143188477 MB with
DEBUG 2026-05-07 22:49:52 ort/utils.py:65 [CLIENT] Observation Sent 922121/922121 bytes with state 3
DEBUG 2026-05-07 22:49:52 ort/utils.py:67 [CLIENT] Observation Published 0.8794031143188477 MB
DEBUG 2026-05-07 22:49:52 t_client.py:208 Sent observation #19 | 
DEBUG 2026-05-07 22:49:52 t_client.py:418 QUEUE SIZE: 24 (Must go: False)
DEBUG 2026-05-07 22:49:52 t_client.py:461 Control loop (ms): 3.65
DEBUG 2026-05-07 22:49:53 t_client.py:197 Observation serialization time: 0.002043s
DEBUG 2026-05-07 22:49:53 ort/utils.py:50 [CLIENT] Observation Buffer size 0.8794031143188477 MB with
DEBUG 2026-05-07 22:49:53 ort/utils.py:65 [CLIENT] Observation Sent 922121/922121 bytes with state 3
DEBUG 2026-05-07 22:49:53 ort/utils.py:67 [CLIENT] Observation Published 0.8794031143188477 MB
DEBUG 2026-05-07 22:49:53 t_client.py:208 Sent observation #20 | 
DEBUG 2026-05-07 22:49:53 t_client.py:418 QUEUE SIZE: 23 (Must go: False)
DEBUG 2026-05-07 22:49:53 t_client.py:461 Control loop (ms): 4.09
DEBUG 2026-05-07 22:49:53 t_client.py:197 Observation serialization time: 0.001938s
DEBUG 2026-05-07 22:49:53 ort/utils.py:50 [CLIENT] Observation Buffer size 0.8794031143188477 MB with
DEBUG 2026-05-07 22:49:53 ort/utils.py:65 [CLIENT] Observation Sent 922121/922121 bytes with state 3
DEBUG 2026-05-07 22:49:53 ort/utils.py:67 [CLIENT] Observation Published 0.8794031143188477 MB
DEBUG 2026-05-07 22:49:53 t_client.py:208 Sent observation #21 | 
DEBUG 2026-05-07 22:49:53 t_client.py:418 QUEUE SIZE: 28 (Must go: False)
DEBUG 2026-05-07 22:49:53 t_client.py:461 Control loop (ms): 4.99
DEBUG 2026-05-07 22:49:53 t_client.py:197 Observation serialization time: 0.001723s
DEBUG 2026-05-07 22:49:53 ort/utils.py:50 [CLIENT] Observation Buffer size 0.8794031143188477 MB with
DEBUG 2026-05-07 22:49:53 ort/utils.py:65 [CLIENT] Observation Sent 922121/922121 bytes with state 3
DEBUG 2026-05-07 22:49:53 ort/utils.py:67 [CLIENT] Observation Published 0.8794031143188477 MB
DEBUG 2026-05-07 22:49:53 t_client.py:208 Sent observation #22 | 
DEBUG 2026-05-07 22:49:53 t_client.py:418 QUEUE SIZE: 28 (Must go: False)
DEBUG 2026-05-07 22:49:53 t_client.py:461 Control loop (ms): 3.69
DEBUG 2026-05-07 22:49:53 t_client.py:197 Observation serialization time: 0.001860s
DEBUG 2026-05-07 22:49:53 ort/utils.py:50 [CLIENT] Observation Buffer size 0.8794031143188477 MB with
DEBUG 2026-05-07 22:49:53 ort/utils.py:65 [CLIENT] Observation Sent 922121/922121 bytes with state 3
DEBUG 2026-05-07 22:49:53 ort/utils.py:67 [CLIENT] Observation Published 0.8794031143188477 MB
DEBUG 2026-05-07 22:49:53 t_client.py:208 Sent observation #23 | 
DEBUG 2026-05-07 22:49:53 t_client.py:418 QUEUE SIZE: 27 (Must go: False)
DEBUG 2026-05-07 22:49:53 t_client.py:461 Control loop (ms): 4.21
DEBUG 2026-05-07 22:49:53 t_client.py:197 Observation serialization time: 0.001939s
DEBUG 2026-05-07 22:49:53 ort/utils.py:50 [CLIENT] Observation Buffer size 0.8794031143188477 MB with
DEBUG 2026-05-07 22:49:53 ort/utils.py:65 [CLIENT] Observation Sent 922121/922121 bytes with state 3
DEBUG 2026-05-07 22:49:53 ort/utils.py:67 [CLIENT] Observation Published 0.8794031143188477 MB
DEBUG 2026-05-07 22:49:53 t_client.py:208 Sent observation #24 | 
DEBUG 2026-05-07 22:49:53 t_client.py:418 QUEUE SIZE: 28 (Must go: False)
DEBUG 2026-05-07 22:49:53 t_client.py:461 Control loop (ms): 4.18
DEBUG 2026-05-07 22:49:54 t_client.py:197 Observation serialization time: 0.001787s
DEBUG 2026-05-07 22:49:54 ort/utils.py:50 [CLIENT] Observation Buffer size 0.8794031143188477 MB with
DEBUG 2026-05-07 22:49:54 ort/utils.py:65 [CLIENT] Observation Sent 922121/922121 bytes with state 3
DEBUG 2026-05-07 22:49:54 ort/utils.py:67 [CLIENT] Observation Published 0.8794031143188477 MB
DEBUG 2026-05-07 22:49:54 t_client.py:208 Sent observation #25 | 
DEBUG 2026-05-07 22:49:54 t_client.py:418 QUEUE SIZE: 27 (Must go: False)
DEBUG 2026-05-07 22:49:54 t_client.py:461 Control loop (ms): 4.01
DEBUG 2026-05-07 22:49:54 t_client.py:197 Observation serialization time: 0.001965s
DEBUG 2026-05-07 22:49:54 ort/utils.py:50 [CLIENT] Observation Buffer size 0.8794031143188477 MB with
DEBUG 2026-05-07 22:49:54 ort/utils.py:65 [CLIENT] Observation Sent 922121/922121 bytes with state 3
DEBUG 2026-05-07 22:49:54 ort/utils.py:67 [CLIENT] Observation Published 0.8794031143188477 MB
DEBUG 2026-05-07 22:49:54 t_client.py:208 Sent observation #26 | 
DEBUG 2026-05-07 22:49:54 t_client.py:418 QUEUE SIZE: 28 (Must go: False)
DEBUG 2026-05-07 22:49:54 t_client.py:461 Control loop (ms): 3.99
DEBUG 2026-05-07 22:49:54 t_client.py:197 Observation serialization time: 0.001654s
DEBUG 2026-05-07 22:49:54 ort/utils.py:50 [CLIENT] Observation Buffer size 0.8794031143188477 MB with
DEBUG 2026-05-07 22:49:54 ort/utils.py:65 [CLIENT] Observation Sent 922121/922121 bytes with state 3
DEBUG 2026-05-07 22:49:54 ort/utils.py:67 [CLIENT] Observation Published 0.8794031143188477 MB
DEBUG 2026-05-07 22:49:54 t_client.py:208 Sent observation #27 | 
DEBUG 2026-05-07 22:49:54 t_client.py:418 QUEUE SIZE: 27 (Must go: False)
DEBUG 2026-05-07 22:49:54 t_client.py:461 Control loop (ms): 3.61
DEBUG 2026-05-07 22:49:54 t_client.py:197 Observation serialization time: 0.001686s
DEBUG 2026-05-07 22:49:54 ort/utils.py:50 [CLIENT] Observation Buffer size 0.8794031143188477 MB with
DEBUG 2026-05-07 22:49:54 ort/utils.py:65 [CLIENT] Observation Sent 922121/922121 bytes with state 3
DEBUG 2026-05-07 22:49:54 ort/utils.py:67 [CLIENT] Observation Published 0.8794031143188477 MB
DEBUG 2026-05-07 22:49:54 t_client.py:208 Sent observation #28 | 
DEBUG 2026-05-07 22:49:54 t_client.py:418 QUEUE SIZE: 28 (Must go: False)
DEBUG 2026-05-07 22:49:54 t_client.py:461 Control loop (ms): 4.14
DEBUG 2026-05-07 22:49:54 t_client.py:197 Observation serialization time: 0.001845s
DEBUG 2026-05-07 22:49:54 ort/utils.py:50 [CLIENT] Observation Buffer size 0.8794031143188477 MB with
DEBUG 2026-05-07 22:49:54 ort/utils.py:65 [CLIENT] Observation Sent 922121/922121 bytes with state 3
DEBUG 2026-05-07 22:49:54 ort/utils.py:67 [CLIENT] Observation Published 0.8794031143188477 MB
DEBUG 2026-05-07 22:49:54 t_client.py:208 Sent observation #29 | 
DEBUG 2026-05-07 22:49:54 t_client.py:418 QUEUE SIZE: 27 (Must go: False)
DEBUG 2026-05-07 22:49:54 t_client.py:461 Control loop (ms): 5.41
DEBUG 2026-05-07 22:49:55 t_client.py:197 Observation serialization time: 0.001740s
DEBUG 2026-05-07 22:49:55 ort/utils.py:50 [CLIENT] Observation Buffer size 0.8794031143188477 MB with
DEBUG 2026-05-07 22:49:55 ort/utils.py:65 [CLIENT] Observation Sent 922121/922121 bytes with state 3
DEBUG 2026-05-07 22:49:55 ort/utils.py:67 [CLIENT] Observation Published 0.8794031143188477 MB
DEBUG 2026-05-07 22:49:55 t_client.py:208 Sent observation #30 | 
DEBUG 2026-05-07 22:49:55 t_client.py:418 QUEUE SIZE: 26 (Must go: False)
DEBUG 2026-05-07 22:49:55 t_client.py:461 Control loop (ms): 3.72
DEBUG 2026-05-07 22:49:55 t_client.py:197 Observation serialization time: 0.002550s
DEBUG 2026-05-07 22:49:55 ort/utils.py:50 [CLIENT] Observation Buffer size 0.8794031143188477 MB with
DEBUG 2026-05-07 22:49:55 ort/utils.py:65 [CLIENT] Observation Sent 922121/922121 bytes with state 3
DEBUG 2026-05-07 22:49:55 ort/utils.py:67 [CLIENT] Observation Published 0.8794031143188477 MB
DEBUG 2026-05-07 22:49:55 t_client.py:208 Sent observation #31 | 
DEBUG 2026-05-07 22:49:55 t_client.py:418 QUEUE SIZE: 25 (Must go: False)
DEBUG 2026-05-07 22:49:55 t_client.py:461 Control loop (ms): 4.88
DEBUG 2026-05-07 22:49:55 t_client.py:197 Observation serialization time: 0.002078s
DEBUG 2026-05-07 22:49:55 ort/utils.py:50 [CLIENT] Observation Buffer size 0.8794031143188477 MB with
DEBUG 2026-05-07 22:49:55 ort/utils.py:65 [CLIENT] Observation Sent 922121/922121 bytes with state 3
DEBUG 2026-05-07 22:49:55 ort/utils.py:67 [CLIENT] Observation Published 0.8794031143188477 MB
DEBUG 2026-05-07 22:49:55 t_client.py:208 Sent observation #32 | 
DEBUG 2026-05-07 22:49:55 t_client.py:418 QUEUE SIZE: 24 (Must go: False)
DEBUG 2026-05-07 22:49:55 t_client.py:461 Control loop (ms): 4.14
DEBUG 2026-05-07 22:49:55 t_client.py:197 Observation serialization time: 0.001730s
DEBUG 2026-05-07 22:49:55 ort/utils.py:50 [CLIENT] Observation Buffer size 0.8794031143188477 MB with
DEBUG 2026-05-07 22:49:55 ort/utils.py:65 [CLIENT] Observation Sent 922121/922121 bytes with state 3
DEBUG 2026-05-07 22:49:55 ort/utils.py:67 [CLIENT] Observation Published 0.8794031143188477 MB
DEBUG 2026-05-07 22:49:55 t_client.py:208 Sent observation #33 | 
DEBUG 2026-05-07 22:49:55 t_client.py:418 QUEUE SIZE: 23 (Must go: False)
DEBUG 2026-05-07 22:49:55 t_client.py:461 Control loop (ms): 3.97
DEBUG 2026-05-07 22:49:55 t_client.py:197 Observation serialization time: 0.001679s
DEBUG 2026-05-07 22:49:55 ort/utils.py:50 [CLIENT] Observation Buffer size 0.8794031143188477 MB with
DEBUG 2026-05-07 22:49:55 ort/utils.py:65 [CLIENT] Observation Sent 922121/922121 bytes with state 3
DEBUG 2026-05-07 22:49:55 ort/utils.py:67 [CLIENT] Observation Published 0.8794031143188477 MB
DEBUG 2026-05-07 22:49:55 t_client.py:208 Sent observation #34 | 
DEBUG 2026-05-07 22:49:55 t_client.py:418 QUEUE SIZE: 22 (Must go: False)
DEBUG 2026-05-07 22:49:55 t_client.py:461 Control loop (ms): 3.87
DEBUG 2026-05-07 22:49:56 t_client.py:197 Observation serialization time: 0.001888s
DEBUG 2026-05-07 22:49:56 ort/utils.py:50 [CLIENT] Observation Buffer size 0.8794031143188477 MB with
DEBUG 2026-05-07 22:49:56 ort/utils.py:65 [CLIENT] Observation Sent 922121/922121 bytes with state 3
DEBUG 2026-05-07 22:49:56 ort/utils.py:67 [CLIENT] Observation Published 0.8794031143188477 MB
DEBUG 2026-05-07 22:49:56 t_client.py:208 Sent observation #35 | 
DEBUG 2026-05-07 22:49:56 t_client.py:418 QUEUE SIZE: 28 (Must go: False)
DEBUG 2026-05-07 22:49:56 t_client.py:461 Control loop (ms): 4.08
DEBUG 2026-05-07 22:49:56 t_client.py:197 Observation serialization time: 0.001728s
DEBUG 2026-05-07 22:49:56 ort/utils.py:50 [CLIENT] Observation Buffer size 0.8794031143188477 MB with
DEBUG 2026-05-07 22:49:56 ort/utils.py:65 [CLIENT] Observation Sent 922121/922121 bytes with state 3
DEBUG 2026-05-07 22:49:56 ort/utils.py:67 [CLIENT] Observation Published 0.8794031143188477 MB
DEBUG 2026-05-07 22:49:56 t_client.py:208 Sent observation #36 | 
DEBUG 2026-05-07 22:49:56 t_client.py:418 QUEUE SIZE: 28 (Must go: False)
DEBUG 2026-05-07 22:49:56 t_client.py:461 Control loop (ms): 3.76
DEBUG 2026-05-07 22:49:56 t_client.py:197 Observation serialization time: 0.001799s
DEBUG 2026-05-07 22:49:56 ort/utils.py:50 [CLIENT] Observation Buffer size 0.8794031143188477 MB with
DEBUG 2026-05-07 22:49:56 ort/utils.py:65 [CLIENT] Observation Sent 922121/922121 bytes with state 3
DEBUG 2026-05-07 22:49:56 ort/utils.py:67 [CLIENT] Observation Published 0.8794031143188477 MB
DEBUG 2026-05-07 22:49:56 t_client.py:208 Sent observation #37 | 
DEBUG 2026-05-07 22:49:56 t_client.py:418 QUEUE SIZE: 27 (Must go: False)
DEBUG 2026-05-07 22:49:56 t_client.py:461 Control loop (ms): 3.92
DEBUG 2026-05-07 22:49:56 t_client.py:197 Observation serialization time: 0.001855s
DEBUG 2026-05-07 22:49:56 ort/utils.py:50 [CLIENT] Observation Buffer size 0.8794031143188477 MB with
DEBUG 2026-05-07 22:49:56 ort/utils.py:65 [CLIENT] Observation Sent 922121/922121 bytes with state 3
DEBUG 2026-05-07 22:49:56 ort/utils.py:67 [CLIENT] Observation Published 0.8794031143188477 MB
DEBUG 2026-05-07 22:49:56 t_client.py:208 Sent observation #38 | 
DEBUG 2026-05-07 22:49:56 t_client.py:418 QUEUE SIZE: 28 (Must go: False)
DEBUG 2026-05-07 22:49:56 t_client.py:461 Control loop (ms): 4.23
DEBUG 2026-05-07 22:49:56 t_client.py:197 Observation serialization time: 0.001945s
DEBUG 2026-05-07 22:49:56 ort/utils.py:50 [CLIENT] Observation Buffer size 0.8794031143188477 MB with
DEBUG 2026-05-07 22:49:56 ort/utils.py:65 [CLIENT] Observation Sent 922121/922121 bytes with state 3
DEBUG 2026-05-07 22:49:56 ort/utils.py:67 [CLIENT] Observation Published 0.8794031143188477 MB
DEBUG 2026-05-07 22:49:56 t_client.py:208 Sent observation #39 | 
DEBUG 2026-05-07 22:49:56 t_client.py:418 QUEUE SIZE: 27 (Must go: False)
DEBUG 2026-05-07 22:49:56 t_client.py:461 Control loop (ms): 4.12
DEBUG 2026-05-07 22:49:57 t_client.py:197 Observation serialization time: 0.001824s
DEBUG 2026-05-07 22:49:57 ort/utils.py:50 [CLIENT] Observation Buffer size 0.8794031143188477 MB with
DEBUG 2026-05-07 22:49:57 ort/utils.py:65 [CLIENT] Observation Sent 922121/922121 bytes with state 3
DEBUG 2026-05-07 22:49:57 ort/utils.py:67 [CLIENT] Observation Published 0.8794031143188477 MB
DEBUG 2026-05-07 22:49:57 t_client.py:208 Sent observation #40 | 
DEBUG 2026-05-07 22:49:57 t_client.py:418 QUEUE SIZE: 28 (Must go: False)
DEBUG 2026-05-07 22:49:57 t_client.py:461 Control loop (ms): 3.72
DEBUG 2026-05-07 22:49:57 t_client.py:197 Observation serialization time: 0.002375s
DEBUG 2026-05-07 22:49:57 ort/utils.py:50 [CLIENT] Observation Buffer size 0.8794031143188477 MB with
DEBUG 2026-05-07 22:49:57 ort/utils.py:65 [CLIENT] Observation Sent 922121/922121 bytes with state 3
DEBUG 2026-05-07 22:49:57 ort/utils.py:67 [CLIENT] Observation Published 0.8794031143188477 MB
DEBUG 2026-05-07 22:49:57 t_client.py:208 Sent observation #41 | 
DEBUG 2026-05-07 22:49:57 t_client.py:418 QUEUE SIZE: 27 (Must go: False)
DEBUG 2026-05-07 22:49:57 t_client.py:461 Control loop (ms): 4.34
DEBUG 2026-05-07 22:49:57 t_client.py:197 Observation serialization time: 0.002067s
DEBUG 2026-05-07 22:49:57 ort/utils.py:50 [CLIENT] Observation Buffer size 0.8794031143188477 MB with
DEBUG 2026-05-07 22:49:57 ort/utils.py:65 [CLIENT] Observation Sent 922121/922121 bytes with state 3
DEBUG 2026-05-07 22:49:57 ort/utils.py:67 [CLIENT] Observation Published 0.8794031143188477 MB
DEBUG 2026-05-07 22:49:57 t_client.py:208 Sent observation #42 | 
DEBUG 2026-05-07 22:49:57 t_client.py:418 QUEUE SIZE: 26 (Must go: False)
DEBUG 2026-05-07 22:49:57 t_client.py:461 Control loop (ms): 4.06
DEBUG 2026-05-07 22:49:57 t_client.py:197 Observation serialization time: 0.001749s
DEBUG 2026-05-07 22:49:57 ort/utils.py:50 [CLIENT] Observation Buffer size 0.8794031143188477 MB with
DEBUG 2026-05-07 22:49:57 ort/utils.py:65 [CLIENT] Observation Sent 922121/922121 bytes with state 3
DEBUG 2026-05-07 22:49:57 ort/utils.py:67 [CLIENT] Observation Published 0.8794031143188477 MB
DEBUG 2026-05-07 22:49:57 t_client.py:208 Sent observation #43 | 
DEBUG 2026-05-07 22:49:57 t_client.py:418 QUEUE SIZE: 25 (Must go: False)
DEBUG 2026-05-07 22:49:57 t_client.py:461 Control loop (ms): 3.86
DEBUG 2026-05-07 22:49:57 t_client.py:197 Observation serialization time: 0.001746s
DEBUG 2026-05-07 22:49:57 ort/utils.py:50 [CLIENT] Observation Buffer size 0.8794031143188477 MB with
DEBUG 2026-05-07 22:49:57 ort/utils.py:65 [CLIENT] Observation Sent 922121/922121 bytes with state 3
DEBUG 2026-05-07 22:49:57 ort/utils.py:67 [CLIENT] Observation Published 0.8794031143188477 MB
DEBUG 2026-05-07 22:49:57 t_client.py:208 Sent observation #44 | 
DEBUG 2026-05-07 22:49:57 t_client.py:418 QUEUE SIZE: 24 (Must go: False)
DEBUG 2026-05-07 22:49:57 t_client.py:461 Control loop (ms): 3.86
DEBUG 2026-05-07 22:49:58 t_client.py:197 Observation serialization time: 0.001763s
DEBUG 2026-05-07 22:49:58 ort/utils.py:50 [CLIENT] Observation Buffer size 0.8794031143188477 MB with
DEBUG 2026-05-07 22:49:58 ort/utils.py:65 [CLIENT] Observation Sent 922121/922121 bytes with state 3
DEBUG 2026-05-07 22:49:58 ort/utils.py:67 [CLIENT] Observation Published 0.8794031143188477 MB
DEBUG 2026-05-07 22:49:58 t_client.py:208 Sent observation #45 | 
DEBUG 2026-05-07 22:49:58 t_client.py:418 QUEUE SIZE: 23 (Must go: False)
DEBUG 2026-05-07 22:49:58 t_client.py:461 Control loop (ms): 3.80
DEBUG 2026-05-07 22:49:58 t_client.py:197 Observation serialization time: 0.001942s
DEBUG 2026-05-07 22:49:58 ort/utils.py:50 [CLIENT] Observation Buffer size 0.8794031143188477 MB with
DEBUG 2026-05-07 22:49:58 ort/utils.py:65 [CLIENT] Observation Sent 922121/922121 bytes with state 3
DEBUG 2026-05-07 22:49:58 ort/utils.py:67 [CLIENT] Observation Published 0.8794031143188477 MB
DEBUG 2026-05-07 22:49:58 t_client.py:208 Sent observation #46 | 
DEBUG 2026-05-07 22:49:58 t_client.py:418 QUEUE SIZE: 22 (Must go: False)
DEBUG 2026-05-07 22:49:58 t_client.py:461 Control loop (ms): 4.29
DEBUG 2026-05-07 22:49:58 t_client.py:197 Observation serialization time: 0.002033s
DEBUG 2026-05-07 22:49:58 ort/utils.py:50 [CLIENT] Observation Buffer size 0.8794031143188477 MB with
DEBUG 2026-05-07 22:49:58 ort/utils.py:65 [CLIENT] Observation Sent 922121/922121 bytes with state 3
DEBUG 2026-05-07 22:49:58 ort/utils.py:67 [CLIENT] Observation Published 0.8794031143188477 MB
DEBUG 2026-05-07 22:49:58 t_client.py:208 Sent observation #47 | 
DEBUG 2026-05-07 22:49:58 t_client.py:418 QUEUE SIZE: 28 (Must go: False)
DEBUG 2026-05-07 22:49:58 t_client.py:461 Control loop (ms): 4.19
DEBUG 2026-05-07 22:49:58 t_client.py:197 Observation serialization time: 0.001713s
DEBUG 2026-05-07 22:49:58 ort/utils.py:50 [CLIENT] Observation Buffer size 0.8794031143188477 MB with
DEBUG 2026-05-07 22:49:58 ort/utils.py:65 [CLIENT] Observation Sent 922121/922121 bytes with state 3
DEBUG 2026-05-07 22:49:58 ort/utils.py:67 [CLIENT] Observation Published 0.8794031143188477 MB
DEBUG 2026-05-07 22:49:58 t_client.py:208 Sent observation #48 | 
DEBUG 2026-05-07 22:49:58 t_client.py:418 QUEUE SIZE: 28 (Must go: False)
DEBUG 2026-05-07 22:49:58 t_client.py:461 Control loop (ms): 4.19
DEBUG 2026-05-07 22:49:58 t_client.py:197 Observation serialization time: 0.001743s
DEBUG 2026-05-07 22:49:58 ort/utils.py:50 [CLIENT] Observation Buffer size 0.8794031143188477 MB with
DEBUG 2026-05-07 22:49:58 ort/utils.py:65 [CLIENT] Observation Sent 922121/922121 bytes with state 3
DEBUG 2026-05-07 22:49:58 ort/utils.py:67 [CLIENT] Observation Published 0.8794031143188477 MB
DEBUG 2026-05-07 22:49:58 t_client.py:208 Sent observation #49 | 
DEBUG 2026-05-07 22:49:58 t_client.py:418 QUEUE SIZE: 28 (Must go: False)
DEBUG 2026-05-07 22:49:58 t_client.py:461 Control loop (ms): 3.94
DEBUG 2026-05-07 22:49:59 t_client.py:197 Observation serialization time: 0.001729s
DEBUG 2026-05-07 22:49:59 ort/utils.py:50 [CLIENT] Observation Buffer size 0.8794031143188477 MB with
DEBUG 2026-05-07 22:49:59 ort/utils.py:65 [CLIENT] Observation Sent 922121/922121 bytes with state 3
DEBUG 2026-05-07 22:49:59 ort/utils.py:67 [CLIENT] Observation Published 0.8794031143188477 MB
DEBUG 2026-05-07 22:49:59 t_client.py:208 Sent observation #50 | 
DEBUG 2026-05-07 22:49:59 t_client.py:418 QUEUE SIZE: 28 (Must go: False)
DEBUG 2026-05-07 22:49:59 t_client.py:461 Control loop (ms): 4.03
DEBUG 2026-05-07 22:49:59 t_client.py:197 Observation serialization time: 0.001794s
DEBUG 2026-05-07 22:49:59 ort/utils.py:50 [CLIENT] Observation Buffer size 0.8794031143188477 MB with
DEBUG 2026-05-07 22:49:59 ort/utils.py:65 [CLIENT] Observation Sent 922121/922121 bytes with state 3
DEBUG 2026-05-07 22:49:59 ort/utils.py:67 [CLIENT] Observation Published 0.8794031143188477 MB
DEBUG 2026-05-07 22:49:59 t_client.py:208 Sent observation #51 | 
DEBUG 2026-05-07 22:49:59 t_client.py:418 QUEUE SIZE: 27 (Must go: False)
DEBUG 2026-05-07 22:49:59 t_client.py:461 Control loop (ms): 3.78
DEBUG 2026-05-07 22:49:59 t_client.py:197 Observation serialization time: 0.001716s
DEBUG 2026-05-07 22:49:59 ort/utils.py:50 [CLIENT] Observation Buffer size 0.8794031143188477 MB with
DEBUG 2026-05-07 22:49:59 ort/utils.py:65 [CLIENT] Observation Sent 922121/922121 bytes with state 3
DEBUG 2026-05-07 22:49:59 ort/utils.py:67 [CLIENT] Observation Published 0.8794031143188477 MB
DEBUG 2026-05-07 22:49:59 t_client.py:208 Sent observation #52 | 
DEBUG 2026-05-07 22:49:59 t_client.py:418 QUEUE SIZE: 28 (Must go: False)
DEBUG 2026-05-07 22:49:59 t_client.py:461 Control loop (ms): 3.77
DEBUG 2026-05-07 22:49:59 t_client.py:197 Observation serialization time: 0.001736s
DEBUG 2026-05-07 22:49:59 ort/utils.py:50 [CLIENT] Observation Buffer size 0.8794031143188477 MB with
DEBUG 2026-05-07 22:49:59 ort/utils.py:65 [CLIENT] Observation Sent 922121/922121 bytes with state 3
DEBUG 2026-05-07 22:49:59 ort/utils.py:67 [CLIENT] Observation Published 0.8794031143188477 MB
DEBUG 2026-05-07 22:49:59 t_client.py:208 Sent observation #53 | 
DEBUG 2026-05-07 22:49:59 t_client.py:418 QUEUE SIZE: 27 (Must go: False)
DEBUG 2026-05-07 22:49:59 t_client.py:461 Control loop (ms): 3.94
DEBUG 2026-05-07 22:49:59 t_client.py:197 Observation serialization time: 0.001792s
DEBUG 2026-05-07 22:49:59 ort/utils.py:50 [CLIENT] Observation Buffer size 0.8794031143188477 MB with
DEBUG 2026-05-07 22:49:59 ort/utils.py:65 [CLIENT] Observation Sent 922121/922121 bytes with state 3
DEBUG 2026-05-07 22:49:59 ort/utils.py:67 [CLIENT] Observation Published 0.8794031143188477 MB
DEBUG 2026-05-07 22:49:59 t_client.py:208 Sent observation #54 | 
DEBUG 2026-05-07 22:49:59 t_client.py:418 QUEUE SIZE: 26 (Must go: False)
DEBUG 2026-05-07 22:49:59 t_client.py:461 Control loop (ms): 5.65
DEBUG 2026-05-07 22:50:00 t_client.py:197 Observation serialization time: 0.001747s
DEBUG 2026-05-07 22:50:00 ort/utils.py:50 [CLIENT] Observation Buffer size 0.8794031143188477 MB with
DEBUG 2026-05-07 22:50:00 ort/utils.py:65 [CLIENT] Observation Sent 922121/922121 bytes with state 3
DEBUG 2026-05-07 22:50:00 ort/utils.py:67 [CLIENT] Observation Published 0.8794031143188477 MB
DEBUG 2026-05-07 22:50:00 t_client.py:208 Sent observation #55 | 
DEBUG 2026-05-07 22:50:00 t_client.py:418 QUEUE SIZE: 25 (Must go: False)
DEBUG 2026-05-07 22:50:00 t_client.py:461 Control loop (ms): 3.96
DEBUG 2026-05-07 22:50:00 t_client.py:197 Observation serialization time: 0.001801s
DEBUG 2026-05-07 22:50:00 ort/utils.py:50 [CLIENT] Observation Buffer size 0.8794031143188477 MB with
DEBUG 2026-05-07 22:50:00 ort/utils.py:65 [CLIENT] Observation Sent 922121/922121 bytes with state 3
DEBUG 2026-05-07 22:50:00 ort/utils.py:67 [CLIENT] Observation Published 0.8794031143188477 MB
DEBUG 2026-05-07 22:50:00 t_client.py:208 Sent observation #56 | 
DEBUG 2026-05-07 22:50:00 t_client.py:418 QUEUE SIZE: 24 (Must go: False)
DEBUG 2026-05-07 22:50:00 t_client.py:461 Control loop (ms): 4.12
DEBUG 2026-05-07 22:50:00 t_client.py:197 Observation serialization time: 0.001704s
DEBUG 2026-05-07 22:50:00 ort/utils.py:50 [CLIENT] Observation Buffer size 0.8794031143188477 MB with
DEBUG 2026-05-07 22:50:00 ort/utils.py:65 [CLIENT] Observation Sent 922121/922121 bytes with state 3
DEBUG 2026-05-07 22:50:00 ort/utils.py:67 [CLIENT] Observation Published 0.8794031143188477 MB
DEBUG 2026-05-07 22:50:00 t_client.py:208 Sent observation #57 | 
DEBUG 2026-05-07 22:50:00 t_client.py:418 QUEUE SIZE: 23 (Must go: False)
DEBUG 2026-05-07 22:50:00 t_client.py:461 Control loop (ms): 3.72
DEBUG 2026-05-07 22:50:00 t_client.py:197 Observation serialization time: 0.001742s
DEBUG 2026-05-07 22:50:00 ort/utils.py:50 [CLIENT] Observation Buffer size 0.8794031143188477 MB with
DEBUG 2026-05-07 22:50:00 ort/utils.py:65 [CLIENT] Observation Sent 922121/922121 bytes with state 3
DEBUG 2026-05-07 22:50:00 ort/utils.py:67 [CLIENT] Observation Published 0.8794031143188477 MB
DEBUG 2026-05-07 22:50:00 t_client.py:208 Sent observation #58 | 
DEBUG 2026-05-07 22:50:00 t_client.py:418 QUEUE SIZE: 28 (Must go: False)
DEBUG 2026-05-07 22:50:00 t_client.py:461 Control loop (ms): 3.96
DEBUG 2026-05-07 22:50:00 t_client.py:197 Observation serialization time: 0.001771s
DEBUG 2026-05-07 22:50:00 ort/utils.py:50 [CLIENT] Observation Buffer size 0.8794031143188477 MB with
DEBUG 2026-05-07 22:50:00 ort/utils.py:65 [CLIENT] Observation Sent 922121/922121 bytes with state 3
DEBUG 2026-05-07 22:50:00 ort/utils.py:67 [CLIENT] Observation Published 0.8794031143188477 MB
DEBUG 2026-05-07 22:50:00 t_client.py:208 Sent observation #59 | 
DEBUG 2026-05-07 22:50:00 t_client.py:418 QUEUE SIZE: 28 (Must go: False)
DEBUG 2026-05-07 22:50:00 t_client.py:461 Control loop (ms): 4.03
DEBUG 2026-05-07 22:50:01 t_client.py:197 Observation serialization time: 0.002609s
DEBUG 2026-05-07 22:50:01 ort/utils.py:50 [CLIENT] Observation Buffer size 0.8794031143188477 MB with
DEBUG 2026-05-07 22:50:01 ort/utils.py:65 [CLIENT] Observation Sent 922121/922121 bytes with state 3
DEBUG 2026-05-07 22:50:01 ort/utils.py:67 [CLIENT] Observation Published 0.8794031143188477 MB
DEBUG 2026-05-07 22:50:01 t_client.py:208 Sent observation #60 | 
DEBUG 2026-05-07 22:50:01 t_client.py:418 QUEUE SIZE: 27 (Must go: False)
DEBUG 2026-05-07 22:50:01 t_client.py:461 Control loop (ms): 5.32
DEBUG 2026-05-07 22:50:01 t_client.py:197 Observation serialization time: 0.001812s
DEBUG 2026-05-07 22:50:01 ort/utils.py:50 [CLIENT] Observation Buffer size 0.8794031143188477 MB with
DEBUG 2026-05-07 22:50:01 ort/utils.py:65 [CLIENT] Observation Sent 922121/922121 bytes with state 3
DEBUG 2026-05-07 22:50:01 ort/utils.py:67 [CLIENT] Observation Published 0.8794031143188477 MB
DEBUG 2026-05-07 22:50:01 t_client.py:208 Sent observation #61 | 
DEBUG 2026-05-07 22:50:01 t_client.py:418 QUEUE SIZE: 28 (Must go: False)
DEBUG 2026-05-07 22:50:01 t_client.py:461 Control loop (ms): 3.92
DEBUG 2026-05-07 22:50:01 t_client.py:197 Observation serialization time: 0.001729s
DEBUG 2026-05-07 22:50:01 ort/utils.py:50 [CLIENT] Observation Buffer size 0.8794031143188477 MB with
DEBUG 2026-05-07 22:50:01 ort/utils.py:65 [CLIENT] Observation Sent 922121/922121 bytes with state 3
DEBUG 2026-05-07 22:50:01 ort/utils.py:67 [CLIENT] Observation Published 0.8794031143188477 MB
DEBUG 2026-05-07 22:50:01 t_client.py:208 Sent observation #62 | 
DEBUG 2026-05-07 22:50:01 t_client.py:418 QUEUE SIZE: 27 (Must go: False)
DEBUG 2026-05-07 22:50:01 t_client.py:461 Control loop (ms): 3.72
DEBUG 2026-05-07 22:50:01 t_client.py:177 Robot disconnected
DEBUG 2026-05-07 22:50:01 t_client.py:180 Client stopped, channel closed
ERROR 2026-05-07 22:50:01 t_client.py:343 Error receiving actions: <_InactiveRpcError of RPC that terminated with:
	status = StatusCode.CANCELLED
	details = "Channel closed!"
	debug_error_string = "UNKNOWN:Error received from peer  {grpc_status:1, grpc_message:"Channel closed!"}"
>
