INFO 2026-05-07 22:16:34 t_client.py:113 Initializing client to connect to server at 127.0.0.1:8080
INFO 2026-05-07 22:16:34 t_client.py:132 Robot connected and ready
DEBUG 2026-05-07 22:16:34 t_client.py:149 Connected to policy server in 0.0039s
INFO 2026-05-07 22:16:34 t_client.py:155 Sending policy instructions to policy server
DEBUG 2026-05-07 22:16:34 t_client.py:156 Policy type: act | Pretrained name or path: /home/ubuntu/techin517/outputs/train/act_so101_test/checkpoints/100000/pretrained_model | Device: cuda
INFO 2026-05-07 22:16:35 t_client.py:446 Control loop thread starting
INFO 2026-05-07 22:16:35 t_client.py:272 Action receiving thread starting
DEBUG 2026-05-07 22:16:35 t_client.py:197 Observation serialization time: 0.002439s
DEBUG 2026-05-07 22:16:35 ort/utils.py:50 [CLIENT] Observation Buffer size 1.75836181640625 MB with
DEBUG 2026-05-07 22:16:35 ort/utils.py:65 [CLIENT] Observation Sent 1843776/1843776 bytes with state 3
DEBUG 2026-05-07 22:16:35 ort/utils.py:67 [CLIENT] Observation Published 1.75836181640625 MB
DEBUG 2026-05-07 22:16:35 t_client.py:208 Sent observation #0 | 
DEBUG 2026-05-07 22:16:35 t_client.py:418 QUEUE SIZE: 0 (Must go: True)
DEBUG 2026-05-07 22:16:35 t_client.py:461 Control loop (ms): 7.46
DEBUG 2026-05-07 22:16:35 t_client.py:197 Observation serialization time: 0.002194s
DEBUG 2026-05-07 22:16:35 ort/utils.py:50 [CLIENT] Observation Buffer size 1.75836181640625 MB with
DEBUG 2026-05-07 22:16:35 ort/utils.py:65 [CLIENT] Observation Sent 1843776/1843776 bytes with state 3
DEBUG 2026-05-07 22:16:35 ort/utils.py:67 [CLIENT] Observation Published 1.75836181640625 MB
DEBUG 2026-05-07 22:16:35 t_client.py:208 Sent observation #0 | 
DEBUG 2026-05-07 22:16:35 t_client.py:418 QUEUE SIZE: 0 (Must go: False)
DEBUG 2026-05-07 22:16:35 t_client.py:461 Control loop (ms): 4.69
DEBUG 2026-05-07 22:16:35 t_client.py:197 Observation serialization time: 0.002084s
DEBUG 2026-05-07 22:16:35 ort/utils.py:50 [CLIENT] Observation Buffer size 1.75836181640625 MB with
DEBUG 2026-05-07 22:16:35 ort/utils.py:65 [CLIENT] Observation Sent 1843776/1843776 bytes with state 3
DEBUG 2026-05-07 22:16:35 ort/utils.py:67 [CLIENT] Observation Published 1.75836181640625 MB
DEBUG 2026-05-07 22:16:35 t_client.py:208 Sent observation #0 | 
DEBUG 2026-05-07 22:16:35 t_client.py:418 QUEUE SIZE: 0 (Must go: False)
DEBUG 2026-05-07 22:16:35 t_client.py:461 Control loop (ms): 4.25
DEBUG 2026-05-07 22:16:35 t_client.py:197 Observation serialization time: 0.001965s
DEBUG 2026-05-07 22:16:35 ort/utils.py:50 [CLIENT] Observation Buffer size 1.75836181640625 MB with
DEBUG 2026-05-07 22:16:35 ort/utils.py:65 [CLIENT] Observation Sent 1843776/1843776 bytes with state 3
DEBUG 2026-05-07 22:16:35 ort/utils.py:67 [CLIENT] Observation Published 1.75836181640625 MB
DEBUG 2026-05-07 22:16:35 t_client.py:208 Sent observation #0 | 
DEBUG 2026-05-07 22:16:35 t_client.py:418 QUEUE SIZE: 0 (Must go: False)
DEBUG 2026-05-07 22:16:35 t_client.py:461 Control loop (ms): 3.76
DEBUG 2026-05-07 22:16:35 t_client.py:197 Observation serialization time: 0.001943s
DEBUG 2026-05-07 22:16:35 ort/utils.py:50 [CLIENT] Observation Buffer size 1.75836181640625 MB with
DEBUG 2026-05-07 22:16:35 ort/utils.py:65 [CLIENT] Observation Sent 1843776/1843776 bytes with state 3
DEBUG 2026-05-07 22:16:35 ort/utils.py:67 [CLIENT] Observation Published 1.75836181640625 MB
DEBUG 2026-05-07 22:16:35 t_client.py:208 Sent observation #0 | 
DEBUG 2026-05-07 22:16:35 t_client.py:418 QUEUE SIZE: 0 (Must go: False)
DEBUG 2026-05-07 22:16:35 t_client.py:461 Control loop (ms): 4.03
DEBUG 2026-05-07 22:16:35 t_client.py:197 Observation serialization time: 0.002034s
DEBUG 2026-05-07 22:16:35 ort/utils.py:50 [CLIENT] Observation Buffer size 1.75836181640625 MB with
DEBUG 2026-05-07 22:16:35 ort/utils.py:65 [CLIENT] Observation Sent 1843776/1843776 bytes with state 3
DEBUG 2026-05-07 22:16:35 ort/utils.py:67 [CLIENT] Observation Published 1.75836181640625 MB
DEBUG 2026-05-07 22:16:35 t_client.py:208 Sent observation #0 | 
DEBUG 2026-05-07 22:16:35 t_client.py:418 QUEUE SIZE: 0 (Must go: False)
DEBUG 2026-05-07 22:16:35 t_client.py:461 Control loop (ms): 3.87
DEBUG 2026-05-07 22:16:35 t_client.py:197 Observation serialization time: 0.002071s
DEBUG 2026-05-07 22:16:35 ort/utils.py:50 [CLIENT] Observation Buffer size 1.75836181640625 MB with
DEBUG 2026-05-07 22:16:35 ort/utils.py:65 [CLIENT] Observation Sent 1843776/1843776 bytes with state 3
DEBUG 2026-05-07 22:16:35 ort/utils.py:67 [CLIENT] Observation Published 1.75836181640625 MB
DEBUG 2026-05-07 22:16:35 t_client.py:208 Sent observation #0 | 
DEBUG 2026-05-07 22:16:35 t_client.py:418 QUEUE SIZE: 0 (Must go: False)
DEBUG 2026-05-07 22:16:35 t_client.py:461 Control loop (ms): 3.92
DEBUG 2026-05-07 22:16:35 t_client.py:197 Observation serialization time: 0.002317s
DEBUG 2026-05-07 22:16:35 ort/utils.py:50 [CLIENT] Observation Buffer size 1.75836181640625 MB with
DEBUG 2026-05-07 22:16:35 ort/utils.py:65 [CLIENT] Observation Sent 1843776/1843776 bytes with state 3
DEBUG 2026-05-07 22:16:35 ort/utils.py:67 [CLIENT] Observation Published 1.75836181640625 MB
DEBUG 2026-05-07 22:16:35 t_client.py:208 Sent observation #0 | 
DEBUG 2026-05-07 22:16:35 t_client.py:418 QUEUE SIZE: 0 (Must go: False)
DEBUG 2026-05-07 22:16:35 t_client.py:461 Control loop (ms): 4.53
DEBUG 2026-05-07 22:16:35 t_client.py:197 Observation serialization time: 0.001944s
DEBUG 2026-05-07 22:16:35 ort/utils.py:50 [CLIENT] Observation Buffer size 1.75836181640625 MB with
DEBUG 2026-05-07 22:16:35 ort/utils.py:65 [CLIENT] Observation Sent 1843776/1843776 bytes with state 3
DEBUG 2026-05-07 22:16:35 ort/utils.py:67 [CLIENT] Observation Published 1.75836181640625 MB
DEBUG 2026-05-07 22:16:35 t_client.py:208 Sent observation #0 | 
DEBUG 2026-05-07 22:16:35 t_client.py:418 QUEUE SIZE: 0 (Must go: False)
DEBUG 2026-05-07 22:16:35 t_client.py:461 Control loop (ms): 4.18
DEBUG 2026-05-07 22:16:35 t_client.py:197 Observation serialization time: 0.002439s
DEBUG 2026-05-07 22:16:35 ort/utils.py:50 [CLIENT] Observation Buffer size 1.75836181640625 MB with
DEBUG 2026-05-07 22:16:35 ort/utils.py:65 [CLIENT] Observation Sent 1843776/1843776 bytes with state 3
DEBUG 2026-05-07 22:16:35 ort/utils.py:67 [CLIENT] Observation Published 1.75836181640625 MB
DEBUG 2026-05-07 22:16:35 t_client.py:208 Sent observation #0 | 
DEBUG 2026-05-07 22:16:35 t_client.py:418 QUEUE SIZE: 0 (Must go: False)
DEBUG 2026-05-07 22:16:35 t_client.py:461 Control loop (ms): 4.40
DEBUG 2026-05-07 22:16:35 t_client.py:197 Observation serialization time: 0.002023s
DEBUG 2026-05-07 22:16:35 ort/utils.py:50 [CLIENT] Observation Buffer size 1.75836181640625 MB with
DEBUG 2026-05-07 22:16:35 ort/utils.py:65 [CLIENT] Observation Sent 1843776/1843776 bytes with state 3
DEBUG 2026-05-07 22:16:35 ort/utils.py:67 [CLIENT] Observation Published 1.75836181640625 MB
DEBUG 2026-05-07 22:16:35 t_client.py:208 Sent observation #0 | 
DEBUG 2026-05-07 22:16:35 t_client.py:418 QUEUE SIZE: 0 (Must go: False)
DEBUG 2026-05-07 22:16:35 t_client.py:461 Control loop (ms): 4.06
DEBUG 2026-05-07 22:16:35 t_client.py:197 Observation serialization time: 0.001964s
DEBUG 2026-05-07 22:16:35 ort/utils.py:50 [CLIENT] Observation Buffer size 1.75836181640625 MB with
DEBUG 2026-05-07 22:16:35 ort/utils.py:65 [CLIENT] Observation Sent 1843776/1843776 bytes with state 3
DEBUG 2026-05-07 22:16:35 ort/utils.py:67 [CLIENT] Observation Published 1.75836181640625 MB
DEBUG 2026-05-07 22:16:35 t_client.py:208 Sent observation #0 | 
DEBUG 2026-05-07 22:16:35 t_client.py:418 QUEUE SIZE: 0 (Must go: False)
DEBUG 2026-05-07 22:16:35 t_client.py:461 Control loop (ms): 3.56
DEBUG 2026-05-07 22:16:35 t_client.py:197 Observation serialization time: 0.001943s
DEBUG 2026-05-07 22:16:35 ort/utils.py:50 [CLIENT] Observation Buffer size 1.75836181640625 MB with
DEBUG 2026-05-07 22:16:35 ort/utils.py:65 [CLIENT] Observation Sent 1843776/1843776 bytes with state 3
DEBUG 2026-05-07 22:16:35 ort/utils.py:67 [CLIENT] Observation Published 1.75836181640625 MB
DEBUG 2026-05-07 22:16:35 t_client.py:208 Sent observation #0 | 
DEBUG 2026-05-07 22:16:35 t_client.py:418 QUEUE SIZE: 0 (Must go: False)
DEBUG 2026-05-07 22:16:35 t_client.py:461 Control loop (ms): 3.91
DEBUG 2026-05-07 22:16:35 t_client.py:197 Observation serialization time: 0.002430s
DEBUG 2026-05-07 22:16:35 ort/utils.py:50 [CLIENT] Observation Buffer size 1.75836181640625 MB with
DEBUG 2026-05-07 22:16:35 ort/utils.py:65 [CLIENT] Observation Sent 1843776/1843776 bytes with state 3
DEBUG 2026-05-07 22:16:35 ort/utils.py:67 [CLIENT] Observation Published 1.75836181640625 MB
DEBUG 2026-05-07 22:16:35 t_client.py:208 Sent observation #0 | 
DEBUG 2026-05-07 22:16:35 t_client.py:418 QUEUE SIZE: 0 (Must go: False)
DEBUG 2026-05-07 22:16:35 t_client.py:461 Control loop (ms): 4.74
DEBUG 2026-05-07 22:16:35 t_client.py:197 Observation serialization time: 0.002175s
DEBUG 2026-05-07 22:16:35 ort/utils.py:50 [CLIENT] Observation Buffer size 1.75836181640625 MB with
DEBUG 2026-05-07 22:16:35 ort/utils.py:65 [CLIENT] Observation Sent 1843776/1843776 bytes with state 3
DEBUG 2026-05-07 22:16:35 ort/utils.py:67 [CLIENT] Observation Published 1.75836181640625 MB
DEBUG 2026-05-07 22:16:35 t_client.py:208 Sent observation #0 | 
DEBUG 2026-05-07 22:16:35 t_client.py:418 QUEUE SIZE: 0 (Must go: False)
DEBUG 2026-05-07 22:16:35 t_client.py:461 Control loop (ms): 4.22
DEBUG 2026-05-07 22:16:35 t_client.py:197 Observation serialization time: 0.002044s
DEBUG 2026-05-07 22:16:35 ort/utils.py:50 [CLIENT] Observation Buffer size 1.75836181640625 MB with
DEBUG 2026-05-07 22:16:35 ort/utils.py:65 [CLIENT] Observation Sent 1843776/1843776 bytes with state 3
DEBUG 2026-05-07 22:16:35 ort/utils.py:67 [CLIENT] Observation Published 1.75836181640625 MB
DEBUG 2026-05-07 22:16:35 t_client.py:208 Sent observation #0 | 
DEBUG 2026-05-07 22:16:35 t_client.py:418 QUEUE SIZE: 0 (Must go: False)
DEBUG 2026-05-07 22:16:35 t_client.py:461 Control loop (ms): 3.84
DEBUG 2026-05-07 22:16:35 t_client.py:197 Observation serialization time: 0.002251s
DEBUG 2026-05-07 22:16:35 ort/utils.py:50 [CLIENT] Observation Buffer size 1.75836181640625 MB with
DEBUG 2026-05-07 22:16:35 ort/utils.py:65 [CLIENT] Observation Sent 1843776/1843776 bytes with state 3
DEBUG 2026-05-07 22:16:35 ort/utils.py:67 [CLIENT] Observation Published 1.75836181640625 MB
DEBUG 2026-05-07 22:16:35 t_client.py:208 Sent observation #0 | 
DEBUG 2026-05-07 22:16:35 t_client.py:418 QUEUE SIZE: 0 (Must go: False)
DEBUG 2026-05-07 22:16:35 t_client.py:461 Control loop (ms): 4.39
DEBUG 2026-05-07 22:16:35 t_client.py:197 Observation serialization time: 0.001952s
DEBUG 2026-05-07 22:16:35 ort/utils.py:50 [CLIENT] Observation Buffer size 1.75836181640625 MB with
DEBUG 2026-05-07 22:16:35 ort/utils.py:65 [CLIENT] Observation Sent 1843776/1843776 bytes with state 3
DEBUG 2026-05-07 22:16:35 ort/utils.py:67 [CLIENT] Observation Published 1.75836181640625 MB
DEBUG 2026-05-07 22:16:35 t_client.py:208 Sent observation #0 | 
DEBUG 2026-05-07 22:16:35 t_client.py:418 QUEUE SIZE: 0 (Must go: False)
DEBUG 2026-05-07 22:16:35 t_client.py:461 Control loop (ms): 3.72
DEBUG 2026-05-07 22:16:35 t_client.py:197 Observation serialization time: 0.002462s
DEBUG 2026-05-07 22:16:35 ort/utils.py:50 [CLIENT] Observation Buffer size 1.75836181640625 MB with
DEBUG 2026-05-07 22:16:35 ort/utils.py:65 [CLIENT] Observation Sent 1843776/1843776 bytes with state 3
DEBUG 2026-05-07 22:16:35 ort/utils.py:67 [CLIENT] Observation Published 1.75836181640625 MB
DEBUG 2026-05-07 22:16:35 t_client.py:208 Sent observation #0 | 
DEBUG 2026-05-07 22:16:35 t_client.py:418 QUEUE SIZE: 0 (Must go: False)
DEBUG 2026-05-07 22:16:35 t_client.py:461 Control loop (ms): 4.19
DEBUG 2026-05-07 22:16:36 t_client.py:197 Observation serialization time: 0.002012s
DEBUG 2026-05-07 22:16:36 ort/utils.py:50 [CLIENT] Observation Buffer size 1.75836181640625 MB with
DEBUG 2026-05-07 22:16:36 ort/utils.py:65 [CLIENT] Observation Sent 1843776/1843776 bytes with state 3
DEBUG 2026-05-07 22:16:36 ort/utils.py:67 [CLIENT] Observation Published 1.75836181640625 MB
DEBUG 2026-05-07 22:16:36 t_client.py:208 Sent observation #0 | 
DEBUG 2026-05-07 22:16:36 t_client.py:418 QUEUE SIZE: 0 (Must go: False)
DEBUG 2026-05-07 22:16:36 t_client.py:461 Control loop (ms): 4.08
DEBUG 2026-05-07 22:16:36 t_client.py:197 Observation serialization time: 0.002002s
DEBUG 2026-05-07 22:16:36 ort/utils.py:50 [CLIENT] Observation Buffer size 1.75836181640625 MB with
DEBUG 2026-05-07 22:16:36 ort/utils.py:65 [CLIENT] Observation Sent 1843776/1843776 bytes with state 3
DEBUG 2026-05-07 22:16:36 ort/utils.py:67 [CLIENT] Observation Published 1.75836181640625 MB
DEBUG 2026-05-07 22:16:36 t_client.py:208 Sent observation #0 | 
DEBUG 2026-05-07 22:16:36 t_client.py:418 QUEUE SIZE: 0 (Must go: False)
DEBUG 2026-05-07 22:16:36 t_client.py:461 Control loop (ms): 3.93
DEBUG 2026-05-07 22:16:36 t_client.py:197 Observation serialization time: 0.001969s
DEBUG 2026-05-07 22:16:36 ort/utils.py:50 [CLIENT] Observation Buffer size 1.75836181640625 MB with
DEBUG 2026-05-07 22:16:36 ort/utils.py:65 [CLIENT] Observation Sent 1843776/1843776 bytes with state 3
DEBUG 2026-05-07 22:16:36 ort/utils.py:67 [CLIENT] Observation Published 1.75836181640625 MB
DEBUG 2026-05-07 22:16:36 t_client.py:208 Sent observation #0 | 
DEBUG 2026-05-07 22:16:36 t_client.py:418 QUEUE SIZE: 0 (Must go: False)
DEBUG 2026-05-07 22:16:36 t_client.py:461 Control loop (ms): 3.85
DEBUG 2026-05-07 22:16:36 t_client.py:197 Observation serialization time: 0.002029s
DEBUG 2026-05-07 22:16:36 ort/utils.py:50 [CLIENT] Observation Buffer size 1.75836181640625 MB with
DEBUG 2026-05-07 22:16:36 ort/utils.py:65 [CLIENT] Observation Sent 1843776/1843776 bytes with state 3
DEBUG 2026-05-07 22:16:36 ort/utils.py:67 [CLIENT] Observation Published 1.75836181640625 MB
DEBUG 2026-05-07 22:16:36 t_client.py:208 Sent observation #0 | 
DEBUG 2026-05-07 22:16:36 t_client.py:418 QUEUE SIZE: 0 (Must go: False)
DEBUG 2026-05-07 22:16:36 t_client.py:461 Control loop (ms): 4.61
DEBUG 2026-05-07 22:16:36 t_client.py:197 Observation serialization time: 0.002049s
DEBUG 2026-05-07 22:16:36 ort/utils.py:50 [CLIENT] Observation Buffer size 1.75836181640625 MB with
DEBUG 2026-05-07 22:16:36 ort/utils.py:65 [CLIENT] Observation Sent 1843776/1843776 bytes with state 3
DEBUG 2026-05-07 22:16:36 ort/utils.py:67 [CLIENT] Observation Published 1.75836181640625 MB
DEBUG 2026-05-07 22:16:36 t_client.py:208 Sent observation #0 | 
DEBUG 2026-05-07 22:16:36 t_client.py:418 QUEUE SIZE: 0 (Must go: False)
DEBUG 2026-05-07 22:16:36 t_client.py:461 Control loop (ms): 4.28
DEBUG 2026-05-07 22:16:36 t_client.py:197 Observation serialization time: 0.002098s
DEBUG 2026-05-07 22:16:36 ort/utils.py:50 [CLIENT] Observation Buffer size 1.75836181640625 MB with
DEBUG 2026-05-07 22:16:36 ort/utils.py:65 [CLIENT] Observation Sent 1843776/1843776 bytes with state 3
DEBUG 2026-05-07 22:16:36 ort/utils.py:67 [CLIENT] Observation Published 1.75836181640625 MB
DEBUG 2026-05-07 22:16:36 t_client.py:208 Sent observation #0 | 
DEBUG 2026-05-07 22:16:36 t_client.py:418 QUEUE SIZE: 0 (Must go: False)
DEBUG 2026-05-07 22:16:36 t_client.py:461 Control loop (ms): 3.96
DEBUG 2026-05-07 22:16:36 t_client.py:197 Observation serialization time: 0.001988s
DEBUG 2026-05-07 22:16:36 ort/utils.py:50 [CLIENT] Observation Buffer size 1.75836181640625 MB with
DEBUG 2026-05-07 22:16:36 ort/utils.py:65 [CLIENT] Observation Sent 1843776/1843776 bytes with state 3
DEBUG 2026-05-07 22:16:36 ort/utils.py:67 [CLIENT] Observation Published 1.75836181640625 MB
DEBUG 2026-05-07 22:16:36 t_client.py:208 Sent observation #0 | 
DEBUG 2026-05-07 22:16:36 t_client.py:418 QUEUE SIZE: 0 (Must go: False)
DEBUG 2026-05-07 22:16:36 t_client.py:461 Control loop (ms): 4.04
DEBUG 2026-05-07 22:16:36 t_client.py:197 Observation serialization time: 0.001954s
DEBUG 2026-05-07 22:16:36 ort/utils.py:50 [CLIENT] Observation Buffer size 1.75836181640625 MB with
DEBUG 2026-05-07 22:16:36 ort/utils.py:65 [CLIENT] Observation Sent 1843776/1843776 bytes with state 3
DEBUG 2026-05-07 22:16:36 ort/utils.py:67 [CLIENT] Observation Published 1.75836181640625 MB
DEBUG 2026-05-07 22:16:36 t_client.py:208 Sent observation #0 | 
DEBUG 2026-05-07 22:16:36 t_client.py:418 QUEUE SIZE: 0 (Must go: False)
DEBUG 2026-05-07 22:16:36 t_client.py:461 Control loop (ms): 3.77
DEBUG 2026-05-07 22:16:36 t_client.py:197 Observation serialization time: 0.001976s
DEBUG 2026-05-07 22:16:36 ort/utils.py:50 [CLIENT] Observation Buffer size 1.75836181640625 MB with
DEBUG 2026-05-07 22:16:36 ort/utils.py:65 [CLIENT] Observation Sent 1843776/1843776 bytes with state 3
DEBUG 2026-05-07 22:16:36 ort/utils.py:67 [CLIENT] Observation Published 1.75836181640625 MB
DEBUG 2026-05-07 22:16:36 t_client.py:208 Sent observation #0 | 
DEBUG 2026-05-07 22:16:36 t_client.py:418 QUEUE SIZE: 0 (Must go: False)
DEBUG 2026-05-07 22:16:36 t_client.py:461 Control loop (ms): 3.82
DEBUG 2026-05-07 22:16:36 t_client.py:197 Observation serialization time: 0.001985s
DEBUG 2026-05-07 22:16:36 ort/utils.py:50 [CLIENT] Observation Buffer size 1.75836181640625 MB with
DEBUG 2026-05-07 22:16:36 ort/utils.py:65 [CLIENT] Observation Sent 1843776/1843776 bytes with state 3
DEBUG 2026-05-07 22:16:36 ort/utils.py:67 [CLIENT] Observation Published 1.75836181640625 MB
DEBUG 2026-05-07 22:16:36 t_client.py:208 Sent observation #0 | 
DEBUG 2026-05-07 22:16:36 t_client.py:418 QUEUE SIZE: 0 (Must go: False)
DEBUG 2026-05-07 22:16:36 t_client.py:461 Control loop (ms): 3.99
DEBUG 2026-05-07 22:16:36 t_client.py:197 Observation serialization time: 0.002008s
DEBUG 2026-05-07 22:16:36 ort/utils.py:50 [CLIENT] Observation Buffer size 1.75836181640625 MB with
DEBUG 2026-05-07 22:16:36 ort/utils.py:65 [CLIENT] Observation Sent 1843776/1843776 bytes with state 3
DEBUG 2026-05-07 22:16:36 ort/utils.py:67 [CLIENT] Observation Published 1.75836181640625 MB
DEBUG 2026-05-07 22:16:36 t_client.py:208 Sent observation #0 | 
DEBUG 2026-05-07 22:16:36 t_client.py:418 QUEUE SIZE: 0 (Must go: False)
DEBUG 2026-05-07 22:16:36 t_client.py:461 Control loop (ms): 3.98
DEBUG 2026-05-07 22:16:36 t_client.py:197 Observation serialization time: 0.001992s
DEBUG 2026-05-07 22:16:36 ort/utils.py:50 [CLIENT] Observation Buffer size 1.75836181640625 MB with
DEBUG 2026-05-07 22:16:36 ort/utils.py:65 [CLIENT] Observation Sent 1843776/1843776 bytes with state 3
DEBUG 2026-05-07 22:16:36 ort/utils.py:67 [CLIENT] Observation Published 1.75836181640625 MB
DEBUG 2026-05-07 22:16:36 t_client.py:208 Sent observation #0 | 
DEBUG 2026-05-07 22:16:36 t_client.py:418 QUEUE SIZE: 0 (Must go: False)
DEBUG 2026-05-07 22:16:36 t_client.py:461 Control loop (ms): 3.91
DEBUG 2026-05-07 22:16:36 t_client.py:197 Observation serialization time: 0.001982s
DEBUG 2026-05-07 22:16:36 ort/utils.py:50 [CLIENT] Observation Buffer size 1.75836181640625 MB with
DEBUG 2026-05-07 22:16:36 ort/utils.py:65 [CLIENT] Observation Sent 1843776/1843776 bytes with state 3
DEBUG 2026-05-07 22:16:36 ort/utils.py:67 [CLIENT] Observation Published 1.75836181640625 MB
DEBUG 2026-05-07 22:16:36 t_client.py:208 Sent observation #0 | 
DEBUG 2026-05-07 22:16:36 t_client.py:418 QUEUE SIZE: 0 (Must go: False)
DEBUG 2026-05-07 22:16:36 t_client.py:461 Control loop (ms): 4.05
DEBUG 2026-05-07 22:16:36 t_client.py:197 Observation serialization time: 0.002183s
DEBUG 2026-05-07 22:16:36 ort/utils.py:50 [CLIENT] Observation Buffer size 1.75836181640625 MB with
DEBUG 2026-05-07 22:16:36 ort/utils.py:65 [CLIENT] Observation Sent 1843776/1843776 bytes with state 3
DEBUG 2026-05-07 22:16:36 ort/utils.py:67 [CLIENT] Observation Published 1.75836181640625 MB
DEBUG 2026-05-07 22:16:36 t_client.py:208 Sent observation #0 | 
DEBUG 2026-05-07 22:16:36 t_client.py:418 QUEUE SIZE: 0 (Must go: False)
DEBUG 2026-05-07 22:16:36 t_client.py:461 Control loop (ms): 4.44
DEBUG 2026-05-07 22:16:36 t_client.py:197 Observation serialization time: 0.002041s
DEBUG 2026-05-07 22:16:36 ort/utils.py:50 [CLIENT] Observation Buffer size 1.75836181640625 MB with
DEBUG 2026-05-07 22:16:36 ort/utils.py:65 [CLIENT] Observation Sent 1843776/1843776 bytes with state 3
DEBUG 2026-05-07 22:16:36 ort/utils.py:67 [CLIENT] Observation Published 1.75836181640625 MB
DEBUG 2026-05-07 22:16:36 t_client.py:208 Sent observation #0 | 
DEBUG 2026-05-07 22:16:36 t_client.py:418 QUEUE SIZE: 0 (Must go: False)
DEBUG 2026-05-07 22:16:36 t_client.py:461 Control loop (ms): 4.03
DEBUG 2026-05-07 22:16:36 t_client.py:197 Observation serialization time: 0.002006s
DEBUG 2026-05-07 22:16:36 ort/utils.py:50 [CLIENT] Observation Buffer size 1.75836181640625 MB with
DEBUG 2026-05-07 22:16:36 ort/utils.py:65 [CLIENT] Observation Sent 1843776/1843776 bytes with state 3
DEBUG 2026-05-07 22:16:36 ort/utils.py:67 [CLIENT] Observation Published 1.75836181640625 MB
DEBUG 2026-05-07 22:16:36 t_client.py:208 Sent observation #0 | 
DEBUG 2026-05-07 22:16:36 t_client.py:418 QUEUE SIZE: 0 (Must go: False)
DEBUG 2026-05-07 22:16:36 t_client.py:461 Control loop (ms): 4.37
DEBUG 2026-05-07 22:16:36 t_client.py:197 Observation serialization time: 0.001997s
DEBUG 2026-05-07 22:16:36 ort/utils.py:50 [CLIENT] Observation Buffer size 1.75836181640625 MB with
DEBUG 2026-05-07 22:16:36 ort/utils.py:65 [CLIENT] Observation Sent 1843776/1843776 bytes with state 3
DEBUG 2026-05-07 22:16:36 ort/utils.py:67 [CLIENT] Observation Published 1.75836181640625 MB
DEBUG 2026-05-07 22:16:36 t_client.py:208 Sent observation #0 | 
DEBUG 2026-05-07 22:16:36 t_client.py:418 QUEUE SIZE: 0 (Must go: False)
DEBUG 2026-05-07 22:16:36 t_client.py:461 Control loop (ms): 3.71
DEBUG 2026-05-07 22:16:36 t_client.py:197 Observation serialization time: 0.002096s
DEBUG 2026-05-07 22:16:36 ort/utils.py:50 [CLIENT] Observation Buffer size 1.75836181640625 MB with
DEBUG 2026-05-07 22:16:36 ort/utils.py:65 [CLIENT] Observation Sent 1843776/1843776 bytes with state 3
DEBUG 2026-05-07 22:16:36 ort/utils.py:67 [CLIENT] Observation Published 1.75836181640625 MB
DEBUG 2026-05-07 22:16:36 t_client.py:208 Sent observation #0 | 
DEBUG 2026-05-07 22:16:36 t_client.py:418 QUEUE SIZE: 0 (Must go: False)
DEBUG 2026-05-07 22:16:36 t_client.py:461 Control loop (ms): 3.94
DEBUG 2026-05-07 22:16:36 t_client.py:197 Observation serialization time: 0.002026s
DEBUG 2026-05-07 22:16:36 ort/utils.py:50 [CLIENT] Observation Buffer size 1.75836181640625 MB with
DEBUG 2026-05-07 22:16:36 ort/utils.py:65 [CLIENT] Observation Sent 1843776/1843776 bytes with state 3
DEBUG 2026-05-07 22:16:36 ort/utils.py:67 [CLIENT] Observation Published 1.75836181640625 MB
DEBUG 2026-05-07 22:16:36 t_client.py:208 Sent observation #0 | 
DEBUG 2026-05-07 22:16:36 t_client.py:418 QUEUE SIZE: 0 (Must go: False)
DEBUG 2026-05-07 22:16:36 t_client.py:461 Control loop (ms): 4.21
DEBUG 2026-05-07 22:16:36 t_client.py:197 Observation serialization time: 0.001994s
DEBUG 2026-05-07 22:16:36 ort/utils.py:50 [CLIENT] Observation Buffer size 1.75836181640625 MB with
DEBUG 2026-05-07 22:16:36 ort/utils.py:65 [CLIENT] Observation Sent 1843776/1843776 bytes with state 3
DEBUG 2026-05-07 22:16:36 ort/utils.py:67 [CLIENT] Observation Published 1.75836181640625 MB
DEBUG 2026-05-07 22:16:36 t_client.py:208 Sent observation #0 | 
DEBUG 2026-05-07 22:16:36 t_client.py:418 QUEUE SIZE: 0 (Must go: False)
DEBUG 2026-05-07 22:16:36 t_client.py:461 Control loop (ms): 3.78
DEBUG 2026-05-07 22:16:36 t_client.py:197 Observation serialization time: 0.002030s
DEBUG 2026-05-07 22:16:36 ort/utils.py:50 [CLIENT] Observation Buffer size 1.75836181640625 MB with
DEBUG 2026-05-07 22:16:36 ort/utils.py:65 [CLIENT] Observation Sent 1843776/1843776 bytes with state 3
DEBUG 2026-05-07 22:16:36 ort/utils.py:67 [CLIENT] Observation Published 1.75836181640625 MB
DEBUG 2026-05-07 22:16:36 t_client.py:208 Sent observation #0 | 
DEBUG 2026-05-07 22:16:36 t_client.py:418 QUEUE SIZE: 0 (Must go: False)
DEBUG 2026-05-07 22:16:36 t_client.py:461 Control loop (ms): 3.97
DEBUG 2026-05-07 22:16:36 t_client.py:197 Observation serialization time: 0.002011s
DEBUG 2026-05-07 22:16:36 ort/utils.py:50 [CLIENT] Observation Buffer size 1.75836181640625 MB with
DEBUG 2026-05-07 22:16:36 ort/utils.py:65 [CLIENT] Observation Sent 1843776/1843776 bytes with state 3
DEBUG 2026-05-07 22:16:36 ort/utils.py:67 [CLIENT] Observation Published 1.75836181640625 MB
DEBUG 2026-05-07 22:16:36 t_client.py:208 Sent observation #0 | 
DEBUG 2026-05-07 22:16:36 t_client.py:418 QUEUE SIZE: 0 (Must go: False)
DEBUG 2026-05-07 22:16:36 t_client.py:461 Control loop (ms): 4.01
DEBUG 2026-05-07 22:16:36 t_client.py:197 Observation serialization time: 0.002008s
DEBUG 2026-05-07 22:16:36 ort/utils.py:50 [CLIENT] Observation Buffer size 1.75836181640625 MB with
DEBUG 2026-05-07 22:16:36 ort/utils.py:65 [CLIENT] Observation Sent 1843776/1843776 bytes with state 3
DEBUG 2026-05-07 22:16:36 ort/utils.py:67 [CLIENT] Observation Published 1.75836181640625 MB
DEBUG 2026-05-07 22:16:36 t_client.py:208 Sent observation #0 | 
DEBUG 2026-05-07 22:16:36 t_client.py:418 QUEUE SIZE: 0 (Must go: False)
DEBUG 2026-05-07 22:16:36 t_client.py:461 Control loop (ms): 3.71
DEBUG 2026-05-07 22:16:36 t_client.py:197 Observation serialization time: 0.002012s
DEBUG 2026-05-07 22:16:36 ort/utils.py:50 [CLIENT] Observation Buffer size 1.75836181640625 MB with
DEBUG 2026-05-07 22:16:36 ort/utils.py:65 [CLIENT] Observation Sent 1843776/1843776 bytes with state 3
DEBUG 2026-05-07 22:16:36 ort/utils.py:67 [CLIENT] Observation Published 1.75836181640625 MB
DEBUG 2026-05-07 22:16:36 t_client.py:208 Sent observation #0 | 
DEBUG 2026-05-07 22:16:36 t_client.py:418 QUEUE SIZE: 0 (Must go: False)
DEBUG 2026-05-07 22:16:36 t_client.py:461 Control loop (ms): 3.82
DEBUG 2026-05-07 22:16:36 t_client.py:197 Observation serialization time: 0.002124s
DEBUG 2026-05-07 22:16:36 ort/utils.py:50 [CLIENT] Observation Buffer size 1.75836181640625 MB with
DEBUG 2026-05-07 22:16:36 ort/utils.py:65 [CLIENT] Observation Sent 1843776/1843776 bytes with state 3
DEBUG 2026-05-07 22:16:36 ort/utils.py:67 [CLIENT] Observation Published 1.75836181640625 MB
DEBUG 2026-05-07 22:16:36 t_client.py:208 Sent observation #0 | 
DEBUG 2026-05-07 22:16:36 t_client.py:418 QUEUE SIZE: 0 (Must go: False)
DEBUG 2026-05-07 22:16:36 t_client.py:461 Control loop (ms): 4.15
DEBUG 2026-05-07 22:16:36 t_client.py:197 Observation serialization time: 0.002095s
DEBUG 2026-05-07 22:16:36 ort/utils.py:50 [CLIENT] Observation Buffer size 1.75836181640625 MB with
DEBUG 2026-05-07 22:16:36 ort/utils.py:65 [CLIENT] Observation Sent 1843776/1843776 bytes with state 3
DEBUG 2026-05-07 22:16:36 ort/utils.py:67 [CLIENT] Observation Published 1.75836181640625 MB
DEBUG 2026-05-07 22:16:36 t_client.py:208 Sent observation #0 | 
DEBUG 2026-05-07 22:16:36 t_client.py:418 QUEUE SIZE: 0 (Must go: False)
DEBUG 2026-05-07 22:16:36 t_client.py:461 Control loop (ms): 4.34
DEBUG 2026-05-07 22:16:36 t_client.py:197 Observation serialization time: 0.002166s
DEBUG 2026-05-07 22:16:36 ort/utils.py:50 [CLIENT] Observation Buffer size 1.75836181640625 MB with
DEBUG 2026-05-07 22:16:36 ort/utils.py:65 [CLIENT] Observation Sent 1843776/1843776 bytes with state 3
DEBUG 2026-05-07 22:16:36 ort/utils.py:67 [CLIENT] Observation Published 1.75836181640625 MB
DEBUG 2026-05-07 22:16:36 t_client.py:208 Sent observation #0 | 
DEBUG 2026-05-07 22:16:36 t_client.py:418 QUEUE SIZE: 0 (Must go: False)
DEBUG 2026-05-07 22:16:36 t_client.py:461 Control loop (ms): 4.53
DEBUG 2026-05-07 22:16:36 t_client.py:197 Observation serialization time: 0.002085s
DEBUG 2026-05-07 22:16:36 ort/utils.py:50 [CLIENT] Observation Buffer size 1.75836181640625 MB with
DEBUG 2026-05-07 22:16:36 ort/utils.py:65 [CLIENT] Observation Sent 1843776/1843776 bytes with state 3
DEBUG 2026-05-07 22:16:36 ort/utils.py:67 [CLIENT] Observation Published 1.75836181640625 MB
DEBUG 2026-05-07 22:16:36 t_client.py:208 Sent observation #0 | 
DEBUG 2026-05-07 22:16:36 t_client.py:418 QUEUE SIZE: 0 (Must go: False)
DEBUG 2026-05-07 22:16:36 t_client.py:461 Control loop (ms): 4.17
DEBUG 2026-05-07 22:16:36 t_client.py:197 Observation serialization time: 0.002366s
DEBUG 2026-05-07 22:16:36 ort/utils.py:50 [CLIENT] Observation Buffer size 1.75836181640625 MB with
DEBUG 2026-05-07 22:16:36 ort/utils.py:65 [CLIENT] Observation Sent 1843776/1843776 bytes with state 3
DEBUG 2026-05-07 22:16:36 ort/utils.py:67 [CLIENT] Observation Published 1.75836181640625 MB
DEBUG 2026-05-07 22:16:36 t_client.py:208 Sent observation #0 | 
DEBUG 2026-05-07 22:16:36 t_client.py:418 QUEUE SIZE: 0 (Must go: False)
DEBUG 2026-05-07 22:16:36 t_client.py:461 Control loop (ms): 4.31
DEBUG 2026-05-07 22:16:36 t_client.py:197 Observation serialization time: 0.002148s
DEBUG 2026-05-07 22:16:36 ort/utils.py:50 [CLIENT] Observation Buffer size 1.75836181640625 MB with
DEBUG 2026-05-07 22:16:36 ort/utils.py:65 [CLIENT] Observation Sent 1843776/1843776 bytes with state 3
DEBUG 2026-05-07 22:16:36 ort/utils.py:67 [CLIENT] Observation Published 1.75836181640625 MB
DEBUG 2026-05-07 22:16:36 t_client.py:208 Sent observation #0 | 
DEBUG 2026-05-07 22:16:36 t_client.py:418 QUEUE SIZE: 0 (Must go: False)
DEBUG 2026-05-07 22:16:36 t_client.py:461 Control loop (ms): 3.92
DEBUG 2026-05-07 22:16:37 t_client.py:197 Observation serialization time: 0.002017s
DEBUG 2026-05-07 22:16:37 ort/utils.py:50 [CLIENT] Observation Buffer size 1.75836181640625 MB with
DEBUG 2026-05-07 22:16:37 ort/utils.py:65 [CLIENT] Observation Sent 1843776/1843776 bytes with state 3
DEBUG 2026-05-07 22:16:37 ort/utils.py:67 [CLIENT] Observation Published 1.75836181640625 MB
DEBUG 2026-05-07 22:16:37 t_client.py:208 Sent observation #0 | 
DEBUG 2026-05-07 22:16:37 t_client.py:418 QUEUE SIZE: 0 (Must go: False)
DEBUG 2026-05-07 22:16:37 t_client.py:461 Control loop (ms): 3.99
DEBUG 2026-05-07 22:16:37 t_client.py:197 Observation serialization time: 0.002038s
DEBUG 2026-05-07 22:16:37 ort/utils.py:50 [CLIENT] Observation Buffer size 1.75836181640625 MB with
DEBUG 2026-05-07 22:16:37 ort/utils.py:65 [CLIENT] Observation Sent 1843776/1843776 bytes with state 3
DEBUG 2026-05-07 22:16:37 ort/utils.py:67 [CLIENT] Observation Published 1.75836181640625 MB
DEBUG 2026-05-07 22:16:37 t_client.py:208 Sent observation #0 | 
DEBUG 2026-05-07 22:16:37 t_client.py:418 QUEUE SIZE: 0 (Must go: False)
DEBUG 2026-05-07 22:16:37 t_client.py:461 Control loop (ms): 3.87
DEBUG 2026-05-07 22:16:37 t_client.py:197 Observation serialization time: 0.001974s
DEBUG 2026-05-07 22:16:37 ort/utils.py:50 [CLIENT] Observation Buffer size 1.75836181640625 MB with
DEBUG 2026-05-07 22:16:37 ort/utils.py:65 [CLIENT] Observation Sent 1843776/1843776 bytes with state 3
DEBUG 2026-05-07 22:16:37 ort/utils.py:67 [CLIENT] Observation Published 1.75836181640625 MB
DEBUG 2026-05-07 22:16:37 t_client.py:208 Sent observation #0 | 
DEBUG 2026-05-07 22:16:37 t_client.py:418 QUEUE SIZE: 0 (Must go: False)
DEBUG 2026-05-07 22:16:37 t_client.py:461 Control loop (ms): 3.76
DEBUG 2026-05-07 22:16:37 t_client.py:197 Observation serialization time: 0.001974s
DEBUG 2026-05-07 22:16:37 ort/utils.py:50 [CLIENT] Observation Buffer size 1.75836181640625 MB with
DEBUG 2026-05-07 22:16:37 ort/utils.py:65 [CLIENT] Observation Sent 1843776/1843776 bytes with state 3
DEBUG 2026-05-07 22:16:37 ort/utils.py:67 [CLIENT] Observation Published 1.75836181640625 MB
DEBUG 2026-05-07 22:16:37 t_client.py:208 Sent observation #0 | 
DEBUG 2026-05-07 22:16:37 t_client.py:418 QUEUE SIZE: 0 (Must go: False)
DEBUG 2026-05-07 22:16:37 t_client.py:461 Control loop (ms): 3.74
DEBUG 2026-05-07 22:16:37 t_client.py:197 Observation serialization time: 0.002009s
DEBUG 2026-05-07 22:16:37 ort/utils.py:50 [CLIENT] Observation Buffer size 1.75836181640625 MB with
DEBUG 2026-05-07 22:16:37 ort/utils.py:65 [CLIENT] Observation Sent 1843776/1843776 bytes with state 3
DEBUG 2026-05-07 22:16:37 ort/utils.py:67 [CLIENT] Observation Published 1.75836181640625 MB
DEBUG 2026-05-07 22:16:37 t_client.py:208 Sent observation #0 | 
DEBUG 2026-05-07 22:16:37 t_client.py:418 QUEUE SIZE: 0 (Must go: False)
DEBUG 2026-05-07 22:16:37 t_client.py:461 Control loop (ms): 3.91
DEBUG 2026-05-07 22:16:37 t_client.py:197 Observation serialization time: 0.001943s
DEBUG 2026-05-07 22:16:37 ort/utils.py:50 [CLIENT] Observation Buffer size 1.75836181640625 MB with
DEBUG 2026-05-07 22:16:37 ort/utils.py:65 [CLIENT] Observation Sent 1843776/1843776 bytes with state 3
DEBUG 2026-05-07 22:16:37 ort/utils.py:67 [CLIENT] Observation Published 1.75836181640625 MB
DEBUG 2026-05-07 22:16:37 t_client.py:208 Sent observation #0 | 
DEBUG 2026-05-07 22:16:37 t_client.py:418 QUEUE SIZE: 0 (Must go: False)
DEBUG 2026-05-07 22:16:37 t_client.py:461 Control loop (ms): 3.77
DEBUG 2026-05-07 22:16:37 t_client.py:197 Observation serialization time: 0.001955s
DEBUG 2026-05-07 22:16:37 ort/utils.py:50 [CLIENT] Observation Buffer size 1.75836181640625 MB with
DEBUG 2026-05-07 22:16:37 ort/utils.py:65 [CLIENT] Observation Sent 1843776/1843776 bytes with state 3
DEBUG 2026-05-07 22:16:37 ort/utils.py:67 [CLIENT] Observation Published 1.75836181640625 MB
DEBUG 2026-05-07 22:16:37 t_client.py:208 Sent observation #0 | 
DEBUG 2026-05-07 22:16:37 t_client.py:418 QUEUE SIZE: 0 (Must go: False)
DEBUG 2026-05-07 22:16:37 t_client.py:461 Control loop (ms): 3.71
DEBUG 2026-05-07 22:16:37 t_client.py:197 Observation serialization time: 0.001978s
DEBUG 2026-05-07 22:16:37 ort/utils.py:50 [CLIENT] Observation Buffer size 1.75836181640625 MB with
DEBUG 2026-05-07 22:16:37 ort/utils.py:65 [CLIENT] Observation Sent 1843776/1843776 bytes with state 3
DEBUG 2026-05-07 22:16:37 ort/utils.py:67 [CLIENT] Observation Published 1.75836181640625 MB
DEBUG 2026-05-07 22:16:37 t_client.py:208 Sent observation #0 | 
DEBUG 2026-05-07 22:16:37 t_client.py:418 QUEUE SIZE: 0 (Must go: False)
DEBUG 2026-05-07 22:16:37 t_client.py:461 Control loop (ms): 3.92
DEBUG 2026-05-07 22:16:37 t_client.py:197 Observation serialization time: 0.001945s
DEBUG 2026-05-07 22:16:37 ort/utils.py:50 [CLIENT] Observation Buffer size 1.75836181640625 MB with
DEBUG 2026-05-07 22:16:37 ort/utils.py:65 [CLIENT] Observation Sent 1843776/1843776 bytes with state 3
DEBUG 2026-05-07 22:16:37 ort/utils.py:67 [CLIENT] Observation Published 1.75836181640625 MB
DEBUG 2026-05-07 22:16:37 t_client.py:208 Sent observation #0 | 
DEBUG 2026-05-07 22:16:37 t_client.py:418 QUEUE SIZE: 0 (Must go: False)
DEBUG 2026-05-07 22:16:37 t_client.py:461 Control loop (ms): 3.68
DEBUG 2026-05-07 22:16:37 t_client.py:197 Observation serialization time: 0.001974s
DEBUG 2026-05-07 22:16:37 ort/utils.py:50 [CLIENT] Observation Buffer size 1.75836181640625 MB with
DEBUG 2026-05-07 22:16:37 ort/utils.py:65 [CLIENT] Observation Sent 1843776/1843776 bytes with state 3
DEBUG 2026-05-07 22:16:37 ort/utils.py:67 [CLIENT] Observation Published 1.75836181640625 MB
DEBUG 2026-05-07 22:16:37 t_client.py:208 Sent observation #0 | 
DEBUG 2026-05-07 22:16:37 t_client.py:418 QUEUE SIZE: 0 (Must go: False)
DEBUG 2026-05-07 22:16:37 t_client.py:461 Control loop (ms): 3.82
DEBUG 2026-05-07 22:16:37 t_client.py:197 Observation serialization time: 0.002063s
DEBUG 2026-05-07 22:16:37 ort/utils.py:50 [CLIENT] Observation Buffer size 1.75836181640625 MB with
DEBUG 2026-05-07 22:16:37 ort/utils.py:65 [CLIENT] Observation Sent 1843776/1843776 bytes with state 3
DEBUG 2026-05-07 22:16:37 ort/utils.py:67 [CLIENT] Observation Published 1.75836181640625 MB
DEBUG 2026-05-07 22:16:37 t_client.py:208 Sent observation #0 | 
DEBUG 2026-05-07 22:16:37 t_client.py:418 QUEUE SIZE: 0 (Must go: False)
DEBUG 2026-05-07 22:16:37 t_client.py:461 Control loop (ms): 3.86
DEBUG 2026-05-07 22:16:37 t_client.py:197 Observation serialization time: 0.002027s
DEBUG 2026-05-07 22:16:37 ort/utils.py:50 [CLIENT] Observation Buffer size 1.75836181640625 MB with
DEBUG 2026-05-07 22:16:37 ort/utils.py:65 [CLIENT] Observation Sent 1843776/1843776 bytes with state 3
DEBUG 2026-05-07 22:16:37 ort/utils.py:67 [CLIENT] Observation Published 1.75836181640625 MB
DEBUG 2026-05-07 22:16:37 t_client.py:208 Sent observation #0 | 
DEBUG 2026-05-07 22:16:37 t_client.py:418 QUEUE SIZE: 0 (Must go: False)
DEBUG 2026-05-07 22:16:37 t_client.py:461 Control loop (ms): 4.05
DEBUG 2026-05-07 22:16:37 t_client.py:197 Observation serialization time: 0.002040s
DEBUG 2026-05-07 22:16:37 ort/utils.py:50 [CLIENT] Observation Buffer size 1.75836181640625 MB with
DEBUG 2026-05-07 22:16:37 ort/utils.py:65 [CLIENT] Observation Sent 1843776/1843776 bytes with state 3
DEBUG 2026-05-07 22:16:37 ort/utils.py:67 [CLIENT] Observation Published 1.75836181640625 MB
DEBUG 2026-05-07 22:16:37 t_client.py:208 Sent observation #0 | 
DEBUG 2026-05-07 22:16:37 t_client.py:418 QUEUE SIZE: 0 (Must go: False)
DEBUG 2026-05-07 22:16:37 t_client.py:461 Control loop (ms): 3.83
DEBUG 2026-05-07 22:16:37 t_client.py:197 Observation serialization time: 0.002189s
DEBUG 2026-05-07 22:16:37 ort/utils.py:50 [CLIENT] Observation Buffer size 1.75836181640625 MB with
DEBUG 2026-05-07 22:16:37 ort/utils.py:65 [CLIENT] Observation Sent 1843776/1843776 bytes with state 3
DEBUG 2026-05-07 22:16:37 ort/utils.py:67 [CLIENT] Observation Published 1.75836181640625 MB
DEBUG 2026-05-07 22:16:37 t_client.py:208 Sent observation #0 | 
DEBUG 2026-05-07 22:16:37 t_client.py:418 QUEUE SIZE: 0 (Must go: False)
DEBUG 2026-05-07 22:16:37 t_client.py:461 Control loop (ms): 4.12
DEBUG 2026-05-07 22:16:37 t_client.py:197 Observation serialization time: 0.001983s
DEBUG 2026-05-07 22:16:37 ort/utils.py:50 [CLIENT] Observation Buffer size 1.75836181640625 MB with
DEBUG 2026-05-07 22:16:37 ort/utils.py:65 [CLIENT] Observation Sent 1843776/1843776 bytes with state 3
DEBUG 2026-05-07 22:16:37 ort/utils.py:67 [CLIENT] Observation Published 1.75836181640625 MB
DEBUG 2026-05-07 22:16:37 t_client.py:208 Sent observation #0 | 
DEBUG 2026-05-07 22:16:37 t_client.py:418 QUEUE SIZE: 0 (Must go: False)
DEBUG 2026-05-07 22:16:37 t_client.py:461 Control loop (ms): 3.82
DEBUG 2026-05-07 22:16:37 t_client.py:197 Observation serialization time: 0.002001s
DEBUG 2026-05-07 22:16:37 ort/utils.py:50 [CLIENT] Observation Buffer size 1.75836181640625 MB with
DEBUG 2026-05-07 22:16:37 ort/utils.py:65 [CLIENT] Observation Sent 1843776/1843776 bytes with state 3
DEBUG 2026-05-07 22:16:37 ort/utils.py:67 [CLIENT] Observation Published 1.75836181640625 MB
DEBUG 2026-05-07 22:16:37 t_client.py:208 Sent observation #0 | 
DEBUG 2026-05-07 22:16:37 t_client.py:418 QUEUE SIZE: 0 (Must go: False)
DEBUG 2026-05-07 22:16:37 t_client.py:461 Control loop (ms): 3.74
DEBUG 2026-05-07 22:16:37 t_client.py:197 Observation serialization time: 0.002008s
DEBUG 2026-05-07 22:16:37 ort/utils.py:50 [CLIENT] Observation Buffer size 1.75836181640625 MB with
DEBUG 2026-05-07 22:16:37 ort/utils.py:65 [CLIENT] Observation Sent 1843776/1843776 bytes with state 3
DEBUG 2026-05-07 22:16:37 ort/utils.py:67 [CLIENT] Observation Published 1.75836181640625 MB
DEBUG 2026-05-07 22:16:37 t_client.py:208 Sent observation #0 | 
DEBUG 2026-05-07 22:16:37 t_client.py:418 QUEUE SIZE: 0 (Must go: False)
DEBUG 2026-05-07 22:16:37 t_client.py:461 Control loop (ms): 3.85
DEBUG 2026-05-07 22:16:37 t_client.py:197 Observation serialization time: 0.002066s
DEBUG 2026-05-07 22:16:37 ort/utils.py:50 [CLIENT] Observation Buffer size 1.75836181640625 MB with
DEBUG 2026-05-07 22:16:37 ort/utils.py:65 [CLIENT] Observation Sent 1843776/1843776 bytes with state 3
DEBUG 2026-05-07 22:16:37 ort/utils.py:67 [CLIENT] Observation Published 1.75836181640625 MB
DEBUG 2026-05-07 22:16:37 t_client.py:208 Sent observation #0 | 
DEBUG 2026-05-07 22:16:37 t_client.py:418 QUEUE SIZE: 0 (Must go: False)
DEBUG 2026-05-07 22:16:37 t_client.py:461 Control loop (ms): 4.08
DEBUG 2026-05-07 22:16:37 t_client.py:197 Observation serialization time: 0.002025s
DEBUG 2026-05-07 22:16:37 ort/utils.py:50 [CLIENT] Observation Buffer size 1.75836181640625 MB with
DEBUG 2026-05-07 22:16:37 ort/utils.py:65 [CLIENT] Observation Sent 1843776/1843776 bytes with state 3
DEBUG 2026-05-07 22:16:37 ort/utils.py:67 [CLIENT] Observation Published 1.75836181640625 MB
DEBUG 2026-05-07 22:16:37 t_client.py:208 Sent observation #0 | 
DEBUG 2026-05-07 22:16:37 t_client.py:418 QUEUE SIZE: 0 (Must go: False)
DEBUG 2026-05-07 22:16:37 t_client.py:461 Control loop (ms): 4.37
DEBUG 2026-05-07 22:16:37 t_client.py:197 Observation serialization time: 0.003811s
DEBUG 2026-05-07 22:16:37 ort/utils.py:50 [CLIENT] Observation Buffer size 1.75836181640625 MB with
DEBUG 2026-05-07 22:16:37 ort/utils.py:65 [CLIENT] Observation Sent 1843776/1843776 bytes with state 3
DEBUG 2026-05-07 22:16:37 ort/utils.py:67 [CLIENT] Observation Published 1.75836181640625 MB
DEBUG 2026-05-07 22:16:37 t_client.py:208 Sent observation #0 | 
DEBUG 2026-05-07 22:16:37 t_client.py:418 QUEUE SIZE: 0 (Must go: False)
DEBUG 2026-05-07 22:16:37 t_client.py:461 Control loop (ms): 6.09
DEBUG 2026-05-07 22:16:37 t_client.py:197 Observation serialization time: 0.002081s
DEBUG 2026-05-07 22:16:37 ort/utils.py:50 [CLIENT] Observation Buffer size 1.75836181640625 MB with
DEBUG 2026-05-07 22:16:37 ort/utils.py:65 [CLIENT] Observation Sent 1843776/1843776 bytes with state 3
DEBUG 2026-05-07 22:16:37 ort/utils.py:67 [CLIENT] Observation Published 1.75836181640625 MB
DEBUG 2026-05-07 22:16:37 t_client.py:208 Sent observation #0 | 
DEBUG 2026-05-07 22:16:37 t_client.py:418 QUEUE SIZE: 0 (Must go: False)
DEBUG 2026-05-07 22:16:37 t_client.py:461 Control loop (ms): 3.95
DEBUG 2026-05-07 22:16:37 t_client.py:197 Observation serialization time: 0.002032s
DEBUG 2026-05-07 22:16:37 ort/utils.py:50 [CLIENT] Observation Buffer size 1.75836181640625 MB with
DEBUG 2026-05-07 22:16:37 ort/utils.py:65 [CLIENT] Observation Sent 1843776/1843776 bytes with state 3
DEBUG 2026-05-07 22:16:37 ort/utils.py:67 [CLIENT] Observation Published 1.75836181640625 MB
DEBUG 2026-05-07 22:16:37 t_client.py:208 Sent observation #0 | 
DEBUG 2026-05-07 22:16:37 t_client.py:418 QUEUE SIZE: 0 (Must go: False)
DEBUG 2026-05-07 22:16:37 t_client.py:461 Control loop (ms): 3.83
DEBUG 2026-05-07 22:16:37 t_client.py:197 Observation serialization time: 0.002006s
DEBUG 2026-05-07 22:16:37 ort/utils.py:50 [CLIENT] Observation Buffer size 1.75836181640625 MB with
DEBUG 2026-05-07 22:16:37 ort/utils.py:65 [CLIENT] Observation Sent 1843776/1843776 bytes with state 3
DEBUG 2026-05-07 22:16:37 ort/utils.py:67 [CLIENT] Observation Published 1.75836181640625 MB
DEBUG 2026-05-07 22:16:37 t_client.py:208 Sent observation #0 | 
DEBUG 2026-05-07 22:16:37 t_client.py:418 QUEUE SIZE: 0 (Must go: False)
DEBUG 2026-05-07 22:16:37 t_client.py:461 Control loop (ms): 3.82
DEBUG 2026-05-07 22:16:37 t_client.py:197 Observation serialization time: 0.002143s
DEBUG 2026-05-07 22:16:37 ort/utils.py:50 [CLIENT] Observation Buffer size 1.75836181640625 MB with
DEBUG 2026-05-07 22:16:37 ort/utils.py:65 [CLIENT] Observation Sent 1843776/1843776 bytes with state 3
DEBUG 2026-05-07 22:16:37 ort/utils.py:67 [CLIENT] Observation Published 1.75836181640625 MB
DEBUG 2026-05-07 22:16:37 t_client.py:208 Sent observation #0 | 
DEBUG 2026-05-07 22:16:37 t_client.py:418 QUEUE SIZE: 0 (Must go: False)
DEBUG 2026-05-07 22:16:37 t_client.py:461 Control loop (ms): 4.11
DEBUG 2026-05-07 22:16:37 t_client.py:197 Observation serialization time: 0.001994s
DEBUG 2026-05-07 22:16:37 ort/utils.py:50 [CLIENT] Observation Buffer size 1.75836181640625 MB with
DEBUG 2026-05-07 22:16:37 ort/utils.py:65 [CLIENT] Observation Sent 1843776/1843776 bytes with state 3
DEBUG 2026-05-07 22:16:37 ort/utils.py:67 [CLIENT] Observation Published 1.75836181640625 MB
DEBUG 2026-05-07 22:16:37 t_client.py:208 Sent observation #0 | 
DEBUG 2026-05-07 22:16:37 t_client.py:418 QUEUE SIZE: 0 (Must go: False)
DEBUG 2026-05-07 22:16:37 t_client.py:461 Control loop (ms): 3.92
DEBUG 2026-05-07 22:16:37 t_client.py:197 Observation serialization time: 0.002019s
DEBUG 2026-05-07 22:16:37 ort/utils.py:50 [CLIENT] Observation Buffer size 1.75836181640625 MB with
DEBUG 2026-05-07 22:16:37 ort/utils.py:65 [CLIENT] Observation Sent 1843776/1843776 bytes with state 3
DEBUG 2026-05-07 22:16:37 ort/utils.py:67 [CLIENT] Observation Published 1.75836181640625 MB
DEBUG 2026-05-07 22:16:37 t_client.py:208 Sent observation #0 | 
DEBUG 2026-05-07 22:16:37 t_client.py:418 QUEUE SIZE: 0 (Must go: False)
DEBUG 2026-05-07 22:16:37 t_client.py:461 Control loop (ms): 3.84
DEBUG 2026-05-07 22:16:37 t_client.py:197 Observation serialization time: 0.002017s
DEBUG 2026-05-07 22:16:37 ort/utils.py:50 [CLIENT] Observation Buffer size 1.75836181640625 MB with
DEBUG 2026-05-07 22:16:37 ort/utils.py:65 [CLIENT] Observation Sent 1843776/1843776 bytes with state 3
DEBUG 2026-05-07 22:16:37 ort/utils.py:67 [CLIENT] Observation Published 1.75836181640625 MB
DEBUG 2026-05-07 22:16:37 t_client.py:208 Sent observation #0 | 
DEBUG 2026-05-07 22:16:37 t_client.py:418 QUEUE SIZE: 0 (Must go: False)
DEBUG 2026-05-07 22:16:37 t_client.py:461 Control loop (ms): 3.77
DEBUG 2026-05-07 22:16:37 t_client.py:197 Observation serialization time: 0.002048s
DEBUG 2026-05-07 22:16:37 ort/utils.py:50 [CLIENT] Observation Buffer size 1.75836181640625 MB with
DEBUG 2026-05-07 22:16:37 ort/utils.py:65 [CLIENT] Observation Sent 1843776/1843776 bytes with state 3
DEBUG 2026-05-07 22:16:37 ort/utils.py:67 [CLIENT] Observation Published 1.75836181640625 MB
DEBUG 2026-05-07 22:16:37 t_client.py:208 Sent observation #0 | 
DEBUG 2026-05-07 22:16:37 t_client.py:418 QUEUE SIZE: 0 (Must go: False)
DEBUG 2026-05-07 22:16:37 t_client.py:461 Control loop (ms): 4.24
DEBUG 2026-05-07 22:16:37 t_client.py:197 Observation serialization time: 0.002527s
DEBUG 2026-05-07 22:16:37 ort/utils.py:50 [CLIENT] Observation Buffer size 1.75836181640625 MB with
DEBUG 2026-05-07 22:16:37 ort/utils.py:65 [CLIENT] Observation Sent 1843776/1843776 bytes with state 3
DEBUG 2026-05-07 22:16:37 ort/utils.py:67 [CLIENT] Observation Published 1.75836181640625 MB
DEBUG 2026-05-07 22:16:37 t_client.py:208 Sent observation #0 | 
DEBUG 2026-05-07 22:16:37 t_client.py:418 QUEUE SIZE: 0 (Must go: False)
DEBUG 2026-05-07 22:16:37 t_client.py:461 Control loop (ms): 5.09
DEBUG 2026-05-07 22:16:37 t_client.py:197 Observation serialization time: 0.002060s
DEBUG 2026-05-07 22:16:37 ort/utils.py:50 [CLIENT] Observation Buffer size 1.75836181640625 MB with
DEBUG 2026-05-07 22:16:38 ort/utils.py:65 [CLIENT] Observation Sent 1843776/1843776 bytes with state 3
DEBUG 2026-05-07 22:16:38 ort/utils.py:67 [CLIENT] Observation Published 1.75836181640625 MB
DEBUG 2026-05-07 22:16:38 t_client.py:208 Sent observation #0 | 
DEBUG 2026-05-07 22:16:38 t_client.py:418 QUEUE SIZE: 0 (Must go: False)
DEBUG 2026-05-07 22:16:38 t_client.py:461 Control loop (ms): 3.92
DEBUG 2026-05-07 22:16:38 t_client.py:197 Observation serialization time: 0.002023s
DEBUG 2026-05-07 22:16:38 ort/utils.py:50 [CLIENT] Observation Buffer size 1.75836181640625 MB with
DEBUG 2026-05-07 22:16:38 ort/utils.py:65 [CLIENT] Observation Sent 1843776/1843776 bytes with state 3
DEBUG 2026-05-07 22:16:38 ort/utils.py:67 [CLIENT] Observation Published 1.75836181640625 MB
DEBUG 2026-05-07 22:16:38 t_client.py:208 Sent observation #0 | 
DEBUG 2026-05-07 22:16:38 t_client.py:418 QUEUE SIZE: 0 (Must go: False)
DEBUG 2026-05-07 22:16:38 t_client.py:461 Control loop (ms): 4.08
DEBUG 2026-05-07 22:16:38 t_client.py:197 Observation serialization time: 0.002009s
DEBUG 2026-05-07 22:16:38 ort/utils.py:50 [CLIENT] Observation Buffer size 1.75836181640625 MB with
DEBUG 2026-05-07 22:16:38 ort/utils.py:65 [CLIENT] Observation Sent 1843776/1843776 bytes with state 3
DEBUG 2026-05-07 22:16:38 ort/utils.py:67 [CLIENT] Observation Published 1.75836181640625 MB
DEBUG 2026-05-07 22:16:38 t_client.py:208 Sent observation #0 | 
DEBUG 2026-05-07 22:16:38 t_client.py:418 QUEUE SIZE: 0 (Must go: False)
DEBUG 2026-05-07 22:16:38 t_client.py:461 Control loop (ms): 3.77
DEBUG 2026-05-07 22:16:38 t_client.py:197 Observation serialization time: 0.001991s
DEBUG 2026-05-07 22:16:38 ort/utils.py:50 [CLIENT] Observation Buffer size 1.75836181640625 MB with
DEBUG 2026-05-07 22:16:38 ort/utils.py:65 [CLIENT] Observation Sent 1843776/1843776 bytes with state 3
DEBUG 2026-05-07 22:16:38 ort/utils.py:67 [CLIENT] Observation Published 1.75836181640625 MB
DEBUG 2026-05-07 22:16:38 t_client.py:208 Sent observation #0 | 
DEBUG 2026-05-07 22:16:38 t_client.py:418 QUEUE SIZE: 0 (Must go: False)
DEBUG 2026-05-07 22:16:38 t_client.py:461 Control loop (ms): 3.96
DEBUG 2026-05-07 22:16:38 t_client.py:197 Observation serialization time: 0.001952s
DEBUG 2026-05-07 22:16:38 ort/utils.py:50 [CLIENT] Observation Buffer size 1.75836181640625 MB with
DEBUG 2026-05-07 22:16:38 ort/utils.py:65 [CLIENT] Observation Sent 1843776/1843776 bytes with state 3
DEBUG 2026-05-07 22:16:38 ort/utils.py:67 [CLIENT] Observation Published 1.75836181640625 MB
DEBUG 2026-05-07 22:16:38 t_client.py:208 Sent observation #0 | 
DEBUG 2026-05-07 22:16:38 t_client.py:418 QUEUE SIZE: 0 (Must go: False)
DEBUG 2026-05-07 22:16:38 t_client.py:461 Control loop (ms): 3.88
DEBUG 2026-05-07 22:16:38 t_client.py:197 Observation serialization time: 0.002583s
DEBUG 2026-05-07 22:16:38 ort/utils.py:50 [CLIENT] Observation Buffer size 1.75836181640625 MB with
DEBUG 2026-05-07 22:16:38 ort/utils.py:65 [CLIENT] Observation Sent 1843776/1843776 bytes with state 3
DEBUG 2026-05-07 22:16:38 ort/utils.py:67 [CLIENT] Observation Published 1.75836181640625 MB
DEBUG 2026-05-07 22:16:38 t_client.py:208 Sent observation #0 | 
DEBUG 2026-05-07 22:16:38 t_client.py:418 QUEUE SIZE: 0 (Must go: False)
DEBUG 2026-05-07 22:16:38 t_client.py:461 Control loop (ms): 4.63
DEBUG 2026-05-07 22:16:38 t_client.py:197 Observation serialization time: 0.002139s
DEBUG 2026-05-07 22:16:38 ort/utils.py:50 [CLIENT] Observation Buffer size 1.75836181640625 MB with
DEBUG 2026-05-07 22:16:38 ort/utils.py:65 [CLIENT] Observation Sent 1843776/1843776 bytes with state 3
DEBUG 2026-05-07 22:16:38 ort/utils.py:67 [CLIENT] Observation Published 1.75836181640625 MB
DEBUG 2026-05-07 22:16:38 t_client.py:208 Sent observation #0 | 
DEBUG 2026-05-07 22:16:38 t_client.py:418 QUEUE SIZE: 0 (Must go: False)
DEBUG 2026-05-07 22:16:38 t_client.py:461 Control loop (ms): 3.86
DEBUG 2026-05-07 22:16:38 t_client.py:197 Observation serialization time: 0.002022s
DEBUG 2026-05-07 22:16:38 ort/utils.py:50 [CLIENT] Observation Buffer size 1.75836181640625 MB with
DEBUG 2026-05-07 22:16:38 ort/utils.py:65 [CLIENT] Observation Sent 1843776/1843776 bytes with state 3
DEBUG 2026-05-07 22:16:38 ort/utils.py:67 [CLIENT] Observation Published 1.75836181640625 MB
ERROR 2026-05-07 22:16:40 t_client.py:343 Error receiving actions: <_InactiveRpcError of RPC that terminated with:
	status = StatusCode.CANCELLED
	details = "CANCELLED"
	debug_error_string = "UNKNOWN:Error received from peer  {grpc_message:"CANCELLED", grpc_status:1}"
>
