INFO 2026-06-07 00:03:54 t_client.py:113 Initializing client to connect to server at 127.0.0.1:8081
INFO 2026-06-07 00:03:54 t_client.py:132 Robot connected and ready
DEBUG 2026-06-07 00:03:54 t_client.py:149 Connected to policy server in 0.0015s
INFO 2026-06-07 00:03:54 t_client.py:155 Sending policy instructions to policy server
DEBUG 2026-06-07 00:03:54 t_client.py:156 Policy type: act | Pretrained name or path: /home/ubuntu/techin517/outputs/train/pick_up_left_pen/checkpoints/100000/pretrained_model | Device: cuda
INFO 2026-06-07 00:03:54 t_client.py:446 Control loop thread starting
INFO 2026-06-07 00:03:54 t_client.py:272 Action receiving thread starting
DEBUG 2026-06-07 00:03:54 t_client.py:197 Observation serialization time: 0.002252s
DEBUG 2026-06-07 00:03:54 ort/utils.py:50 [CLIENT] Observation Buffer size 0.879420280456543 MB with
DEBUG 2026-06-07 00:03:54 ort/utils.py:65 [CLIENT] Observation Sent 922139/922139 bytes with state 3
DEBUG 2026-06-07 00:03:54 ort/utils.py:67 [CLIENT] Observation Published 0.879420280456543 MB
DEBUG 2026-06-07 00:03:54 t_client.py:208 Sent observation #0 | 
DEBUG 2026-06-07 00:03:54 t_client.py:418 QUEUE SIZE: 0 (Must go: True)
DEBUG 2026-06-07 00:03:54 t_client.py:461 Control loop (ms): 5.27
DEBUG 2026-06-07 00:03:54 t_client.py:197 Observation serialization time: 0.003952s
DEBUG 2026-06-07 00:03:54 ort/utils.py:50 [CLIENT] Observation Buffer size 0.879420280456543 MB with
DEBUG 2026-06-07 00:03:54 ort/utils.py:65 [CLIENT] Observation Sent 922139/922139 bytes with state 3
DEBUG 2026-06-07 00:03:54 ort/utils.py:67 [CLIENT] Observation Published 0.879420280456543 MB
DEBUG 2026-06-07 00:03:54 t_client.py:208 Sent observation #0 | 
DEBUG 2026-06-07 00:03:54 t_client.py:418 QUEUE SIZE: 0 (Must go: False)
DEBUG 2026-06-07 00:03:54 t_client.py:461 Control loop (ms): 6.97
DEBUG 2026-06-07 00:03:54 t_client.py:197 Observation serialization time: 0.001842s
DEBUG 2026-06-07 00:03:54 ort/utils.py:50 [CLIENT] Observation Buffer size 0.879420280456543 MB with
DEBUG 2026-06-07 00:03:54 ort/utils.py:65 [CLIENT] Observation Sent 922139/922139 bytes with state 3
DEBUG 2026-06-07 00:03:54 ort/utils.py:67 [CLIENT] Observation Published 0.879420280456543 MB
DEBUG 2026-06-07 00:03:54 t_client.py:208 Sent observation #0 | 
DEBUG 2026-06-07 00:03:54 t_client.py:418 QUEUE SIZE: 0 (Must go: False)
DEBUG 2026-06-07 00:03:54 t_client.py:461 Control loop (ms): 3.14
DEBUG 2026-06-07 00:03:54 t_client.py:197 Observation serialization time: 0.002213s
DEBUG 2026-06-07 00:03:54 ort/utils.py:50 [CLIENT] Observation Buffer size 0.879420280456543 MB with
DEBUG 2026-06-07 00:03:54 ort/utils.py:65 [CLIENT] Observation Sent 922139/922139 bytes with state 3
DEBUG 2026-06-07 00:03:54 ort/utils.py:67 [CLIENT] Observation Published 0.879420280456543 MB
DEBUG 2026-06-07 00:03:54 t_client.py:208 Sent observation #0 | 
DEBUG 2026-06-07 00:03:54 t_client.py:418 QUEUE SIZE: 0 (Must go: False)
DEBUG 2026-06-07 00:03:54 t_client.py:461 Control loop (ms): 4.40
DEBUG 2026-06-07 00:03:54 t_client.py:197 Observation serialization time: 0.003849s
DEBUG 2026-06-07 00:03:54 ort/utils.py:50 [CLIENT] Observation Buffer size 0.879420280456543 MB with
DEBUG 2026-06-07 00:03:54 ort/utils.py:65 [CLIENT] Observation Sent 922139/922139 bytes with state 3
DEBUG 2026-06-07 00:03:54 ort/utils.py:67 [CLIENT] Observation Published 0.879420280456543 MB
DEBUG 2026-06-07 00:03:54 t_client.py:208 Sent observation #0 | 
DEBUG 2026-06-07 00:03:54 t_client.py:418 QUEUE SIZE: 0 (Must go: False)
DEBUG 2026-06-07 00:03:54 t_client.py:461 Control loop (ms): 6.54
DEBUG 2026-06-07 00:03:54 t_client.py:197 Observation serialization time: 0.001869s
DEBUG 2026-06-07 00:03:54 ort/utils.py:50 [CLIENT] Observation Buffer size 0.879420280456543 MB with
DEBUG 2026-06-07 00:03:54 ort/utils.py:65 [CLIENT] Observation Sent 922139/922139 bytes with state 3
DEBUG 2026-06-07 00:03:54 ort/utils.py:67 [CLIENT] Observation Published 0.879420280456543 MB
DEBUG 2026-06-07 00:03:54 t_client.py:208 Sent observation #0 | 
DEBUG 2026-06-07 00:03:54 t_client.py:418 QUEUE SIZE: 0 (Must go: False)
DEBUG 2026-06-07 00:03:54 t_client.py:461 Control loop (ms): 2.88
DEBUG 2026-06-07 00:03:55 t_client.py:197 Observation serialization time: 0.003983s
DEBUG 2026-06-07 00:03:55 ort/utils.py:50 [CLIENT] Observation Buffer size 0.879420280456543 MB with
DEBUG 2026-06-07 00:03:55 ort/utils.py:65 [CLIENT] Observation Sent 922139/922139 bytes with state 3
DEBUG 2026-06-07 00:03:55 ort/utils.py:67 [CLIENT] Observation Published 0.879420280456543 MB
DEBUG 2026-06-07 00:03:55 t_client.py:208 Sent observation #0 | 
DEBUG 2026-06-07 00:03:55 t_client.py:418 QUEUE SIZE: 0 (Must go: False)
DEBUG 2026-06-07 00:03:55 t_client.py:461 Control loop (ms): 5.47
DEBUG 2026-06-07 00:03:55 t_client.py:197 Observation serialization time: 0.002018s
DEBUG 2026-06-07 00:03:55 ort/utils.py:50 [CLIENT] Observation Buffer size 0.879420280456543 MB with
DEBUG 2026-06-07 00:03:55 ort/utils.py:65 [CLIENT] Observation Sent 922139/922139 bytes with state 3
DEBUG 2026-06-07 00:03:55 ort/utils.py:67 [CLIENT] Observation Published 0.879420280456543 MB
DEBUG 2026-06-07 00:03:55 t_client.py:208 Sent observation #0 | 
DEBUG 2026-06-07 00:03:55 t_client.py:418 QUEUE SIZE: 0 (Must go: False)
DEBUG 2026-06-07 00:03:55 t_client.py:461 Control loop (ms): 3.23
DEBUG 2026-06-07 00:03:55 t_client.py:197 Observation serialization time: 0.002499s
DEBUG 2026-06-07 00:03:55 ort/utils.py:50 [CLIENT] Observation Buffer size 0.879420280456543 MB with
DEBUG 2026-06-07 00:03:55 ort/utils.py:65 [CLIENT] Observation Sent 922139/922139 bytes with state 3
DEBUG 2026-06-07 00:03:55 ort/utils.py:67 [CLIENT] Observation Published 0.879420280456543 MB
DEBUG 2026-06-07 00:03:55 t_client.py:208 Sent observation #0 | 
DEBUG 2026-06-07 00:03:55 t_client.py:418 QUEUE SIZE: 0 (Must go: False)
DEBUG 2026-06-07 00:03:55 t_client.py:461 Control loop (ms): 3.60
DEBUG 2026-06-07 00:03:55 t_client.py:197 Observation serialization time: 0.007479s
DEBUG 2026-06-07 00:03:55 ort/utils.py:50 [CLIENT] Observation Buffer size 0.879420280456543 MB with
DEBUG 2026-06-07 00:03:55 ort/utils.py:65 [CLIENT] Observation Sent 922139/922139 bytes with state 3
DEBUG 2026-06-07 00:03:55 ort/utils.py:67 [CLIENT] Observation Published 0.879420280456543 MB
DEBUG 2026-06-07 00:03:55 t_client.py:208 Sent observation #0 | 
DEBUG 2026-06-07 00:03:55 t_client.py:418 QUEUE SIZE: 0 (Must go: False)
DEBUG 2026-06-07 00:03:55 t_client.py:461 Control loop (ms): 9.33
DEBUG 2026-06-07 00:03:55 t_client.py:197 Observation serialization time: 0.001894s
DEBUG 2026-06-07 00:03:55 ort/utils.py:50 [CLIENT] Observation Buffer size 0.879420280456543 MB with
DEBUG 2026-06-07 00:03:55 ort/utils.py:65 [CLIENT] Observation Sent 922139/922139 bytes with state 3
DEBUG 2026-06-07 00:03:55 ort/utils.py:67 [CLIENT] Observation Published 0.879420280456543 MB
DEBUG 2026-06-07 00:03:55 t_client.py:208 Sent observation #0 | 
DEBUG 2026-06-07 00:03:55 t_client.py:418 QUEUE SIZE: 0 (Must go: False)
DEBUG 2026-06-07 00:03:55 t_client.py:461 Control loop (ms): 2.96
DEBUG 2026-06-07 00:03:55 t_client.py:197 Observation serialization time: 0.003513s
DEBUG 2026-06-07 00:03:55 ort/utils.py:50 [CLIENT] Observation Buffer size 0.879420280456543 MB with
DEBUG 2026-06-07 00:03:55 ort/utils.py:65 [CLIENT] Observation Sent 922139/922139 bytes with state 3
DEBUG 2026-06-07 00:03:55 ort/utils.py:67 [CLIENT] Observation Published 0.879420280456543 MB
DEBUG 2026-06-07 00:03:55 t_client.py:208 Sent observation #0 | 
DEBUG 2026-06-07 00:03:55 t_client.py:418 QUEUE SIZE: 0 (Must go: False)
DEBUG 2026-06-07 00:03:55 t_client.py:461 Control loop (ms): 4.54
DEBUG 2026-06-07 00:03:55 t_client.py:197 Observation serialization time: 0.003492s
DEBUG 2026-06-07 00:03:55 ort/utils.py:50 [CLIENT] Observation Buffer size 0.879420280456543 MB with
DEBUG 2026-06-07 00:03:55 ort/utils.py:65 [CLIENT] Observation Sent 922139/922139 bytes with state 3
DEBUG 2026-06-07 00:03:55 ort/utils.py:67 [CLIENT] Observation Published 0.879420280456543 MB
DEBUG 2026-06-07 00:03:55 t_client.py:208 Sent observation #0 | 
DEBUG 2026-06-07 00:03:55 t_client.py:418 QUEUE SIZE: 0 (Must go: False)
DEBUG 2026-06-07 00:03:55 t_client.py:461 Control loop (ms): 10.08
DEBUG 2026-06-07 00:03:55 t_client.py:197 Observation serialization time: 0.002106s
DEBUG 2026-06-07 00:03:55 ort/utils.py:50 [CLIENT] Observation Buffer size 0.879420280456543 MB with
DEBUG 2026-06-07 00:03:55 ort/utils.py:65 [CLIENT] Observation Sent 922139/922139 bytes with state 3
DEBUG 2026-06-07 00:03:55 ort/utils.py:67 [CLIENT] Observation Published 0.879420280456543 MB
DEBUG 2026-06-07 00:03:55 t_client.py:208 Sent observation #0 | 
DEBUG 2026-06-07 00:03:55 t_client.py:418 QUEUE SIZE: 0 (Must go: False)
DEBUG 2026-06-07 00:03:55 t_client.py:461 Control loop (ms): 3.56
DEBUG 2026-06-07 00:03:55 t_client.py:197 Observation serialization time: 0.006866s
DEBUG 2026-06-07 00:03:55 ort/utils.py:50 [CLIENT] Observation Buffer size 0.879420280456543 MB with
DEBUG 2026-06-07 00:03:55 ort/utils.py:65 [CLIENT] Observation Sent 922139/922139 bytes with state 3
DEBUG 2026-06-07 00:03:55 ort/utils.py:67 [CLIENT] Observation Published 0.879420280456543 MB
DEBUG 2026-06-07 00:03:55 t_client.py:208 Sent observation #0 | 
DEBUG 2026-06-07 00:03:55 t_client.py:418 QUEUE SIZE: 0 (Must go: False)
DEBUG 2026-06-07 00:03:55 t_client.py:461 Control loop (ms): 9.38
DEBUG 2026-06-07 00:03:55 t_client.py:197 Observation serialization time: 0.002047s
DEBUG 2026-06-07 00:03:55 ort/utils.py:50 [CLIENT] Observation Buffer size 0.879420280456543 MB with
DEBUG 2026-06-07 00:03:55 ort/utils.py:65 [CLIENT] Observation Sent 922139/922139 bytes with state 3
DEBUG 2026-06-07 00:03:55 ort/utils.py:67 [CLIENT] Observation Published 0.879420280456543 MB
DEBUG 2026-06-07 00:03:55 t_client.py:208 Sent observation #0 | 
DEBUG 2026-06-07 00:03:55 t_client.py:418 QUEUE SIZE: 0 (Must go: False)
DEBUG 2026-06-07 00:03:55 t_client.py:461 Control loop (ms): 3.08
DEBUG 2026-06-07 00:03:55 t_client.py:197 Observation serialization time: 0.002633s
DEBUG 2026-06-07 00:03:55 ort/utils.py:50 [CLIENT] Observation Buffer size 0.879420280456543 MB with
DEBUG 2026-06-07 00:03:55 ort/utils.py:65 [CLIENT] Observation Sent 922139/922139 bytes with state 3
DEBUG 2026-06-07 00:03:55 ort/utils.py:67 [CLIENT] Observation Published 0.879420280456543 MB
DEBUG 2026-06-07 00:03:55 t_client.py:208 Sent observation #0 | 
DEBUG 2026-06-07 00:03:55 t_client.py:418 QUEUE SIZE: 0 (Must go: False)
DEBUG 2026-06-07 00:03:55 t_client.py:461 Control loop (ms): 4.61
DEBUG 2026-06-07 00:03:55 t_client.py:197 Observation serialization time: 0.002584s
DEBUG 2026-06-07 00:03:55 ort/utils.py:50 [CLIENT] Observation Buffer size 0.879420280456543 MB with
DEBUG 2026-06-07 00:03:55 ort/utils.py:65 [CLIENT] Observation Sent 922139/922139 bytes with state 3
DEBUG 2026-06-07 00:03:55 ort/utils.py:67 [CLIENT] Observation Published 0.879420280456543 MB
DEBUG 2026-06-07 00:03:55 t_client.py:208 Sent observation #0 | 
DEBUG 2026-06-07 00:03:55 t_client.py:418 QUEUE SIZE: 0 (Must go: False)
DEBUG 2026-06-07 00:03:55 t_client.py:461 Control loop (ms): 6.17
DEBUG 2026-06-07 00:03:55 t_client.py:197 Observation serialization time: 0.001877s
DEBUG 2026-06-07 00:03:55 ort/utils.py:50 [CLIENT] Observation Buffer size 0.879420280456543 MB with
DEBUG 2026-06-07 00:03:55 ort/utils.py:65 [CLIENT] Observation Sent 922139/922139 bytes with state 3
DEBUG 2026-06-07 00:03:55 ort/utils.py:67 [CLIENT] Observation Published 0.879420280456543 MB
DEBUG 2026-06-07 00:03:55 t_client.py:208 Sent observation #0 | 
DEBUG 2026-06-07 00:03:55 t_client.py:418 QUEUE SIZE: 0 (Must go: False)
DEBUG 2026-06-07 00:03:55 t_client.py:461 Control loop (ms): 2.90
DEBUG 2026-06-07 00:03:55 t_client.py:197 Observation serialization time: 0.003625s
DEBUG 2026-06-07 00:03:55 ort/utils.py:50 [CLIENT] Observation Buffer size 0.879420280456543 MB with
DEBUG 2026-06-07 00:03:55 ort/utils.py:65 [CLIENT] Observation Sent 922139/922139 bytes with state 3
DEBUG 2026-06-07 00:03:55 ort/utils.py:67 [CLIENT] Observation Published 0.879420280456543 MB
DEBUG 2026-06-07 00:03:55 t_client.py:208 Sent observation #0 | 
DEBUG 2026-06-07 00:03:55 t_client.py:418 QUEUE SIZE: 0 (Must go: False)
DEBUG 2026-06-07 00:03:55 t_client.py:461 Control loop (ms): 7.83
DEBUG 2026-06-07 00:03:55 t_client.py:197 Observation serialization time: 0.001886s
DEBUG 2026-06-07 00:03:55 ort/utils.py:50 [CLIENT] Observation Buffer size 0.879420280456543 MB with
DEBUG 2026-06-07 00:03:55 ort/utils.py:65 [CLIENT] Observation Sent 922139/922139 bytes with state 3
DEBUG 2026-06-07 00:03:55 ort/utils.py:67 [CLIENT] Observation Published 0.879420280456543 MB
DEBUG 2026-06-07 00:03:55 t_client.py:208 Sent observation #0 | 
DEBUG 2026-06-07 00:03:55 t_client.py:418 QUEUE SIZE: 0 (Must go: False)
DEBUG 2026-06-07 00:03:55 t_client.py:461 Control loop (ms): 3.21
DEBUG 2026-06-07 00:03:55 t_client.py:197 Observation serialization time: 0.002030s
DEBUG 2026-06-07 00:03:55 ort/utils.py:50 [CLIENT] Observation Buffer size 0.879420280456543 MB with
DEBUG 2026-06-07 00:03:55 ort/utils.py:65 [CLIENT] Observation Sent 922139/922139 bytes with state 3
DEBUG 2026-06-07 00:03:55 ort/utils.py:67 [CLIENT] Observation Published 0.879420280456543 MB
DEBUG 2026-06-07 00:03:55 t_client.py:208 Sent observation #0 | 
DEBUG 2026-06-07 00:03:55 t_client.py:418 QUEUE SIZE: 0 (Must go: False)
DEBUG 2026-06-07 00:03:55 t_client.py:461 Control loop (ms): 3.41
DEBUG 2026-06-07 00:03:55 t_client.py:197 Observation serialization time: 0.003644s
DEBUG 2026-06-07 00:03:55 ort/utils.py:50 [CLIENT] Observation Buffer size 0.879420280456543 MB with
DEBUG 2026-06-07 00:03:55 ort/utils.py:65 [CLIENT] Observation Sent 922139/922139 bytes with state 3
DEBUG 2026-06-07 00:03:55 ort/utils.py:67 [CLIENT] Observation Published 0.879420280456543 MB
DEBUG 2026-06-07 00:03:55 t_client.py:208 Sent observation #0 | 
DEBUG 2026-06-07 00:03:55 t_client.py:418 QUEUE SIZE: 0 (Must go: False)
DEBUG 2026-06-07 00:03:55 t_client.py:461 Control loop (ms): 7.37
DEBUG 2026-06-07 00:03:55 t_client.py:197 Observation serialization time: 0.001764s
DEBUG 2026-06-07 00:03:55 ort/utils.py:50 [CLIENT] Observation Buffer size 0.879420280456543 MB with
DEBUG 2026-06-07 00:03:55 ort/utils.py:65 [CLIENT] Observation Sent 922139/922139 bytes with state 3
DEBUG 2026-06-07 00:03:55 ort/utils.py:67 [CLIENT] Observation Published 0.879420280456543 MB
DEBUG 2026-06-07 00:03:55 t_client.py:208 Sent observation #0 | 
DEBUG 2026-06-07 00:03:55 t_client.py:418 QUEUE SIZE: 0 (Must go: False)
DEBUG 2026-06-07 00:03:55 t_client.py:461 Control loop (ms): 2.82
DEBUG 2026-06-07 00:03:55 t_client.py:197 Observation serialization time: 0.003279s
DEBUG 2026-06-07 00:03:55 ort/utils.py:50 [CLIENT] Observation Buffer size 0.879420280456543 MB with
DEBUG 2026-06-07 00:03:55 ort/utils.py:65 [CLIENT] Observation Sent 922139/922139 bytes with state 3
DEBUG 2026-06-07 00:03:55 ort/utils.py:67 [CLIENT] Observation Published 0.879420280456543 MB
DEBUG 2026-06-07 00:03:55 t_client.py:208 Sent observation #0 | 
DEBUG 2026-06-07 00:03:55 t_client.py:418 QUEUE SIZE: 0 (Must go: False)
DEBUG 2026-06-07 00:03:55 t_client.py:461 Control loop (ms): 5.09
DEBUG 2026-06-07 00:03:55 t_client.py:197 Observation serialization time: 0.001908s
DEBUG 2026-06-07 00:03:55 ort/utils.py:50 [CLIENT] Observation Buffer size 0.879420280456543 MB with
DEBUG 2026-06-07 00:03:55 ort/utils.py:65 [CLIENT] Observation Sent 922139/922139 bytes with state 3
DEBUG 2026-06-07 00:03:55 ort/utils.py:67 [CLIENT] Observation Published 0.879420280456543 MB
DEBUG 2026-06-07 00:03:55 t_client.py:208 Sent observation #0 | 
DEBUG 2026-06-07 00:03:55 t_client.py:418 QUEUE SIZE: 0 (Must go: False)
DEBUG 2026-06-07 00:03:55 t_client.py:461 Control loop (ms): 3.07
DEBUG 2026-06-07 00:03:55 t_client.py:197 Observation serialization time: 0.001799s
DEBUG 2026-06-07 00:03:55 ort/utils.py:50 [CLIENT] Observation Buffer size 0.879420280456543 MB with
DEBUG 2026-06-07 00:03:55 ort/utils.py:65 [CLIENT] Observation Sent 922139/922139 bytes with state 3
DEBUG 2026-06-07 00:03:55 ort/utils.py:67 [CLIENT] Observation Published 0.879420280456543 MB
DEBUG 2026-06-07 00:03:55 t_client.py:208 Sent observation #0 | 
DEBUG 2026-06-07 00:03:55 t_client.py:418 QUEUE SIZE: 0 (Must go: False)
DEBUG 2026-06-07 00:03:55 t_client.py:461 Control loop (ms): 3.64
DEBUG 2026-06-07 00:03:55 t_client.py:197 Observation serialization time: 0.003781s
DEBUG 2026-06-07 00:03:55 ort/utils.py:50 [CLIENT] Observation Buffer size 0.879420280456543 MB with
DEBUG 2026-06-07 00:03:55 ort/utils.py:65 [CLIENT] Observation Sent 922139/922139 bytes with state 3
DEBUG 2026-06-07 00:03:55 ort/utils.py:67 [CLIENT] Observation Published 0.879420280456543 MB
DEBUG 2026-06-07 00:03:55 t_client.py:208 Sent observation #0 | 
DEBUG 2026-06-07 00:03:55 t_client.py:418 QUEUE SIZE: 0 (Must go: False)
DEBUG 2026-06-07 00:03:55 t_client.py:461 Control loop (ms): 5.35
DEBUG 2026-06-07 00:03:55 t_client.py:197 Observation serialization time: 0.003125s
DEBUG 2026-06-07 00:03:55 ort/utils.py:50 [CLIENT] Observation Buffer size 0.879420280456543 MB with
DEBUG 2026-06-07 00:03:55 ort/utils.py:65 [CLIENT] Observation Sent 922139/922139 bytes with state 3
DEBUG 2026-06-07 00:03:55 ort/utils.py:67 [CLIENT] Observation Published 0.879420280456543 MB
DEBUG 2026-06-07 00:03:55 t_client.py:208 Sent observation #0 | 
DEBUG 2026-06-07 00:03:55 t_client.py:418 QUEUE SIZE: 0 (Must go: False)
DEBUG 2026-06-07 00:03:55 t_client.py:461 Control loop (ms): 6.38
DEBUG 2026-06-07 00:03:55 t_client.py:197 Observation serialization time: 0.001728s
DEBUG 2026-06-07 00:03:55 ort/utils.py:50 [CLIENT] Observation Buffer size 0.879420280456543 MB with
DEBUG 2026-06-07 00:03:55 ort/utils.py:65 [CLIENT] Observation Sent 922139/922139 bytes with state 3
DEBUG 2026-06-07 00:03:55 ort/utils.py:67 [CLIENT] Observation Published 0.879420280456543 MB
DEBUG 2026-06-07 00:03:55 t_client.py:208 Sent observation #0 | 
DEBUG 2026-06-07 00:03:55 t_client.py:418 QUEUE SIZE: 0 (Must go: False)
DEBUG 2026-06-07 00:03:55 t_client.py:461 Control loop (ms): 3.04
DEBUG 2026-06-07 00:03:55 t_client.py:197 Observation serialization time: 0.002335s
DEBUG 2026-06-07 00:03:55 ort/utils.py:50 [CLIENT] Observation Buffer size 0.879420280456543 MB with
DEBUG 2026-06-07 00:03:55 ort/utils.py:65 [CLIENT] Observation Sent 922139/922139 bytes with state 3
DEBUG 2026-06-07 00:03:55 ort/utils.py:67 [CLIENT] Observation Published 0.879420280456543 MB
DEBUG 2026-06-07 00:03:55 t_client.py:208 Sent observation #0 | 
DEBUG 2026-06-07 00:03:55 t_client.py:418 QUEUE SIZE: 0 (Must go: False)
DEBUG 2026-06-07 00:03:55 t_client.py:461 Control loop (ms): 10.37
DEBUG 2026-06-07 00:03:55 t_client.py:197 Observation serialization time: 0.002014s
DEBUG 2026-06-07 00:03:55 ort/utils.py:50 [CLIENT] Observation Buffer size 0.879420280456543 MB with
DEBUG 2026-06-07 00:03:55 ort/utils.py:65 [CLIENT] Observation Sent 922139/922139 bytes with state 3
DEBUG 2026-06-07 00:03:55 ort/utils.py:67 [CLIENT] Observation Published 0.879420280456543 MB
DEBUG 2026-06-07 00:03:55 t_client.py:208 Sent observation #0 | 
DEBUG 2026-06-07 00:03:55 t_client.py:418 QUEUE SIZE: 0 (Must go: False)
DEBUG 2026-06-07 00:03:55 t_client.py:461 Control loop (ms): 11.43
DEBUG 2026-06-07 00:03:55 t_client.py:461 Control loop (ms): 1.29
DEBUG 2026-06-07 00:03:55 t_client.py:461 Control loop (ms): 0.32
DEBUG 2026-06-07 00:03:55 t_client.py:461 Control loop (ms): 0.25
DEBUG 2026-06-07 00:03:55 t_client.py:461 Control loop (ms): 0.22
DEBUG 2026-06-07 00:03:55 t_client.py:461 Control loop (ms): 9.46
DEBUG 2026-06-07 00:03:55 t_client.py:461 Control loop (ms): 11.22
DEBUG 2026-06-07 00:03:55 t_client.py:461 Control loop (ms): 0.15
DEBUG 2026-06-07 00:03:55 t_client.py:461 Control loop (ms): 0.29
DEBUG 2026-06-07 00:03:55 t_client.py:461 Control loop (ms): 0.35
DEBUG 2026-06-07 00:03:55 t_client.py:461 Control loop (ms): 0.19
DEBUG 2026-06-07 00:03:55 t_client.py:461 Control loop (ms): 0.27
DEBUG 2026-06-07 00:03:55 t_client.py:461 Control loop (ms): 0.26
DEBUG 2026-06-07 00:03:55 t_client.py:461 Control loop (ms): 0.23
DEBUG 2026-06-07 00:03:55 t_client.py:461 Control loop (ms): 0.27
DEBUG 2026-06-07 00:03:55 t_client.py:461 Control loop (ms): 0.18
DEBUG 2026-06-07 00:03:55 t_client.py:461 Control loop (ms): 0.18
DEBUG 2026-06-07 00:03:55 t_client.py:461 Control loop (ms): 0.28
DEBUG 2026-06-07 00:03:55 t_client.py:461 Control loop (ms): 0.19
DEBUG 2026-06-07 00:03:55 t_client.py:461 Control loop (ms): 0.21
DEBUG 2026-06-07 00:03:55 t_client.py:461 Control loop (ms): 0.28
DEBUG 2026-06-07 00:03:55 t_client.py:461 Control loop (ms): 0.27
DEBUG 2026-06-07 00:03:55 t_client.py:461 Control loop (ms): 0.20
DEBUG 2026-06-07 00:03:55 t_client.py:461 Control loop (ms): 0.20
DEBUG 2026-06-07 00:03:55 t_client.py:461 Control loop (ms): 0.18
DEBUG 2026-06-07 00:03:55 t_client.py:461 Control loop (ms): 0.18
DEBUG 2026-06-07 00:03:55 t_client.py:197 Observation serialization time: 0.001835s
DEBUG 2026-06-07 00:03:55 ort/utils.py:50 [CLIENT] Observation Buffer size 0.879420280456543 MB with
DEBUG 2026-06-07 00:03:55 ort/utils.py:65 [CLIENT] Observation Sent 922139/922139 bytes with state 3
DEBUG 2026-06-07 00:03:55 ort/utils.py:67 [CLIENT] Observation Published 0.879420280456543 MB
DEBUG 2026-06-07 00:03:55 t_client.py:208 Sent observation #24 | 
DEBUG 2026-06-07 00:03:55 t_client.py:418 QUEUE SIZE: 25 (Must go: False)
DEBUG 2026-06-07 00:03:55 t_client.py:461 Control loop (ms): 3.88
DEBUG 2026-06-07 00:03:55 t_client.py:197 Observation serialization time: 0.002054s
DEBUG 2026-06-07 00:03:55 ort/utils.py:50 [CLIENT] Observation Buffer size 0.879420280456543 MB with
DEBUG 2026-06-07 00:03:55 ort/utils.py:65 [CLIENT] Observation Sent 922139/922139 bytes with state 3
DEBUG 2026-06-07 00:03:55 ort/utils.py:67 [CLIENT] Observation Published 0.879420280456543 MB
DEBUG 2026-06-07 00:03:55 t_client.py:208 Sent observation #25 | 
DEBUG 2026-06-07 00:03:55 t_client.py:418 QUEUE SIZE: 24 (Must go: False)
DEBUG 2026-06-07 00:03:55 t_client.py:461 Control loop (ms): 4.00
DEBUG 2026-06-07 00:03:55 t_client.py:197 Observation serialization time: 0.001935s
DEBUG 2026-06-07 00:03:55 ort/utils.py:50 [CLIENT] Observation Buffer size 0.879420280456543 MB with
DEBUG 2026-06-07 00:03:55 ort/utils.py:65 [CLIENT] Observation Sent 922139/922139 bytes with state 3
DEBUG 2026-06-07 00:03:55 ort/utils.py:67 [CLIENT] Observation Published 0.879420280456543 MB
DEBUG 2026-06-07 00:03:55 t_client.py:208 Sent observation #26 | 
DEBUG 2026-06-07 00:03:55 t_client.py:418 QUEUE SIZE: 23 (Must go: False)
DEBUG 2026-06-07 00:03:55 t_client.py:461 Control loop (ms): 3.23
DEBUG 2026-06-07 00:03:55 t_client.py:197 Observation serialization time: 0.001745s
DEBUG 2026-06-07 00:03:55 ort/utils.py:50 [CLIENT] Observation Buffer size 0.879420280456543 MB with
DEBUG 2026-06-07 00:03:55 ort/utils.py:65 [CLIENT] Observation Sent 922139/922139 bytes with state 3
DEBUG 2026-06-07 00:03:55 ort/utils.py:67 [CLIENT] Observation Published 0.879420280456543 MB
DEBUG 2026-06-07 00:03:55 t_client.py:208 Sent observation #27 | 
DEBUG 2026-06-07 00:03:55 t_client.py:418 QUEUE SIZE: 22 (Must go: False)
DEBUG 2026-06-07 00:03:55 t_client.py:461 Control loop (ms): 22.70
DEBUG 2026-06-07 00:03:55 t_client.py:197 Observation serialization time: 0.002154s
DEBUG 2026-06-07 00:03:55 ort/utils.py:50 [CLIENT] Observation Buffer size 0.879420280456543 MB with
DEBUG 2026-06-07 00:03:55 ort/utils.py:65 [CLIENT] Observation Sent 922139/922139 bytes with state 3
DEBUG 2026-06-07 00:03:55 ort/utils.py:67 [CLIENT] Observation Published 0.879420280456543 MB
DEBUG 2026-06-07 00:03:55 t_client.py:208 Sent observation #28 | 
DEBUG 2026-06-07 00:03:55 t_client.py:418 QUEUE SIZE: 21 (Must go: False)
DEBUG 2026-06-07 00:03:55 t_client.py:461 Control loop (ms): 12.83
DEBUG 2026-06-07 00:03:55 t_client.py:461 Control loop (ms): 0.55
DEBUG 2026-06-07 00:03:55 t_client.py:461 Control loop (ms): 0.36
DEBUG 2026-06-07 00:03:55 t_client.py:461 Control loop (ms): 0.30
DEBUG 2026-06-07 00:03:55 t_client.py:461 Control loop (ms): 9.01
DEBUG 2026-06-07 00:03:55 t_client.py:461 Control loop (ms): 2.10
DEBUG 2026-06-07 00:03:55 t_client.py:461 Control loop (ms): 0.24
DEBUG 2026-06-07 00:03:55 t_client.py:461 Control loop (ms): 0.33
DEBUG 2026-06-07 00:03:55 t_client.py:461 Control loop (ms): 0.40
DEBUG 2026-06-07 00:03:55 t_client.py:461 Control loop (ms): 0.27
DEBUG 2026-06-07 00:03:55 t_client.py:461 Control loop (ms): 0.26
DEBUG 2026-06-07 00:03:55 t_client.py:461 Control loop (ms): 0.23
DEBUG 2026-06-07 00:03:55 t_client.py:461 Control loop (ms): 0.20
DEBUG 2026-06-07 00:03:55 t_client.py:461 Control loop (ms): 0.27
DEBUG 2026-06-07 00:03:55 t_client.py:461 Control loop (ms): 0.24
DEBUG 2026-06-07 00:03:55 t_client.py:461 Control loop (ms): 0.20
DEBUG 2026-06-07 00:03:55 t_client.py:461 Control loop (ms): 0.24
DEBUG 2026-06-07 00:03:55 t_client.py:461 Control loop (ms): 0.30
DEBUG 2026-06-07 00:03:55 t_client.py:461 Control loop (ms): 0.19
DEBUG 2026-06-07 00:03:55 t_client.py:461 Control loop (ms): 0.32
DEBUG 2026-06-07 00:03:55 t_client.py:461 Control loop (ms): 0.23
DEBUG 2026-06-07 00:03:55 t_client.py:461 Control loop (ms): 0.20
DEBUG 2026-06-07 00:03:55 t_client.py:461 Control loop (ms): 0.16
DEBUG 2026-06-07 00:03:55 t_client.py:461 Control loop (ms): 0.20
DEBUG 2026-06-07 00:03:55 t_client.py:461 Control loop (ms): 0.24
DEBUG 2026-06-07 00:03:55 t_client.py:197 Observation serialization time: 0.001900s
DEBUG 2026-06-07 00:03:55 ort/utils.py:50 [CLIENT] Observation Buffer size 0.879420280456543 MB with
DEBUG 2026-06-07 00:03:55 ort/utils.py:65 [CLIENT] Observation Sent 922139/922139 bytes with state 3
DEBUG 2026-06-07 00:03:55 ort/utils.py:67 [CLIENT] Observation Published 0.879420280456543 MB
DEBUG 2026-06-07 00:03:55 t_client.py:208 Sent observation #52 | 
DEBUG 2026-06-07 00:03:55 t_client.py:418 QUEUE SIZE: 25 (Must go: False)
DEBUG 2026-06-07 00:03:55 t_client.py:461 Control loop (ms): 3.89
DEBUG 2026-06-07 00:03:55 t_client.py:197 Observation serialization time: 0.002380s
DEBUG 2026-06-07 00:03:55 ort/utils.py:50 [CLIENT] Observation Buffer size 0.879420280456543 MB with
DEBUG 2026-06-07 00:03:55 ort/utils.py:65 [CLIENT] Observation Sent 922139/922139 bytes with state 3
DEBUG 2026-06-07 00:03:55 ort/utils.py:67 [CLIENT] Observation Published 0.879420280456543 MB
DEBUG 2026-06-07 00:03:55 t_client.py:208 Sent observation #53 | 
DEBUG 2026-06-07 00:03:55 t_client.py:418 QUEUE SIZE: 24 (Must go: False)
DEBUG 2026-06-07 00:03:55 t_client.py:461 Control loop (ms): 15.41
DEBUG 2026-06-07 00:03:55 t_client.py:197 Observation serialization time: 0.002803s
DEBUG 2026-06-07 00:03:55 ort/utils.py:50 [CLIENT] Observation Buffer size 0.879420280456543 MB with
DEBUG 2026-06-07 00:03:55 ort/utils.py:65 [CLIENT] Observation Sent 922139/922139 bytes with state 3
DEBUG 2026-06-07 00:03:55 ort/utils.py:67 [CLIENT] Observation Published 0.879420280456543 MB
DEBUG 2026-06-07 00:03:55 t_client.py:208 Sent observation #54 | 
DEBUG 2026-06-07 00:03:55 t_client.py:418 QUEUE SIZE: 23 (Must go: False)
DEBUG 2026-06-07 00:03:55 t_client.py:461 Control loop (ms): 8.79
DEBUG 2026-06-07 00:03:55 t_client.py:461 Control loop (ms): 0.25
DEBUG 2026-06-07 00:03:56 t_client.py:461 Control loop (ms): 0.31
DEBUG 2026-06-07 00:03:56 t_client.py:461 Control loop (ms): 0.22
DEBUG 2026-06-07 00:03:56 t_client.py:461 Control loop (ms): 0.19
DEBUG 2026-06-07 00:03:56 t_client.py:461 Control loop (ms): 0.29
DEBUG 2026-06-07 00:03:56 t_client.py:461 Control loop (ms): 0.23
DEBUG 2026-06-07 00:03:56 t_client.py:461 Control loop (ms): 0.19
DEBUG 2026-06-07 00:03:56 t_client.py:461 Control loop (ms): 0.20
DEBUG 2026-06-07 00:03:56 t_client.py:461 Control loop (ms): 0.25
DEBUG 2026-06-07 00:03:56 t_client.py:461 Control loop (ms): 0.19
DEBUG 2026-06-07 00:03:56 t_client.py:461 Control loop (ms): 0.28
DEBUG 2026-06-07 00:03:56 t_client.py:461 Control loop (ms): 0.20
DEBUG 2026-06-07 00:03:56 t_client.py:461 Control loop (ms): 0.20
DEBUG 2026-06-07 00:03:56 t_client.py:461 Control loop (ms): 0.24
DEBUG 2026-06-07 00:03:56 t_client.py:461 Control loop (ms): 0.24
DEBUG 2026-06-07 00:03:56 t_client.py:461 Control loop (ms): 0.33
DEBUG 2026-06-07 00:03:56 t_client.py:461 Control loop (ms): 0.19
DEBUG 2026-06-07 00:03:56 t_client.py:461 Control loop (ms): 0.23
DEBUG 2026-06-07 00:03:56 t_client.py:461 Control loop (ms): 0.20
DEBUG 2026-06-07 00:03:56 t_client.py:461 Control loop (ms): 0.20
DEBUG 2026-06-07 00:03:56 t_client.py:461 Control loop (ms): 0.21
DEBUG 2026-06-07 00:03:56 t_client.py:197 Observation serialization time: 0.001774s
DEBUG 2026-06-07 00:03:56 ort/utils.py:50 [CLIENT] Observation Buffer size 0.879420280456543 MB with
DEBUG 2026-06-07 00:03:56 ort/utils.py:65 [CLIENT] Observation Sent 922139/922139 bytes with state 3
DEBUG 2026-06-07 00:03:56 ort/utils.py:67 [CLIENT] Observation Published 0.879420280456543 MB
DEBUG 2026-06-07 00:03:56 t_client.py:208 Sent observation #76 | 
DEBUG 2026-06-07 00:03:56 t_client.py:418 QUEUE SIZE: 25 (Must go: False)
DEBUG 2026-06-07 00:03:56 t_client.py:461 Control loop (ms): 3.76
DEBUG 2026-06-07 00:03:56 t_client.py:197 Observation serialization time: 0.002145s
DEBUG 2026-06-07 00:03:56 ort/utils.py:50 [CLIENT] Observation Buffer size 0.879420280456543 MB with
DEBUG 2026-06-07 00:03:56 ort/utils.py:65 [CLIENT] Observation Sent 922139/922139 bytes with state 3
DEBUG 2026-06-07 00:03:56 ort/utils.py:67 [CLIENT] Observation Published 0.879420280456543 MB
DEBUG 2026-06-07 00:03:56 t_client.py:208 Sent observation #77 | 
DEBUG 2026-06-07 00:03:56 t_client.py:418 QUEUE SIZE: 24 (Must go: False)
DEBUG 2026-06-07 00:03:56 t_client.py:461 Control loop (ms): 20.31
DEBUG 2026-06-07 00:03:56 t_client.py:197 Observation serialization time: 0.002235s
DEBUG 2026-06-07 00:03:56 ort/utils.py:50 [CLIENT] Observation Buffer size 0.879420280456543 MB with
DEBUG 2026-06-07 00:03:56 ort/utils.py:65 [CLIENT] Observation Sent 922139/922139 bytes with state 3
DEBUG 2026-06-07 00:03:56 ort/utils.py:67 [CLIENT] Observation Published 0.879420280456543 MB
DEBUG 2026-06-07 00:03:56 t_client.py:208 Sent observation #78 | 
DEBUG 2026-06-07 00:03:56 t_client.py:418 QUEUE SIZE: 23 (Must go: False)
DEBUG 2026-06-07 00:03:56 t_client.py:461 Control loop (ms): 6.37
DEBUG 2026-06-07 00:03:56 t_client.py:461 Control loop (ms): 0.39
DEBUG 2026-06-07 00:03:56 t_client.py:461 Control loop (ms): 0.26
DEBUG 2026-06-07 00:03:56 t_client.py:461 Control loop (ms): 0.24
DEBUG 2026-06-07 00:03:56 t_client.py:461 Control loop (ms): 1.37
DEBUG 2026-06-07 00:03:56 t_client.py:461 Control loop (ms): 0.38
DEBUG 2026-06-07 00:03:56 t_client.py:461 Control loop (ms): 1.67
DEBUG 2026-06-07 00:03:56 t_client.py:461 Control loop (ms): 0.26
DEBUG 2026-06-07 00:03:56 t_client.py:461 Control loop (ms): 8.63
DEBUG 2026-06-07 00:03:56 t_client.py:461 Control loop (ms): 2.58
DEBUG 2026-06-07 00:03:56 t_client.py:461 Control loop (ms): 0.19
DEBUG 2026-06-07 00:03:56 t_client.py:461 Control loop (ms): 0.23
DEBUG 2026-06-07 00:03:56 t_client.py:461 Control loop (ms): 0.21
DEBUG 2026-06-07 00:03:56 t_client.py:461 Control loop (ms): 0.22
DEBUG 2026-06-07 00:03:56 t_client.py:461 Control loop (ms): 0.38
DEBUG 2026-06-07 00:03:56 t_client.py:461 Control loop (ms): 0.19
DEBUG 2026-06-07 00:03:56 t_client.py:461 Control loop (ms): 0.20
DEBUG 2026-06-07 00:03:56 t_client.py:461 Control loop (ms): 0.24
DEBUG 2026-06-07 00:03:56 t_client.py:461 Control loop (ms): 0.18
DEBUG 2026-06-07 00:03:56 t_client.py:461 Control loop (ms): 0.21
DEBUG 2026-06-07 00:03:56 t_client.py:461 Control loop (ms): 1.33
DEBUG 2026-06-07 00:03:56 t_client.py:461 Control loop (ms): 0.20
DEBUG 2026-06-07 00:03:56 t_client.py:461 Control loop (ms): 0.22
DEBUG 2026-06-07 00:03:56 t_client.py:461 Control loop (ms): 0.21
DEBUG 2026-06-07 00:03:56 t_client.py:461 Control loop (ms): 0.20
DEBUG 2026-06-07 00:03:56 t_client.py:461 Control loop (ms): 0.26
DEBUG 2026-06-07 00:03:56 t_client.py:197 Observation serialization time: 0.002067s
DEBUG 2026-06-07 00:03:56 ort/utils.py:50 [CLIENT] Observation Buffer size 0.879420280456543 MB with
DEBUG 2026-06-07 00:03:56 ort/utils.py:65 [CLIENT] Observation Sent 922139/922139 bytes with state 3
DEBUG 2026-06-07 00:03:56 ort/utils.py:67 [CLIENT] Observation Published 0.879420280456543 MB
DEBUG 2026-06-07 00:03:56 t_client.py:208 Sent observation #102 | 
DEBUG 2026-06-07 00:03:56 t_client.py:418 QUEUE SIZE: 25 (Must go: False)
DEBUG 2026-06-07 00:03:56 t_client.py:461 Control loop (ms): 5.12
DEBUG 2026-06-07 00:03:56 t_client.py:197 Observation serialization time: 0.001860s
DEBUG 2026-06-07 00:03:56 ort/utils.py:50 [CLIENT] Observation Buffer size 0.879420280456543 MB with
DEBUG 2026-06-07 00:03:56 ort/utils.py:65 [CLIENT] Observation Sent 922139/922139 bytes with state 3
DEBUG 2026-06-07 00:03:56 ort/utils.py:67 [CLIENT] Observation Published 0.879420280456543 MB
DEBUG 2026-06-07 00:03:56 t_client.py:208 Sent observation #103 | 
DEBUG 2026-06-07 00:03:56 t_client.py:418 QUEUE SIZE: 24 (Must go: False)
DEBUG 2026-06-07 00:03:56 t_client.py:461 Control loop (ms): 4.98
DEBUG 2026-06-07 00:03:56 t_client.py:197 Observation serialization time: 0.001973s
DEBUG 2026-06-07 00:03:56 ort/utils.py:50 [CLIENT] Observation Buffer size 0.879420280456543 MB with
DEBUG 2026-06-07 00:03:56 ort/utils.py:65 [CLIENT] Observation Sent 922139/922139 bytes with state 3
DEBUG 2026-06-07 00:03:56 ort/utils.py:67 [CLIENT] Observation Published 0.879420280456543 MB
DEBUG 2026-06-07 00:03:56 t_client.py:208 Sent observation #104 | 
DEBUG 2026-06-07 00:03:56 t_client.py:418 QUEUE SIZE: 23 (Must go: False)
DEBUG 2026-06-07 00:03:56 t_client.py:461 Control loop (ms): 10.50
DEBUG 2026-06-07 00:03:56 t_client.py:197 Observation serialization time: 0.002725s
DEBUG 2026-06-07 00:03:56 ort/utils.py:50 [CLIENT] Observation Buffer size 0.879420280456543 MB with
DEBUG 2026-06-07 00:03:56 ort/utils.py:65 [CLIENT] Observation Sent 922139/922139 bytes with state 3
DEBUG 2026-06-07 00:03:56 ort/utils.py:67 [CLIENT] Observation Published 0.879420280456543 MB
DEBUG 2026-06-07 00:03:56 t_client.py:208 Sent observation #105 | 
DEBUG 2026-06-07 00:03:56 t_client.py:418 QUEUE SIZE: 22 (Must go: False)
DEBUG 2026-06-07 00:03:56 t_client.py:461 Control loop (ms): 4.42
DEBUG 2026-06-07 00:03:56 t_client.py:461 Control loop (ms): 0.33
DEBUG 2026-06-07 00:03:56 t_client.py:461 Control loop (ms): 0.21
DEBUG 2026-06-07 00:03:56 t_client.py:461 Control loop (ms): 0.24
DEBUG 2026-06-07 00:03:56 t_client.py:461 Control loop (ms): 15.47
DEBUG 2026-06-07 00:03:56 t_client.py:461 Control loop (ms): 0.22
DEBUG 2026-06-07 00:03:56 t_client.py:461 Control loop (ms): 0.27
DEBUG 2026-06-07 00:03:56 t_client.py:461 Control loop (ms): 0.32
DEBUG 2026-06-07 00:03:56 t_client.py:461 Control loop (ms): 0.23
DEBUG 2026-06-07 00:03:56 t_client.py:461 Control loop (ms): 0.25
DEBUG 2026-06-07 00:03:56 t_client.py:461 Control loop (ms): 0.31
DEBUG 2026-06-07 00:03:56 t_client.py:461 Control loop (ms): 0.21
DEBUG 2026-06-07 00:03:56 t_client.py:461 Control loop (ms): 0.23
DEBUG 2026-06-07 00:03:56 t_client.py:461 Control loop (ms): 0.34
DEBUG 2026-06-07 00:03:56 t_client.py:461 Control loop (ms): 0.19
DEBUG 2026-06-07 00:03:56 t_client.py:461 Control loop (ms): 0.33
DEBUG 2026-06-07 00:03:56 t_client.py:461 Control loop (ms): 0.20
DEBUG 2026-06-07 00:03:56 t_client.py:461 Control loop (ms): 0.23
DEBUG 2026-06-07 00:03:56 t_client.py:461 Control loop (ms): 0.19
DEBUG 2026-06-07 00:03:56 t_client.py:461 Control loop (ms): 0.28
DEBUG 2026-06-07 00:03:56 t_client.py:461 Control loop (ms): 0.38
DEBUG 2026-06-07 00:03:56 t_client.py:461 Control loop (ms): 0.21
DEBUG 2026-06-07 00:03:56 t_client.py:461 Control loop (ms): 0.23
DEBUG 2026-06-07 00:03:56 t_client.py:461 Control loop (ms): 0.21
DEBUG 2026-06-07 00:03:56 t_client.py:461 Control loop (ms): 0.20
DEBUG 2026-06-07 00:03:56 t_client.py:197 Observation serialization time: 0.002039s
DEBUG 2026-06-07 00:03:56 ort/utils.py:50 [CLIENT] Observation Buffer size 0.879420280456543 MB with
DEBUG 2026-06-07 00:03:56 ort/utils.py:65 [CLIENT] Observation Sent 922139/922139 bytes with state 3
DEBUG 2026-06-07 00:03:56 ort/utils.py:67 [CLIENT] Observation Published 0.879420280456543 MB
DEBUG 2026-06-07 00:03:56 t_client.py:208 Sent observation #129 | 
DEBUG 2026-06-07 00:03:56 t_client.py:418 QUEUE SIZE: 25 (Must go: False)
DEBUG 2026-06-07 00:03:56 t_client.py:461 Control loop (ms): 5.22
DEBUG 2026-06-07 00:03:56 t_client.py:197 Observation serialization time: 0.003253s
DEBUG 2026-06-07 00:03:56 ort/utils.py:50 [CLIENT] Observation Buffer size 0.879420280456543 MB with
DEBUG 2026-06-07 00:03:56 ort/utils.py:65 [CLIENT] Observation Sent 922139/922139 bytes with state 3
DEBUG 2026-06-07 00:03:56 ort/utils.py:67 [CLIENT] Observation Published 0.879420280456543 MB
DEBUG 2026-06-07 00:03:56 t_client.py:208 Sent observation #130 | 
DEBUG 2026-06-07 00:03:56 t_client.py:418 QUEUE SIZE: 24 (Must go: False)
DEBUG 2026-06-07 00:03:56 t_client.py:461 Control loop (ms): 10.79
DEBUG 2026-06-07 00:03:56 t_client.py:197 Observation serialization time: 0.001839s
DEBUG 2026-06-07 00:03:56 ort/utils.py:50 [CLIENT] Observation Buffer size 0.879420280456543 MB with
DEBUG 2026-06-07 00:03:56 ort/utils.py:65 [CLIENT] Observation Sent 922139/922139 bytes with state 3
DEBUG 2026-06-07 00:03:56 ort/utils.py:67 [CLIENT] Observation Published 0.879420280456543 MB
DEBUG 2026-06-07 00:03:56 t_client.py:208 Sent observation #131 | 
DEBUG 2026-06-07 00:03:56 t_client.py:418 QUEUE SIZE: 23 (Must go: False)
DEBUG 2026-06-07 00:03:56 t_client.py:461 Control loop (ms): 4.50
DEBUG 2026-06-07 00:03:56 t_client.py:461 Control loop (ms): 0.21
DEBUG 2026-06-07 00:03:56 t_client.py:461 Control loop (ms): 0.39
DEBUG 2026-06-07 00:03:56 t_client.py:461 Control loop (ms): 0.20
DEBUG 2026-06-07 00:03:56 t_client.py:461 Control loop (ms): 0.20
DEBUG 2026-06-07 00:03:56 t_client.py:461 Control loop (ms): 0.26
DEBUG 2026-06-07 00:03:56 t_client.py:461 Control loop (ms): 0.20
DEBUG 2026-06-07 00:03:56 t_client.py:461 Control loop (ms): 0.20
DEBUG 2026-06-07 00:03:56 t_client.py:461 Control loop (ms): 0.25
DEBUG 2026-06-07 00:03:56 t_client.py:461 Control loop (ms): 0.19
DEBUG 2026-06-07 00:03:56 t_client.py:461 Control loop (ms): 0.20
DEBUG 2026-06-07 00:03:56 t_client.py:461 Control loop (ms): 0.22
DEBUG 2026-06-07 00:03:56 t_client.py:461 Control loop (ms): 0.24
DEBUG 2026-06-07 00:03:56 t_client.py:461 Control loop (ms): 0.28
DEBUG 2026-06-07 00:03:56 t_client.py:461 Control loop (ms): 0.25
DEBUG 2026-06-07 00:03:56 t_client.py:461 Control loop (ms): 0.26
DEBUG 2026-06-07 00:03:56 t_client.py:461 Control loop (ms): 0.21
DEBUG 2026-06-07 00:03:56 t_client.py:461 Control loop (ms): 0.21
DEBUG 2026-06-07 00:03:56 t_client.py:461 Control loop (ms): 0.38
DEBUG 2026-06-07 00:03:57 t_client.py:461 Control loop (ms): 0.22
DEBUG 2026-06-07 00:03:57 t_client.py:461 Control loop (ms): 0.34
DEBUG 2026-06-07 00:03:57 t_client.py:461 Control loop (ms): 0.23
DEBUG 2026-06-07 00:03:57 t_client.py:197 Observation serialization time: 0.001811s
DEBUG 2026-06-07 00:03:57 ort/utils.py:50 [CLIENT] Observation Buffer size 0.879420280456543 MB with
DEBUG 2026-06-07 00:03:57 ort/utils.py:65 [CLIENT] Observation Sent 922139/922139 bytes with state 3
DEBUG 2026-06-07 00:03:57 ort/utils.py:67 [CLIENT] Observation Published 0.879420280456543 MB
DEBUG 2026-06-07 00:03:57 t_client.py:208 Sent observation #153 | 
DEBUG 2026-06-07 00:03:57 t_client.py:418 QUEUE SIZE: 25 (Must go: False)
DEBUG 2026-06-07 00:03:57 t_client.py:461 Control loop (ms): 3.55
DEBUG 2026-06-07 00:03:57 t_client.py:197 Observation serialization time: 0.002823s
DEBUG 2026-06-07 00:03:57 ort/utils.py:50 [CLIENT] Observation Buffer size 0.879420280456543 MB with
DEBUG 2026-06-07 00:03:57 ort/utils.py:65 [CLIENT] Observation Sent 922139/922139 bytes with state 3
DEBUG 2026-06-07 00:03:57 t_client.py:208 Sent observation #154 | 
DEBUG 2026-06-07 00:03:57 t_client.py:418 QUEUE SIZE: 24 (Must go: False)
DEBUG 2026-06-07 00:03:57 t_client.py:461 Control loop (ms): 22.22
DEBUG 2026-06-07 00:03:57 ort/utils.py:67 [CLIENT] Observation Published 0.879420280456543 MB
DEBUG 2026-06-07 00:03:57 t_client.py:197 Observation serialization time: 0.001917s
DEBUG 2026-06-07 00:03:57 ort/utils.py:50 [CLIENT] Observation Buffer size 0.879420280456543 MB with
DEBUG 2026-06-07 00:03:57 ort/utils.py:65 [CLIENT] Observation Sent 922139/922139 bytes with state 3
DEBUG 2026-06-07 00:03:57 ort/utils.py:67 [CLIENT] Observation Published 0.879420280456543 MB
DEBUG 2026-06-07 00:03:57 t_client.py:208 Sent observation #155 | 
DEBUG 2026-06-07 00:03:57 t_client.py:418 QUEUE SIZE: 23 (Must go: False)
DEBUG 2026-06-07 00:03:57 t_client.py:461 Control loop (ms): 6.17
DEBUG 2026-06-07 00:03:57 t_client.py:461 Control loop (ms): 0.22
DEBUG 2026-06-07 00:03:57 t_client.py:461 Control loop (ms): 0.25
DEBUG 2026-06-07 00:03:57 t_client.py:461 Control loop (ms): 0.23
DEBUG 2026-06-07 00:03:57 t_client.py:461 Control loop (ms): 0.21
DEBUG 2026-06-07 00:03:57 t_client.py:461 Control loop (ms): 0.24
DEBUG 2026-06-07 00:03:57 t_client.py:461 Control loop (ms): 0.19
DEBUG 2026-06-07 00:03:57 t_client.py:461 Control loop (ms): 0.23
DEBUG 2026-06-07 00:03:57 t_client.py:461 Control loop (ms): 0.25
DEBUG 2026-06-07 00:03:57 t_client.py:461 Control loop (ms): 0.16
DEBUG 2026-06-07 00:03:57 t_client.py:461 Control loop (ms): 0.24
DEBUG 2026-06-07 00:03:57 t_client.py:461 Control loop (ms): 0.22
DEBUG 2026-06-07 00:03:57 t_client.py:461 Control loop (ms): 0.23
DEBUG 2026-06-07 00:03:57 t_client.py:461 Control loop (ms): 0.24
DEBUG 2026-06-07 00:03:57 t_client.py:461 Control loop (ms): 0.18
DEBUG 2026-06-07 00:03:57 t_client.py:461 Control loop (ms): 0.23
DEBUG 2026-06-07 00:03:57 t_client.py:461 Control loop (ms): 0.19
DEBUG 2026-06-07 00:03:57 t_client.py:461 Control loop (ms): 0.23
DEBUG 2026-06-07 00:03:57 t_client.py:461 Control loop (ms): 0.19
DEBUG 2026-06-07 00:03:57 t_client.py:461 Control loop (ms): 0.19
DEBUG 2026-06-07 00:03:57 t_client.py:461 Control loop (ms): 0.23
DEBUG 2026-06-07 00:03:57 t_client.py:461 Control loop (ms): 0.31
DEBUG 2026-06-07 00:03:57 t_client.py:461 Control loop (ms): 0.20
DEBUG 2026-06-07 00:03:57 t_client.py:197 Observation serialization time: 0.001897s
DEBUG 2026-06-07 00:03:57 ort/utils.py:50 [CLIENT] Observation Buffer size 0.879420280456543 MB with
DEBUG 2026-06-07 00:03:57 ort/utils.py:65 [CLIENT] Observation Sent 922139/922139 bytes with state 3
DEBUG 2026-06-07 00:03:57 ort/utils.py:67 [CLIENT] Observation Published 0.879420280456543 MB
DEBUG 2026-06-07 00:03:57 t_client.py:208 Sent observation #177 | 
DEBUG 2026-06-07 00:03:57 t_client.py:418 QUEUE SIZE: 25 (Must go: False)
DEBUG 2026-06-07 00:03:57 t_client.py:461 Control loop (ms): 3.94
DEBUG 2026-06-07 00:03:57 t_client.py:197 Observation serialization time: 0.002172s
DEBUG 2026-06-07 00:03:57 ort/utils.py:50 [CLIENT] Observation Buffer size 0.879420280456543 MB with
DEBUG 2026-06-07 00:03:57 ort/utils.py:65 [CLIENT] Observation Sent 922139/922139 bytes with state 3
DEBUG 2026-06-07 00:03:57 ort/utils.py:67 [CLIENT] Observation Published 0.879420280456543 MB
DEBUG 2026-06-07 00:03:57 t_client.py:208 Sent observation #178 | 
DEBUG 2026-06-07 00:03:57 t_client.py:418 QUEUE SIZE: 24 (Must go: False)
DEBUG 2026-06-07 00:03:57 t_client.py:461 Control loop (ms): 13.72
DEBUG 2026-06-07 00:03:57 t_client.py:197 Observation serialization time: 0.002124s
DEBUG 2026-06-07 00:03:57 ort/utils.py:50 [CLIENT] Observation Buffer size 0.879420280456543 MB with
DEBUG 2026-06-07 00:03:57 ort/utils.py:65 [CLIENT] Observation Sent 922139/922139 bytes with state 3
DEBUG 2026-06-07 00:03:57 ort/utils.py:67 [CLIENT] Observation Published 0.879420280456543 MB
DEBUG 2026-06-07 00:03:57 t_client.py:208 Sent observation #179 | 
DEBUG 2026-06-07 00:03:57 t_client.py:418 QUEUE SIZE: 23 (Must go: False)
DEBUG 2026-06-07 00:03:57 t_client.py:461 Control loop (ms): 6.25
DEBUG 2026-06-07 00:03:57 t_client.py:461 Control loop (ms): 0.24
DEBUG 2026-06-07 00:03:57 t_client.py:461 Control loop (ms): 0.30
DEBUG 2026-06-07 00:03:57 t_client.py:461 Control loop (ms): 0.27
DEBUG 2026-06-07 00:03:57 t_client.py:461 Control loop (ms): 0.54
DEBUG 2026-06-07 00:03:57 t_client.py:461 Control loop (ms): 0.30
DEBUG 2026-06-07 00:03:57 t_client.py:461 Control loop (ms): 0.20
DEBUG 2026-06-07 00:03:57 t_client.py:461 Control loop (ms): 0.19
DEBUG 2026-06-07 00:03:57 t_client.py:461 Control loop (ms): 0.27
DEBUG 2026-06-07 00:03:57 t_client.py:461 Control loop (ms): 0.20
DEBUG 2026-06-07 00:03:57 t_client.py:461 Control loop (ms): 0.20
DEBUG 2026-06-07 00:03:57 t_client.py:461 Control loop (ms): 0.30
DEBUG 2026-06-07 00:03:57 t_client.py:461 Control loop (ms): 0.31
DEBUG 2026-06-07 00:03:57 t_client.py:461 Control loop (ms): 0.19
DEBUG 2026-06-07 00:03:57 t_client.py:461 Control loop (ms): 0.48
DEBUG 2026-06-07 00:03:57 t_client.py:461 Control loop (ms): 0.24
DEBUG 2026-06-07 00:03:57 t_client.py:461 Control loop (ms): 0.23
DEBUG 2026-06-07 00:03:57 t_client.py:461 Control loop (ms): 0.32
DEBUG 2026-06-07 00:03:57 t_client.py:461 Control loop (ms): 0.26
DEBUG 2026-06-07 00:03:57 t_client.py:461 Control loop (ms): 0.21
DEBUG 2026-06-07 00:03:57 t_client.py:461 Control loop (ms): 0.19
DEBUG 2026-06-07 00:03:57 t_client.py:461 Control loop (ms): 0.26
DEBUG 2026-06-07 00:03:57 t_client.py:197 Observation serialization time: 0.001881s
DEBUG 2026-06-07 00:03:57 ort/utils.py:50 [CLIENT] Observation Buffer size 0.879420280456543 MB with
DEBUG 2026-06-07 00:03:57 ort/utils.py:65 [CLIENT] Observation Sent 922139/922139 bytes with state 3
DEBUG 2026-06-07 00:03:57 ort/utils.py:67 [CLIENT] Observation Published 0.879420280456543 MB
DEBUG 2026-06-07 00:03:57 t_client.py:208 Sent observation #201 | 
DEBUG 2026-06-07 00:03:57 t_client.py:418 QUEUE SIZE: 25 (Must go: False)
DEBUG 2026-06-07 00:03:57 t_client.py:461 Control loop (ms): 3.88
DEBUG 2026-06-07 00:03:57 t_client.py:197 Observation serialization time: 0.002478s
DEBUG 2026-06-07 00:03:57 ort/utils.py:50 [CLIENT] Observation Buffer size 0.879420280456543 MB with
DEBUG 2026-06-07 00:03:57 ort/utils.py:65 [CLIENT] Observation Sent 922139/922139 bytes with state 3
DEBUG 2026-06-07 00:03:57 ort/utils.py:67 [CLIENT] Observation Published 0.879420280456543 MB
DEBUG 2026-06-07 00:03:57 t_client.py:208 Sent observation #202 | 
DEBUG 2026-06-07 00:03:57 t_client.py:418 QUEUE SIZE: 24 (Must go: False)
DEBUG 2026-06-07 00:03:57 t_client.py:461 Control loop (ms): 20.80
DEBUG 2026-06-07 00:03:57 t_client.py:197 Observation serialization time: 0.001997s
DEBUG 2026-06-07 00:03:57 ort/utils.py:50 [CLIENT] Observation Buffer size 0.879420280456543 MB with
DEBUG 2026-06-07 00:03:57 ort/utils.py:65 [CLIENT] Observation Sent 922139/922139 bytes with state 3
DEBUG 2026-06-07 00:03:57 ort/utils.py:67 [CLIENT] Observation Published 0.879420280456543 MB
DEBUG 2026-06-07 00:03:57 t_client.py:208 Sent observation #203 | 
DEBUG 2026-06-07 00:03:57 t_client.py:418 QUEUE SIZE: 23 (Must go: False)
DEBUG 2026-06-07 00:03:57 t_client.py:461 Control loop (ms): 12.73
DEBUG 2026-06-07 00:03:57 t_client.py:197 Observation serialization time: 0.001769s
DEBUG 2026-06-07 00:03:57 ort/utils.py:50 [CLIENT] Observation Buffer size 0.879420280456543 MB with
DEBUG 2026-06-07 00:03:57 ort/utils.py:65 [CLIENT] Observation Sent 922139/922139 bytes with state 3
DEBUG 2026-06-07 00:03:57 ort/utils.py:67 [CLIENT] Observation Published 0.879420280456543 MB
DEBUG 2026-06-07 00:03:57 t_client.py:208 Sent observation #204 | 
DEBUG 2026-06-07 00:03:57 t_client.py:418 QUEUE SIZE: 22 (Must go: False)
DEBUG 2026-06-07 00:03:57 t_client.py:461 Control loop (ms): 3.19
DEBUG 2026-06-07 00:03:57 t_client.py:461 Control loop (ms): 0.26
DEBUG 2026-06-07 00:03:57 t_client.py:461 Control loop (ms): 0.22
DEBUG 2026-06-07 00:03:57 t_client.py:461 Control loop (ms): 0.22
DEBUG 2026-06-07 00:03:57 t_client.py:461 Control loop (ms): 0.29
DEBUG 2026-06-07 00:03:57 t_client.py:461 Control loop (ms): 0.28
DEBUG 2026-06-07 00:03:57 t_client.py:461 Control loop (ms): 0.20
DEBUG 2026-06-07 00:03:57 t_client.py:461 Control loop (ms): 0.19
DEBUG 2026-06-07 00:03:57 t_client.py:461 Control loop (ms): 0.20
DEBUG 2026-06-07 00:03:57 t_client.py:461 Control loop (ms): 0.17
DEBUG 2026-06-07 00:03:57 t_client.py:461 Control loop (ms): 0.24
DEBUG 2026-06-07 00:03:57 t_client.py:461 Control loop (ms): 0.24
DEBUG 2026-06-07 00:03:57 t_client.py:461 Control loop (ms): 0.21
DEBUG 2026-06-07 00:03:57 t_client.py:461 Control loop (ms): 0.19
DEBUG 2026-06-07 00:03:57 t_client.py:461 Control loop (ms): 0.25
DEBUG 2026-06-07 00:03:57 t_client.py:461 Control loop (ms): 0.20
DEBUG 2026-06-07 00:03:57 t_client.py:461 Control loop (ms): 0.18
DEBUG 2026-06-07 00:03:57 t_client.py:461 Control loop (ms): 0.20
DEBUG 2026-06-07 00:03:57 t_client.py:461 Control loop (ms): 0.20
DEBUG 2026-06-07 00:03:57 t_client.py:461 Control loop (ms): 0.21
DEBUG 2026-06-07 00:03:57 t_client.py:461 Control loop (ms): 0.22
DEBUG 2026-06-07 00:03:57 t_client.py:461 Control loop (ms): 0.20
DEBUG 2026-06-07 00:03:57 t_client.py:197 Observation serialization time: 0.001769s
DEBUG 2026-06-07 00:03:57 ort/utils.py:50 [CLIENT] Observation Buffer size 0.879420280456543 MB with
DEBUG 2026-06-07 00:03:57 ort/utils.py:65 [CLIENT] Observation Sent 922139/922139 bytes with state 3
DEBUG 2026-06-07 00:03:57 ort/utils.py:67 [CLIENT] Observation Published 0.879420280456543 MB
DEBUG 2026-06-07 00:03:57 t_client.py:208 Sent observation #225 | 
DEBUG 2026-06-07 00:03:57 t_client.py:418 QUEUE SIZE: 25 (Must go: False)
DEBUG 2026-06-07 00:03:57 t_client.py:461 Control loop (ms): 3.62
DEBUG 2026-06-07 00:03:57 t_client.py:197 Observation serialization time: 0.002511s
DEBUG 2026-06-07 00:03:57 ort/utils.py:50 [CLIENT] Observation Buffer size 0.879420280456543 MB with
DEBUG 2026-06-07 00:03:57 ort/utils.py:65 [CLIENT] Observation Sent 922139/922139 bytes with state 3
DEBUG 2026-06-07 00:03:57 ort/utils.py:67 [CLIENT] Observation Published 0.879420280456543 MB
DEBUG 2026-06-07 00:03:57 t_client.py:208 Sent observation #226 | 
DEBUG 2026-06-07 00:03:57 t_client.py:418 QUEUE SIZE: 24 (Must go: False)
DEBUG 2026-06-07 00:03:57 t_client.py:461 Control loop (ms): 11.29
DEBUG 2026-06-07 00:03:57 t_client.py:197 Observation serialization time: 0.001940s
DEBUG 2026-06-07 00:03:57 ort/utils.py:50 [CLIENT] Observation Buffer size 0.879420280456543 MB with
DEBUG 2026-06-07 00:03:57 ort/utils.py:65 [CLIENT] Observation Sent 922139/922139 bytes with state 3
DEBUG 2026-06-07 00:03:57 ort/utils.py:67 [CLIENT] Observation Published 0.879420280456543 MB
DEBUG 2026-06-07 00:03:57 t_client.py:208 Sent observation #227 | 
DEBUG 2026-06-07 00:03:57 t_client.py:418 QUEUE SIZE: 23 (Must go: False)
DEBUG 2026-06-07 00:03:57 t_client.py:461 Control loop (ms): 9.83
DEBUG 2026-06-07 00:03:57 t_client.py:197 Observation serialization time: 0.002064s
DEBUG 2026-06-07 00:03:57 ort/utils.py:50 [CLIENT] Observation Buffer size 0.879420280456543 MB with
DEBUG 2026-06-07 00:03:57 ort/utils.py:65 [CLIENT] Observation Sent 922139/922139 bytes with state 3
DEBUG 2026-06-07 00:03:57 ort/utils.py:67 [CLIENT] Observation Published 0.879420280456543 MB
DEBUG 2026-06-07 00:03:57 t_client.py:208 Sent observation #228 | 
DEBUG 2026-06-07 00:03:57 t_client.py:418 QUEUE SIZE: 22 (Must go: False)
DEBUG 2026-06-07 00:03:57 t_client.py:461 Control loop (ms): 3.86
DEBUG 2026-06-07 00:03:57 t_client.py:461 Control loop (ms): 0.25
DEBUG 2026-06-07 00:03:57 t_client.py:461 Control loop (ms): 0.30
DEBUG 2026-06-07 00:03:57 t_client.py:461 Control loop (ms): 0.19
DEBUG 2026-06-07 00:03:57 t_client.py:461 Control loop (ms): 0.27
DEBUG 2026-06-07 00:03:57 t_client.py:461 Control loop (ms): 0.24
DEBUG 2026-06-07 00:03:57 t_client.py:461 Control loop (ms): 0.20
DEBUG 2026-06-07 00:03:57 t_client.py:461 Control loop (ms): 0.21
DEBUG 2026-06-07 00:03:57 t_client.py:461 Control loop (ms): 0.34
DEBUG 2026-06-07 00:03:57 t_client.py:461 Control loop (ms): 0.30
DEBUG 2026-06-07 00:03:57 t_client.py:461 Control loop (ms): 0.21
DEBUG 2026-06-07 00:03:57 t_client.py:461 Control loop (ms): 0.24
DEBUG 2026-06-07 00:03:57 t_client.py:461 Control loop (ms): 0.24
DEBUG 2026-06-07 00:03:57 t_client.py:461 Control loop (ms): 0.23
DEBUG 2026-06-07 00:03:57 t_client.py:461 Control loop (ms): 0.25
DEBUG 2026-06-07 00:03:57 t_client.py:461 Control loop (ms): 0.19
DEBUG 2026-06-07 00:03:58 t_client.py:461 Control loop (ms): 0.23
DEBUG 2026-06-07 00:03:58 t_client.py:461 Control loop (ms): 0.21
DEBUG 2026-06-07 00:03:58 t_client.py:461 Control loop (ms): 0.19
DEBUG 2026-06-07 00:03:58 t_client.py:461 Control loop (ms): 0.18
DEBUG 2026-06-07 00:03:58 t_client.py:461 Control loop (ms): 0.41
DEBUG 2026-06-07 00:03:58 t_client.py:461 Control loop (ms): 0.20
DEBUG 2026-06-07 00:03:58 t_client.py:197 Observation serialization time: 0.002024s
DEBUG 2026-06-07 00:03:58 ort/utils.py:50 [CLIENT] Observation Buffer size 0.879420280456543 MB with
DEBUG 2026-06-07 00:03:58 ort/utils.py:65 [CLIENT] Observation Sent 922139/922139 bytes with state 3
DEBUG 2026-06-07 00:03:58 ort/utils.py:67 [CLIENT] Observation Published 0.879420280456543 MB
DEBUG 2026-06-07 00:03:58 t_client.py:208 Sent observation #249 | 
DEBUG 2026-06-07 00:03:58 t_client.py:418 QUEUE SIZE: 25 (Must go: False)
DEBUG 2026-06-07 00:03:58 t_client.py:461 Control loop (ms): 4.29
DEBUG 2026-06-07 00:03:58 t_client.py:197 Observation serialization time: 0.002109s
DEBUG 2026-06-07 00:03:58 ort/utils.py:50 [CLIENT] Observation Buffer size 0.879420280456543 MB with
DEBUG 2026-06-07 00:03:58 ort/utils.py:65 [CLIENT] Observation Sent 922139/922139 bytes with state 3
DEBUG 2026-06-07 00:03:58 ort/utils.py:67 [CLIENT] Observation Published 0.879420280456543 MB
DEBUG 2026-06-07 00:03:58 t_client.py:208 Sent observation #250 | 
DEBUG 2026-06-07 00:03:58 t_client.py:418 QUEUE SIZE: 24 (Must go: False)
DEBUG 2026-06-07 00:03:58 t_client.py:461 Control loop (ms): 15.44
DEBUG 2026-06-07 00:03:58 t_client.py:197 Observation serialization time: 0.001827s
DEBUG 2026-06-07 00:03:58 ort/utils.py:50 [CLIENT] Observation Buffer size 0.879420280456543 MB with
DEBUG 2026-06-07 00:03:58 ort/utils.py:65 [CLIENT] Observation Sent 922139/922139 bytes with state 3
DEBUG 2026-06-07 00:03:58 ort/utils.py:67 [CLIENT] Observation Published 0.879420280456543 MB
DEBUG 2026-06-07 00:03:58 t_client.py:208 Sent observation #251 | 
DEBUG 2026-06-07 00:03:58 t_client.py:418 QUEUE SIZE: 23 (Must go: False)
DEBUG 2026-06-07 00:03:58 t_client.py:461 Control loop (ms): 5.27
DEBUG 2026-06-07 00:03:58 t_client.py:461 Control loop (ms): 0.85
DEBUG 2026-06-07 00:03:58 t_client.py:461 Control loop (ms): 0.26
DEBUG 2026-06-07 00:03:58 t_client.py:461 Control loop (ms): 0.26
DEBUG 2026-06-07 00:03:58 t_client.py:461 Control loop (ms): 0.25
DEBUG 2026-06-07 00:03:58 t_client.py:461 Control loop (ms): 0.27
DEBUG 2026-06-07 00:03:58 t_client.py:461 Control loop (ms): 0.20
DEBUG 2026-06-07 00:03:58 t_client.py:461 Control loop (ms): 0.19
DEBUG 2026-06-07 00:03:58 t_client.py:461 Control loop (ms): 0.33
DEBUG 2026-06-07 00:03:58 t_client.py:461 Control loop (ms): 0.26
DEBUG 2026-06-07 00:03:58 t_client.py:461 Control loop (ms): 0.21
DEBUG 2026-06-07 00:03:58 t_client.py:461 Control loop (ms): 0.22
DEBUG 2026-06-07 00:03:58 t_client.py:461 Control loop (ms): 0.26
DEBUG 2026-06-07 00:03:58 t_client.py:461 Control loop (ms): 0.19
DEBUG 2026-06-07 00:03:58 t_client.py:461 Control loop (ms): 0.23
DEBUG 2026-06-07 00:03:58 t_client.py:461 Control loop (ms): 0.29
DEBUG 2026-06-07 00:03:58 t_client.py:461 Control loop (ms): 0.20
DEBUG 2026-06-07 00:03:58 t_client.py:461 Control loop (ms): 0.15
DEBUG 2026-06-07 00:03:58 t_client.py:461 Control loop (ms): 0.21
DEBUG 2026-06-07 00:03:58 t_client.py:461 Control loop (ms): 0.27
DEBUG 2026-06-07 00:03:58 t_client.py:461 Control loop (ms): 0.22
DEBUG 2026-06-07 00:03:58 t_client.py:461 Control loop (ms): 0.35
DEBUG 2026-06-07 00:03:58 t_client.py:197 Observation serialization time: 0.003176s
DEBUG 2026-06-07 00:03:58 ort/utils.py:50 [CLIENT] Observation Buffer size 0.8794212341308594 MB with
DEBUG 2026-06-07 00:03:58 ort/utils.py:65 [CLIENT] Observation Sent 922140/922140 bytes with state 3
DEBUG 2026-06-07 00:03:58 ort/utils.py:67 [CLIENT] Observation Published 0.8794212341308594 MB
DEBUG 2026-06-07 00:03:58 t_client.py:208 Sent observation #273 | 
DEBUG 2026-06-07 00:03:58 t_client.py:418 QUEUE SIZE: 25 (Must go: False)
DEBUG 2026-06-07 00:03:58 t_client.py:461 Control loop (ms): 5.97
DEBUG 2026-06-07 00:03:58 t_client.py:197 Observation serialization time: 0.001818s
DEBUG 2026-06-07 00:03:58 ort/utils.py:50 [CLIENT] Observation Buffer size 0.8794212341308594 MB with
DEBUG 2026-06-07 00:03:58 ort/utils.py:65 [CLIENT] Observation Sent 922140/922140 bytes with state 3
DEBUG 2026-06-07 00:03:58 ort/utils.py:67 [CLIENT] Observation Published 0.8794212341308594 MB
DEBUG 2026-06-07 00:03:58 t_client.py:208 Sent observation #274 | 
DEBUG 2026-06-07 00:03:58 t_client.py:418 QUEUE SIZE: 24 (Must go: False)
DEBUG 2026-06-07 00:03:58 t_client.py:461 Control loop (ms): 3.05
DEBUG 2026-06-07 00:03:58 t_client.py:197 Observation serialization time: 0.002241s
DEBUG 2026-06-07 00:03:58 ort/utils.py:50 [CLIENT] Observation Buffer size 0.8794212341308594 MB with
DEBUG 2026-06-07 00:03:58 ort/utils.py:65 [CLIENT] Observation Sent 922140/922140 bytes with state 3
DEBUG 2026-06-07 00:03:58 ort/utils.py:67 [CLIENT] Observation Published 0.8794212341308594 MB
DEBUG 2026-06-07 00:03:58 t_client.py:208 Sent observation #275 | 
DEBUG 2026-06-07 00:03:58 t_client.py:418 QUEUE SIZE: 23 (Must go: False)
DEBUG 2026-06-07 00:03:58 t_client.py:461 Control loop (ms): 4.61
DEBUG 2026-06-07 00:03:58 t_client.py:197 Observation serialization time: 0.001738s
DEBUG 2026-06-07 00:03:58 ort/utils.py:50 [CLIENT] Observation Buffer size 0.8794212341308594 MB with
DEBUG 2026-06-07 00:03:58 ort/utils.py:65 [CLIENT] Observation Sent 922140/922140 bytes with state 3
DEBUG 2026-06-07 00:03:58 ort/utils.py:67 [CLIENT] Observation Published 0.8794212341308594 MB
DEBUG 2026-06-07 00:03:58 t_client.py:208 Sent observation #276 | 
DEBUG 2026-06-07 00:03:58 t_client.py:418 QUEUE SIZE: 22 (Must go: False)
DEBUG 2026-06-07 00:03:58 t_client.py:461 Control loop (ms): 3.13
DEBUG 2026-06-07 00:03:58 t_client.py:197 Observation serialization time: 0.001828s
DEBUG 2026-06-07 00:03:58 ort/utils.py:50 [CLIENT] Observation Buffer size 0.8794212341308594 MB with
DEBUG 2026-06-07 00:03:58 ort/utils.py:65 [CLIENT] Observation Sent 922140/922140 bytes with state 3
DEBUG 2026-06-07 00:03:58 ort/utils.py:67 [CLIENT] Observation Published 0.8794212341308594 MB
DEBUG 2026-06-07 00:03:58 t_client.py:208 Sent observation #277 | 
DEBUG 2026-06-07 00:03:58 t_client.py:418 QUEUE SIZE: 21 (Must go: False)
DEBUG 2026-06-07 00:03:58 t_client.py:461 Control loop (ms): 3.00
DEBUG 2026-06-07 00:03:58 t_client.py:197 Observation serialization time: 0.001817s
DEBUG 2026-06-07 00:03:58 ort/utils.py:50 [CLIENT] Observation Buffer size 0.8794212341308594 MB with
DEBUG 2026-06-07 00:03:58 ort/utils.py:65 [CLIENT] Observation Sent 922140/922140 bytes with state 3
DEBUG 2026-06-07 00:03:58 ort/utils.py:67 [CLIENT] Observation Published 0.8794212341308594 MB
DEBUG 2026-06-07 00:03:58 t_client.py:208 Sent observation #278 | 
DEBUG 2026-06-07 00:03:58 t_client.py:418 QUEUE SIZE: 20 (Must go: False)
DEBUG 2026-06-07 00:03:58 t_client.py:461 Control loop (ms): 4.60
DEBUG 2026-06-07 00:03:58 t_client.py:197 Observation serialization time: 0.001836s
DEBUG 2026-06-07 00:03:58 ort/utils.py:50 [CLIENT] Observation Buffer size 0.8794212341308594 MB with
DEBUG 2026-06-07 00:03:58 ort/utils.py:65 [CLIENT] Observation Sent 922140/922140 bytes with state 3
DEBUG 2026-06-07 00:03:58 ort/utils.py:67 [CLIENT] Observation Published 0.8794212341308594 MB
DEBUG 2026-06-07 00:03:58 t_client.py:208 Sent observation #279 | 
DEBUG 2026-06-07 00:03:58 t_client.py:418 QUEUE SIZE: 19 (Must go: False)
DEBUG 2026-06-07 00:03:58 t_client.py:461 Control loop (ms): 3.50
DEBUG 2026-06-07 00:03:58 t_client.py:197 Observation serialization time: 0.003696s
DEBUG 2026-06-07 00:03:58 ort/utils.py:50 [CLIENT] Observation Buffer size 0.8794212341308594 MB with
DEBUG 2026-06-07 00:03:58 ort/utils.py:65 [CLIENT] Observation Sent 922140/922140 bytes with state 3
DEBUG 2026-06-07 00:03:58 ort/utils.py:67 [CLIENT] Observation Published 0.8794212341308594 MB
DEBUG 2026-06-07 00:03:58 t_client.py:208 Sent observation #280 | 
DEBUG 2026-06-07 00:03:58 t_client.py:418 QUEUE SIZE: 18 (Must go: False)
DEBUG 2026-06-07 00:03:58 t_client.py:461 Control loop (ms): 5.31
DEBUG 2026-06-07 00:03:58 t_client.py:197 Observation serialization time: 0.001777s
DEBUG 2026-06-07 00:03:58 ort/utils.py:50 [CLIENT] Observation Buffer size 0.8794212341308594 MB with
DEBUG 2026-06-07 00:03:58 ort/utils.py:65 [CLIENT] Observation Sent 922140/922140 bytes with state 3
DEBUG 2026-06-07 00:03:58 ort/utils.py:67 [CLIENT] Observation Published 0.8794212341308594 MB
DEBUG 2026-06-07 00:03:58 t_client.py:208 Sent observation #281 | 
DEBUG 2026-06-07 00:03:58 t_client.py:418 QUEUE SIZE: 17 (Must go: False)
DEBUG 2026-06-07 00:03:58 t_client.py:461 Control loop (ms): 2.89
DEBUG 2026-06-07 00:03:58 t_client.py:197 Observation serialization time: 0.003621s
DEBUG 2026-06-07 00:03:58 ort/utils.py:50 [CLIENT] Observation Buffer size 0.8794212341308594 MB with
DEBUG 2026-06-07 00:03:58 ort/utils.py:65 [CLIENT] Observation Sent 922140/922140 bytes with state 3
DEBUG 2026-06-07 00:03:58 ort/utils.py:67 [CLIENT] Observation Published 0.8794212341308594 MB
DEBUG 2026-06-07 00:03:58 t_client.py:208 Sent observation #282 | 
DEBUG 2026-06-07 00:03:58 t_client.py:418 QUEUE SIZE: 16 (Must go: False)
DEBUG 2026-06-07 00:03:58 t_client.py:461 Control loop (ms): 5.42
DEBUG 2026-06-07 00:03:58 t_client.py:197 Observation serialization time: 0.002024s
DEBUG 2026-06-07 00:03:58 ort/utils.py:50 [CLIENT] Observation Buffer size 0.8794212341308594 MB with
DEBUG 2026-06-07 00:03:58 ort/utils.py:65 [CLIENT] Observation Sent 922140/922140 bytes with state 3
DEBUG 2026-06-07 00:03:58 ort/utils.py:67 [CLIENT] Observation Published 0.8794212341308594 MB
DEBUG 2026-06-07 00:03:58 t_client.py:208 Sent observation #283 | 
DEBUG 2026-06-07 00:03:58 t_client.py:418 QUEUE SIZE: 15 (Must go: False)
DEBUG 2026-06-07 00:03:58 t_client.py:461 Control loop (ms): 3.28
DEBUG 2026-06-07 00:03:58 t_client.py:197 Observation serialization time: 0.001751s
DEBUG 2026-06-07 00:03:58 ort/utils.py:50 [CLIENT] Observation Buffer size 0.8794212341308594 MB with
DEBUG 2026-06-07 00:03:58 ort/utils.py:65 [CLIENT] Observation Sent 922140/922140 bytes with state 3
DEBUG 2026-06-07 00:03:58 ort/utils.py:67 [CLIENT] Observation Published 0.8794212341308594 MB
DEBUG 2026-06-07 00:03:58 t_client.py:208 Sent observation #284 | 
DEBUG 2026-06-07 00:03:58 t_client.py:418 QUEUE SIZE: 14 (Must go: False)
DEBUG 2026-06-07 00:03:58 t_client.py:461 Control loop (ms): 3.15
DEBUG 2026-06-07 00:03:58 t_client.py:197 Observation serialization time: 0.003597s
DEBUG 2026-06-07 00:03:58 ort/utils.py:50 [CLIENT] Observation Buffer size 0.8794212341308594 MB with
DEBUG 2026-06-07 00:03:58 ort/utils.py:65 [CLIENT] Observation Sent 922140/922140 bytes with state 3
DEBUG 2026-06-07 00:03:58 ort/utils.py:67 [CLIENT] Observation Published 0.8794212341308594 MB
DEBUG 2026-06-07 00:03:58 t_client.py:208 Sent observation #285 | 
DEBUG 2026-06-07 00:03:58 t_client.py:418 QUEUE SIZE: 13 (Must go: False)
DEBUG 2026-06-07 00:03:58 t_client.py:461 Control loop (ms): 6.66
DEBUG 2026-06-07 00:03:58 t_client.py:197 Observation serialization time: 0.001793s
DEBUG 2026-06-07 00:03:58 ort/utils.py:50 [CLIENT] Observation Buffer size 0.8794212341308594 MB with
DEBUG 2026-06-07 00:03:58 ort/utils.py:65 [CLIENT] Observation Sent 922140/922140 bytes with state 3
DEBUG 2026-06-07 00:03:58 ort/utils.py:67 [CLIENT] Observation Published 0.8794212341308594 MB
DEBUG 2026-06-07 00:03:58 t_client.py:208 Sent observation #286 | 
DEBUG 2026-06-07 00:03:58 t_client.py:418 QUEUE SIZE: 12 (Must go: False)
DEBUG 2026-06-07 00:03:58 t_client.py:461 Control loop (ms): 3.13
DEBUG 2026-06-07 00:03:58 t_client.py:197 Observation serialization time: 0.001776s
DEBUG 2026-06-07 00:03:58 ort/utils.py:50 [CLIENT] Observation Buffer size 0.8794212341308594 MB with
DEBUG 2026-06-07 00:03:58 ort/utils.py:65 [CLIENT] Observation Sent 922140/922140 bytes with state 3
DEBUG 2026-06-07 00:03:58 ort/utils.py:67 [CLIENT] Observation Published 0.8794212341308594 MB
DEBUG 2026-06-07 00:03:58 t_client.py:208 Sent observation #287 | 
DEBUG 2026-06-07 00:03:58 t_client.py:418 QUEUE SIZE: 11 (Must go: False)
DEBUG 2026-06-07 00:03:58 t_client.py:461 Control loop (ms): 2.92
DEBUG 2026-06-07 00:03:58 t_client.py:197 Observation serialization time: 0.001941s
DEBUG 2026-06-07 00:03:58 ort/utils.py:50 [CLIENT] Observation Buffer size 0.8794212341308594 MB with
DEBUG 2026-06-07 00:03:58 ort/utils.py:65 [CLIENT] Observation Sent 922140/922140 bytes with state 3
DEBUG 2026-06-07 00:03:58 ort/utils.py:67 [CLIENT] Observation Published 0.8794212341308594 MB
DEBUG 2026-06-07 00:03:58 t_client.py:208 Sent observation #288 | 
DEBUG 2026-06-07 00:03:58 t_client.py:418 QUEUE SIZE: 10 (Must go: False)
DEBUG 2026-06-07 00:03:58 t_client.py:461 Control loop (ms): 3.72
DEBUG 2026-06-07 00:03:58 t_client.py:197 Observation serialization time: 0.002887s
DEBUG 2026-06-07 00:03:58 ort/utils.py:50 [CLIENT] Observation Buffer size 0.8794212341308594 MB with
DEBUG 2026-06-07 00:03:58 ort/utils.py:65 [CLIENT] Observation Sent 922140/922140 bytes with state 3
DEBUG 2026-06-07 00:03:58 ort/utils.py:67 [CLIENT] Observation Published 0.8794212341308594 MB
DEBUG 2026-06-07 00:03:58 t_client.py:208 Sent observation #289 | 
DEBUG 2026-06-07 00:03:58 t_client.py:418 QUEUE SIZE: 9 (Must go: False)
DEBUG 2026-06-07 00:03:58 t_client.py:461 Control loop (ms): 4.54
DEBUG 2026-06-07 00:03:58 t_client.py:197 Observation serialization time: 0.003797s
DEBUG 2026-06-07 00:03:58 ort/utils.py:50 [CLIENT] Observation Buffer size 0.8794212341308594 MB with
DEBUG 2026-06-07 00:03:58 ort/utils.py:65 [CLIENT] Observation Sent 922140/922140 bytes with state 3
DEBUG 2026-06-07 00:03:58 ort/utils.py:67 [CLIENT] Observation Published 0.8794212341308594 MB
DEBUG 2026-06-07 00:03:58 t_client.py:208 Sent observation #290 | 
DEBUG 2026-06-07 00:03:58 t_client.py:418 QUEUE SIZE: 8 (Must go: False)
DEBUG 2026-06-07 00:03:58 t_client.py:461 Control loop (ms): 5.69
DEBUG 2026-06-07 00:03:58 t_client.py:197 Observation serialization time: 0.001821s
DEBUG 2026-06-07 00:03:58 ort/utils.py:50 [CLIENT] Observation Buffer size 0.8794212341308594 MB with
DEBUG 2026-06-07 00:03:58 ort/utils.py:65 [CLIENT] Observation Sent 922140/922140 bytes with state 3
DEBUG 2026-06-07 00:03:58 ort/utils.py:67 [CLIENT] Observation Published 0.8794212341308594 MB
DEBUG 2026-06-07 00:03:58 t_client.py:208 Sent observation #291 | 
DEBUG 2026-06-07 00:03:58 t_client.py:418 QUEUE SIZE: 7 (Must go: False)
DEBUG 2026-06-07 00:03:58 t_client.py:461 Control loop (ms): 3.46
DEBUG 2026-06-07 00:03:58 t_client.py:197 Observation serialization time: 0.001780s
DEBUG 2026-06-07 00:03:58 ort/utils.py:50 [CLIENT] Observation Buffer size 0.8794212341308594 MB with
DEBUG 2026-06-07 00:03:58 ort/utils.py:65 [CLIENT] Observation Sent 922140/922140 bytes with state 3
DEBUG 2026-06-07 00:03:58 ort/utils.py:67 [CLIENT] Observation Published 0.8794212341308594 MB
DEBUG 2026-06-07 00:03:58 t_client.py:208 Sent observation #292 | 
DEBUG 2026-06-07 00:03:58 t_client.py:418 QUEUE SIZE: 6 (Must go: False)
DEBUG 2026-06-07 00:03:58 t_client.py:461 Control loop (ms): 3.11
DEBUG 2026-06-07 00:03:58 t_client.py:197 Observation serialization time: 0.002784s
DEBUG 2026-06-07 00:03:58 ort/utils.py:50 [CLIENT] Observation Buffer size 0.8794212341308594 MB with
DEBUG 2026-06-07 00:03:58 ort/utils.py:65 [CLIENT] Observation Sent 922140/922140 bytes with state 3
DEBUG 2026-06-07 00:03:58 ort/utils.py:67 [CLIENT] Observation Published 0.8794212341308594 MB
DEBUG 2026-06-07 00:03:58 t_client.py:208 Sent observation #293 | 
DEBUG 2026-06-07 00:03:58 t_client.py:418 QUEUE SIZE: 5 (Must go: False)
DEBUG 2026-06-07 00:03:58 t_client.py:461 Control loop (ms): 5.14
DEBUG 2026-06-07 00:03:58 t_client.py:197 Observation serialization time: 0.001920s
DEBUG 2026-06-07 00:03:58 ort/utils.py:50 [CLIENT] Observation Buffer size 0.8794212341308594 MB with
DEBUG 2026-06-07 00:03:58 ort/utils.py:65 [CLIENT] Observation Sent 922140/922140 bytes with state 3
DEBUG 2026-06-07 00:03:58 ort/utils.py:67 [CLIENT] Observation Published 0.8794212341308594 MB
DEBUG 2026-06-07 00:03:58 t_client.py:208 Sent observation #294 | 
DEBUG 2026-06-07 00:03:58 t_client.py:418 QUEUE SIZE: 4 (Must go: False)
DEBUG 2026-06-07 00:03:58 t_client.py:461 Control loop (ms): 3.61
DEBUG 2026-06-07 00:03:58 t_client.py:197 Observation serialization time: 0.004001s
DEBUG 2026-06-07 00:03:58 ort/utils.py:50 [CLIENT] Observation Buffer size 0.8794212341308594 MB with
DEBUG 2026-06-07 00:03:58 ort/utils.py:65 [CLIENT] Observation Sent 922140/922140 bytes with state 3
DEBUG 2026-06-07 00:03:58 ort/utils.py:67 [CLIENT] Observation Published 0.8794212341308594 MB
DEBUG 2026-06-07 00:03:58 t_client.py:208 Sent observation #295 | 
DEBUG 2026-06-07 00:03:58 t_client.py:418 QUEUE SIZE: 3 (Must go: False)
DEBUG 2026-06-07 00:03:58 t_client.py:461 Control loop (ms): 5.96
DEBUG 2026-06-07 00:03:58 t_client.py:197 Observation serialization time: 0.001891s
DEBUG 2026-06-07 00:03:58 ort/utils.py:50 [CLIENT] Observation Buffer size 0.8794212341308594 MB with
DEBUG 2026-06-07 00:03:58 ort/utils.py:65 [CLIENT] Observation Sent 922140/922140 bytes with state 3
DEBUG 2026-06-07 00:03:58 ort/utils.py:67 [CLIENT] Observation Published 0.8794212341308594 MB
DEBUG 2026-06-07 00:03:58 t_client.py:208 Sent observation #296 | 
DEBUG 2026-06-07 00:03:58 t_client.py:418 QUEUE SIZE: 2 (Must go: False)
DEBUG 2026-06-07 00:03:58 t_client.py:461 Control loop (ms): 3.56
DEBUG 2026-06-07 00:03:58 t_client.py:197 Observation serialization time: 0.004162s
DEBUG 2026-06-07 00:03:58 ort/utils.py:50 [CLIENT] Observation Buffer size 0.8794212341308594 MB with
DEBUG 2026-06-07 00:03:58 ort/utils.py:65 [CLIENT] Observation Sent 922140/922140 bytes with state 3
DEBUG 2026-06-07 00:03:58 ort/utils.py:67 [CLIENT] Observation Published 0.8794212341308594 MB
DEBUG 2026-06-07 00:03:58 t_client.py:208 Sent observation #297 | 
DEBUG 2026-06-07 00:03:58 t_client.py:418 QUEUE SIZE: 1 (Must go: False)
DEBUG 2026-06-07 00:03:58 t_client.py:461 Control loop (ms): 6.40
DEBUG 2026-06-07 00:03:58 t_client.py:197 Observation serialization time: 0.002732s
DEBUG 2026-06-07 00:03:58 ort/utils.py:50 [CLIENT] Observation Buffer size 0.8794212341308594 MB with
DEBUG 2026-06-07 00:03:58 ort/utils.py:65 [CLIENT] Observation Sent 922140/922140 bytes with state 3
DEBUG 2026-06-07 00:03:58 ort/utils.py:67 [CLIENT] Observation Published 0.8794212341308594 MB
DEBUG 2026-06-07 00:03:58 t_client.py:208 Sent observation #298 | 
DEBUG 2026-06-07 00:03:58 t_client.py:418 QUEUE SIZE: 0 (Must go: True)
DEBUG 2026-06-07 00:03:58 t_client.py:461 Control loop (ms): 9.91
DEBUG 2026-06-07 00:03:58 t_client.py:197 Observation serialization time: 0.003608s
DEBUG 2026-06-07 00:03:58 ort/utils.py:50 [CLIENT] Observation Buffer size 0.8794212341308594 MB with
DEBUG 2026-06-07 00:03:58 ort/utils.py:65 [CLIENT] Observation Sent 922140/922140 bytes with state 3
DEBUG 2026-06-07 00:03:58 ort/utils.py:67 [CLIENT] Observation Published 0.8794212341308594 MB
DEBUG 2026-06-07 00:03:58 t_client.py:208 Sent observation #298 | 
DEBUG 2026-06-07 00:03:58 t_client.py:418 QUEUE SIZE: 0 (Must go: False)
DEBUG 2026-06-07 00:03:58 t_client.py:461 Control loop (ms): 5.76
DEBUG 2026-06-07 00:03:58 t_client.py:197 Observation serialization time: 0.003645s
DEBUG 2026-06-07 00:03:58 ort/utils.py:50 [CLIENT] Observation Buffer size 0.8794212341308594 MB with
DEBUG 2026-06-07 00:03:58 ort/utils.py:65 [CLIENT] Observation Sent 922140/922140 bytes with state 3
DEBUG 2026-06-07 00:03:58 ort/utils.py:67 [CLIENT] Observation Published 0.8794212341308594 MB
DEBUG 2026-06-07 00:03:58 t_client.py:208 Sent observation #298 | 
DEBUG 2026-06-07 00:03:58 t_client.py:418 QUEUE SIZE: 0 (Must go: False)
DEBUG 2026-06-07 00:03:58 t_client.py:461 Control loop (ms): 13.15
DEBUG 2026-06-07 00:03:58 t_client.py:197 Observation serialization time: 0.002175s
DEBUG 2026-06-07 00:03:58 ort/utils.py:50 [CLIENT] Observation Buffer size 0.8794212341308594 MB with
DEBUG 2026-06-07 00:03:58 ort/utils.py:65 [CLIENT] Observation Sent 922140/922140 bytes with state 3
DEBUG 2026-06-07 00:03:58 ort/utils.py:67 [CLIENT] Observation Published 0.8794212341308594 MB
DEBUG 2026-06-07 00:03:58 t_client.py:208 Sent observation #298 | 
DEBUG 2026-06-07 00:03:58 t_client.py:418 QUEUE SIZE: 0 (Must go: False)
DEBUG 2026-06-07 00:03:58 t_client.py:461 Control loop (ms): 10.26
DEBUG 2026-06-07 00:03:58 t_client.py:197 Observation serialization time: 0.002990s
DEBUG 2026-06-07 00:03:58 ort/utils.py:50 [CLIENT] Observation Buffer size 0.8794212341308594 MB with
DEBUG 2026-06-07 00:03:58 ort/utils.py:65 [CLIENT] Observation Sent 922140/922140 bytes with state 3
DEBUG 2026-06-07 00:03:58 ort/utils.py:67 [CLIENT] Observation Published 0.8794212341308594 MB
DEBUG 2026-06-07 00:03:58 t_client.py:208 Sent observation #298 | 
DEBUG 2026-06-07 00:03:58 t_client.py:418 QUEUE SIZE: 0 (Must go: False)
DEBUG 2026-06-07 00:03:58 t_client.py:461 Control loop (ms): 6.56
DEBUG 2026-06-07 00:03:58 t_client.py:461 Control loop (ms): 0.44
DEBUG 2026-06-07 00:03:58 t_client.py:461 Control loop (ms): 0.46
DEBUG 2026-06-07 00:03:58 t_client.py:461 Control loop (ms): 0.27
DEBUG 2026-06-07 00:03:58 t_client.py:461 Control loop (ms): 0.27
DEBUG 2026-06-07 00:03:58 t_client.py:461 Control loop (ms): 0.29
DEBUG 2026-06-07 00:03:58 t_client.py:461 Control loop (ms): 0.26
DEBUG 2026-06-07 00:03:58 t_client.py:461 Control loop (ms): 0.33
DEBUG 2026-06-07 00:03:58 t_client.py:461 Control loop (ms): 0.25
DEBUG 2026-06-07 00:03:58 t_client.py:461 Control loop (ms): 0.19
DEBUG 2026-06-07 00:03:58 t_client.py:461 Control loop (ms): 0.23
DEBUG 2026-06-07 00:03:58 t_client.py:461 Control loop (ms): 0.24
DEBUG 2026-06-07 00:03:58 t_client.py:461 Control loop (ms): 0.26
DEBUG 2026-06-07 00:03:58 t_client.py:461 Control loop (ms): 0.19
DEBUG 2026-06-07 00:03:58 t_client.py:461 Control loop (ms): 0.31
DEBUG 2026-06-07 00:03:58 t_client.py:461 Control loop (ms): 0.23
DEBUG 2026-06-07 00:03:58 t_client.py:461 Control loop (ms): 0.22
DEBUG 2026-06-07 00:03:58 t_client.py:461 Control loop (ms): 0.21
DEBUG 2026-06-07 00:03:58 t_client.py:461 Control loop (ms): 0.20
DEBUG 2026-06-07 00:03:58 t_client.py:461 Control loop (ms): 0.20
DEBUG 2026-06-07 00:03:58 t_client.py:461 Control loop (ms): 0.24
DEBUG 2026-06-07 00:03:58 t_client.py:461 Control loop (ms): 0.19
DEBUG 2026-06-07 00:03:58 t_client.py:461 Control loop (ms): 0.24
DEBUG 2026-06-07 00:03:58 t_client.py:461 Control loop (ms): 0.23
DEBUG 2026-06-07 00:03:58 t_client.py:197 Observation serialization time: 0.001901s
DEBUG 2026-06-07 00:03:58 ort/utils.py:50 [CLIENT] Observation Buffer size 0.8794212341308594 MB with
DEBUG 2026-06-07 00:03:58 ort/utils.py:65 [CLIENT] Observation Sent 922140/922140 bytes with state 3
DEBUG 2026-06-07 00:03:58 ort/utils.py:67 [CLIENT] Observation Published 0.8794212341308594 MB
DEBUG 2026-06-07 00:03:58 t_client.py:208 Sent observation #322 | 
DEBUG 2026-06-07 00:03:58 t_client.py:418 QUEUE SIZE: 25 (Must go: False)
DEBUG 2026-06-07 00:03:58 t_client.py:461 Control loop (ms): 3.81
DEBUG 2026-06-07 00:03:58 t_client.py:197 Observation serialization time: 0.002766s
DEBUG 2026-06-07 00:03:58 ort/utils.py:50 [CLIENT] Observation Buffer size 0.8794212341308594 MB with
DEBUG 2026-06-07 00:03:58 ort/utils.py:65 [CLIENT] Observation Sent 922140/922140 bytes with state 3
DEBUG 2026-06-07 00:03:58 t_client.py:208 Sent observation #323 | 
DEBUG 2026-06-07 00:03:58 ort/utils.py:67 [CLIENT] Observation Published 0.8794212341308594 MB
DEBUG 2026-06-07 00:03:58 t_client.py:418 QUEUE SIZE: 24 (Must go: False)
DEBUG 2026-06-07 00:03:58 t_client.py:461 Control loop (ms): 25.71
DEBUG 2026-06-07 00:03:58 t_client.py:197 Observation serialization time: 0.001762s
DEBUG 2026-06-07 00:03:58 ort/utils.py:50 [CLIENT] Observation Buffer size 0.8794212341308594 MB with
DEBUG 2026-06-07 00:03:58 ort/utils.py:65 [CLIENT] Observation Sent 922140/922140 bytes with state 3
DEBUG 2026-06-07 00:03:58 ort/utils.py:67 [CLIENT] Observation Published 0.8794212341308594 MB
DEBUG 2026-06-07 00:03:58 t_client.py:208 Sent observation #324 | 
DEBUG 2026-06-07 00:03:58 t_client.py:418 QUEUE SIZE: 23 (Must go: False)
DEBUG 2026-06-07 00:03:58 t_client.py:461 Control loop (ms): 3.89
DEBUG 2026-06-07 00:03:58 t_client.py:461 Control loop (ms): 0.19
DEBUG 2026-06-07 00:03:58 t_client.py:461 Control loop (ms): 0.30
DEBUG 2026-06-07 00:03:58 t_client.py:461 Control loop (ms): 0.25
