INFO 2026-06-06 22:25:33 t_client.py:113 Initializing client to connect to server at 127.0.0.1:8081
INFO 2026-06-06 22:25:33 t_client.py:132 Robot connected and ready
DEBUG 2026-06-06 22:25:33 t_client.py:149 Connected to policy server in 0.0031s
INFO 2026-06-06 22:25:33 t_client.py:155 Sending policy instructions to policy server
DEBUG 2026-06-06 22:25:33 t_client.py:156 Policy type: act | Pretrained name or path: /home/ubuntu/techin517/outputs/train/pick_up_left_pen/checkpoints/100000 | Device: cuda
ERROR 2026-06-06 22:25:33 t_client.py:169 Failed to connect to policy server: <_InactiveRpcError of RPC that terminated with:
	status = StatusCode.UNKNOWN
	details = "Exception calling application: Expected a dict with a 'type' key for <class 'lerobot.configs.policies.PreTrainedConfig'>, got {}"
	debug_error_string = "UNKNOWN:Error received from peer  {grpc_message:"Exception calling application: Expected a dict with a \'type\' key for <class \'lerobot.configs.policies.PreTrainedConfig\'>, got {}", grpc_status:2}"
>
INFO 2026-06-06 22:25:33 t_client.py:113 Initializing client to connect to server at 127.0.0.1:8080
INFO 2026-06-06 22:25:33 t_client.py:132 Robot connected and ready
DEBUG 2026-06-06 22:25:33 t_client.py:149 Connected to policy server in 0.0036s
INFO 2026-06-06 22:25:33 t_client.py:155 Sending policy instructions to policy server
DEBUG 2026-06-06 22:25:33 t_client.py:156 Policy type: act | Pretrained name or path: /home/ubuntu/techin517/outputs/train/pick_up_right_scissors/checkpoints/100000 | Device: cuda
ERROR 2026-06-06 22:25:33 t_client.py:169 Failed to connect to policy server: <_InactiveRpcError of RPC that terminated with:
	status = StatusCode.UNKNOWN
	details = "Exception calling application: Expected a dict with a 'type' key for <class 'lerobot.configs.policies.PreTrainedConfig'>, got {}"
	debug_error_string = "UNKNOWN:Error received from peer  {grpc_status:2, grpc_message:"Exception calling application: Expected a dict with a \'type\' key for <class \'lerobot.configs.policies.PreTrainedConfig\'>, got {}"}"
>
INFO 2026-06-06 22:25:33 t_client.py:113 Initializing client to connect to server at 127.0.0.1:8081
INFO 2026-06-06 22:25:33 t_client.py:132 Robot connected and ready
DEBUG 2026-06-06 22:25:33 t_client.py:149 Connected to policy server in 0.0014s
INFO 2026-06-06 22:25:33 t_client.py:155 Sending policy instructions to policy server
DEBUG 2026-06-06 22:25:33 t_client.py:156 Policy type: act | Pretrained name or path: /home/ubuntu/techin517/outputs/train/pick_up_left_pen/checkpoints/100000 | Device: cuda
ERROR 2026-06-06 22:25:33 t_client.py:169 Failed to connect to policy server: <_InactiveRpcError of RPC that terminated with:
	status = StatusCode.UNKNOWN
	details = "Exception calling application: Expected a dict with a 'type' key for <class 'lerobot.configs.policies.PreTrainedConfig'>, got {}"
	debug_error_string = "UNKNOWN:Error received from peer  {grpc_message:"Exception calling application: Expected a dict with a \'type\' key for <class \'lerobot.configs.policies.PreTrainedConfig\'>, got {}", grpc_status:2}"
>
